[2016-07-29 10:02:50 562 7ed3f700] 
###############################################################
当前正在运行的策略的全局信息如下：
	==>策略名称：，
	==>策略版本：，
	==>策略作者：，
	==>策略开发者：，
	==>创建策略库的时间：0，
	==>策略配置名：./strategy_so/libstrategy_demo3.ini，
	==>策略备注：
	==>当前这个策略主要关注的合约（id）包括：ni1609（国内期货）
	==>当前这个策略主要关注的指标数据包括：12秒kline（1）
###############################################################
[2016-07-29 10:02:54 228 7ed3f700] [strategy_demo3]当前深度行情的买价：813500000，卖价：813700000，tick：100000, 且本次成交价为：813700000，上一次成交价为：813500000
[2016-07-29 10:02:54 228 7ed3f700] 「触发交易请求」当前关注的合约：ni1609（国内期货），指标数据的类型：12秒kline，包的序列号：524，开平标志：开仓，交易方向：买，信号等级：1，行情数据的时间点：20160729#100254000，本地当前时间点：20160729#100254228，采用的价格模型：限价单#813600000
[2016-07-29 10:02:58 346 7ed3f700] [strategy_demo3]当前深度行情的买价：813600000，卖价：813700000，tick：100000, 且本次成交价为：813500000，上一次成交价为：813700000
[2016-07-29 10:02:58 346 7ed3f700] 「触发交易请求」当前关注的合约：ni1609（国内期货），指标数据的类型：12秒kline，包的序列号：524，开平标志：开仓，交易方向：卖，信号等级：1，行情数据的时间点：20160729#100258000，本地当前时间点：20160729#100258345，采用的价格模型：限价单#813600000
[2016-07-29 10:02:58 749 7ed3f700] [strategy_demo3]当前深度行情的买价：813700000，卖价：813800000，tick：100000, 且本次成交价为：813700000，上一次成交价为：813500000
[2016-07-29 10:02:58 749 7ed3f700] 「触发交易请求」当前关注的合约：ni1609（国内期货），指标数据的类型：12秒kline，包的序列号：524，开平标志：开仓，交易方向：买，信号等级：1，行情数据的时间点：20160729#100258500，本地当前时间点：20160729#100258748，采用的价格模型：限价单#813800000
[2016-07-29 10:02:59 704 7ed3f700] [strategy_demo3]当前深度行情的买价：813500000，卖价：813700000，tick：100000, 且本次成交价为：813500000，上一次成交价为：813700000
[2016-07-29 10:02:59 704 7ed3f700] 「触发交易请求」当前关注的合约：ni1609（国内期货），指标数据的类型：12秒kline，包的序列号：524，开平标志：开仓，交易方向：卖，信号等级：1，行情数据的时间点：20160729#100259500，本地当前时间点：20160729#100259704，采用的价格模型：限价单#813600000
[2016-07-29 10:03:01 753 7ed3f700] [strategy_demo3]当前深度行情的买价：813300000，卖价：813400000，tick：100000, 且本次成交价为：813400000，上一次成交价为：813500000
[2016-07-29 10:03:01 753 7ed3f700] 「触发交易请求」当前关注的合约：ni1609（国内期货），指标数据的类型：12秒kline，包的序列号：525，开平标志：开仓，交易方向：卖，信号等级：1，行情数据的时间点：20160729#100301500，本地当前时间点：20160729#100301753，采用的价格模型：限价单#813300000
[2016-07-29 10:03:02 335 7ed3f700] [strategy_demo3]当前深度行情的买价：813200000，卖价：813300000，tick：100000, 且本次成交价为：813300000，上一次成交价为：813400000
[2016-07-29 10:03:02 335 7ed3f700] 「触发交易请求」当前关注的合约：ni1609（国内期货），指标数据的类型：12秒kline，包的序列号：525，开平标志：开仓，交易方向：卖，信号等级：1，行情数据的时间点：20160729#100302000，本地当前时间点：20160729#100302335，采用的价格模型：限价单#813200000
[2016-07-29 10:03:02 722 7ed3f700] [strategy_demo3]当前深度行情的买价：813100000，卖价：813200000，tick：100000, 且本次成交价为：813200000，上一次成交价为：813300000
[2016-07-29 10:03:02 722 7ed3f700] 「触发交易请求」当前关注的合约：ni1609（国内期货），指标数据的类型：12秒kline，包的序列号：525，开平标志：开仓，交易方向：卖，信号等级：1，行情数据的时间点：20160729#100302500，本地当前时间点：20160729#100302722，采用的价格模型：限价单#813100000
[2016-07-29 10:03:03 220 7ed3f700] [strategy_demo3]当前深度行情的买价：813000000，卖价：813100000，tick：100000, 且本次成交价为：813000000，上一次成交价为：813200000
[2016-07-29 10:03:03 220 7ed3f700] 「触发交易请求」当前关注的合约：ni1609（国内期货），指标数据的类型：12秒kline，包的序列号：525，开平标志：开仓，交易方向：卖，信号等级：1，行情数据的时间点：20160729#100303000，本地当前时间点：20160729#100303220，采用的价格模型：限价单#813000000
[2016-07-29 10:03:03 709 7ed3f700] [strategy_demo3]当前深度行情的买价：813000000，卖价：813200000，tick：100000, 且本次成交价为：813100000，上一次成交价为：813000000
[2016-07-29 10:03:03 709 7ed3f700] 「触发交易请求」当前关注的合约：ni1609（国内期货），指标数据的类型：12秒kline，包的序列号：525，开平标志：开仓，交易方向：买，信号等级：1，行情数据的时间点：20160729#100303500，本地当前时间点：20160729#100303709，采用的价格模型：限价单#813100000
[2016-07-29 10:03:04 235 7ed3f700] [strategy_demo3]当前深度行情的买价：813000000，卖价：813200000，tick：100000, 且本次成交价为：813200000，上一次成交价为：813100000
[2016-07-29 10:03:04 235 7ed3f700] 「触发交易请求」当前关注的合约：ni1609（国内期货），指标数据的类型：12秒kline，包的序列号：525，开平标志：开仓，交易方向：买，信号等级：1，行情数据的时间点：20160729#100304000，本地当前时间点：20160729#100304235，采用的价格模型：限价单#813100000
[2016-07-29 10:04:18 483 86c45700] 
###############################################################
当前正在运行的策略的全局信息如下：
	==>策略名称：，
	==>策略版本：，
	==>策略作者：，
	==>策略开发者：，
	==>创建策略库的时间：0，
	==>策略配置名：./strategy_so/libstrategy_demo3.ini，
	==>策略备注：
	==>当前这个策略主要关注的合约（id）包括：ni1609（国内期货）
	==>当前这个策略主要关注的指标数据包括：12秒kline（1）
###############################################################
[2016-07-29 10:04:21 383 86c45700] [strategy_demo3]当前深度行情的买价：813500000，卖价：813700000，tick：100000, 且本次成交价为：813500000，上一次成交价为：813700000
[2016-07-29 10:04:21 383 86c45700] 「触发交易请求」当前关注的合约：ni1609（国内期货），指标数据的类型：12秒kline，包的序列号：538，开平标志：开仓，交易方向：卖，信号等级：1，行情数据的时间点：20160729#100421000，本地当前时间点：20160729#100421383，采用的价格模型：限价单#813600000
[2016-07-29 10:04:21 732 86c45700] [strategy_demo3]当前深度行情的买价：813500000，卖价：813700000，tick：100000, 且本次成交价为：813700000，上一次成交价为：813500000
[2016-07-29 10:04:21 732 86c45700] 「触发交易请求」当前关注的合约：ni1609（国内期货），指标数据的类型：12秒kline，包的序列号：538，开平标志：开仓，交易方向：买，信号等级：1，行情数据的时间点：20160729#100421500，本地当前时间点：20160729#100421732，采用的价格模型：限价单#813600000
[2016-07-29 10:04:26 211 86c45700] [strategy_demo3]当前深度行情的买价：813500000，卖价：813700000，tick：100000, 且本次成交价为：813600000，上一次成交价为：813700000
[2016-07-29 10:04:26 212 86c45700] 「触发交易请求」当前关注的合约：ni1609（国内期货），指标数据的类型：12秒kline，包的序列号：539，开平标志：开仓，交易方向：卖，信号等级：1，行情数据的时间点：20160729#100426000，本地当前时间点：20160729#100426211，采用的价格模型：限价单#813600000
[2016-07-29 10:04:26 732 86c45700] [strategy_demo3]当前深度行情的买价：813500000，卖价：813700000，tick：100000, 且本次成交价为：813700000，上一次成交价为：813600000
[2016-07-29 10:04:26 732 86c45700] 「触发交易请求」当前关注的合约：ni1609（国内期货），指标数据的类型：12秒kline，包的序列号：539，开平标志：开仓，交易方向：买，信号等级：1，行情数据的时间点：20160729#100426500，本地当前时间点：20160729#100426732，采用的价格模型：限价单#813600000
[2016-07-29 10:04:57 204 3e6e2700] 
###############################################################
当前正在运行的策略的全局信息如下：
	==>策略名称：，
	==>策略版本：，
	==>策略作者：，
	==>策略开发者：，
	==>创建策略库的时间：0，
	==>策略配置名：./strategy_so/libstrategy_demo3.ini，
	==>策略备注：
	==>当前这个策略主要关注的合约（id）包括：ni1609（国内期货）
	==>当前这个策略主要关注的指标数据包括：12秒kline（1）
###############################################################
[2016-07-29 10:04:57 729 3e6e2700] [strategy_demo3]当前深度行情的买价：813300000，卖价：813400000，tick：100000, 且本次成交价为：813400000，上一次成交价为：813500000
[2016-07-29 10:04:57 730 3e6e2700] 「触发交易请求」当前关注的合约：ni1609（国内期货），指标数据的类型：12秒kline，包的序列号：544，开平标志：开仓，交易方向：卖，信号等级：1，行情数据的时间点：20160729#100457500，本地当前时间点：20160729#100457729，采用的价格模型：限价单#813300000
[2016-07-29 10:04:58 820 3e6e2700] [strategy_demo3]当前深度行情的买价：813200000，卖价：813300000，tick：100000, 且本次成交价为：813300000，上一次成交价为：813400000
[2016-07-29 10:04:58 821 3e6e2700] 「触发交易请求」当前关注的合约：ni1609（国内期货），指标数据的类型：12秒kline，包的序列号：544，开平标志：开仓，交易方向：卖，信号等级：1，行情数据的时间点：20160729#100458500，本地当前时间点：20160729#100458820，采用的价格模型：限价单#813200000
[2016-07-29 10:05:01 970 3e6e2700] [strategy_demo3]当前深度行情的买价：813300000，卖价：813400000，tick：100000, 且本次成交价为：813400000，上一次成交价为：813300000
[2016-07-29 10:05:01 971 3e6e2700] 「触发交易请求」当前关注的合约：ni1609（国内期货），指标数据的类型：12秒kline，包的序列号：545，开平标志：开仓，交易方向：买，信号等级：1，行情数据的时间点：20160729#100501500，本地当前时间点：20160729#100501970，采用的价格模型：限价单#813400000
[2016-07-29 10:05:02 585 3e6e2700] [strategy_demo3]当前深度行情的买价：813300000，卖价：813400000，tick：100000, 且本次成交价为：813300000，上一次成交价为：813400000
[2016-07-29 10:05:02 585 3e6e2700] 「触发交易请求」当前关注的合约：ni1609（国内期货），指标数据的类型：12秒kline，包的序列号：545，开平标志：开仓，交易方向：卖，信号等级：1，行情数据的时间点：20160729#100502000，本地当前时间点：20160729#100502585，采用的价格模型：限价单#813300000
[2016-07-29 10:05:03 237 3e6e2700] [strategy_demo3]当前深度行情的买价：813200000，卖价：813400000，tick：100000, 且本次成交价为：813400000，上一次成交价为：813300000
[2016-07-29 10:05:03 237 3e6e2700] 「触发交易请求」当前关注的合约：ni1609（国内期货），指标数据的类型：12秒kline，包的序列号：545，开平标志：开仓，交易方向：买，信号等级：1，行情数据的时间点：20160729#100503000，本地当前时间点：20160729#100503236，采用的价格模型：限价单#813300000
[2016-07-29 10:05:04 739 3e6e2700] [strategy_demo3]当前深度行情的买价：813200000，卖价：813400000，tick：100000, 且本次成交价为：813300000，上一次成交价为：813400000
[2016-07-29 10:05:04 739 3e6e2700] 「触发交易请求」当前关注的合约：ni1609（国内期货），指标数据的类型：12秒kline，包的序列号：545，开平标志：开仓，交易方向：卖，信号等级：1，行情数据的时间点：20160729#100504500，本地当前时间点：20160729#100504738，采用的价格模型：限价单#813300000
[2016-07-29 10:05:06 236 3e6e2700] [strategy_demo3]当前深度行情的买价：813100000，卖价：813200000，tick：100000, 且本次成交价为：813200000，上一次成交价为：813300000
[2016-07-29 10:05:06 236 3e6e2700] 「触发交易请求」当前关注的合约：ni1609（国内期货），指标数据的类型：12秒kline，包的序列号：545，开平标志：开仓，交易方向：卖，信号等级：1，行情数据的时间点：20160729#100506000，本地当前时间点：20160729#100506236，采用的价格模型：限价单#813100000
[2016-07-29 10:05:06 735 3e6e2700] [strategy_demo3]当前深度行情的买价：813100000，卖价：813200000，tick：100000, 且本次成交价为：813100000，上一次成交价为：813200000
[2016-07-29 10:05:06 735 3e6e2700] 「触发交易请求」当前关注的合约：ni1609（国内期货），指标数据的类型：12秒kline，包的序列号：545，开平标志：开仓，交易方向：卖，信号等级：1，行情数据的时间点：20160729#100506500，本地当前时间点：20160729#100506735，采用的价格模型：限价单#813100000
[2016-07-29 10:07:32 237 bec97700] 
###############################################################
当前正在运行的策略的全局信息如下：
	==>策略名称：，
	==>策略版本：，
	==>策略作者：，
	==>策略开发者：，
	==>创建策略库的时间：0，
	==>策略配置名：./strategy_so/libstrategy_demo3.ini，
	==>策略备注：
	==>当前这个策略主要关注的合约（id）包括：ni1609（国内期货）
	==>当前这个策略主要关注的指标数据包括：12秒kline（1）
###############################################################
[2016-07-29 10:07:34 238 bec97700] [strategy_demo3]当前深度行情的买价：812400000，卖价：812500000，tick：100000, 且本次成交价为：812500000，上一次成交价为：812400000
[2016-07-29 10:07:34 238 bec97700] 「触发交易请求」当前关注的合约：ni1609（国内期货），指标数据的类型：12秒kline，包的序列号：565，开平标志：开仓，交易方向：买，信号等级：1，行情数据的时间点：20160729#100734000，本地当前时间点：20160729#100734238，采用的价格模型：限价单#812500000
[2016-07-29 10:07:34 746 bec97700] [strategy_demo3]当前深度行情的买价：812400000，卖价：812700000，tick：100000, 且本次成交价为：812700000，上一次成交价为：812500000
[2016-07-29 10:07:34 746 bec97700] 「触发交易请求」当前关注的合约：ni1609（国内期货），指标数据的类型：12秒kline，包的序列号：565，开平标志：开仓，交易方向：买，信号等级：1，行情数据的时间点：20160729#100734500，本地当前时间点：20160729#100734745，采用的价格模型：限价单#812500000
[2016-07-29 10:07:35 452 bec97700] [strategy_demo3]当前深度行情的买价：812500000，卖价：812700000，tick：100000, 且本次成交价为：812500000，上一次成交价为：812700000
[2016-07-29 10:07:35 452 bec97700] 「触发交易请求」当前关注的合约：ni1609（国内期货），指标数据的类型：12秒kline，包的序列号：565，开平标志：开仓，交易方向：卖，信号等级：1，行情数据的时间点：20160729#100735000，本地当前时间点：20160729#100735452，采用的价格模型：限价单#812600000
[2016-07-29 10:07:35 734 bec97700] [strategy_demo3]当前深度行情的买价：812500000，卖价：812700000，tick：100000, 且本次成交价为：812700000，上一次成交价为：812500000
[2016-07-29 10:07:35 734 bec97700] 「触发交易请求」当前关注的合约：ni1609（国内期货），指标数据的类型：12秒kline，包的序列号：565，开平标志：开仓，交易方向：买，信号等级：1，行情数据的时间点：20160729#100735500，本地当前时间点：20160729#100735734，采用的价格模型：限价单#812600000
[2016-07-29 10:07:36 230 bec97700] [strategy_demo3]当前深度行情的买价：812400000，卖价：812500000，tick：100000, 且本次成交价为：812500000，上一次成交价为：812700000
[2016-07-29 10:07:36 230 bec97700] 「触发交易请求」当前关注的合约：ni1609（国内期货），指标数据的类型：12秒kline，包的序列号：566，开平标志：开仓，交易方向：卖，信号等级：1，行情数据的时间点：20160729#100736000，本地当前时间点：20160729#100736230，采用的价格模型：限价单#812400000
[2016-07-29 10:07:36 725 bec97700] [strategy_demo3]当前深度行情的买价：812500000，卖价：812700000，tick：100000, 且本次成交价为：812700000，上一次成交价为：812500000
[2016-07-29 10:07:36 725 bec97700] 「触发交易请求」当前关注的合约：ni1609（国内期货），指标数据的类型：12秒kline，包的序列号：566，开平标志：开仓，交易方向：买，信号等级：1，行情数据的时间点：20160729#100736500，本地当前时间点：20160729#100736725，采用的价格模型：限价单#812600000
[2016-07-29 10:07:40 801 bec97700] [strategy_demo3]当前深度行情的买价：812700000，卖价：812800000，tick：100000, 且本次成交价为：812800000，上一次成交价为：812700000
[2016-07-29 10:07:40 801 bec97700] 「触发交易请求」当前关注的合约：ni1609（国内期货），指标数据的类型：12秒kline，包的序列号：567，开平标志：开仓，交易方向：买，信号等级：1，行情数据的时间点：20160729#100740500，本地当前时间点：20160729#100740801，采用的价格模型：限价单#812800000
[2016-07-29 10:07:41 241 bec97700] [strategy_demo3]当前深度行情的买价：812600000，卖价：812700000，tick：100000, 且本次成交价为：812700000，上一次成交价为：812800000
[2016-07-29 10:07:41 241 bec97700] 「触发交易请求」当前关注的合约：ni1609（国内期货），指标数据的类型：12秒kline，包的序列号：567，开平标志：开仓，交易方向：卖，信号等级：1，行情数据的时间点：20160729#100741000，本地当前时间点：20160729#100741241，采用的价格模型：限价单#812600000
[2016-07-29 10:07:41 729 bec97700] [strategy_demo3]当前深度行情的买价：812600000，卖价：812700000，tick：100000, 且本次成交价为：812600000，上一次成交价为：812700000
[2016-07-29 10:07:41 729 bec97700] 「触发交易请求」当前关注的合约：ni1609（国内期货），指标数据的类型：12秒kline，包的序列号：567，开平标志：开仓，交易方向：卖，信号等级：1，行情数据的时间点：20160729#100741500，本地当前时间点：20160729#100741729，采用的价格模型：限价单#812600000
[2016-07-29 10:07:42 233 bec97700] [strategy_demo3]当前深度行情的买价：812700000，卖价：812800000，tick：100000, 且本次成交价为：812700000，上一次成交价为：812600000
[2016-07-29 10:07:42 233 bec97700] 「触发交易请求」当前关注的合约：ni1609（国内期货），指标数据的类型：12秒kline，包的序列号：567，开平标志：开仓，交易方向：买，信号等级：1，行情数据的时间点：20160729#100742000，本地当前时间点：20160729#100742233，采用的价格模型：限价单#812800000
[2016-07-29 10:07:42 790 bec97700] [strategy_demo3]当前深度行情的买价：812700000，卖价：812900000，tick：100000, 且本次成交价为：812800000，上一次成交价为：812700000
[2016-07-29 10:07:42 790 bec97700] 「触发交易请求」当前关注的合约：ni1609（国内期货），指标数据的类型：12秒kline，包的序列号：567，开平标志：开仓，交易方向：买，信号等级：1，行情数据的时间点：20160729#100742500，本地当前时间点：20160729#100742790，采用的价格模型：限价单#812800000
[2016-07-29 10:07:43 446 bec97700] [strategy_demo3]当前深度行情的买价：812700000，卖价：812900000，tick：100000, 且本次成交价为：812700000，上一次成交价为：812800000
[2016-07-29 10:07:43 446 bec97700] 「触发交易请求」当前关注的合约：ni1609（国内期货），指标数据的类型：12秒kline，包的序列号：567，开平标志：开仓，交易方向：卖，信号等级：1，行情数据的时间点：20160729#100743000，本地当前时间点：20160729#100743446，采用的价格模型：限价单#812800000
[2016-07-29 10:07:43 727 bec97700] [strategy_demo3]当前深度行情的买价：812800000，卖价：812900000，tick：100000, 且本次成交价为：812900000，上一次成交价为：812700000
[2016-07-29 10:07:43 727 bec97700] 「触发交易请求」当前关注的合约：ni1609（国内期货），指标数据的类型：12秒kline，包的序列号：567，开平标志：开仓，交易方向：买，信号等级：1，行情数据的时间点：20160729#100743500，本地当前时间点：20160729#100743727，采用的价格模型：限价单#812900000
[2016-07-29 10:07:44 725 bec97700] [strategy_demo3]当前深度行情的买价：812700000，卖价：812800000，tick：100000, 且本次成交价为：812800000，上一次成交价为：812900000
[2016-07-29 10:07:44 725 bec97700] 「触发交易请求」当前关注的合约：ni1609（国内期货），指标数据的类型：12秒kline，包的序列号：567，开平标志：开仓，交易方向：卖，信号等级：1，行情数据的时间点：20160729#100744500，本地当前时间点：20160729#100744725，采用的价格模型：限价单#812700000
[2016-07-29 10:07:45 888 bec97700] [strategy_demo3]当前深度行情的买价：812700000，卖价：812900000，tick：100000, 且本次成交价为：812900000，上一次成交价为：812800000
[2016-07-29 10:07:45 888 bec97700] 「触发交易请求」当前关注的合约：ni1609（国内期货），指标数据的类型：12秒kline，包的序列号：567，开平标志：开仓，交易方向：买，信号等级：1，行情数据的时间点：20160729#100745500，本地当前时间点：20160729#100745888，采用的价格模型：限价单#812800000
[2016-07-29 10:07:46 721 bec97700] [strategy_demo3]当前深度行情的买价：812700000，卖价：812800000，tick：100000, 且本次成交价为：812800000，上一次成交价为：812900000
[2016-07-29 10:07:46 721 bec97700] 「触发交易请求」当前关注的合约：ni1609（国内期货），指标数据的类型：12秒kline，包的序列号：567，开平标志：开仓，交易方向：卖，信号等级：1，行情数据的时间点：20160729#100746500，本地当前时间点：20160729#100746721，采用的价格模型：限价单#812700000
[2016-07-29 10:07:47 220 bec97700] [strategy_demo3]当前深度行情的买价：812700000，卖价：812900000，tick：100000, 且本次成交价为：812700000，上一次成交价为：812800000
[2016-07-29 10:07:47 220 bec97700] 「触发交易请求」当前关注的合约：ni1609（国内期货），指标数据的类型：12秒kline，包的序列号：567，开平标志：开仓，交易方向：卖，信号等级：1，行情数据的时间点：20160729#100747000，本地当前时间点：20160729#100747220，采用的价格模型：限价单#812800000
[2016-07-29 10:07:47 911 bec97700] [strategy_demo3]当前深度行情的买价：812800000，卖价：812900000，tick：100000, 且本次成交价为：812800000，上一次成交价为：812700000
[2016-07-29 10:07:47 911 bec97700] 「触发交易请求」当前关注的合约：ni1609（国内期货），指标数据的类型：12秒kline，包的序列号：567，开平标志：开仓，交易方向：买，信号等级：1，行情数据的时间点：20160729#100747500，本地当前时间点：20160729#100747911，采用的价格模型：限价单#812900000
[2016-07-29 10:07:48 452 bec97700] [strategy_demo3]当前深度行情的买价：812700000，卖价：812800000，tick：100000, 且本次成交价为：812700000，上一次成交价为：812800000
[2016-07-29 10:07:48 452 bec97700] 「触发交易请求」当前关注的合约：ni1609（国内期货），指标数据的类型：12秒kline，包的序列号：568，开平标志：开仓，交易方向：卖，信号等级：1，行情数据的时间点：20160729#100748000，本地当前时间点：20160729#100748452，采用的价格模型：限价单#812700000
[2016-07-29 10:07:48 771 bec97700] [strategy_demo3]当前深度行情的买价：812600000，卖价：812800000，tick：100000, 且本次成交价为：812800000，上一次成交价为：812700000
[2016-07-29 10:07:48 771 bec97700] 「触发交易请求」当前关注的合约：ni1609（国内期货），指标数据的类型：12秒kline，包的序列号：568，开平标志：开仓，交易方向：买，信号等级：1，行情数据的时间点：20160729#100748500，本地当前时间点：20160729#100748771，采用的价格模型：限价单#812700000
[2016-07-29 10:07:49 260 bec97700] [strategy_demo3]当前深度行情的买价：812500000，卖价：812600000，tick：100000, 且本次成交价为：812600000，上一次成交价为：812800000
[2016-07-29 10:07:49 260 bec97700] 「触发交易请求」当前关注的合约：ni1609（国内期货），指标数据的类型：12秒kline，包的序列号：568，开平标志：开仓，交易方向：卖，信号等级：1，行情数据的时间点：20160729#100749000，本地当前时间点：20160729#100749259，采用的价格模型：限价单#812500000
[2016-07-29 10:07:50 242 bec97700] [strategy_demo3]当前深度行情的买价：812500000，卖价：812700000，tick：100000, 且本次成交价为：812700000，上一次成交价为：812600000
[2016-07-29 10:07:50 242 bec97700] 「触发交易请求」当前关注的合约：ni1609（国内期货），指标数据的类型：12秒kline，包的序列号：568，开平标志：开仓，交易方向：买，信号等级：1，行情数据的时间点：20160729#100750000，本地当前时间点：20160729#100750242，采用的价格模型：限价单#812600000
[2016-07-29 10:07:50 742 bec97700] [strategy_demo3]当前深度行情的买价：812500000，卖价：812700000，tick：100000, 且本次成交价为：812500000，上一次成交价为：812700000
[2016-07-29 10:07:50 742 bec97700] 「触发交易请求」当前关注的合约：ni1609（国内期货），指标数据的类型：12秒kline，包的序列号：568，开平标志：开仓，交易方向：卖，信号等级：1，行情数据的时间点：20160729#100750500，本地当前时间点：20160729#100750742，采用的价格模型：限价单#812600000
[2016-07-29 10:07:51 436 bec97700] [strategy_demo3]当前深度行情的买价：812500000，卖价：812700000，tick：100000, 且本次成交价为：812700000，上一次成交价为：812500000
[2016-07-29 10:07:51 436 bec97700] 「触发交易请求」当前关注的合约：ni1609（国内期货），指标数据的类型：12秒kline，包的序列号：568，开平标志：开仓，交易方向：买，信号等级：1，行情数据的时间点：20160729#100751000，本地当前时间点：20160729#100751436，采用的价格模型：限价单#812600000
[2016-07-29 10:07:52 739 bec97700] [strategy_demo3]当前深度行情的买价：812700000，卖价：812800000，tick：100000, 且本次成交价为：812800000，上一次成交价为：812700000
[2016-07-29 10:07:52 739 bec97700] 「触发交易请求」当前关注的合约：ni1609（国内期货），指标数据的类型：12秒kline，包的序列号：569，开平标志：开仓，交易方向：买，信号等级：1，行情数据的时间点：20160729#100752500，本地当前时间点：20160729#100752739，采用的价格模型：限价单#812800000
[2016-07-29 10:07:53 250 bec97700] [strategy_demo3]当前深度行情的买价：812400000，卖价：812500000，tick：100000, 且本次成交价为：812500000，上一次成交价为：812800000
[2016-07-29 10:07:53 250 bec97700] 「触发交易请求」当前关注的合约：ni1609（国内期货），指标数据的类型：12秒kline，包的序列号：569，开平标志：开仓，交易方向：卖，信号等级：1，行情数据的时间点：20160729#100753000，本地当前时间点：20160729#100753249，采用的价格模型：限价单#812400000
[2016-07-29 10:07:54 956 bec97700] [strategy_demo3]当前深度行情的买价：812500000，卖价：812600000，tick：100000, 且本次成交价为：812800000，上一次成交价为：812500000
[2016-07-29 10:07:54 956 bec97700] 「触发交易请求」当前关注的合约：ni1609（国内期货），指标数据的类型：12秒kline，包的序列号：569，开平标志：开仓，交易方向：买，信号等级：1，行情数据的时间点：20160729#100754500，本地当前时间点：20160729#100754955，采用的价格模型：限价单#812600000
[2016-07-29 10:07:55 443 bec97700] [strategy_demo3]当前深度行情的买价：812600000，卖价：812800000，tick：100000, 且本次成交价为：812600000，上一次成交价为：812800000
[2016-07-29 10:07:55 443 bec97700] 「触发交易请求」当前关注的合约：ni1609（国内期货），指标数据的类型：12秒kline，包的序列号：569，开平标志：开仓，交易方向：卖，信号等级：1，行情数据的时间点：20160729#100755000，本地当前时间点：20160729#100755443，采用的价格模型：限价单#812700000
[2016-07-29 10:07:55 977 bec97700] [strategy_demo3]当前深度行情的买价：812600000，卖价：812700000，tick：100000, 且本次成交价为：812800000，上一次成交价为：812600000
[2016-07-29 10:07:55 977 bec97700] 「触发交易请求」当前关注的合约：ni1609（国内期货），指标数据的类型：12秒kline，包的序列号：569，开平标志：开仓，交易方向：买，信号等级：1，行情数据的时间点：20160729#100755500，本地当前时间点：20160729#100755977，采用的价格模型：限价单#812700000
[2016-07-29 10:07:58 238 bec97700] [strategy_demo3]当前深度行情的买价：812800000，卖价：812900000，tick：100000, 且本次成交价为：812900000，上一次成交价为：812800000
[2016-07-29 10:07:58 238 bec97700] 「触发交易请求」当前关注的合约：ni1609（国内期货），指标数据的类型：12秒kline，包的序列号：569，开平标志：开仓，交易方向：买，信号等级：1，行情数据的时间点：20160729#100758000，本地当前时间点：20160729#100758238，采用的价格模型：限价单#812900000
[2016-07-29 10:07:58 742 bec97700] [strategy_demo3]当前深度行情的买价：812800000，卖价：812900000，tick：100000, 且本次成交价为：812800000，上一次成交价为：812900000
[2016-07-29 10:07:58 742 bec97700] 「触发交易请求」当前关注的合约：ni1609（国内期货），指标数据的类型：12秒kline，包的序列号：569，开平标志：开仓，交易方向：卖，信号等级：1，行情数据的时间点：20160729#100758500，本地当前时间点：20160729#100758742，采用的价格模型：限价单#812800000
[2016-07-29 10:07:59 219 bec97700] [strategy_demo3]当前深度行情的买价：812900000，卖价：813000000，tick：100000, 且本次成交价为：812900000，上一次成交价为：812800000
[2016-07-29 10:07:59 219 bec97700] 「触发交易请求」当前关注的合约：ni1609（国内期货），指标数据的类型：12秒kline，包的序列号：569，开平标志：开仓，交易方向：买，信号等级：1，行情数据的时间点：20160729#100759000，本地当前时间点：20160729#100759219，采用的价格模型：限价单#813000000
[2016-07-29 10:07:59 749 bec97700] [strategy_demo3]当前深度行情的买价：812800000，卖价：812900000，tick：100000, 且本次成交价为：813000000，上一次成交价为：812900000
[2016-07-29 10:07:59 749 bec97700] 「触发交易请求」当前关注的合约：ni1609（国内期货），指标数据的类型：12秒kline，包的序列号：569，开平标志：开仓，交易方向：买，信号等级：1，行情数据的时间点：20160729#100759500，本地当前时间点：20160729#100759749，采用的价格模型：限价单#812900000
[2016-07-29 10:08:00 227 bec97700] [strategy_demo3]当前深度行情的买价：812900000，卖价：813000000，tick：100000, 且本次成交价为：812800000，上一次成交价为：813000000
[2016-07-29 10:08:00 227 bec97700] 「触发交易请求」当前关注的合约：ni1609（国内期货），指标数据的类型：12秒kline，包的序列号：570，开平标志：开仓，交易方向：卖，信号等级：1，行情数据的时间点：20160729#100800000，本地当前时间点：20160729#100800227，采用的价格模型：限价单#812900000
[2016-07-29 10:08:00 770 bec97700] [strategy_demo3]当前深度行情的买价：812800000，卖价：813000000，tick：100000, 且本次成交价为：812900000，上一次成交价为：812800000
[2016-07-29 10:08:00 770 bec97700] 「触发交易请求」当前关注的合约：ni1609（国内期货），指标数据的类型：12秒kline，包的序列号：570，开平标志：开仓，交易方向：买，信号等级：1，行情数据的时间点：20160729#100800500，本地当前时间点：20160729#100800770，采用的价格模型：限价单#812900000
[2016-07-29 10:08:01 217 bec97700] [strategy_demo3]当前深度行情的买价：812900000，卖价：813000000，tick：100000, 且本次成交价为：813000000，上一次成交价为：812900000
[2016-07-29 10:08:01 218 bec97700] 「触发交易请求」当前关注的合约：ni1609（国内期货），指标数据的类型：12秒kline，包的序列号：570，开平标志：开仓，交易方向：买，信号等级：1，行情数据的时间点：20160729#100801000，本地当前时间点：20160729#100801217，采用的价格模型：限价单#813000000
[2016-07-29 10:08:02 736 bec97700] [strategy_demo3]当前深度行情的买价：812800000，卖价：813000000，tick：100000, 且本次成交价为：812800000，上一次成交价为：813000000
[2016-07-29 10:08:02 736 bec97700] 「触发交易请求」当前关注的合约：ni1609（国内期货），指标数据的类型：12秒kline，包的序列号：570，开平标志：开仓，交易方向：卖，信号等级：1，行情数据的时间点：20160729#100802500，本地当前时间点：20160729#100802736，采用的价格模型：限价单#812900000
[2016-07-29 10:08:03 743 bec97700] [strategy_demo3]当前深度行情的买价：812700000，卖价：812900000，tick：100000, 且本次成交价为：812900000，上一次成交价为：812800000
[2016-07-29 10:08:03 743 bec97700] 「触发交易请求」当前关注的合约：ni1609（国内期货），指标数据的类型：12秒kline，包的序列号：570，开平标志：开仓，交易方向：买，信号等级：1，行情数据的时间点：20160729#100803500，本地当前时间点：20160729#100803743，采用的价格模型：限价单#812800000
[2016-07-29 10:08:04 754 bec97700] [strategy_demo3]当前深度行情的买价：812600000，卖价：812700000，tick：100000, 且本次成交价为：812700000，上一次成交价为：812900000
[2016-07-29 10:08:04 754 bec97700] 「触发交易请求」当前关注的合约：ni1609（国内期货），指标数据的类型：12秒kline，包的序列号：570，开平标志：开仓，交易方向：卖，信号等级：1，行情数据的时间点：20160729#100804500，本地当前时间点：20160729#100804754，采用的价格模型：限价单#812600000
[2016-07-29 10:08:05 971 bec97700] [strategy_demo3]当前深度行情的买价：812500000，卖价：812600000，tick：100000, 且本次成交价为：812600000，上一次成交价为：812700000
[2016-07-29 10:08:05 971 bec97700] 「触发交易请求」当前关注的合约：ni1609（国内期货），指标数据的类型：12秒kline，包的序列号：570，开平标志：开仓，交易方向：卖，信号等级：1，行情数据的时间点：20160729#100805500，本地当前时间点：20160729#100805971，采用的价格模型：限价单#812500000
[2016-07-29 10:08:06 244 bec97700] [strategy_demo3]当前深度行情的买价：812400000，卖价：812500000，tick：100000, 且本次成交价为：812500000，上一次成交价为：812600000
[2016-07-29 10:08:06 244 bec97700] 「触发交易请求」当前关注的合约：ni1609（国内期货），指标数据的类型：12秒kline，包的序列号：570，开平标志：开仓，交易方向：卖，信号等级：1，行情数据的时间点：20160729#100806000，本地当前时间点：20160729#100806244，采用的价格模型：限价单#812400000
[2016-07-29 10:08:08 354 bec97700] [strategy_demo3]当前深度行情的买价：812400000，卖价：812500000，tick：100000, 且本次成交价为：812100000，上一次成交价为：812500000
[2016-07-29 10:08:08 355 bec97700] 「触发交易请求」当前关注的合约：ni1609（国内期货），指标数据的类型：12秒kline，包的序列号：570，开平标志：开仓，交易方向：卖，信号等级：1，行情数据的时间点：20160729#100808000，本地当前时间点：20160729#100808354，采用的价格模型：限价单#812400000
[2016-07-29 10:08:08 941 bec97700] [strategy_demo3]当前深度行情的买价：812100000，卖价：812300000，tick：100000, 且本次成交价为：812400000，上一次成交价为：812100000
[2016-07-29 10:08:08 941 bec97700] 「触发交易请求」当前关注的合约：ni1609（国内期货），指标数据的类型：12秒kline，包的序列号：570，开平标志：开仓，交易方向：买，信号等级：1，行情数据的时间点：20160729#100808500，本地当前时间点：20160729#100808941，采用的价格模型：限价单#812200000
[2016-07-29 10:08:09 252 bec97700] [strategy_demo3]当前深度行情的买价：812100000，卖价：812400000，tick：100000, 且本次成交价为：812300000，上一次成交价为：812400000
[2016-07-29 10:08:09 252 bec97700] 「触发交易请求」当前关注的合约：ni1609（国内期货），指标数据的类型：12秒kline，包的序列号：570，开平标志：开仓，交易方向：卖，信号等级：1，行情数据的时间点：20160729#100809000，本地当前时间点：20160729#100809252，采用的价格模型：限价单#812300000
[2016-07-29 10:08:11 234 bec97700] [strategy_demo3]当前深度行情的买价：812300000，卖价：812400000，tick：100000, 且本次成交价为：812400000，上一次成交价为：812300000
[2016-07-29 10:08:11 235 bec97700] 「触发交易请求」当前关注的合约：ni1609（国内期货），指标数据的类型：12秒kline，包的序列号：570，开平标志：开仓，交易方向：买，信号等级：1，行情数据的时间点：20160729#100811000，本地当前时间点：20160729#100811234，采用的价格模型：限价单#812400000
[2016-07-29 10:08:12 235 bec97700] [strategy_demo3]当前深度行情的买价：812300000，卖价：812400000，tick：100000, 且本次成交价为：812300000，上一次成交价为：812400000
[2016-07-29 10:08:12 236 bec97700] 「触发交易请求」当前关注的合约：ni1609（国内期货），指标数据的类型：12秒kline，包的序列号：571，开平标志：开仓，交易方向：卖，信号等级：1，行情数据的时间点：20160729#100812000，本地当前时间点：20160729#100812235，采用的价格模型：限价单#812300000
[2016-07-29 10:08:13 249 bec97700] [strategy_demo3]当前深度行情的买价：812300000，卖价：812400000，tick：100000, 且本次成交价为：812400000，上一次成交价为：812300000
[2016-07-29 10:08:13 249 bec97700] 「触发交易请求」当前关注的合约：ni1609（国内期货），指标数据的类型：12秒kline，包的序列号：571，开平标志：开仓，交易方向：买，信号等级：1，行情数据的时间点：20160729#100813000，本地当前时间点：20160729#100813249，采用的价格模型：限价单#812400000
[2016-07-29 10:08:14 755 bec97700] [strategy_demo3]当前深度行情的买价：812500000，卖价：812600000，tick：100000, 且本次成交价为：812500000，上一次成交价为：812400000
[2016-07-29 10:08:14 755 bec97700] 「触发交易请求」当前关注的合约：ni1609（国内期货），指标数据的类型：12秒kline，包的序列号：571，开平标志：开仓，交易方向：买，信号等级：1，行情数据的时间点：20160729#100814500，本地当前时间点：20160729#100814755，采用的价格模型：限价单#812600000
[2016-07-29 10:08:15 263 bec97700] [strategy_demo3]当前深度行情的买价：812300000，卖价：812400000，tick：100000, 且本次成交价为：812600000，上一次成交价为：812500000
[2016-07-29 10:08:15 263 bec97700] 「触发交易请求」当前关注的合约：ni1609（国内期货），指标数据的类型：12秒kline，包的序列号：571，开平标志：开仓，交易方向：买，信号等级：1，行情数据的时间点：20160729#100815000，本地当前时间点：20160729#100815263，采用的价格模型：限价单#812400000
[2016-07-29 10:08:17 753 bec97700] [strategy_demo3]当前深度行情的买价：812300000，卖价：812400000，tick：100000, 且本次成交价为：812400000，上一次成交价为：812600000
[2016-07-29 10:08:17 753 bec97700] 「触发交易请求」当前关注的合约：ni1609（国内期货），指标数据的类型：12秒kline，包的序列号：571，开平标志：开仓，交易方向：卖，信号等级：1，行情数据的时间点：20160729#100817500，本地当前时间点：20160729#100817753，采用的价格模型：限价单#812300000
[2016-07-29 10:08:25 353 bec97700] [strategy_demo3]当前深度行情的买价：812300000，卖价：812400000，tick：100000, 且本次成交价为：812500000，上一次成交价为：812400000
[2016-07-29 10:08:25 353 bec97700] 「触发交易请求」当前关注的合约：ni1609（国内期货），指标数据的类型：12秒kline，包的序列号：572，开平标志：开仓，交易方向：买，信号等级：1，行情数据的时间点：20160729#100825000，本地当前时间点：20160729#100825353，采用的价格模型：限价单#812400000
[2016-07-29 10:08:25 928 bec97700] [strategy_demo3]当前深度行情的买价：812300000，卖价：812400000，tick：100000, 且本次成交价为：812300000，上一次成交价为：812500000
[2016-07-29 10:08:25 928 bec97700] 「触发交易请求」当前关注的合约：ni1609（国内期货），指标数据的类型：12秒kline，包的序列号：572，开平标志：开仓，交易方向：卖，信号等级：1，行情数据的时间点：20160729#100825500，本地当前时间点：20160729#100825927，采用的价格模型：限价单#812300000
[2016-07-29 10:08:26 231 bec97700] [strategy_demo3]当前深度行情的买价：812100000，卖价：812300000，tick：100000, 且本次成交价为：812100000，上一次成交价为：812300000
[2016-07-29 10:08:26 231 bec97700] 「触发交易请求」当前关注的合约：ni1609（国内期货），指标数据的类型：12秒kline，包的序列号：572，开平标志：开仓，交易方向：卖，信号等级：1，行情数据的时间点：20160729#100826000，本地当前时间点：20160729#100826231，采用的价格模型：限价单#812200000
[2016-07-29 10:08:26 729 bec97700] [strategy_demo3]当前深度行情的买价：812100000，卖价：812300000，tick：100000, 且本次成交价为：812300000，上一次成交价为：812100000
[2016-07-29 10:08:26 729 bec97700] 「触发交易请求」当前关注的合约：ni1609（国内期货），指标数据的类型：12秒kline，包的序列号：572，开平标志：开仓，交易方向：买，信号等级：1，行情数据的时间点：20160729#100826500，本地当前时间点：20160729#100826729，采用的价格模型：限价单#812200000
[2016-07-29 10:08:27 251 bec97700] [strategy_demo3]当前深度行情的买价：812100000，卖价：812300000，tick：100000, 且本次成交价为：812200000，上一次成交价为：812300000
[2016-07-29 10:08:27 252 bec97700] 「触发交易请求」当前关注的合约：ni1609（国内期货），指标数据的类型：12秒kline，包的序列号：572，开平标志：开仓，交易方向：卖，信号等级：1，行情数据的时间点：20160729#100827000，本地当前时间点：20160729#100827251，采用的价格模型：限价单#812200000
[2016-07-29 10:08:27 939 bec97700] [strategy_demo3]当前深度行情的买价：812300000，卖价：812400000，tick：100000, 且本次成交价为：812300000，上一次成交价为：812200000
[2016-07-29 10:08:27 939 bec97700] 「触发交易请求」当前关注的合约：ni1609（国内期货），指标数据的类型：12秒kline，包的序列号：572，开平标志：开仓，交易方向：买，信号等级：1，行情数据的时间点：20160729#100827500，本地当前时间点：20160729#100827939，采用的价格模型：限价单#812400000
[2016-07-29 10:08:28 240 bec97700] [strategy_demo3]当前深度行情的买价：812300000，卖价：812400000，tick：100000, 且本次成交价为：812400000，上一次成交价为：812300000
[2016-07-29 10:08:28 240 bec97700] 「触发交易请求」当前关注的合约：ni1609（国内期货），指标数据的类型：12秒kline，包的序列号：572，开平标志：开仓，交易方向：买，信号等级：1，行情数据的时间点：20160729#100828000，本地当前时间点：20160729#100828240，采用的价格模型：限价单#812400000
[2016-07-29 10:08:34 222 bec97700] [strategy_demo3]当前深度行情的买价：812300000，卖价：812400000，tick：100000, 且本次成交价为：812300000，上一次成交价为：812400000
[2016-07-29 10:08:34 223 bec97700] 「触发交易请求」当前关注的合约：ni1609（国内期货），指标数据的类型：12秒kline，包的序列号：572，开平标志：开仓，交易方向：卖，信号等级：1，行情数据的时间点：20160729#100834000，本地当前时间点：20160729#100834222，采用的价格模型：限价单#812300000
[2016-07-29 10:08:34 725 bec97700] [strategy_demo3]当前深度行情的买价：812300000，卖价：812400000，tick：100000, 且本次成交价为：812400000，上一次成交价为：812300000
[2016-07-29 10:08:34 725 bec97700] 「触发交易请求」当前关注的合约：ni1609（国内期货），指标数据的类型：12秒kline，包的序列号：572，开平标志：开仓，交易方向：买，信号等级：1，行情数据的时间点：20160729#100834500，本地当前时间点：20160729#100834725，采用的价格模型：限价单#812400000
[2016-07-29 10:08:35 222 bec97700] [strategy_demo3]当前深度行情的买价：812300000，卖价：812400000，tick：100000, 且本次成交价为：812300000，上一次成交价为：812400000
[2016-07-29 10:08:35 222 bec97700] 「触发交易请求」当前关注的合约：ni1609（国内期货），指标数据的类型：12秒kline，包的序列号：572，开平标志：开仓，交易方向：卖，信号等级：1，行情数据的时间点：20160729#100835000，本地当前时间点：20160729#100835222，采用的价格模型：限价单#812300000
[2016-07-29 10:08:36 733 bec97700] [strategy_demo3]当前深度行情的买价：812300000，卖价：812400000，tick：100000, 且本次成交价为：812400000，上一次成交价为：812300000
[2016-07-29 10:08:36 733 bec97700] 「触发交易请求」当前关注的合约：ni1609（国内期货），指标数据的类型：12秒kline，包的序列号：573，开平标志：开仓，交易方向：买，信号等级：1，行情数据的时间点：20160729#100836500，本地当前时间点：20160729#100836733，采用的价格模型：限价单#812400000
[2016-07-29 10:08:38 719 bec97700] [strategy_demo3]当前深度行情的买价：812300000，卖价：812400000，tick：100000, 且本次成交价为：812300000，上一次成交价为：812400000
[2016-07-29 10:08:38 719 bec97700] 「触发交易请求」当前关注的合约：ni1609（国内期货），指标数据的类型：12秒kline，包的序列号：573，开平标志：开仓，交易方向：卖，信号等级：1，行情数据的时间点：20160729#100838500，本地当前时间点：20160729#100838719，采用的价格模型：限价单#812300000
