[2016-07-29 09:27:19 968 7fff700] 
当前策略服务的内存使用情况统计如下：
虚拟内存的峰值（VmPeak）：	907.42 MB 
虚拟内存的大小（VmSize）：	843.42 MB
物理内存的峰值（VmHWM）：	11.46 MB
物理内存的大小（VmRSS）：	11.46 MB
物理内存的占用量：	0.30%
物理内存占用量的峰值：	0.30%
CPU的占用量：	0.56%
CPU占用量的峰值：	0.56%
打开的文件句柄数：	12
当前进程的磁盘占用量：	0.00 GB

[2016-07-29 09:27:34 970 7fff700] 
当前策略服务的内存使用情况统计如下：
虚拟内存的峰值（VmPeak）：	907.42 MB 
虚拟内存的大小（VmSize）：	843.43 MB
物理内存的峰值（VmHWM）：	11.57 MB
物理内存的大小（VmRSS）：	11.57 MB
物理内存的占用量：	0.30%
物理内存占用量的峰值：	0.30%
CPU的占用量：	0.00%
CPU占用量的峰值：	0.56%
打开的文件句柄数：	13
当前进程的磁盘占用量：	0.00 GB

[2016-07-29 09:27:49 973 7fff700] 
当前策略服务的内存使用情况统计如下：
虚拟内存的峰值（VmPeak）：	907.42 MB 
虚拟内存的大小（VmSize）：	843.43 MB
物理内存的峰值（VmHWM）：	11.60 MB
物理内存的大小（VmRSS）：	11.60 MB
物理内存的占用量：	0.30%
物理内存占用量的峰值：	0.30%
CPU的占用量：	0.26%
CPU占用量的峰值：	0.56%
打开的文件句柄数：	13
当前进程的磁盘占用量：	0.00 GB

[2016-07-29 09:28:41 226 f57ea700] 
当前策略服务的内存使用情况统计如下：
虚拟内存的峰值（VmPeak）：	907.42 MB 
虚拟内存的大小（VmSize）：	843.42 MB
物理内存的峰值（VmHWM）：	5.48 MB
物理内存的大小（VmRSS）：	5.48 MB
物理内存的占用量：	0.14%
物理内存占用量的峰值：	0.14%
CPU的占用量：	14.77%
CPU占用量的峰值：	14.77%
打开的文件句柄数：	14
当前进程的磁盘占用量：	0.00 GB

