[2016-07-29 09:42:04 217 97ea700] 
当前策略服务的内存使用情况统计如下：
虚拟内存的峰值（VmPeak）：	907.42 MB 
虚拟内存的大小（VmSize）：	843.43 MB
物理内存的峰值（VmHWM）：	5.48 MB
物理内存的大小（VmRSS）：	5.48 MB
物理内存的占用量：	0.14%
物理内存占用量的峰值：	0.14%
CPU的占用量：	14.65%
CPU占用量的峰值：	14.65%
打开的文件句柄数：	14
当前进程的磁盘占用量：	0.00 GB

[2016-07-29 09:42:31 755 22ffd700] 
当前策略服务的内存使用情况统计如下：
虚拟内存的峰值（VmPeak）：	843.43 MB 
虚拟内存的大小（VmSize）：	843.43 MB
物理内存的峰值（VmHWM）：	7.47 MB
物理内存的大小（VmRSS）：	7.47 MB
物理内存的占用量：	0.19%
物理内存占用量的峰值：	0.19%
CPU的占用量：	15.47%
CPU占用量的峰值：	15.47%
打开的文件句柄数：	14
当前进程的磁盘占用量：	0.00 GB

[2016-07-29 09:42:46 757 22ffd700] 
当前策略服务的内存使用情况统计如下：
虚拟内存的峰值（VmPeak）：	1099.42 MB 
虚拟内存的大小（VmSize）：	1035.43 MB
物理内存的峰值（VmHWM）：	218.82 MB
物理内存的大小（VmRSS）：	218.75 MB
物理内存的占用量：	5.69%
物理内存占用量的峰值：	5.69%
CPU的占用量：	0.78%
CPU占用量的峰值：	15.47%
打开的文件句柄数：	15
当前进程的磁盘占用量：	0.00 GB

[2016-07-29 09:43:01 761 22ffd700] 
当前策略服务的内存使用情况统计如下：
虚拟内存的峰值（VmPeak）：	1099.42 MB 
虚拟内存的大小（VmSize）：	1035.43 MB
物理内存的峰值（VmHWM）：	218.82 MB
物理内存的大小（VmRSS）：	218.78 MB
物理内存的占用量：	5.70%
物理内存占用量的峰值：	5.70%
CPU的占用量：	1.11%
CPU占用量的峰值：	15.47%
打开的文件句柄数：	15
当前进程的磁盘占用量：	0.00 GB

[2016-07-29 09:43:16 764 22ffd700] 
当前策略服务的内存使用情况统计如下：
虚拟内存的峰值（VmPeak）：	1099.42 MB 
虚拟内存的大小（VmSize）：	1035.43 MB
物理内存的峰值（VmHWM）：	218.82 MB
物理内存的大小（VmRSS）：	218.78 MB
物理内存的占用量：	5.70%
物理内存占用量的峰值：	5.70%
CPU的占用量：	1.34%
CPU占用量的峰值：	15.47%
打开的文件句柄数：	15
当前进程的磁盘占用量：	0.00 GB

[2016-07-29 09:43:31 767 22ffd700] 
当前策略服务的内存使用情况统计如下：
虚拟内存的峰值（VmPeak）：	1099.42 MB 
虚拟内存的大小（VmSize）：	1035.43 MB
物理内存的峰值（VmHWM）：	218.82 MB
物理内存的大小（VmRSS）：	218.78 MB
物理内存的占用量：	5.70%
物理内存占用量的峰值：	5.70%
CPU的占用量：	1.03%
CPU占用量的峰值：	15.47%
打开的文件句柄数：	15
当前进程的磁盘占用量：	0.00 GB

[2016-07-29 09:43:46 770 22ffd700] 
当前策略服务的内存使用情况统计如下：
虚拟内存的峰值（VmPeak）：	1099.42 MB 
虚拟内存的大小（VmSize）：	1035.43 MB
物理内存的峰值（VmHWM）：	218.82 MB
物理内存的大小（VmRSS）：	218.78 MB
物理内存的占用量：	5.70%
物理内存占用量的峰值：	5.70%
CPU的占用量：	1.53%
CPU占用量的峰值：	15.47%
打开的文件句柄数：	15
当前进程的磁盘占用量：	0.00 GB

[2016-07-29 09:44:01 774 22ffd700] 
当前策略服务的内存使用情况统计如下：
虚拟内存的峰值（VmPeak）：	1099.42 MB 
虚拟内存的大小（VmSize）：	1035.43 MB
物理内存的峰值（VmHWM）：	218.82 MB
物理内存的大小（VmRSS）：	218.78 MB
物理内存的占用量：	5.70%
物理内存占用量的峰值：	5.70%
CPU的占用量：	1.02%
CPU占用量的峰值：	15.47%
打开的文件句柄数：	15
当前进程的磁盘占用量：	0.00 GB

[2016-07-29 09:44:16 777 22ffd700] 
当前策略服务的内存使用情况统计如下：
虚拟内存的峰值（VmPeak）：	1099.42 MB 
虚拟内存的大小（VmSize）：	1035.43 MB
物理内存的峰值（VmHWM）：	218.82 MB
物理内存的大小（VmRSS）：	218.78 MB
物理内存的占用量：	5.70%
物理内存占用量的峰值：	5.70%
CPU的占用量：	0.80%
CPU占用量的峰值：	15.47%
打开的文件句柄数：	15
当前进程的磁盘占用量：	0.00 GB

[2016-07-29 09:44:31 781 22ffd700] 
当前策略服务的内存使用情况统计如下：
虚拟内存的峰值（VmPeak）：	1099.42 MB 
虚拟内存的大小（VmSize）：	1035.43 MB
物理内存的峰值（VmHWM）：	218.82 MB
物理内存的大小（VmRSS）：	218.78 MB
物理内存的占用量：	5.70%
物理内存占用量的峰值：	5.70%
CPU的占用量：	1.04%
CPU占用量的峰值：	15.47%
打开的文件句柄数：	15
当前进程的磁盘占用量：	0.00 GB

[2016-07-29 09:44:46 784 22ffd700] 
当前策略服务的内存使用情况统计如下：
虚拟内存的峰值（VmPeak）：	1099.42 MB 
虚拟内存的大小（VmSize）：	1035.43 MB
物理内存的峰值（VmHWM）：	218.82 MB
物理内存的大小（VmRSS）：	218.78 MB
物理内存的占用量：	5.70%
物理内存占用量的峰值：	5.70%
CPU的占用量：	1.30%
CPU占用量的峰值：	15.47%
打开的文件句柄数：	15
当前进程的磁盘占用量：	0.00 GB

[2016-07-29 09:45:01 787 22ffd700] 
当前策略服务的内存使用情况统计如下：
虚拟内存的峰值（VmPeak）：	1099.42 MB 
虚拟内存的大小（VmSize）：	1035.43 MB
物理内存的峰值（VmHWM）：	218.82 MB
物理内存的大小（VmRSS）：	218.78 MB
物理内存的占用量：	5.70%
物理内存占用量的峰值：	5.70%
CPU的占用量：	1.03%
CPU占用量的峰值：	15.47%
打开的文件句柄数：	15
当前进程的磁盘占用量：	0.00 GB

[2016-07-29 09:45:16 790 22ffd700] 
当前策略服务的内存使用情况统计如下：
虚拟内存的峰值（VmPeak）：	1099.42 MB 
虚拟内存的大小（VmSize）：	1035.43 MB
物理内存的峰值（VmHWM）：	218.82 MB
物理内存的大小（VmRSS）：	218.78 MB
物理内存的占用量：	5.70%
物理内存占用量的峰值：	5.70%
CPU的占用量：	0.77%
CPU占用量的峰值：	15.47%
打开的文件句柄数：	15
当前进程的磁盘占用量：	0.00 GB

[2016-07-29 09:45:31 794 22ffd700] 
当前策略服务的内存使用情况统计如下：
虚拟内存的峰值（VmPeak）：	1099.42 MB 
虚拟内存的大小（VmSize）：	1035.43 MB
物理内存的峰值（VmHWM）：	218.82 MB
物理内存的大小（VmRSS）：	218.78 MB
物理内存的占用量：	5.70%
物理内存占用量的峰值：	5.70%
CPU的占用量：	1.02%
CPU占用量的峰值：	15.47%
打开的文件句柄数：	15
当前进程的磁盘占用量：	0.00 GB

[2016-07-29 09:45:46 797 22ffd700] 
当前策略服务的内存使用情况统计如下：
虚拟内存的峰值（VmPeak）：	1099.42 MB 
虚拟内存的大小（VmSize）：	1035.43 MB
物理内存的峰值（VmHWM）：	218.82 MB
物理内存的大小（VmRSS）：	218.78 MB
物理内存的占用量：	5.70%
物理内存占用量的峰值：	5.70%
CPU的占用量：	0.79%
CPU占用量的峰值：	15.47%
打开的文件句柄数：	15
当前进程的磁盘占用量：	0.00 GB

[2016-07-29 09:46:01 800 22ffd700] 
当前策略服务的内存使用情况统计如下：
虚拟内存的峰值（VmPeak）：	1099.42 MB 
虚拟内存的大小（VmSize）：	1035.43 MB
物理内存的峰值（VmHWM）：	218.82 MB
物理内存的大小（VmRSS）：	218.78 MB
物理内存的占用量：	5.70%
物理内存占用量的峰值：	5.70%
CPU的占用量：	1.31%
CPU占用量的峰值：	15.47%
打开的文件句柄数：	15
当前进程的磁盘占用量：	0.00 GB

[2016-07-29 09:46:16 803 22ffd700] 
当前策略服务的内存使用情况统计如下：
虚拟内存的峰值（VmPeak）：	1099.42 MB 
虚拟内存的大小（VmSize）：	1035.43 MB
物理内存的峰值（VmHWM）：	218.82 MB
物理内存的大小（VmRSS）：	218.78 MB
物理内存的占用量：	5.70%
物理内存占用量的峰值：	5.70%
CPU的占用量：	1.29%
CPU占用量的峰值：	15.47%
打开的文件句柄数：	15
当前进程的磁盘占用量：	0.00 GB

[2016-07-29 09:46:31 805 22ffd700] 
当前策略服务的内存使用情况统计如下：
虚拟内存的峰值（VmPeak）：	1099.42 MB 
虚拟内存的大小（VmSize）：	1035.43 MB
物理内存的峰值（VmHWM）：	218.82 MB
物理内存的大小（VmRSS）：	218.78 MB
物理内存的占用量：	5.70%
物理内存占用量的峰值：	5.70%
CPU的占用量：	0.80%
CPU占用量的峰值：	15.47%
打开的文件句柄数：	15
当前进程的磁盘占用量：	0.00 GB

[2016-07-29 09:46:46 808 22ffd700] 
当前策略服务的内存使用情况统计如下：
虚拟内存的峰值（VmPeak）：	1099.42 MB 
虚拟内存的大小（VmSize）：	1035.43 MB
物理内存的峰值（VmHWM）：	218.82 MB
物理内存的大小（VmRSS）：	218.78 MB
物理内存的占用量：	5.70%
物理内存占用量的峰值：	5.70%
CPU的占用量：	1.05%
CPU占用量的峰值：	15.47%
打开的文件句柄数：	15
当前进程的磁盘占用量：	0.00 GB

[2016-07-29 09:47:01 812 22ffd700] 
当前策略服务的内存使用情况统计如下：
虚拟内存的峰值（VmPeak）：	1099.42 MB 
虚拟内存的大小（VmSize）：	1035.43 MB
物理内存的峰值（VmHWM）：	218.82 MB
物理内存的大小（VmRSS）：	218.78 MB
物理内存的占用量：	5.70%
物理内存占用量的峰值：	5.70%
CPU的占用量：	1.06%
CPU占用量的峰值：	15.47%
打开的文件句柄数：	15
当前进程的磁盘占用量：	0.00 GB

[2016-07-29 09:47:16 814 22ffd700] 
当前策略服务的内存使用情况统计如下：
虚拟内存的峰值（VmPeak）：	1099.42 MB 
虚拟内存的大小（VmSize）：	1035.43 MB
物理内存的峰值（VmHWM）：	218.82 MB
物理内存的大小（VmRSS）：	218.78 MB
物理内存的占用量：	5.70%
物理内存占用量的峰值：	5.70%
CPU的占用量：	0.64%
CPU占用量的峰值：	15.47%
打开的文件句柄数：	15
当前进程的磁盘占用量：	0.00 GB

[2016-07-29 09:47:31 816 22ffd700] 
当前策略服务的内存使用情况统计如下：
虚拟内存的峰值（VmPeak）：	1099.42 MB 
虚拟内存的大小（VmSize）：	1035.43 MB
物理内存的峰值（VmHWM）：	218.82 MB
物理内存的大小（VmRSS）：	218.78 MB
物理内存的占用量：	5.70%
物理内存占用量的峰值：	5.70%
CPU的占用量：	0.26%
CPU占用量的峰值：	15.47%
打开的文件句柄数：	15
当前进程的磁盘占用量：	0.00 GB

[2016-07-29 09:47:46 818 22ffd700] 
当前策略服务的内存使用情况统计如下：
虚拟内存的峰值（VmPeak）：	1099.42 MB 
虚拟内存的大小（VmSize）：	1035.43 MB
物理内存的峰值（VmHWM）：	218.82 MB
物理内存的大小（VmRSS）：	218.78 MB
物理内存的占用量：	5.70%
物理内存占用量的峰值：	5.70%
CPU的占用量：	0.51%
CPU占用量的峰值：	15.47%
打开的文件句柄数：	15
当前进程的磁盘占用量：	0.00 GB

[2016-07-29 09:48:01 820 22ffd700] 
当前策略服务的内存使用情况统计如下：
虚拟内存的峰值（VmPeak）：	1099.42 MB 
虚拟内存的大小（VmSize）：	1035.43 MB
物理内存的峰值（VmHWM）：	218.82 MB
物理内存的大小（VmRSS）：	218.78 MB
物理内存的占用量：	5.70%
物理内存占用量的峰值：	5.70%
CPU的占用量：	1.40%
CPU占用量的峰值：	15.47%
打开的文件句柄数：	15
当前进程的磁盘占用量：	0.00 GB

[2016-07-29 09:48:16 823 22ffd700] 
当前策略服务的内存使用情况统计如下：
虚拟内存的峰值（VmPeak）：	1099.42 MB 
虚拟内存的大小（VmSize）：	1035.43 MB
物理内存的峰值（VmHWM）：	218.82 MB
物理内存的大小（VmRSS）：	218.78 MB
物理内存的占用量：	5.70%
物理内存占用量的峰值：	5.70%
CPU的占用量：	1.02%
CPU占用量的峰值：	15.47%
打开的文件句柄数：	15
当前进程的磁盘占用量：	0.00 GB

[2016-07-29 09:48:31 826 22ffd700] 
当前策略服务的内存使用情况统计如下：
虚拟内存的峰值（VmPeak）：	1099.42 MB 
虚拟内存的大小（VmSize）：	1035.43 MB
物理内存的峰值（VmHWM）：	218.82 MB
物理内存的大小（VmRSS）：	218.78 MB
物理内存的占用量：	5.70%
物理内存占用量的峰值：	5.70%
CPU的占用量：	1.03%
CPU占用量的峰值：	15.47%
打开的文件句柄数：	15
当前进程的磁盘占用量：	0.00 GB

[2016-07-29 09:48:46 830 22ffd700] 
当前策略服务的内存使用情况统计如下：
虚拟内存的峰值（VmPeak）：	1099.42 MB 
虚拟内存的大小（VmSize）：	1035.43 MB
物理内存的峰值（VmHWM）：	218.82 MB
物理内存的大小（VmRSS）：	218.78 MB
物理内存的占用量：	5.70%
物理内存占用量的峰值：	5.70%
CPU的占用量：	0.76%
CPU占用量的峰值：	15.47%
打开的文件句柄数：	15
当前进程的磁盘占用量：	0.00 GB

[2016-07-29 09:49:01 833 22ffd700] 
当前策略服务的内存使用情况统计如下：
虚拟内存的峰值（VmPeak）：	1099.42 MB 
虚拟内存的大小（VmSize）：	1035.43 MB
物理内存的峰值（VmHWM）：	218.82 MB
物理内存的大小（VmRSS）：	218.78 MB
物理内存的占用量：	5.70%
物理内存占用量的峰值：	5.70%
CPU的占用量：	1.03%
CPU占用量的峰值：	15.47%
打开的文件句柄数：	15
当前进程的磁盘占用量：	0.00 GB

[2016-07-29 09:49:16 836 22ffd700] 
当前策略服务的内存使用情况统计如下：
虚拟内存的峰值（VmPeak）：	1099.42 MB 
虚拟内存的大小（VmSize）：	1035.43 MB
物理内存的峰值（VmHWM）：	218.82 MB
物理内存的大小（VmRSS）：	218.78 MB
物理内存的占用量：	5.70%
物理内存占用量的峰值：	5.70%
CPU的占用量：	1.02%
CPU占用量的峰值：	15.47%
打开的文件句柄数：	15
当前进程的磁盘占用量：	0.00 GB

[2016-07-29 09:49:31 839 22ffd700] 
当前策略服务的内存使用情况统计如下：
虚拟内存的峰值（VmPeak）：	1099.42 MB 
虚拟内存的大小（VmSize）：	1035.43 MB
物理内存的峰值（VmHWM）：	218.82 MB
物理内存的大小（VmRSS）：	218.78 MB
物理内存的占用量：	5.70%
物理内存占用量的峰值：	5.70%
CPU的占用量：	1.04%
CPU占用量的峰值：	15.47%
打开的文件句柄数：	15
当前进程的磁盘占用量：	0.00 GB

[2016-07-29 09:49:46 842 22ffd700] 
当前策略服务的内存使用情况统计如下：
虚拟内存的峰值（VmPeak）：	1099.42 MB 
虚拟内存的大小（VmSize）：	1035.43 MB
物理内存的峰值（VmHWM）：	218.82 MB
物理内存的大小（VmRSS）：	218.78 MB
物理内存的占用量：	5.70%
物理内存占用量的峰值：	5.70%
CPU的占用量：	1.29%
CPU占用量的峰值：	15.47%
打开的文件句柄数：	15
当前进程的磁盘占用量：	0.00 GB

[2016-07-29 09:50:01 845 22ffd700] 
当前策略服务的内存使用情况统计如下：
虚拟内存的峰值（VmPeak）：	1099.42 MB 
虚拟内存的大小（VmSize）：	1035.43 MB
物理内存的峰值（VmHWM）：	218.82 MB
物理内存的大小（VmRSS）：	218.78 MB
物理内存的占用量：	5.70%
物理内存占用量的峰值：	5.70%
CPU的占用量：	1.28%
CPU占用量的峰值：	15.47%
打开的文件句柄数：	15
当前进程的磁盘占用量：	0.00 GB

[2016-07-29 09:50:16 848 22ffd700] 
当前策略服务的内存使用情况统计如下：
虚拟内存的峰值（VmPeak）：	1099.42 MB 
虚拟内存的大小（VmSize）：	1035.43 MB
物理内存的峰值（VmHWM）：	218.82 MB
物理内存的大小（VmRSS）：	218.78 MB
物理内存的占用量：	5.70%
物理内存占用量的峰值：	5.70%
CPU的占用量：	1.03%
CPU占用量的峰值：	15.47%
打开的文件句柄数：	15
当前进程的磁盘占用量：	0.00 GB

[2016-07-29 09:50:31 851 22ffd700] 
当前策略服务的内存使用情况统计如下：
虚拟内存的峰值（VmPeak）：	1099.42 MB 
虚拟内存的大小（VmSize）：	1035.43 MB
物理内存的峰值（VmHWM）：	218.82 MB
物理内存的大小（VmRSS）：	218.78 MB
物理内存的占用量：	5.70%
物理内存占用量的峰值：	5.70%
CPU的占用量：	1.29%
CPU占用量的峰值：	15.47%
打开的文件句柄数：	15
当前进程的磁盘占用量：	0.00 GB

[2016-07-29 09:50:46 853 22ffd700] 
当前策略服务的内存使用情况统计如下：
虚拟内存的峰值（VmPeak）：	1099.42 MB 
虚拟内存的大小（VmSize）：	1035.43 MB
物理内存的峰值（VmHWM）：	218.82 MB
物理内存的大小（VmRSS）：	218.78 MB
物理内存的占用量：	5.70%
物理内存占用量的峰值：	5.70%
CPU的占用量：	1.04%
CPU占用量的峰值：	15.47%
打开的文件句柄数：	15
当前进程的磁盘占用量：	0.00 GB

[2016-07-29 09:51:01 856 22ffd700] 
当前策略服务的内存使用情况统计如下：
虚拟内存的峰值（VmPeak）：	1099.42 MB 
虚拟内存的大小（VmSize）：	1035.43 MB
物理内存的峰值（VmHWM）：	218.82 MB
物理内存的大小（VmRSS）：	218.78 MB
物理内存的占用量：	5.70%
物理内存占用量的峰值：	5.70%
CPU的占用量：	0.78%
CPU占用量的峰值：	15.47%
打开的文件句柄数：	15
当前进程的磁盘占用量：	0.00 GB

[2016-07-29 09:51:16 859 22ffd700] 
当前策略服务的内存使用情况统计如下：
虚拟内存的峰值（VmPeak）：	1099.42 MB 
虚拟内存的大小（VmSize）：	1035.43 MB
物理内存的峰值（VmHWM）：	218.82 MB
物理内存的大小（VmRSS）：	218.78 MB
物理内存的占用量：	5.70%
物理内存占用量的峰值：	5.70%
CPU的占用量：	1.09%
CPU占用量的峰值：	15.47%
打开的文件句柄数：	15
当前进程的磁盘占用量：	0.00 GB

[2016-07-29 09:51:31 862 22ffd700] 
当前策略服务的内存使用情况统计如下：
虚拟内存的峰值（VmPeak）：	1099.42 MB 
虚拟内存的大小（VmSize）：	1035.43 MB
物理内存的峰值（VmHWM）：	218.82 MB
物理内存的大小（VmRSS）：	218.78 MB
物理内存的占用量：	5.70%
物理内存占用量的峰值：	5.70%
CPU的占用量：	0.78%
CPU占用量的峰值：	15.47%
打开的文件句柄数：	15
当前进程的磁盘占用量：	0.00 GB

[2016-07-29 09:51:46 865 22ffd700] 
当前策略服务的内存使用情况统计如下：
虚拟内存的峰值（VmPeak）：	1099.42 MB 
虚拟内存的大小（VmSize）：	1035.43 MB
物理内存的峰值（VmHWM）：	218.82 MB
物理内存的大小（VmRSS）：	218.78 MB
物理内存的占用量：	5.70%
物理内存占用量的峰值：	5.70%
CPU的占用量：	1.04%
CPU占用量的峰值：	15.47%
打开的文件句柄数：	15
当前进程的磁盘占用量：	0.00 GB

[2016-07-29 09:52:01 868 22ffd700] 
当前策略服务的内存使用情况统计如下：
虚拟内存的峰值（VmPeak）：	1099.42 MB 
虚拟内存的大小（VmSize）：	1035.43 MB
物理内存的峰值（VmHWM）：	218.82 MB
物理内存的大小（VmRSS）：	218.78 MB
物理内存的占用量：	5.70%
物理内存占用量的峰值：	5.70%
CPU的占用量：	1.03%
CPU占用量的峰值：	15.47%
打开的文件句柄数：	15
当前进程的磁盘占用量：	0.00 GB

