[2016-07-29 10:01:08 007 1effd700] 
当前策略服务的内存使用情况统计如下：
虚拟内存的峰值（VmPeak）：	907.43 MB 
虚拟内存的大小（VmSize）：	843.43 MB
物理内存的峰值（VmHWM）：	9.48 MB
物理内存的大小（VmRSS）：	9.48 MB
物理内存的占用量：	0.25%
物理内存占用量的峰值：	0.25%
CPU的占用量：	14.68%
CPU占用量的峰值：	14.68%
打开的文件句柄数：	14
当前进程的磁盘占用量：	0.00 GB

[2016-07-29 10:01:53 692 fe7fc700] 
当前策略服务的内存使用情况统计如下：
虚拟内存的峰值（VmPeak）：	843.43 MB 
虚拟内存的大小（VmSize）：	843.43 MB
物理内存的峰值（VmHWM）：	7.48 MB
物理内存的大小（VmRSS）：	7.48 MB
物理内存的占用量：	0.19%
物理内存占用量的峰值：	0.19%
CPU的占用量：	14.47%
CPU占用量的峰值：	14.47%
打开的文件句柄数：	14
当前进程的磁盘占用量：	0.00 GB

[2016-07-29 10:02:14 421 dfeb700] 
当前策略服务的内存使用情况统计如下：
虚拟内存的峰值（VmPeak）：	907.43 MB 
虚拟内存的大小（VmSize）：	843.43 MB
物理内存的峰值（VmHWM）：	5.49 MB
物理内存的大小（VmRSS）：	5.49 MB
物理内存的占用量：	0.14%
物理内存占用量的峰值：	0.14%
CPU的占用量：	14.87%
CPU占用量的峰值：	14.87%
打开的文件句柄数：	14
当前进程的磁盘占用量：	0.00 GB

[2016-07-29 10:02:29 425 dfeb700] 
当前策略服务的内存使用情况统计如下：
虚拟内存的峰值（VmPeak）：	1163.43 MB 
虚拟内存的大小（VmSize）：	1099.43 MB
物理内存的峰值（VmHWM）：	216.84 MB
物理内存的大小（VmRSS）：	216.77 MB
物理内存的占用量：	5.64%
物理内存占用量的峰值：	5.64%
CPU的占用量：	1.04%
CPU占用量的峰值：	14.87%
打开的文件句柄数：	15
当前进程的磁盘占用量：	0.00 GB

[2016-07-29 10:02:51 015 5f7fe700] 
当前策略服务的内存使用情况统计如下：
虚拟内存的峰值（VmPeak）：	771.43 MB 
虚拟内存的大小（VmSize）：	771.43 MB
物理内存的峰值（VmHWM）：	11.45 MB
物理内存的大小（VmRSS）：	11.45 MB
物理内存的占用量：	0.30%
物理内存占用量的峰值：	0.30%
CPU的占用量：	14.61%
CPU占用量的峰值：	14.61%
打开的文件句柄数：	10
当前进程的磁盘占用量：	0.00 GB

[2016-07-29 10:03:06 018 5f7fe700] 
当前策略服务的内存使用情况统计如下：
虚拟内存的峰值（VmPeak）：	1029.55 MB 
虚拟内存的大小（VmSize）：	1029.55 MB
物理内存的峰值（VmHWM）：	222.67 MB
物理内存的大小（VmRSS）：	222.67 MB
物理内存的占用量：	5.80%
物理内存占用量的峰值：	5.80%
CPU的占用量：	1.27%
CPU占用量的峰值：	14.61%
打开的文件句柄数：	12
当前进程的磁盘占用量：	0.00 GB

[2016-07-29 10:04:18 929 677fe700] 
当前策略服务的内存使用情况统计如下：
虚拟内存的峰值（VmPeak）：	771.43 MB 
虚拟内存的大小（VmSize）：	771.43 MB
物理内存的峰值（VmHWM）：	11.45 MB
物理内存的大小（VmRSS）：	11.45 MB
物理内存的占用量：	0.30%
物理内存占用量的峰值：	0.30%
CPU的占用量：	14.54%
CPU占用量的峰值：	14.54%
打开的文件句柄数：	10
当前进程的磁盘占用量：	0.00 GB

[2016-07-29 10:04:57 655 1b7fe700] 
当前策略服务的内存使用情况统计如下：
虚拟内存的峰值（VmPeak）：	771.43 MB 
虚拟内存的大小（VmSize）：	771.43 MB
物理内存的峰值（VmHWM）：	9.46 MB
物理内存的大小（VmRSS）：	9.46 MB
物理内存的占用量：	0.25%
物理内存占用量的峰值：	0.25%
CPU的占用量：	14.97%
CPU占用量的峰值：	14.97%
打开的文件句柄数：	10
当前进程的磁盘占用量：	0.00 GB

[2016-07-29 10:07:32 391 9f7fe700] 
当前策略服务的内存使用情况统计如下：
虚拟内存的峰值（VmPeak）：	771.43 MB 
虚拟内存的大小（VmSize）：	771.43 MB
物理内存的峰值（VmHWM）：	11.45 MB
物理内存的大小（VmRSS）：	11.45 MB
物理内存的占用量：	0.30%
物理内存占用量的峰值：	0.30%
CPU的占用量：	21.41%
CPU占用量的峰值：	21.41%
打开的文件句柄数：	10
当前进程的磁盘占用量：	0.00 GB

[2016-07-29 10:07:47 394 9f7fe700] 
当前策略服务的内存使用情况统计如下：
虚拟内存的峰值（VmPeak）：	1029.55 MB 
虚拟内存的大小（VmSize）：	1029.55 MB
物理内存的峰值（VmHWM）：	222.67 MB
物理内存的大小（VmRSS）：	222.67 MB
物理内存的占用量：	5.80%
物理内存占用量的峰值：	5.80%
CPU的占用量：	1.52%
CPU占用量的峰值：	21.41%
打开的文件句柄数：	12
当前进程的磁盘占用量：	0.00 GB

[2016-07-29 10:08:02 397 9f7fe700] 
当前策略服务的内存使用情况统计如下：
虚拟内存的峰值（VmPeak）：	1029.55 MB 
虚拟内存的大小（VmSize）：	1029.55 MB
物理内存的峰值（VmHWM）：	222.70 MB
物理内存的大小（VmRSS）：	222.70 MB
物理内存的占用量：	5.80%
物理内存占用量的峰值：	5.80%
CPU的占用量：	1.31%
CPU占用量的峰值：	21.41%
打开的文件句柄数：	12
当前进程的磁盘占用量：	0.00 GB

[2016-07-29 10:08:17 400 9f7fe700] 
当前策略服务的内存使用情况统计如下：
虚拟内存的峰值（VmPeak）：	1029.55 MB 
虚拟内存的大小（VmSize）：	1029.55 MB
物理内存的峰值（VmHWM）：	222.70 MB
物理内存的大小（VmRSS）：	222.70 MB
物理内存的占用量：	5.80%
物理内存占用量的峰值：	5.80%
CPU的占用量：	1.31%
CPU占用量的峰值：	21.41%
打开的文件句柄数：	12
当前进程的磁盘占用量：	0.00 GB

[2016-07-29 10:08:32 403 9f7fe700] 
当前策略服务的内存使用情况统计如下：
虚拟内存的峰值（VmPeak）：	1029.55 MB 
虚拟内存的大小（VmSize）：	1029.55 MB
物理内存的峰值（VmHWM）：	222.70 MB
物理内存的大小（VmRSS）：	222.70 MB
物理内存的占用量：	5.80%
物理内存占用量的峰值：	5.80%
CPU的占用量：	0.77%
CPU占用量的峰值：	21.41%
打开的文件句柄数：	12
当前进程的磁盘占用量：	0.00 GB

[2016-07-29 10:09:27 315 b2ffd700] 
当前策略服务的内存使用情况统计如下：
虚拟内存的峰值（VmPeak）：	843.43 MB 
虚拟内存的大小（VmSize）：	843.43 MB
物理内存的峰值（VmHWM）：	9.47 MB
物理内存的大小（VmRSS）：	9.47 MB
物理内存的占用量：	0.25%
物理内存占用量的峰值：	0.25%
CPU的占用量：	14.18%
CPU占用量的峰值：	14.18%
打开的文件句柄数：	14
当前进程的磁盘占用量：	0.00 GB

[2016-07-29 10:09:42 317 b2ffd700] 
当前策略服务的内存使用情况统计如下：
虚拟内存的峰值（VmPeak）：	1099.43 MB 
虚拟内存的大小（VmSize）：	1099.43 MB
物理内存的峰值（VmHWM）：	220.83 MB
物理内存的大小（VmRSS）：	220.75 MB
物理内存的占用量：	5.75%
物理内存占用量的峰值：	5.75%
CPU的占用量：	1.55%
CPU占用量的峰值：	14.18%
打开的文件句柄数：	15
当前进程的磁盘占用量：	0.00 GB

[2016-07-29 10:09:57 320 b2ffd700] 
当前策略服务的内存使用情况统计如下：
虚拟内存的峰值（VmPeak）：	1099.43 MB 
虚拟内存的大小（VmSize）：	1099.43 MB
物理内存的峰值（VmHWM）：	220.83 MB
物理内存的大小（VmRSS）：	220.78 MB
物理内存的占用量：	5.75%
物理内存占用量的峰值：	5.75%
CPU的占用量：	1.28%
CPU占用量的峰值：	14.18%
打开的文件句柄数：	15
当前进程的磁盘占用量：	0.00 GB

[2016-07-29 10:10:12 323 b2ffd700] 
当前策略服务的内存使用情况统计如下：
虚拟内存的峰值（VmPeak）：	1099.43 MB 
虚拟内存的大小（VmSize）：	1099.43 MB
物理内存的峰值（VmHWM）：	220.83 MB
物理内存的大小（VmRSS）：	220.78 MB
物理内存的占用量：	5.75%
物理内存占用量的峰值：	5.75%
CPU的占用量：	1.28%
CPU占用量的峰值：	14.18%
打开的文件句柄数：	15
当前进程的磁盘占用量：	0.00 GB

[2016-07-29 10:10:49 409 c37fe700] 
当前策略服务的内存使用情况统计如下：
虚拟内存的峰值（VmPeak）：	843.43 MB 
虚拟内存的大小（VmSize）：	843.43 MB
物理内存的峰值（VmHWM）：	11.46 MB
物理内存的大小（VmRSS）：	11.46 MB
物理内存的占用量：	0.30%
物理内存占用量的峰值：	0.30%
CPU的占用量：	14.43%
CPU占用量的峰值：	14.43%
打开的文件句柄数：	14
当前进程的磁盘占用量：	0.00 GB

[2016-07-29 10:12:59 907 bbfff700] 
当前策略服务的内存使用情况统计如下：
虚拟内存的峰值（VmPeak）：	907.43 MB 
虚拟内存的大小（VmSize）：	843.43 MB
物理内存的峰值（VmHWM）：	7.49 MB
物理内存的大小（VmRSS）：	7.49 MB
物理内存的占用量：	0.19%
物理内存占用量的峰值：	0.19%
CPU的占用量：	14.80%
CPU占用量的峰值：	14.80%
打开的文件句柄数：	14
当前进程的磁盘占用量：	0.00 GB

[2016-07-29 10:13:14 910 bbfff700] 
当前策略服务的内存使用情况统计如下：
虚拟内存的峰值（VmPeak）：	1099.43 MB 
虚拟内存的大小（VmSize）：	1099.43 MB
物理内存的峰值（VmHWM）：	218.83 MB
物理内存的大小（VmRSS）：	218.76 MB
物理内存的占用量：	5.69%
物理内存占用量的峰值：	5.69%
CPU的占用量：	1.53%
CPU占用量的峰值：	14.80%
打开的文件句柄数：	15
当前进程的磁盘占用量：	0.00 GB

[2016-07-29 10:13:29 913 bbfff700] 
当前策略服务的内存使用情况统计如下：
虚拟内存的峰值（VmPeak）：	1099.43 MB 
虚拟内存的大小（VmSize）：	1099.43 MB
物理内存的峰值（VmHWM）：	218.83 MB
物理内存的大小（VmRSS）：	218.78 MB
物理内存的占用量：	5.70%
物理内存占用量的峰值：	5.70%
CPU的占用量：	1.53%
CPU占用量的峰值：	14.80%
打开的文件句柄数：	15
当前进程的磁盘占用量：	0.00 GB

