[2016-07-29 09:52:06 907 1e7fc700] 
当前策略服务的内存使用情况统计如下：
虚拟内存的峰值（VmPeak）：	843.43 MB 
虚拟内存的大小（VmSize）：	843.43 MB
物理内存的峰值（VmHWM）：	11.45 MB
物理内存的大小（VmRSS）：	11.45 MB
物理内存的占用量：	0.30%
物理内存占用量的峰值：	0.30%
CPU的占用量：	14.90%
CPU占用量的峰值：	14.90%
打开的文件句柄数：	14
当前进程的磁盘占用量：	0.00 GB

[2016-07-29 09:52:21 910 1e7fc700] 
当前策略服务的内存使用情况统计如下：
虚拟内存的峰值（VmPeak）：	1099.43 MB 
虚拟内存的大小（VmSize）：	1035.43 MB
物理内存的峰值（VmHWM）：	222.80 MB
物理内存的大小（VmRSS）：	222.72 MB
物理内存的占用量：	5.80%
物理内存占用量的峰值：	5.80%
CPU的占用量：	1.03%
CPU占用量的峰值：	14.90%
打开的文件句柄数：	15
当前进程的磁盘占用量：	0.00 GB

[2016-07-29 09:52:36 913 1e7fc700] 
当前策略服务的内存使用情况统计如下：
虚拟内存的峰值（VmPeak）：	1099.43 MB 
虚拟内存的大小（VmSize）：	1035.43 MB
物理内存的峰值（VmHWM）：	222.80 MB
物理内存的大小（VmRSS）：	222.75 MB
物理内存的占用量：	5.80%
物理内存占用量的峰值：	5.80%
CPU的占用量：	1.03%
CPU占用量的峰值：	14.90%
打开的文件句柄数：	15
当前进程的磁盘占用量：	0.00 GB

[2016-07-29 09:52:42 231 b97fa700] 
当前策略服务的内存使用情况统计如下：
虚拟内存的峰值（VmPeak）：	779.43 MB 
虚拟内存的大小（VmSize）：	779.43 MB
物理内存的峰值（VmHWM）：	9.46 MB
物理内存的大小（VmRSS）：	9.46 MB
物理内存的占用量：	0.25%
物理内存占用量的峰值：	0.25%
CPU的占用量：	14.57%
CPU占用量的峰值：	14.57%
打开的文件句柄数：	14
当前进程的磁盘占用量：	0.00 GB

[2016-07-29 09:53:21 503 7b7fe700] 
当前策略服务的内存使用情况统计如下：
虚拟内存的峰值（VmPeak）：	843.43 MB 
虚拟内存的大小（VmSize）：	843.43 MB
物理内存的峰值（VmHWM）：	9.46 MB
物理内存的大小（VmRSS）：	9.46 MB
物理内存的占用量：	0.25%
物理内存占用量的峰值：	0.25%
CPU的占用量：	14.47%
CPU占用量的峰值：	14.47%
打开的文件句柄数：	14
当前进程的磁盘占用量：	0.00 GB

[2016-07-29 09:53:36 506 7b7fe700] 
当前策略服务的内存使用情况统计如下：
虚拟内存的峰值（VmPeak）：	1099.43 MB 
虚拟内存的大小（VmSize）：	1035.43 MB
物理内存的峰值（VmHWM）：	220.82 MB
物理内存的大小（VmRSS）：	220.74 MB
物理内存的占用量：	5.75%
物理内存占用量的峰值：	5.75%
CPU的占用量：	1.05%
CPU占用量的峰值：	14.47%
打开的文件句柄数：	15
当前进程的磁盘占用量：	0.00 GB

[2016-07-29 09:53:51 510 7b7fe700] 
当前策略服务的内存使用情况统计如下：
虚拟内存的峰值（VmPeak）：	1099.43 MB 
虚拟内存的大小（VmSize）：	1035.43 MB
物理内存的峰值（VmHWM）：	220.82 MB
物理内存的大小（VmRSS）：	220.77 MB
物理内存的占用量：	5.75%
物理内存占用量的峰值：	5.75%
CPU的占用量：	1.11%
CPU占用量的峰值：	14.47%
打开的文件句柄数：	15
当前进程的磁盘占用量：	0.00 GB

[2016-07-29 09:54:06 513 7b7fe700] 
当前策略服务的内存使用情况统计如下：
虚拟内存的峰值（VmPeak）：	1099.43 MB 
虚拟内存的大小（VmSize）：	1035.43 MB
物理内存的峰值（VmHWM）：	220.82 MB
物理内存的大小（VmRSS）：	220.77 MB
物理内存的占用量：	5.75%
物理内存占用量的峰值：	5.75%
CPU的占用量：	1.58%
CPU占用量的峰值：	14.47%
打开的文件句柄数：	15
当前进程的磁盘占用量：	0.00 GB

[2016-07-29 09:54:21 516 7b7fe700] 
当前策略服务的内存使用情况统计如下：
虚拟内存的峰值（VmPeak）：	1099.43 MB 
虚拟内存的大小（VmSize）：	1035.43 MB
物理内存的峰值（VmHWM）：	220.82 MB
物理内存的大小（VmRSS）：	220.77 MB
物理内存的占用量：	5.75%
物理内存占用量的峰值：	5.75%
CPU的占用量：	1.09%
CPU占用量的峰值：	14.47%
打开的文件句柄数：	15
当前进程的磁盘占用量：	0.00 GB

[2016-07-29 09:54:36 520 7b7fe700] 
当前策略服务的内存使用情况统计如下：
虚拟内存的峰值（VmPeak）：	1099.43 MB 
虚拟内存的大小（VmSize）：	1035.43 MB
物理内存的峰值（VmHWM）：	220.82 MB
物理内存的大小（VmRSS）：	220.77 MB
物理内存的占用量：	5.75%
物理内存占用量的峰值：	5.75%
CPU的占用量：	1.34%
CPU占用量的峰值：	14.47%
打开的文件句柄数：	15
当前进程的磁盘占用量：	0.00 GB

[2016-07-29 09:54:51 522 7b7fe700] 
当前策略服务的内存使用情况统计如下：
虚拟内存的峰值（VmPeak）：	1099.43 MB 
虚拟内存的大小（VmSize）：	1035.43 MB
物理内存的峰值（VmHWM）：	220.82 MB
物理内存的大小（VmRSS）：	220.77 MB
物理内存的占用量：	5.75%
物理内存占用量的峰值：	5.75%
CPU的占用量：	1.08%
CPU占用量的峰值：	14.47%
打开的文件句柄数：	15
当前进程的磁盘占用量：	0.00 GB

[2016-07-29 09:55:06 525 7b7fe700] 
当前策略服务的内存使用情况统计如下：
虚拟内存的峰值（VmPeak）：	1099.43 MB 
虚拟内存的大小（VmSize）：	1035.43 MB
物理内存的峰值（VmHWM）：	220.82 MB
物理内存的大小（VmRSS）：	220.77 MB
物理内存的占用量：	5.75%
物理内存占用量的峰值：	5.75%
CPU的占用量：	1.08%
CPU占用量的峰值：	14.47%
打开的文件句柄数：	15
当前进程的磁盘占用量：	0.00 GB

[2016-07-29 09:55:21 529 7b7fe700] 
当前策略服务的内存使用情况统计如下：
虚拟内存的峰值（VmPeak）：	1099.43 MB 
虚拟内存的大小（VmSize）：	1035.76 MB
物理内存的峰值（VmHWM）：	221.19 MB
物理内存的大小（VmRSS）：	221.19 MB
物理内存的占用量：	5.76%
物理内存占用量的峰值：	5.76%
CPU的占用量：	1.34%
CPU占用量的峰值：	14.47%
打开的文件句柄数：	15
当前进程的磁盘占用量：	0.00 GB

[2016-07-29 09:55:36 532 7b7fe700] 
当前策略服务的内存使用情况统计如下：
虚拟内存的峰值（VmPeak）：	1099.43 MB 
虚拟内存的大小（VmSize）：	1035.76 MB
物理内存的峰值（VmHWM）：	221.19 MB
物理内存的大小（VmRSS）：	221.19 MB
物理内存的占用量：	5.76%
物理内存占用量的峰值：	5.76%
CPU的占用量：	1.28%
CPU占用量的峰值：	14.47%
打开的文件句柄数：	15
当前进程的磁盘占用量：	0.00 GB

[2016-07-29 09:55:50 932 427fc700] 
当前策略服务的内存使用情况统计如下：
虚拟内存的峰值（VmPeak）：	843.43 MB 
虚拟内存的大小（VmSize）：	843.43 MB
物理内存的峰值（VmHWM）：	7.47 MB
物理内存的大小（VmRSS）：	7.47 MB
物理内存的占用量：	0.19%
物理内存占用量的峰值：	0.19%
CPU的占用量：	15.13%
CPU占用量的峰值：	15.13%
打开的文件句柄数：	14
当前进程的磁盘占用量：	0.00 GB

[2016-07-29 09:56:05 935 427fc700] 
当前策略服务的内存使用情况统计如下：
虚拟内存的峰值（VmPeak）：	1099.43 MB 
虚拟内存的大小（VmSize）：	1035.43 MB
物理内存的峰值（VmHWM）：	218.82 MB
物理内存的大小（VmRSS）：	218.74 MB
物理内存的占用量：	5.69%
物理内存占用量的峰值：	5.69%
CPU的占用量：	1.31%
CPU占用量的峰值：	15.13%
打开的文件句柄数：	15
当前进程的磁盘占用量：	0.00 GB

[2016-07-29 09:56:20 939 427fc700] 
当前策略服务的内存使用情况统计如下：
虚拟内存的峰值（VmPeak）：	1099.43 MB 
虚拟内存的大小（VmSize）：	1035.43 MB
物理内存的峰值（VmHWM）：	218.82 MB
物理内存的大小（VmRSS）：	218.77 MB
物理内存的占用量：	5.69%
物理内存占用量的峰值：	5.69%
CPU的占用量：	1.08%
CPU占用量的峰值：	15.13%
打开的文件句柄数：	15
当前进程的磁盘占用量：	0.00 GB

[2016-07-29 09:56:35 942 427fc700] 
当前策略服务的内存使用情况统计如下：
虚拟内存的峰值（VmPeak）：	1099.43 MB 
虚拟内存的大小（VmSize）：	1035.43 MB
物理内存的峰值（VmHWM）：	218.82 MB
物理内存的大小（VmRSS）：	218.77 MB
物理内存的占用量：	5.69%
物理内存占用量的峰值：	5.69%
CPU的占用量：	0.79%
CPU占用量的峰值：	15.13%
打开的文件句柄数：	15
当前进程的磁盘占用量：	0.00 GB

[2016-07-29 09:56:50 945 427fc700] 
当前策略服务的内存使用情况统计如下：
虚拟内存的峰值（VmPeak）：	1099.43 MB 
虚拟内存的大小（VmSize）：	1035.43 MB
物理内存的峰值（VmHWM）：	218.82 MB
物理内存的大小（VmRSS）：	218.77 MB
物理内存的占用量：	5.69%
物理内存占用量的峰值：	5.69%
CPU的占用量：	1.28%
CPU占用量的峰值：	15.13%
打开的文件句柄数：	15
当前进程的磁盘占用量：	0.00 GB

[2016-07-29 09:57:05 948 427fc700] 
当前策略服务的内存使用情况统计如下：
虚拟内存的峰值（VmPeak）：	1099.43 MB 
虚拟内存的大小（VmSize）：	1035.43 MB
物理内存的峰值（VmHWM）：	218.82 MB
物理内存的大小（VmRSS）：	218.77 MB
物理内存的占用量：	5.69%
物理内存占用量的峰值：	5.69%
CPU的占用量：	0.78%
CPU占用量的峰值：	15.13%
打开的文件句柄数：	15
当前进程的磁盘占用量：	0.00 GB

[2016-07-29 09:57:20 951 427fc700] 
当前策略服务的内存使用情况统计如下：
虚拟内存的峰值（VmPeak）：	1099.43 MB 
虚拟内存的大小（VmSize）：	1035.43 MB
物理内存的峰值（VmHWM）：	218.82 MB
物理内存的大小（VmRSS）：	218.77 MB
物理内存的占用量：	5.69%
物理内存占用量的峰值：	5.69%
CPU的占用量：	1.05%
CPU占用量的峰值：	15.13%
打开的文件句柄数：	15
当前进程的磁盘占用量：	0.00 GB

[2016-07-29 09:57:39 516 d6ffd700] 
当前策略服务的内存使用情况统计如下：
虚拟内存的峰值（VmPeak）：	843.43 MB 
虚拟内存的大小（VmSize）：	843.43 MB
物理内存的峰值（VmHWM）：	11.46 MB
物理内存的大小（VmRSS）：	11.46 MB
物理内存的占用量：	0.30%
物理内存占用量的峰值：	0.30%
CPU的占用量：	14.50%
CPU占用量的峰值：	14.50%
打开的文件句柄数：	14
当前进程的磁盘占用量：	0.00 GB

[2016-07-29 09:57:54 518 d6ffd700] 
当前策略服务的内存使用情况统计如下：
虚拟内存的峰值（VmPeak）：	1099.43 MB 
虚拟内存的大小（VmSize）：	1035.43 MB
物理内存的峰值（VmHWM）：	222.82 MB
物理内存的大小（VmRSS）：	222.73 MB
物理内存的占用量：	5.80%
物理内存占用量的峰值：	5.80%
CPU的占用量：	1.06%
CPU占用量的峰值：	14.50%
打开的文件句柄数：	15
当前进程的磁盘占用量：	0.00 GB

[2016-07-29 09:58:10 372 fffff700] 
当前策略服务的内存使用情况统计如下：
虚拟内存的峰值（VmPeak）：	907.42 MB 
虚拟内存的大小（VmSize）：	843.43 MB
物理内存的峰值（VmHWM）：	9.47 MB
物理内存的大小（VmRSS）：	9.47 MB
物理内存的占用量：	0.25%
物理内存占用量的峰值：	0.25%
CPU的占用量：	14.07%
CPU占用量的峰值：	14.07%
打开的文件句柄数：	14
当前进程的磁盘占用量：	0.00 GB

[2016-07-29 09:58:25 374 fffff700] 
当前策略服务的内存使用情况统计如下：
虚拟内存的峰值（VmPeak）：	1099.43 MB 
虚拟内存的大小（VmSize）：	1035.43 MB
物理内存的峰值（VmHWM）：	220.82 MB
物理内存的大小（VmRSS）：	220.75 MB
物理内存的占用量：	5.75%
物理内存占用量的峰值：	5.75%
CPU的占用量：	0.79%
CPU占用量的峰值：	14.07%
打开的文件句柄数：	15
当前进程的磁盘占用量：	0.00 GB

[2016-07-29 09:58:40 376 fffff700] 
当前策略服务的内存使用情况统计如下：
虚拟内存的峰值（VmPeak）：	1099.43 MB 
虚拟内存的大小（VmSize）：	1035.43 MB
物理内存的峰值（VmHWM）：	220.82 MB
物理内存的大小（VmRSS）：	220.77 MB
物理内存的占用量：	5.75%
物理内存占用量的峰值：	5.75%
CPU的占用量：	0.51%
CPU占用量的峰值：	14.07%
打开的文件句柄数：	15
当前进程的磁盘占用量：	0.00 GB

[2016-07-29 09:58:46 316 de7fc700] 
当前策略服务的内存使用情况统计如下：
虚拟内存的峰值（VmPeak）：	843.43 MB 
虚拟内存的大小（VmSize）：	843.43 MB
物理内存的峰值（VmHWM）：	7.47 MB
物理内存的大小（VmRSS）：	7.47 MB
物理内存的占用量：	0.19%
物理内存占用量的峰值：	0.19%
CPU的占用量：	14.65%
CPU占用量的峰值：	14.65%
打开的文件句柄数：	14
当前进程的磁盘占用量：	0.00 GB

