[2016-07-29 10:01:07 005 1f7fe700] [00005bc1:4c2d40b5] 启动同步请求，时间戳=0
[2016-07-29 10:01:07 006 1f7fe700] [0x00005bc1:4c2d40b5] 在状态(),收到事件(0x00000008:1)
[2016-07-29 10:01:07 006 1f7fe700] [0x00005bc1:4c2d40b5] 状态迁移()---(0x00000008:1)-->(user_syn)
[2016-07-29 10:01:07 007 1f7fe700] [0x00005bc1:4c2d40b5] 在状态(user_syn),收到事件(0x00000009:2)
[2016-07-29 10:01:07 007 1f7fe700] [0x00005bc1:4c2d40b5] 状态迁移(user_syn)---(0x00000009:2)-->(data_master)
[2016-07-29 10:01:07 007 1f7fe700] [00005bc1:4c2d40b5] 192.168.1.110:3605 syn ok ,remoteid = [0000f170:191d1bb2]，time dalay=0(ms),first(sendseq=17c543ce:recvseq=58ba8ae),remote timestamp=60550500
[2016-07-29 10:01:07 010 1f7fe700] [00005bc0:4c2d40b6] 启动同步请求，时间戳=0
[2016-07-29 10:01:07 010 1f7fe700] [0x00005bc0:4c2d40b6] 在状态(),收到事件(0x00000008:1)
[2016-07-29 10:01:07 010 1f7fe700] [0x00005bc0:4c2d40b6] 状态迁移()---(0x00000008:1)-->(user_syn)
[2016-07-29 10:01:07 010 1f7fe700] [0x00005bc0:4c2d40b6] 在状态(user_syn),收到事件(0x00000009:2)
[2016-07-29 10:01:07 011 1f7fe700] [0x00005bc0:4c2d40b6] 状态迁移(user_syn)---(0x00000009:2)-->(data_master)
[2016-07-29 10:01:07 011 1f7fe700] [00005bc0:4c2d40b6] ::ffff:192.168.1.110:8001 syn ok ,remoteid = [00001b07:5e7057ad]，time dalay=0(ms),first(sendseq=662a7596:recvseq=770293ad),remote timestamp=60550320
[2016-07-29 10:01:14 008 1f7fe700] [0x00005bc1:4c2d40b5] 在状态(data_master),收到事件(0x00000008:4)
[2016-07-29 10:01:14 008 1f7fe700] [0x00005bc1:4c2d40b5] 状态迁移(data_master)---(0x00000008:4)-->(user_rst)
[2016-07-29 10:01:14 009 1f7fe700] [0x00005bc0:4c2d40b6] 在状态(data_master),收到事件(0x00000008:4)
[2016-07-29 10:01:14 009 1f7fe700] [0x00005bc0:4c2d40b6] 状态迁移(data_master)---(0x00000008:4)-->(user_rst)
[2016-07-29 10:01:14 009 1f7fe700] [0x00005bc1:4c2d40b5] 在状态(user_rst),收到事件(0x00000009:5)
[2016-07-29 10:01:14 010 1f7fe700] [0x00005bc1:4c2d40b5] 状态迁移(user_rst)---(0x00000009:5)-->(exit_wait)
[2016-07-29 10:01:14 010 1f7fe700] [0x00005bc0:4c2d40b6] 在状态(user_rst),收到事件(0x00000009:5)
[2016-07-29 10:01:14 010 1f7fe700] [0x00005bc0:4c2d40b6] 状态迁移(user_rst)---(0x00000009:5)-->(exit_wait)
[2016-07-29 10:01:14 010 1f7fe700] [0x00005bc1:4c2d40b5] 在状态(exit_wait),收到事件(0x00000009:6)
[2016-07-29 10:01:14 010 1f7fe700] [0x00005bc1:4c2d40b5] 状态迁移(exit_wait)---(0x00000009:6)-->(exit)
[2016-07-29 10:01:14 010 1f7fe700] [ 5bc1:4c2d40b5] E15_udcp_item clean
[2016-07-29 10:01:14 010 1f7fe700] [0x00005bc0:4c2d40b6] 在状态(exit_wait),收到事件(0x00000009:6)
[2016-07-29 10:01:14 010 1f7fe700] [0x00005bc0:4c2d40b6] 状态迁移(exit_wait)---(0x00000009:6)-->(exit)
[2016-07-29 10:01:14 010 1f7fe700] [ 5bc0:4c2d40b6] E15_udcp_item clean
[2016-07-29 10:01:14 011 40465780] udcp session exit normally
[2016-07-29 10:01:52 691 feffd700] [00007036:135ac0b1] 启动同步请求，时间戳=0
[2016-07-29 10:01:52 691 feffd700] [0x00007036:135ac0b1] 在状态(),收到事件(0x00000008:1)
[2016-07-29 10:01:52 691 feffd700] [0x00007036:135ac0b1] 状态迁移()---(0x00000008:1)-->(user_syn)
[2016-07-29 10:01:52 692 feffd700] [0x00007036:135ac0b1] 在状态(user_syn),收到事件(0x00000009:2)
[2016-07-29 10:01:52 692 feffd700] [0x00007036:135ac0b1] 状态迁移(user_syn)---(0x00000009:2)-->(data_master)
[2016-07-29 10:01:52 692 feffd700] [00007036:135ac0b1] 192.168.1.110:3605 syn ok ,remoteid = [0000f170:191d1bb3]，time dalay=0(ms),first(sendseq=51917764:recvseq=79114343),remote timestamp=60596190
[2016-07-29 10:01:52 694 feffd700] [00007037:135ac0b2] 启动同步请求，时间戳=0
[2016-07-29 10:01:52 694 feffd700] [0x00007037:135ac0b2] 在状态(),收到事件(0x00000008:1)
[2016-07-29 10:01:52 694 feffd700] [0x00007037:135ac0b2] 状态迁移()---(0x00000008:1)-->(user_syn)
[2016-07-29 10:01:52 695 feffd700] [0x00007037:135ac0b2] 在状态(user_syn),收到事件(0x00000009:2)
[2016-07-29 10:01:52 695 feffd700] [0x00007037:135ac0b2] 状态迁移(user_syn)---(0x00000009:2)-->(data_master)
[2016-07-29 10:01:52 695 feffd700] [00007037:135ac0b2] ::ffff:192.168.1.110:8001 syn ok ,remoteid = [00001b02:5e7057ae]，time dalay=0(ms),first(sendseq=54361d95:recvseq=2333cd89),remote timestamp=60596000
[2016-07-29 10:02:02 694 feffd700] [0x00007036:135ac0b1] 在状态(data_master),收到事件(0x00000008:4)
[2016-07-29 10:02:02 694 feffd700] [0x00007036:135ac0b1] 状态迁移(data_master)---(0x00000008:4)-->(user_rst)
[2016-07-29 10:02:02 694 feffd700] [0x00007037:135ac0b2] 在状态(data_master),收到事件(0x00000008:4)
[2016-07-29 10:02:02 695 feffd700] [0x00007037:135ac0b2] 状态迁移(data_master)---(0x00000008:4)-->(user_rst)
[2016-07-29 10:02:02 695 feffd700] [0x00007036:135ac0b1] 在状态(user_rst),收到事件(0x00000009:5)
[2016-07-29 10:02:02 695 feffd700] [0x00007036:135ac0b1] 状态迁移(user_rst)---(0x00000009:5)-->(exit_wait)
[2016-07-29 10:02:02 695 feffd700] [0x00007037:135ac0b2] 在状态(user_rst),收到事件(0x00000009:5)
[2016-07-29 10:02:02 695 feffd700] [0x00007037:135ac0b2] 状态迁移(user_rst)---(0x00000009:5)-->(exit_wait)
[2016-07-29 10:02:02 696 feffd700] [0x00007036:135ac0b1] 在状态(exit_wait),收到事件(0x00000009:6)
[2016-07-29 10:02:02 696 feffd700] [0x00007036:135ac0b1] 状态迁移(exit_wait)---(0x00000009:6)-->(exit)
[2016-07-29 10:02:02 696 feffd700] [ 7036:135ac0b1] E15_udcp_item clean
[2016-07-29 10:02:02 699 feffd700] [0x00007037:135ac0b2] 在状态(exit_wait),收到事件(0x00000009:6)
[2016-07-29 10:02:02 699 feffd700] [0x00007037:135ac0b2] 状态迁移(exit_wait)---(0x00000009:6)-->(exit)
[2016-07-29 10:02:02 699 feffd700] [ 7037:135ac0b2] E15_udcp_item clean
[2016-07-29 10:02:02 700 1fbf1780] udcp session exit normally
[2016-07-29 10:02:13 419 e7ec700] [0000bab6:095dbd7c] 启动同步请求，时间戳=0
[2016-07-29 10:02:13 419 e7ec700] [0x0000bab6:095dbd7c] 在状态(),收到事件(0x00000008:1)
[2016-07-29 10:02:13 419 e7ec700] [0x0000bab6:095dbd7c] 状态迁移()---(0x00000008:1)-->(user_syn)
[2016-07-29 10:02:13 420 e7ec700] [0x0000bab6:095dbd7c] 在状态(user_syn),收到事件(0x00000009:2)
[2016-07-29 10:02:13 420 e7ec700] [0x0000bab6:095dbd7c] 状态迁移(user_syn)---(0x00000009:2)-->(data_master)
[2016-07-29 10:02:13 420 e7ec700] [0000bab6:095dbd7c] 192.168.1.110:3605 syn ok ,remoteid = [0000f170:191d1bb4]，time dalay=0(ms),first(sendseq=45c47576:recvseq=2f22bf49),remote timestamp=60616920
[2016-07-29 10:02:13 424 e7ec700] [0000bab7:095dbd7d] 启动同步请求，时间戳=0
[2016-07-29 10:02:13 424 e7ec700] [0x0000bab7:095dbd7d] 在状态(),收到事件(0x00000008:1)
[2016-07-29 10:02:13 424 e7ec700] [0x0000bab7:095dbd7d] 状态迁移()---(0x00000008:1)-->(user_syn)
[2016-07-29 10:02:13 425 e7ec700] [0x0000bab7:095dbd7d] 在状态(user_syn),收到事件(0x00000009:2)
[2016-07-29 10:02:13 425 e7ec700] [0x0000bab7:095dbd7d] 状态迁移(user_syn)---(0x00000009:2)-->(data_master)
[2016-07-29 10:02:13 425 e7ec700] [0000bab7:095dbd7d] ::ffff:192.168.1.110:8001 syn ok ,remoteid = [00001b07:5e7057af]，time dalay=0(ms),first(sendseq=3d66b844:recvseq=78a6d311),remote timestamp=60616720
[2016-07-29 10:02:31 425 e7ec700] [0x0000bab6:095dbd7c] 在状态(data_master),收到事件(0x00000008:4)
[2016-07-29 10:02:31 426 e7ec700] [0x0000bab6:095dbd7c] 状态迁移(data_master)---(0x00000008:4)-->(user_rst)
[2016-07-29 10:02:31 426 e7ec700] [0x0000bab7:095dbd7d] 在状态(data_master),收到事件(0x00000008:4)
[2016-07-29 10:02:31 426 e7ec700] [0x0000bab7:095dbd7d] 状态迁移(data_master)---(0x00000008:4)-->(user_rst)
[2016-07-29 10:02:31 426 e7ec700] [0x0000bab6:095dbd7c] 在状态(user_rst),收到事件(0x00000009:5)
[2016-07-29 10:02:31 426 e7ec700] [0x0000bab6:095dbd7c] 状态迁移(user_rst)---(0x00000009:5)-->(exit_wait)
[2016-07-29 10:02:31 426 e7ec700] [0x0000bab7:095dbd7d] 在状态(user_rst),收到事件(0x00000009:5)
[2016-07-29 10:02:31 427 e7ec700] [0x0000bab7:095dbd7d] 状态迁移(user_rst)---(0x00000009:5)-->(exit_wait)
[2016-07-29 10:02:31 427 e7ec700] [0x0000bab7:095dbd7d] 在状态(exit_wait),收到事件(0x00000009:6)
[2016-07-29 10:02:31 427 e7ec700] [0x0000bab7:095dbd7d] 状态迁移(exit_wait)---(0x00000009:6)-->(exit)
[2016-07-29 10:02:31 427 e7ec700] [ bab7:95dbd7d] E15_udcp_item clean
[2016-07-29 10:02:31 427 e7ec700] [0x0000bab6:095dbd7c] 在状态(exit_wait),收到事件(0x00000009:6)
[2016-07-29 10:02:31 427 e7ec700] [0x0000bab6:095dbd7c] 状态迁移(exit_wait)---(0x00000009:6)-->(exit)
[2016-07-29 10:02:31 427 e7ec700] [ bab6:95dbd7c] E15_udcp_item clean
[2016-07-29 10:02:31 427 2aa2e780] udcp session exit normally
[2016-07-29 10:02:50 013 5ffff700] [0000440f:6fe8471b] 启动同步请求，时间戳=0
[2016-07-29 10:02:50 013 5ffff700] [0x0000440f:6fe8471b] 在状态(),收到事件(0x00000008:1)
[2016-07-29 10:02:50 013 5ffff700] [0x0000440f:6fe8471b] 状态迁移()---(0x00000008:1)-->(user_syn)
[2016-07-29 10:02:50 014 5ffff700] [0x0000440f:6fe8471b] 在状态(user_syn),收到事件(0x00000009:2)
[2016-07-29 10:02:50 014 5ffff700] [0x0000440f:6fe8471b] 状态迁移(user_syn)---(0x00000009:2)-->(data_master)
[2016-07-29 10:02:50 014 5ffff700] [0000440f:6fe8471b] 192.168.1.110:3605 syn ok ,remoteid = [0000f170:191d1bb5]，time dalay=0(ms),first(sendseq=4405a4d:recvseq=2bd6a4ce),remote timestamp=60653520
[2016-07-29 10:02:50 016 5ffff700] [0000440e:6fe8471c] 启动同步请求，时间戳=0
[2016-07-29 10:02:50 016 5ffff700] [0x0000440e:6fe8471c] 在状态(),收到事件(0x00000008:1)
[2016-07-29 10:02:50 016 5ffff700] [0x0000440e:6fe8471c] 状态迁移()---(0x00000008:1)-->(user_syn)
[2016-07-29 10:02:50 017 5ffff700] [0x0000440e:6fe8471c] 在状态(user_syn),收到事件(0x00000009:2)
[2016-07-29 10:02:50 017 5ffff700] [0x0000440e:6fe8471c] 状态迁移(user_syn)---(0x00000009:2)-->(data_master)
[2016-07-29 10:02:50 017 5ffff700] [0000440e:6fe8471c] ::ffff:192.168.1.110:8001 syn ok ,remoteid = [00001b05:5e7057b0]，time dalay=0(ms),first(sendseq=59cbd59b:recvseq=68c0151e),remote timestamp=60653310
[2016-07-29 10:03:07 018 5ffff700] [0x0000440f:6fe8471b] 在状态(data_master),收到事件(0x00000008:4)
[2016-07-29 10:03:07 018 5ffff700] [0x0000440f:6fe8471b] 状态迁移(data_master)---(0x00000008:4)-->(user_rst)
[2016-07-29 10:03:07 018 5ffff700] [0x0000440e:6fe8471c] 在状态(data_master),收到事件(0x00000008:4)
[2016-07-29 10:03:07 019 5ffff700] [0x0000440e:6fe8471c] 状态迁移(data_master)---(0x00000008:4)-->(user_rst)
[2016-07-29 10:03:07 019 5ffff700] [0x0000440f:6fe8471b] 在状态(user_rst),收到事件(0x00000009:5)
[2016-07-29 10:03:07 019 5ffff700] [0x0000440f:6fe8471b] 状态迁移(user_rst)---(0x00000009:5)-->(exit_wait)
[2016-07-29 10:03:07 019 5ffff700] [0x0000440e:6fe8471c] 在状态(user_rst),收到事件(0x00000009:5)
[2016-07-29 10:03:07 019 5ffff700] [0x0000440e:6fe8471c] 状态迁移(user_rst)---(0x00000009:5)-->(exit_wait)
[2016-07-29 10:03:07 020 5ffff700] [0x0000440f:6fe8471b] 在状态(exit_wait),收到事件(0x00000009:6)
[2016-07-29 10:03:07 020 5ffff700] [0x0000440f:6fe8471b] 状态迁移(exit_wait)---(0x00000009:6)-->(exit)
[2016-07-29 10:03:07 020 5ffff700] [ 440f:6fe8471b] E15_udcp_item clean
[2016-07-29 10:03:07 020 5ffff700] [0x0000440e:6fe8471c] 在状态(exit_wait),收到事件(0x00000009:6)
[2016-07-29 10:03:07 020 5ffff700] [0x0000440e:6fe8471c] 状态迁移(exit_wait)---(0x00000009:6)-->(exit)
[2016-07-29 10:03:07 020 5ffff700] [ 440e:6fe8471c] E15_udcp_item clean
[2016-07-29 10:03:07 020 81182780] udcp session exit normally
[2016-07-29 10:04:17 927 67fff700] [00003c94:79defb79] 启动同步请求，时间戳=0
[2016-07-29 10:04:17 927 67fff700] [0x00003c94:79defb79] 在状态(),收到事件(0x00000008:1)
[2016-07-29 10:04:17 928 67fff700] [0x00003c94:79defb79] 状态迁移()---(0x00000008:1)-->(user_syn)
[2016-07-29 10:04:17 928 67fff700] [0x00003c94:79defb79] 在状态(user_syn),收到事件(0x00000009:2)
[2016-07-29 10:04:17 928 67fff700] [0x00003c94:79defb79] 状态迁移(user_syn)---(0x00000009:2)-->(data_master)
[2016-07-29 10:04:17 928 67fff700] [00003c94:79defb79] 192.168.1.110:3605 syn ok ,remoteid = [0000f170:191d1bb6]，time dalay=0(ms),first(sendseq=f2ffbc8:recvseq=15e7e479),remote timestamp=60741420
[2016-07-29 10:04:17 931 67fff700] [00003c95:79defb7a] 启动同步请求，时间戳=0
[2016-07-29 10:04:17 931 67fff700] [0x00003c95:79defb7a] 在状态(),收到事件(0x00000008:1)
[2016-07-29 10:04:17 931 67fff700] [0x00003c95:79defb7a] 状态迁移()---(0x00000008:1)-->(user_syn)
[2016-07-29 10:04:17 932 67fff700] [0x00003c95:79defb7a] 在状态(user_syn),收到事件(0x00000009:2)
[2016-07-29 10:04:17 932 67fff700] [0x00003c95:79defb7a] 状态迁移(user_syn)---(0x00000009:2)-->(data_master)
[2016-07-29 10:04:17 932 67fff700] [00003c95:79defb7a] ::ffff:192.168.1.110:8001 syn ok ,remoteid = [00001b07:5e7057b2]，time dalay=0(ms),first(sendseq=323341:recvseq=354a3a11),remote timestamp=60741220
[2016-07-29 10:04:29 931 67fff700] [0x00003c94:79defb79] 在状态(data_master),收到事件(0x00000008:4)
[2016-07-29 10:04:29 931 67fff700] [0x00003c94:79defb79] 状态迁移(data_master)---(0x00000008:4)-->(user_rst)
[2016-07-29 10:04:29 932 67fff700] [0x00003c95:79defb7a] 在状态(data_master),收到事件(0x00000008:4)
[2016-07-29 10:04:29 932 67fff700] [0x00003c95:79defb7a] 状态迁移(data_master)---(0x00000008:4)-->(user_rst)
[2016-07-29 10:04:29 932 67fff700] [0x00003c94:79defb79] 在状态(user_rst),收到事件(0x00000009:5)
[2016-07-29 10:04:29 932 67fff700] [0x00003c94:79defb79] 状态迁移(user_rst)---(0x00000009:5)-->(exit_wait)
[2016-07-29 10:04:29 933 67fff700] [0x00003c95:79defb7a] 在状态(user_rst),收到事件(0x00000009:5)
[2016-07-29 10:04:29 933 67fff700] [0x00003c95:79defb7a] 状态迁移(user_rst)---(0x00000009:5)-->(exit_wait)
[2016-07-29 10:04:29 933 67fff700] [0x00003c94:79defb79] 在状态(exit_wait),收到事件(0x00000009:6)
[2016-07-29 10:04:29 933 67fff700] [0x00003c94:79defb79] 状态迁移(exit_wait)---(0x00000009:6)-->(exit)
[2016-07-29 10:04:29 933 67fff700] [ 3c94:79defb79] E15_udcp_item clean
[2016-07-29 10:04:29 933 67fff700] [0x00003c95:79defb7a] 在状态(exit_wait),收到事件(0x00000009:6)
[2016-07-29 10:04:29 933 67fff700] [0x00003c95:79defb7a] 状态迁移(exit_wait)---(0x00000009:6)-->(exit)
[2016-07-29 10:04:29 933 67fff700] [ 3c95:79defb7a] E15_udcp_item clean
[2016-07-29 10:04:29 934 89088780] udcp session exit normally
[2016-07-29 10:04:56 653 1bfff700] [0000dce2:2e0e734f] 启动同步请求，时间戳=0
[2016-07-29 10:04:56 653 1bfff700] [0x0000dce2:2e0e734f] 在状态(),收到事件(0x00000008:1)
[2016-07-29 10:04:56 653 1bfff700] [0x0000dce2:2e0e734f] 状态迁移()---(0x00000008:1)-->(user_syn)
[2016-07-29 10:04:56 654 1bfff700] [0x0000dce2:2e0e734f] 在状态(user_syn),收到事件(0x00000009:2)
[2016-07-29 10:04:56 654 1bfff700] [0x0000dce2:2e0e734f] 状态迁移(user_syn)---(0x00000009:2)-->(data_master)
[2016-07-29 10:04:56 654 1bfff700] [0000dce2:2e0e734f] 192.168.1.110:3605 syn ok ,remoteid = [0000f170:191d1bb7]，time dalay=0(ms),first(sendseq=766342b0:recvseq=67095f46),remote timestamp=60780140
[2016-07-29 10:04:56 656 1bfff700] [0000dce3:2e0e7350] 启动同步请求，时间戳=0
[2016-07-29 10:04:56 656 1bfff700] [0x0000dce3:2e0e7350] 在状态(),收到事件(0x00000008:1)
[2016-07-29 10:04:56 656 1bfff700] [0x0000dce3:2e0e7350] 状态迁移()---(0x00000008:1)-->(user_syn)
[2016-07-29 10:04:56 657 1bfff700] [0x0000dce3:2e0e7350] 在状态(user_syn),收到事件(0x00000009:2)
[2016-07-29 10:04:56 657 1bfff700] [0x0000dce3:2e0e7350] 状态迁移(user_syn)---(0x00000009:2)-->(data_master)
[2016-07-29 10:04:56 657 1bfff700] [0000dce3:2e0e7350] ::ffff:192.168.1.110:8001 syn ok ,remoteid = [00001b05:5e7057b3]，time dalay=0(ms),first(sendseq=9910f93:recvseq=32d91a6b),remote timestamp=60779940
[2016-07-29 10:04:58 230 1bfff700] [0x0000dce0:2e0e7351] 在状态(),收到事件(0x00000009:1)
[2016-07-29 10:04:58 230 1bfff700] [0x0000dce0:2e0e7351] 状态迁移()---(0x00000009:1)-->(net_syn)
[2016-07-29 10:04:58 234 1bfff700] [0x0000dce0:2e0e7351] 在状态(net_syn),收到事件(0x00000009:3)
[2016-07-29 10:04:58 234 1bfff700] [0x0000dce0:2e0e7351] 状态迁移(net_syn)---(0x00000009:3)-->(data_slave)
[2016-07-29 10:04:58 234 1bfff700] [0000dce0:2e0e7351] ::ffff:192.168.1.203:45934 syn ok ,remoteid = [0000bf3e:22bc139d]，time dalay=0(ms),first(sendseq=78532f0a:recvseq=4cdc44e9),remote timestamp=0
[2016-07-29 10:05:07 656 1bfff700] [0x0000dce2:2e0e734f] 在状态(data_master),收到事件(0x00000008:4)
[2016-07-29 10:05:07 656 1bfff700] [0x0000dce2:2e0e734f] 状态迁移(data_master)---(0x00000008:4)-->(user_rst)
[2016-07-29 10:05:07 656 1bfff700] [0x0000dce3:2e0e7350] 在状态(data_master),收到事件(0x00000008:4)
[2016-07-29 10:05:07 657 1bfff700] [0x0000dce3:2e0e7350] 状态迁移(data_master)---(0x00000008:4)-->(user_rst)
[2016-07-29 10:05:07 657 1bfff700] [0x0000dce0:2e0e7351] 在状态(data_slave),收到事件(0x00000008:4)
[2016-07-29 10:05:07 658 1bfff700] [0x0000dce0:2e0e7351] 状态迁移(data_slave)---(0x00000008:4)-->(user_rst)
[2016-07-29 10:05:07 658 1bfff700] [0x0000dce2:2e0e734f] 在状态(user_rst),收到事件(0x00000009:5)
[2016-07-29 10:05:07 658 1bfff700] [0x0000dce2:2e0e734f] 状态迁移(user_rst)---(0x00000009:5)-->(exit_wait)
[2016-07-29 10:05:07 658 1bfff700] [0x0000dce3:2e0e7350] 在状态(user_rst),收到事件(0x00000009:5)
[2016-07-29 10:05:07 658 1bfff700] [0x0000dce3:2e0e7350] 状态迁移(user_rst)---(0x00000009:5)-->(exit_wait)
[2016-07-29 10:05:07 659 1bfff700] [0x0000dce0:2e0e7351] 在状态(user_rst),收到事件(0x00000009:5)
[2016-07-29 10:05:07 659 1bfff700] [0x0000dce0:2e0e7351] 状态迁移(user_rst)---(0x00000009:5)-->(exit_wait)
[2016-07-29 10:05:07 659 1bfff700] [0x0000dce2:2e0e734f] 在状态(exit_wait),收到事件(0x00000009:6)
[2016-07-29 10:05:07 659 1bfff700] [0x0000dce2:2e0e734f] 状态迁移(exit_wait)---(0x00000009:6)-->(exit)
[2016-07-29 10:05:07 659 1bfff700] [ dce2:2e0e734f] E15_udcp_item clean
[2016-07-29 10:05:07 659 1bfff700] [0x0000dce3:2e0e7350] 在状态(exit_wait),收到事件(0x00000009:6)
[2016-07-29 10:05:07 659 1bfff700] [0x0000dce3:2e0e7350] 状态迁移(exit_wait)---(0x00000009:6)-->(exit)
[2016-07-29 10:05:07 659 1bfff700] [ dce3:2e0e7350] E15_udcp_item clean
[2016-07-29 10:05:07 660 1bfff700] [0x0000dce0:2e0e7351] 在状态(exit_wait),收到事件(0x00000009:6)
[2016-07-29 10:05:07 660 1bfff700] [0x0000dce0:2e0e7351] 状态迁移(exit_wait)---(0x00000009:6)-->(exit)
[2016-07-29 10:05:07 660 1bfff700] [ dce0:2e0e7351] E15_udcp_item clean
[2016-07-29 10:05:07 660 40b25780] udcp session exit normally
[2016-07-29 10:07:31 388 9ffff700] [0000fbe9:1b2f75f7] 启动同步请求，时间戳=0
[2016-07-29 10:07:31 389 9ffff700] [0x0000fbe9:1b2f75f7] 在状态(),收到事件(0x00000008:1)
[2016-07-29 10:07:31 389 9ffff700] [0x0000fbe9:1b2f75f7] 状态迁移()---(0x00000008:1)-->(user_syn)
[2016-07-29 10:07:31 389 9ffff700] [0x0000fbe9:1b2f75f7] 在状态(user_syn),收到事件(0x00000009:2)
[2016-07-29 10:07:31 390 9ffff700] [0x0000fbe9:1b2f75f7] 状态迁移(user_syn)---(0x00000009:2)-->(data_master)
[2016-07-29 10:07:31 390 9ffff700] [0000fbe9:1b2f75f7] 192.168.1.110:3605 syn ok ,remoteid = [0000f170:191d1bb8]，time dalay=0(ms),first(sendseq=42c30e76:recvseq=548f9ac3),remote timestamp=60934870
[2016-07-29 10:07:31 392 9ffff700] [0000fbe8:1b2f75f8] 启动同步请求，时间戳=0
[2016-07-29 10:07:31 392 9ffff700] [0x0000fbe8:1b2f75f8] 在状态(),收到事件(0x00000008:1)
[2016-07-29 10:07:31 393 9ffff700] [0x0000fbe8:1b2f75f8] 状态迁移()---(0x00000008:1)-->(user_syn)
[2016-07-29 10:07:31 393 9ffff700] [0x0000fbe8:1b2f75f8] 在状态(user_syn),收到事件(0x00000009:2)
[2016-07-29 10:07:31 394 9ffff700] [0x0000fbe8:1b2f75f8] 状态迁移(user_syn)---(0x00000009:2)-->(data_master)
[2016-07-29 10:07:31 394 9ffff700] [0000fbe8:1b2f75f8] ::ffff:192.168.1.110:8001 syn ok ,remoteid = [00001b05:5e7057b6]，time dalay=0(ms),first(sendseq=1caafd16:recvseq=341f94ad),remote timestamp=60934660
[2016-07-29 10:07:32 661 9ffff700] [0x0000fbeb:1b2f75f9] 在状态(),收到事件(0x00000009:1)
[2016-07-29 10:07:32 661 9ffff700] [0x0000fbeb:1b2f75f9] 状态迁移()---(0x00000009:1)-->(net_syn)
[2016-07-29 10:07:32 662 9ffff700] [0x0000fbeb:1b2f75f9] 在状态(net_syn),收到事件(0x00000009:3)
[2016-07-29 10:07:32 662 9ffff700] [0x0000fbeb:1b2f75f9] 状态迁移(net_syn)---(0x00000009:3)-->(data_slave)
[2016-07-29 10:07:32 662 9ffff700] [0000fbeb:1b2f75f9] ::ffff:192.168.1.203:41132 syn ok ,remoteid = [00008fd0:06f13d58]，time dalay=10(ms),first(sendseq=54d7bdf1:recvseq=1c039541),remote timestamp=0
[2016-07-29 10:08:40 405 9ffff700] [0x0000fbe9:1b2f75f7] 在状态(data_master),收到事件(0x00000008:4)
[2016-07-29 10:08:40 405 9ffff700] [0x0000fbe9:1b2f75f7] 状态迁移(data_master)---(0x00000008:4)-->(user_rst)
[2016-07-29 10:08:40 406 9ffff700] [0x0000fbe8:1b2f75f8] 在状态(data_master),收到事件(0x00000008:4)
[2016-07-29 10:08:40 406 9ffff700] [0x0000fbe8:1b2f75f8] 状态迁移(data_master)---(0x00000008:4)-->(user_rst)
[2016-07-29 10:08:40 406 9ffff700] [0x0000fbeb:1b2f75f9] 在状态(data_slave),收到事件(0x00000008:4)
[2016-07-29 10:08:40 407 9ffff700] [0x0000fbeb:1b2f75f9] 状态迁移(data_slave)---(0x00000008:4)-->(user_rst)
[2016-07-29 10:08:40 407 9ffff700] [0x0000fbe9:1b2f75f7] 在状态(user_rst),收到事件(0x00000009:5)
[2016-07-29 10:08:40 407 9ffff700] [0x0000fbe9:1b2f75f7] 状态迁移(user_rst)---(0x00000009:5)-->(exit_wait)
[2016-07-29 10:08:40 407 9ffff700] [0x0000fbe8:1b2f75f8] 在状态(user_rst),收到事件(0x00000009:5)
[2016-07-29 10:08:40 407 9ffff700] [0x0000fbe8:1b2f75f8] 状态迁移(user_rst)---(0x00000009:5)-->(exit_wait)
[2016-07-29 10:08:40 408 9ffff700] [0x0000fbeb:1b2f75f9] 在状态(user_rst),收到事件(0x00000009:5)
[2016-07-29 10:08:40 408 9ffff700] [0x0000fbeb:1b2f75f9] 状态迁移(user_rst)---(0x00000009:5)-->(exit_wait)
[2016-07-29 10:08:40 408 9ffff700] [0x0000fbe9:1b2f75f7] 在状态(exit_wait),收到事件(0x00000009:6)
[2016-07-29 10:08:40 408 9ffff700] [0x0000fbe9:1b2f75f7] 状态迁移(exit_wait)---(0x00000009:6)-->(exit)
[2016-07-29 10:08:40 408 9ffff700] [ fbe9:1b2f75f7] E15_udcp_item clean
[2016-07-29 10:08:40 408 9ffff700] [0x0000fbe8:1b2f75f8] 在状态(exit_wait),收到事件(0x00000009:6)
[2016-07-29 10:08:40 408 9ffff700] [0x0000fbe8:1b2f75f8] 状态迁移(exit_wait)---(0x00000009:6)-->(exit)
[2016-07-29 10:08:40 408 9ffff700] [ fbe8:1b2f75f8] E15_udcp_item clean
[2016-07-29 10:08:40 410 9ffff700] [0x0000fbeb:1b2f75f9] 在状态(exit_wait),收到事件(0x00000009:6)
[2016-07-29 10:08:40 410 9ffff700] [0x0000fbeb:1b2f75f9] 状态迁移(exit_wait)---(0x00000009:6)-->(exit)
[2016-07-29 10:08:40 410 9ffff700] [ fbeb:1b2f75f9] E15_udcp_item clean
[2016-07-29 10:08:40 411 c10da780] udcp session exit normally
[2016-07-29 10:09:26 313 b37fe700] [0000cb97:6cb75fd5] 启动同步请求，时间戳=0
[2016-07-29 10:09:26 313 b37fe700] [0x0000cb97:6cb75fd5] 在状态(),收到事件(0x00000008:1)
[2016-07-29 10:09:26 314 b37fe700] [0x0000cb97:6cb75fd5] 状态迁移()---(0x00000008:1)-->(user_syn)
[2016-07-29 10:09:26 315 b37fe700] [0x0000cb97:6cb75fd5] 在状态(user_syn),收到事件(0x00000009:2)
[2016-07-29 10:09:26 315 b37fe700] [0x0000cb97:6cb75fd5] 状态迁移(user_syn)---(0x00000009:2)-->(data_master)
[2016-07-29 10:09:26 315 b37fe700] [0000cb97:6cb75fd5] 192.168.1.110:3605 syn ok ,remoteid = [0000f170:191d1bb9]，time dalay=0(ms),first(sendseq=12c73cad:recvseq=369dcb45),remote timestamp=61049790
[2016-07-29 10:09:26 316 b37fe700] [0000cb96:6cb75fd6] 启动同步请求，时间戳=0
[2016-07-29 10:09:26 317 b37fe700] [0x0000cb96:6cb75fd6] 在状态(),收到事件(0x00000008:1)
[2016-07-29 10:09:26 317 b37fe700] [0x0000cb96:6cb75fd6] 状态迁移()---(0x00000008:1)-->(user_syn)
[2016-07-29 10:09:26 317 b37fe700] [0x0000cb96:6cb75fd6] 在状态(user_syn),收到事件(0x00000009:2)
[2016-07-29 10:09:26 317 b37fe700] [0x0000cb96:6cb75fd6] 状态迁移(user_syn)---(0x00000009:2)-->(data_master)
[2016-07-29 10:09:26 317 b37fe700] [0000cb96:6cb75fd6] ::ffff:192.168.1.110:8001 syn ok ,remoteid = [00001b07:5e7057b7]，time dalay=0(ms),first(sendseq=f098b44:recvseq=71f00420),remote timestamp=61049580
[2016-07-29 10:09:28 413 b37fe700] [0x0000cb95:6cb75fd7] 在状态(),收到事件(0x00000009:1)
[2016-07-29 10:09:28 414 b37fe700] [0x0000cb95:6cb75fd7] 状态迁移()---(0x00000009:1)-->(net_syn)
[2016-07-29 10:09:28 414 b37fe700] [0x0000cb95:6cb75fd7] 在状态(net_syn),收到事件(0x00000009:3)
[2016-07-29 10:09:28 414 b37fe700] [0x0000cb95:6cb75fd7] 状态迁移(net_syn)---(0x00000009:3)-->(data_slave)
[2016-07-29 10:09:28 414 b37fe700] [0000cb95:6cb75fd7] ::ffff:192.168.1.203:41132 syn ok ,remoteid = [00008fd0:06f13d58]，time dalay=0(ms),first(sendseq=3fa0e4aa:recvseq=1feb5e67),remote timestamp=0
[2016-07-29 10:09:50 936 b37fe700] [0x0000cb95:6cb75fd7] 在状态(data_slave),收到事件(0x00000009:4)
[2016-07-29 10:09:50 936 b37fe700] [0x0000cb95:6cb75fd7] 状态迁移(data_slave)---(0x00000009:4)-->(net_rst)
[2016-07-29 10:09:50 937 b37fe700] [0x0000cb95:6cb75fd7] 在状态(net_rst),收到事件(0x00000009:6)
[2016-07-29 10:09:50 937 b37fe700] [0x0000cb95:6cb75fd7] 状态迁移(net_rst)---(0x00000009:6)-->(reconnect?)
[2016-07-29 10:09:50 937 b37fe700] [0x0000cb95:6cb75fd7] 在状态(reconnect?),收到事件(0x0000000c:0)
[2016-07-29 10:09:50 937 b37fe700] [0x0000cb95:6cb75fd7] 状态迁移(reconnect?)---(0x0000000c:0)-->(exit)
[2016-07-29 10:09:50 937 b37fe700] [ cb95:6cb75fd7] E15_udcp_item clean
[2016-07-29 10:09:57 108 b37fe700] [0x0000cb95:6cb75fd8] 在状态(),收到事件(0x00000009:1)
[2016-07-29 10:09:57 108 b37fe700] [0x0000cb95:6cb75fd8] 状态迁移()---(0x00000009:1)-->(net_syn)
[2016-07-29 10:09:57 109 b37fe700] [0x0000cb95:6cb75fd8] 在状态(net_syn),收到事件(0x00000009:3)
[2016-07-29 10:09:57 109 b37fe700] [0x0000cb95:6cb75fd8] 状态迁移(net_syn)---(0x00000009:3)-->(data_slave)
[2016-07-29 10:09:57 109 b37fe700] [0000cb95:6cb75fd8] ::ffff:192.168.1.203:49715 syn ok ,remoteid = [00002150:146d50e4]，time dalay=0(ms),first(sendseq=2225f520:recvseq=e3b79a5),remote timestamp=0
[2016-07-29 10:10:15 324 b37fe700] [0x0000cb97:6cb75fd5] 在状态(data_master),收到事件(0x00000008:4)
[2016-07-29 10:10:15 324 b37fe700] [0x0000cb97:6cb75fd5] 状态迁移(data_master)---(0x00000008:4)-->(user_rst)
[2016-07-29 10:10:15 324 b37fe700] [0x0000cb96:6cb75fd6] 在状态(data_master),收到事件(0x00000008:4)
[2016-07-29 10:10:15 325 b37fe700] [0x0000cb96:6cb75fd6] 状态迁移(data_master)---(0x00000008:4)-->(user_rst)
[2016-07-29 10:10:15 325 b37fe700] [0x0000cb95:6cb75fd8] 在状态(data_slave),收到事件(0x00000008:4)
[2016-07-29 10:10:15 326 b37fe700] [0x0000cb95:6cb75fd8] 状态迁移(data_slave)---(0x00000008:4)-->(user_rst)
[2016-07-29 10:10:15 326 b37fe700] [0x0000cb97:6cb75fd5] 在状态(user_rst),收到事件(0x00000009:5)
[2016-07-29 10:10:15 326 b37fe700] [0x0000cb97:6cb75fd5] 状态迁移(user_rst)---(0x00000009:5)-->(exit_wait)
[2016-07-29 10:10:15 327 b37fe700] [0x0000cb96:6cb75fd6] 在状态(user_rst),收到事件(0x00000009:5)
[2016-07-29 10:10:15 327 b37fe700] [0x0000cb96:6cb75fd6] 状态迁移(user_rst)---(0x00000009:5)-->(exit_wait)
[2016-07-29 10:10:15 327 b37fe700] [0x0000cb95:6cb75fd8] 在状态(user_rst),收到事件(0x00000009:5)
[2016-07-29 10:10:15 327 b37fe700] [0x0000cb95:6cb75fd8] 状态迁移(user_rst)---(0x00000009:5)-->(exit_wait)
[2016-07-29 10:10:15 327 b37fe700] [0x0000cb97:6cb75fd5] 在状态(exit_wait),收到事件(0x00000009:6)
[2016-07-29 10:10:15 328 b37fe700] [0x0000cb97:6cb75fd5] 状态迁移(exit_wait)---(0x00000009:6)-->(exit)
[2016-07-29 10:10:15 328 b37fe700] [ cb97:6cb75fd5] E15_udcp_item clean
[2016-07-29 10:10:15 328 b37fe700] [0x0000cb96:6cb75fd6] 在状态(exit_wait),收到事件(0x00000009:6)
[2016-07-29 10:10:15 328 b37fe700] [0x0000cb96:6cb75fd6] 状态迁移(exit_wait)---(0x00000009:6)-->(exit)
[2016-07-29 10:10:15 328 b37fe700] [ cb96:6cb75fd6] E15_udcp_item clean
[2016-07-29 10:10:15 328 b37fe700] [0x0000cb95:6cb75fd8] 在状态(exit_wait),收到事件(0x00000009:6)
[2016-07-29 10:10:15 328 b37fe700] [0x0000cb95:6cb75fd8] 状态迁移(exit_wait)---(0x00000009:6)-->(exit)
[2016-07-29 10:10:15 328 b37fe700] [ cb95:6cb75fd8] E15_udcp_item clean
[2016-07-29 10:10:15 329 d4505780] udcp session exit normally
[2016-07-29 10:10:48 407 c3fff700] [00009fb5:72fd3a96] 启动同步请求，时间戳=0
[2016-07-29 10:10:48 407 c3fff700] [0x00009fb5:72fd3a96] 在状态(),收到事件(0x00000008:1)
[2016-07-29 10:10:48 408 c3fff700] [0x00009fb5:72fd3a96] 状态迁移()---(0x00000008:1)-->(user_syn)
[2016-07-29 10:10:48 408 c3fff700] [0x00009fb5:72fd3a96] 在状态(user_syn),收到事件(0x00000009:2)
[2016-07-29 10:10:48 408 c3fff700] [0x00009fb5:72fd3a96] 状态迁移(user_syn)---(0x00000009:2)-->(data_master)
[2016-07-29 10:10:48 408 c3fff700] [00009fb5:72fd3a96] 192.168.1.110:3605 syn ok ,remoteid = [0000f170:191d1bba]，time dalay=0(ms),first(sendseq=35ebef05:recvseq=139f8c36),remote timestamp=61131880
[2016-07-29 10:10:48 411 c3fff700] [00009fb4:72fd3a97] 启动同步请求，时间戳=0
[2016-07-29 10:10:48 411 c3fff700] [0x00009fb4:72fd3a97] 在状态(),收到事件(0x00000008:1)
[2016-07-29 10:10:48 411 c3fff700] [0x00009fb4:72fd3a97] 状态迁移()---(0x00000008:1)-->(user_syn)
[2016-07-29 10:10:48 411 c3fff700] [0x00009fb4:72fd3a97] 在状态(user_syn),收到事件(0x00000009:2)
[2016-07-29 10:10:48 411 c3fff700] [0x00009fb4:72fd3a97] 状态迁移(user_syn)---(0x00000009:2)-->(data_master)
[2016-07-29 10:10:48 412 c3fff700] [00009fb4:72fd3a97] ::ffff:192.168.1.110:8001 syn ok ,remoteid = [00001b02:5e7057b9]，time dalay=0(ms),first(sendseq=41b97a97:recvseq=4e2961ff),remote timestamp=61131670
[2016-07-29 10:10:57 410 c3fff700] [0x00009fb5:72fd3a96] 在状态(data_master),收到事件(0x00000008:4)
[2016-07-29 10:10:57 410 c3fff700] [0x00009fb5:72fd3a96] 状态迁移(data_master)---(0x00000008:4)-->(user_rst)
[2016-07-29 10:10:57 410 c3fff700] [0x00009fb4:72fd3a97] 在状态(data_master),收到事件(0x00000008:4)
[2016-07-29 10:10:57 411 c3fff700] [0x00009fb4:72fd3a97] 状态迁移(data_master)---(0x00000008:4)-->(user_rst)
[2016-07-29 10:10:57 411 c3fff700] [0x00009fb5:72fd3a96] 在状态(user_rst),收到事件(0x00000009:5)
[2016-07-29 10:10:57 411 c3fff700] [0x00009fb5:72fd3a96] 状态迁移(user_rst)---(0x00000009:5)-->(exit_wait)
[2016-07-29 10:10:57 412 c3fff700] [0x00009fb4:72fd3a97] 在状态(user_rst),收到事件(0x00000009:5)
[2016-07-29 10:10:57 412 c3fff700] [0x00009fb4:72fd3a97] 状态迁移(user_rst)---(0x00000009:5)-->(exit_wait)
[2016-07-29 10:10:57 412 c3fff700] [0x00009fb5:72fd3a96] 在状态(exit_wait),收到事件(0x00000009:6)
[2016-07-29 10:10:57 412 c3fff700] [0x00009fb5:72fd3a96] 状态迁移(exit_wait)---(0x00000009:6)-->(exit)
[2016-07-29 10:10:57 412 c3fff700] [ 9fb5:72fd3a96] E15_udcp_item clean
[2016-07-29 10:10:57 412 c3fff700] [0x00009fb4:72fd3a97] 在状态(exit_wait),收到事件(0x00000009:6)
[2016-07-29 10:10:57 412 c3fff700] [0x00009fb4:72fd3a97] 状态迁移(exit_wait)---(0x00000009:6)-->(exit)
[2016-07-29 10:10:57 413 c3fff700] [ 9fb4:72fd3a97] E15_udcp_item clean
[2016-07-29 10:10:57 413 edb83780] udcp session exit normally
[2016-07-29 10:12:58 904 d0fe9700] [000086f3:4e2fc7f3] 启动同步请求，时间戳=0
[2016-07-29 10:12:58 904 d0fe9700] [0x000086f3:4e2fc7f3] 在状态(),收到事件(0x00000008:1)
[2016-07-29 10:12:58 904 d0fe9700] [0x000086f3:4e2fc7f3] 状态迁移()---(0x00000008:1)-->(user_syn)
[2016-07-29 10:12:58 905 d0fe9700] [0x000086f3:4e2fc7f3] 在状态(user_syn),收到事件(0x00000009:2)
[2016-07-29 10:12:58 905 d0fe9700] [0x000086f3:4e2fc7f3] 状态迁移(user_syn)---(0x00000009:2)-->(data_master)
[2016-07-29 10:12:58 905 d0fe9700] [000086f3:4e2fc7f3] 192.168.1.110:3605 syn ok ,remoteid = [0000f170:191d1bbb]，time dalay=0(ms),first(sendseq=3bc778ec:recvseq=3d2c36b9),remote timestamp=61262370
[2016-07-29 10:12:58 908 d0fe9700] [000086f2:4e2fc7f4] 启动同步请求，时间戳=0
[2016-07-29 10:12:58 908 d0fe9700] [0x000086f2:4e2fc7f4] 在状态(),收到事件(0x00000008:1)
[2016-07-29 10:12:58 908 d0fe9700] [0x000086f2:4e2fc7f4] 状态迁移()---(0x00000008:1)-->(user_syn)
[2016-07-29 10:12:58 908 d0fe9700] [0x000086f2:4e2fc7f4] 在状态(user_syn),收到事件(0x00000009:2)
[2016-07-29 10:12:58 908 d0fe9700] [0x000086f2:4e2fc7f4] 状态迁移(user_syn)---(0x00000009:2)-->(data_master)
[2016-07-29 10:12:58 909 d0fe9700] [000086f2:4e2fc7f4] ::ffff:192.168.1.110:8001 syn ok ,remoteid = [00001b07:5e7057ba]，time dalay=0(ms),first(sendseq=4eb46749:recvseq=41debd33),remote timestamp=61262160
[2016-07-29 10:13:10 085 d0fe9700] [0x000086f1:4e2fc7f5] 在状态(),收到事件(0x00000009:1)
[2016-07-29 10:13:10 085 d0fe9700] [0x000086f1:4e2fc7f5] 状态迁移()---(0x00000009:1)-->(net_syn)
[2016-07-29 10:13:10 086 d0fe9700] [0x000086f1:4e2fc7f5] 在状态(net_syn),收到事件(0x00000009:3)
[2016-07-29 10:13:10 087 d0fe9700] [0x000086f1:4e2fc7f5] 状态迁移(net_syn)---(0x00000009:3)-->(data_slave)
[2016-07-29 10:13:10 087 d0fe9700] [000086f1:4e2fc7f5] ::ffff:192.168.1.203:34662 syn ok ,remoteid = [000029c7:38af2d6e]，time dalay=0(ms),first(sendseq=2b4a870b:recvseq=e63beb4),remote timestamp=0
[2016-07-29 10:13:37 915 d0fe9700] [0x000086f3:4e2fc7f3] 在状态(data_master),收到事件(0x00000008:4)
[2016-07-29 10:13:37 915 d0fe9700] [0x000086f3:4e2fc7f3] 状态迁移(data_master)---(0x00000008:4)-->(user_rst)
[2016-07-29 10:13:37 915 d0fe9700] [0x000086f2:4e2fc7f4] 在状态(data_master),收到事件(0x00000008:4)
[2016-07-29 10:13:37 916 d0fe9700] [0x000086f2:4e2fc7f4] 状态迁移(data_master)---(0x00000008:4)-->(user_rst)
[2016-07-29 10:13:37 916 d0fe9700] [0x000086f1:4e2fc7f5] 在状态(data_slave),收到事件(0x00000008:4)
[2016-07-29 10:13:37 916 d0fe9700] [0x000086f1:4e2fc7f5] 状态迁移(data_slave)---(0x00000008:4)-->(user_rst)
[2016-07-29 10:13:37 916 d0fe9700] [0x000086f3:4e2fc7f3] 在状态(user_rst),收到事件(0x00000009:5)
[2016-07-29 10:13:37 916 d0fe9700] [0x000086f3:4e2fc7f3] 状态迁移(user_rst)---(0x00000009:5)-->(exit_wait)
[2016-07-29 10:13:37 916 d0fe9700] [0x000086f2:4e2fc7f4] 在状态(user_rst),收到事件(0x00000009:5)
[2016-07-29 10:13:37 916 d0fe9700] [0x000086f2:4e2fc7f4] 状态迁移(user_rst)---(0x00000009:5)-->(exit_wait)
[2016-07-29 10:13:37 917 d0fe9700] [0x000086f1:4e2fc7f5] 在状态(user_rst),收到事件(0x00000009:5)
[2016-07-29 10:13:37 917 d0fe9700] [0x000086f1:4e2fc7f5] 状态迁移(user_rst)---(0x00000009:5)-->(exit_wait)
[2016-07-29 10:13:37 917 d0fe9700] [0x000086f2:4e2fc7f4] 在状态(exit_wait),收到事件(0x00000009:6)
[2016-07-29 10:13:37 917 d0fe9700] [0x000086f2:4e2fc7f4] 状态迁移(exit_wait)---(0x00000009:6)-->(exit)
[2016-07-29 10:13:37 917 d0fe9700] [ 86f2:4e2fc7f4] E15_udcp_item clean
[2016-07-29 10:13:37 917 d0fe9700] [0x000086f3:4e2fc7f3] 在状态(exit_wait),收到事件(0x00000009:6)
[2016-07-29 10:13:37 917 d0fe9700] [0x000086f3:4e2fc7f3] 状态迁移(exit_wait)---(0x00000009:6)-->(exit)
[2016-07-29 10:13:37 917 d0fe9700] [ 86f3:4e2fc7f3] E15_udcp_item clean
[2016-07-29 10:13:37 918 d0fe9700] [0x000086f1:4e2fc7f5] 在状态(exit_wait),收到事件(0x00000009:6)
[2016-07-29 10:13:37 918 d0fe9700] [0x000086f1:4e2fc7f5] 状态迁移(exit_wait)---(0x00000009:6)-->(exit)
[2016-07-29 10:13:37 918 d0fe9700] [ 86f1:4e2fc7f5] E15_udcp_item clean
[2016-07-29 10:13:37 918 ed13a780] udcp session exit normally
