[2016-07-29 09:52:05 906 1effd700] [000088ec:6a0034a6] 启动同步请求，时间戳=0
[2016-07-29 09:52:05 906 1effd700] [0x000088ec:6a0034a6] 在状态(),收到事件(0x00000008:1)
[2016-07-29 09:52:05 906 1effd700] [0x000088ec:6a0034a6] 状态迁移()---(0x00000008:1)-->(user_syn)
[2016-07-29 09:52:05 907 1effd700] [0x000088ec:6a0034a6] 在状态(user_syn),收到事件(0x00000009:2)
[2016-07-29 09:52:05 907 1effd700] [0x000088ec:6a0034a6] 状态迁移(user_syn)---(0x00000009:2)-->(data_master)
[2016-07-29 09:52:05 907 1effd700] [000088ec:6a0034a6] 192.168.1.110:3605 syn ok ,remoteid = [0000f170:191d1bab]，time dalay=0(ms),first(sendseq=4ce5e814:recvseq=1fe706e0),remote timestamp=60009460
[2016-07-29 09:52:05 909 1effd700] [000088ed:6a0034a7] 启动同步请求，时间戳=0
[2016-07-29 09:52:05 909 1effd700] [0x000088ed:6a0034a7] 在状态(),收到事件(0x00000008:1)
[2016-07-29 09:52:05 909 1effd700] [0x000088ed:6a0034a7] 状态迁移()---(0x00000008:1)-->(user_syn)
[2016-07-29 09:52:05 910 1effd700] [0x000088ed:6a0034a7] 在状态(user_syn),收到事件(0x00000009:2)
[2016-07-29 09:52:05 910 1effd700] [0x000088ed:6a0034a7] 状态迁移(user_syn)---(0x00000009:2)-->(data_master)
[2016-07-29 09:52:05 910 1effd700] [000088ed:6a0034a7] ::ffff:192.168.1.110:8001 syn ok ,remoteid = [00001b02:5e7057a4]，time dalay=0(ms),first(sendseq=6044f11:recvseq=6d539e1e),remote timestamp=60009260
[2016-07-29 09:52:39 914 1effd700] [0x000088ec:6a0034a6] 在状态(data_master),收到事件(0x00000008:4)
[2016-07-29 09:52:39 914 1effd700] [0x000088ec:6a0034a6] 状态迁移(data_master)---(0x00000008:4)-->(user_rst)
[2016-07-29 09:52:39 914 1effd700] [0x000088ed:6a0034a7] 在状态(data_master),收到事件(0x00000008:4)
[2016-07-29 09:52:39 914 1effd700] [0x000088ed:6a0034a7] 状态迁移(data_master)---(0x00000008:4)-->(user_rst)
[2016-07-29 09:52:39 914 1effd700] [0x000088ec:6a0034a6] 在状态(user_rst),收到事件(0x00000009:5)
[2016-07-29 09:52:39 914 1effd700] [0x000088ec:6a0034a6] 状态迁移(user_rst)---(0x00000009:5)-->(exit_wait)
[2016-07-29 09:52:39 915 1effd700] [0x000088ed:6a0034a7] 在状态(user_rst),收到事件(0x00000009:5)
[2016-07-29 09:52:39 915 1effd700] [0x000088ed:6a0034a7] 状态迁移(user_rst)---(0x00000009:5)-->(exit_wait)
[2016-07-29 09:52:39 915 1effd700] [0x000088ec:6a0034a6] 在状态(exit_wait),收到事件(0x00000009:6)
[2016-07-29 09:52:39 915 1effd700] [0x000088ec:6a0034a6] 状态迁移(exit_wait)---(0x00000009:6)-->(exit)
[2016-07-29 09:52:39 915 1effd700] [ 88ec:6a0034a6] E15_udcp_item clean
[2016-07-29 09:52:39 915 1effd700] [0x000088ed:6a0034a7] 在状态(exit_wait),收到事件(0x00000009:6)
[2016-07-29 09:52:39 915 1effd700] [0x000088ed:6a0034a7] 状态迁移(exit_wait)---(0x00000009:6)-->(exit)
[2016-07-29 09:52:39 915 1effd700] [ 88ed:6a0034a7] E15_udcp_item clean
[2016-07-29 09:52:39 916 40633780] udcp session exit normally
[2016-07-29 09:52:41 229 b9ffb700] [00009862:697a25c0] 启动同步请求，时间戳=0
[2016-07-29 09:52:41 229 b9ffb700] [0x00009862:697a25c0] 在状态(),收到事件(0x00000008:1)
[2016-07-29 09:52:41 230 b9ffb700] [0x00009862:697a25c0] 状态迁移()---(0x00000008:1)-->(user_syn)
[2016-07-29 09:52:41 230 b9ffb700] [0x00009862:697a25c0] 在状态(user_syn),收到事件(0x00000009:2)
[2016-07-29 09:52:41 230 b9ffb700] [0x00009862:697a25c0] 状态迁移(user_syn)---(0x00000009:2)-->(data_master)
[2016-07-29 09:52:41 230 b9ffb700] [00009862:697a25c0] 192.168.1.110:3605 syn ok ,remoteid = [0000f170:191d1bac]，time dalay=0(ms),first(sendseq=36ad24f0:recvseq=3e8c593d),remote timestamp=60044780
[2016-07-29 09:52:41 233 b9ffb700] [00009863:697a25c1] 启动同步请求，时间戳=0
[2016-07-29 09:52:41 233 b9ffb700] [0x00009863:697a25c1] 在状态(),收到事件(0x00000008:1)
[2016-07-29 09:52:41 233 b9ffb700] [0x00009863:697a25c1] 状态迁移()---(0x00000008:1)-->(user_syn)
[2016-07-29 09:52:41 234 b9ffb700] [0x00009863:697a25c1] 在状态(user_syn),收到事件(0x00000009:2)
[2016-07-29 09:52:41 234 b9ffb700] [0x00009863:697a25c1] 状态迁移(user_syn)---(0x00000009:2)-->(data_master)
[2016-07-29 09:52:41 234 b9ffb700] [00009863:697a25c1] ::ffff:192.168.1.110:8001 syn ok ,remoteid = [00001b07:5e7057a5]，time dalay=0(ms),first(sendseq=4a5c6cac:recvseq=7d79b4b),remote timestamp=60044590
[2016-07-29 09:52:48 232 b9ffb700] [0x00009862:697a25c0] 在状态(data_master),收到事件(0x00000008:4)
[2016-07-29 09:52:48 232 b9ffb700] [0x00009862:697a25c0] 状态迁移(data_master)---(0x00000008:4)-->(user_rst)
[2016-07-29 09:52:48 232 b9ffb700] [0x00009863:697a25c1] 在状态(data_master),收到事件(0x00000008:4)
[2016-07-29 09:52:48 232 b9ffb700] [0x00009863:697a25c1] 状态迁移(data_master)---(0x00000008:4)-->(user_rst)
[2016-07-29 09:52:48 233 b9ffb700] [0x00009862:697a25c0] 在状态(user_rst),收到事件(0x00000009:5)
[2016-07-29 09:52:48 233 b9ffb700] [0x00009862:697a25c0] 状态迁移(user_rst)---(0x00000009:5)-->(exit_wait)
[2016-07-29 09:52:48 233 b9ffb700] [0x00009863:697a25c1] 在状态(user_rst),收到事件(0x00000009:5)
[2016-07-29 09:52:48 233 b9ffb700] [0x00009863:697a25c1] 状态迁移(user_rst)---(0x00000009:5)-->(exit_wait)
[2016-07-29 09:52:48 233 b9ffb700] [0x00009862:697a25c0] 在状态(exit_wait),收到事件(0x00000009:6)
[2016-07-29 09:52:48 233 b9ffb700] [0x00009862:697a25c0] 状态迁移(exit_wait)---(0x00000009:6)-->(exit)
[2016-07-29 09:52:48 233 b9ffb700] [ 9862:697a25c0] E15_udcp_item clean
[2016-07-29 09:52:48 233 b9ffb700] [0x00009863:697a25c1] 在状态(exit_wait),收到事件(0x00000009:6)
[2016-07-29 09:52:48 234 b9ffb700] [0x00009863:697a25c1] 状态迁移(exit_wait)---(0x00000009:6)-->(exit)
[2016-07-29 09:52:48 234 b9ffb700] [ 9863:697a25c1] E15_udcp_item clean
[2016-07-29 09:52:48 234 d6dfe780] udcp session exit normally
[2016-07-29 09:53:20 500 7bfff700] [00002088:5e6a1992] 启动同步请求，时间戳=0
[2016-07-29 09:53:20 501 7bfff700] [0x00002088:5e6a1992] 在状态(),收到事件(0x00000008:1)
[2016-07-29 09:53:20 501 7bfff700] [0x00002088:5e6a1992] 状态迁移()---(0x00000008:1)-->(user_syn)
[2016-07-29 09:53:20 502 7bfff700] [0x00002088:5e6a1992] 在状态(user_syn),收到事件(0x00000009:2)
[2016-07-29 09:53:20 502 7bfff700] [0x00002088:5e6a1992] 状态迁移(user_syn)---(0x00000009:2)-->(data_master)
[2016-07-29 09:53:20 502 7bfff700] [00002088:5e6a1992] 192.168.1.110:3605 syn ok ,remoteid = [0000f170:191d1bad]，time dalay=0(ms),first(sendseq=5eccab9b:recvseq=35c06b70),remote timestamp=60084060
[2016-07-29 09:53:20 506 7bfff700] [00002089:5e6a1993] 启动同步请求，时间戳=0
[2016-07-29 09:53:20 506 7bfff700] [0x00002089:5e6a1993] 在状态(),收到事件(0x00000008:1)
[2016-07-29 09:53:20 506 7bfff700] [0x00002089:5e6a1993] 状态迁移()---(0x00000008:1)-->(user_syn)
[2016-07-29 09:53:20 507 7bfff700] [0x00002089:5e6a1993] 在状态(user_syn),收到事件(0x00000009:2)
[2016-07-29 09:53:20 507 7bfff700] [0x00002089:5e6a1993] 状态迁移(user_syn)---(0x00000009:2)-->(data_master)
[2016-07-29 09:53:20 507 7bfff700] [00002089:5e6a1993] ::ffff:192.168.1.110:8001 syn ok ,remoteid = [00001b05:5e7057a6]，time dalay=0(ms),first(sendseq=14c083bd:recvseq=41453764),remote timestamp=60083860
[2016-07-29 09:55:44 532 7bfff700] [0x00002088:5e6a1992] 在状态(data_master),收到事件(0x00000008:4)
[2016-07-29 09:55:44 533 7bfff700] [0x00002088:5e6a1992] 状态迁移(data_master)---(0x00000008:4)-->(user_rst)
[2016-07-29 09:55:44 533 7bfff700] [0x00002089:5e6a1993] 在状态(data_master),收到事件(0x00000008:4)
[2016-07-29 09:55:44 533 7bfff700] [0x00002089:5e6a1993] 状态迁移(data_master)---(0x00000008:4)-->(user_rst)
[2016-07-29 09:55:44 533 7bfff700] [0x00002089:5e6a1993] 在状态(user_rst),收到事件(0x00000009:5)
[2016-07-29 09:55:44 533 7bfff700] [0x00002089:5e6a1993] 状态迁移(user_rst)---(0x00000009:5)-->(exit_wait)
[2016-07-29 09:55:44 533 7bfff700] [0x00002088:5e6a1992] 在状态(user_rst),收到事件(0x00000009:5)
[2016-07-29 09:55:44 533 7bfff700] [0x00002088:5e6a1992] 状态迁移(user_rst)---(0x00000009:5)-->(exit_wait)
[2016-07-29 09:55:44 534 7bfff700] [0x00002089:5e6a1993] 在状态(exit_wait),收到事件(0x00000009:6)
[2016-07-29 09:55:44 534 7bfff700] [0x00002089:5e6a1993] 状态迁移(exit_wait)---(0x00000009:6)-->(exit)
[2016-07-29 09:55:44 534 7bfff700] [ 2089:5e6a1993] E15_udcp_item clean
[2016-07-29 09:55:44 534 7bfff700] [0x00002088:5e6a1992] 在状态(exit_wait),收到事件(0x00000009:6)
[2016-07-29 09:55:44 534 7bfff700] [0x00002088:5e6a1992] 状态迁移(exit_wait)---(0x00000009:6)-->(exit)
[2016-07-29 09:55:44 534 7bfff700] [ 2088:5e6a1992] E15_udcp_item clean
[2016-07-29 09:55:44 534 a4fce780] udcp session exit normally
[2016-07-29 09:55:49 931 42ffd700] [00006a9c:20bd150c] 启动同步请求，时间戳=0
[2016-07-29 09:55:49 931 42ffd700] [0x00006a9c:20bd150c] 在状态(),收到事件(0x00000008:1)
[2016-07-29 09:55:49 931 42ffd700] [0x00006a9c:20bd150c] 状态迁移()---(0x00000008:1)-->(user_syn)
[2016-07-29 09:55:49 931 42ffd700] [0x00006a9c:20bd150c] 在状态(user_syn),收到事件(0x00000009:2)
[2016-07-29 09:55:49 932 42ffd700] [0x00006a9c:20bd150c] 状态迁移(user_syn)---(0x00000009:2)-->(data_master)
[2016-07-29 09:55:49 932 42ffd700] [00006a9c:20bd150c] 192.168.1.110:3605 syn ok ,remoteid = [0000f170:191d1bae]，time dalay=0(ms),first(sendseq=2e97adee:recvseq=52608c48),remote timestamp=60233470
[2016-07-29 09:55:49 934 42ffd700] [00006a9d:20bd150d] 启动同步请求，时间戳=0
[2016-07-29 09:55:49 934 42ffd700] [0x00006a9d:20bd150d] 在状态(),收到事件(0x00000008:1)
[2016-07-29 09:55:49 934 42ffd700] [0x00006a9d:20bd150d] 状态迁移()---(0x00000008:1)-->(user_syn)
[2016-07-29 09:55:49 935 42ffd700] [0x00006a9d:20bd150d] 在状态(user_syn),收到事件(0x00000009:2)
[2016-07-29 09:55:49 935 42ffd700] [0x00006a9d:20bd150d] 状态迁移(user_syn)---(0x00000009:2)-->(data_master)
[2016-07-29 09:55:49 935 42ffd700] [00006a9d:20bd150d] ::ffff:192.168.1.110:8001 syn ok ,remoteid = [00001b02:5e7057a7]，time dalay=0(ms),first(sendseq=5d2e4824:recvseq=4ca775e2),remote timestamp=60233260
[2016-07-29 09:57:34 952 42ffd700] [0x00006a9c:20bd150c] 在状态(data_master),收到事件(0x00000008:4)
[2016-07-29 09:57:34 952 42ffd700] [0x00006a9c:20bd150c] 状态迁移(data_master)---(0x00000008:4)-->(user_rst)
[2016-07-29 09:57:34 952 42ffd700] [0x00006a9d:20bd150d] 在状态(data_master),收到事件(0x00000008:4)
[2016-07-29 09:57:34 953 42ffd700] [0x00006a9d:20bd150d] 状态迁移(data_master)---(0x00000008:4)-->(user_rst)
[2016-07-29 09:57:34 953 42ffd700] [0x00006a9c:20bd150c] 在状态(user_rst),收到事件(0x00000009:5)
[2016-07-29 09:57:34 953 42ffd700] [0x00006a9c:20bd150c] 状态迁移(user_rst)---(0x00000009:5)-->(exit_wait)
[2016-07-29 09:57:34 953 42ffd700] [0x00006a9d:20bd150d] 在状态(user_rst),收到事件(0x00000009:5)
[2016-07-29 09:57:34 953 42ffd700] [0x00006a9d:20bd150d] 状态迁移(user_rst)---(0x00000009:5)-->(exit_wait)
[2016-07-29 09:57:34 953 42ffd700] [0x00006a9c:20bd150c] 在状态(exit_wait),收到事件(0x00000009:6)
[2016-07-29 09:57:34 953 42ffd700] [0x00006a9c:20bd150c] 状态迁移(exit_wait)---(0x00000009:6)-->(exit)
[2016-07-29 09:57:34 953 42ffd700] [ 6a9c:20bd150c] E15_udcp_item clean
[2016-07-29 09:57:34 954 42ffd700] [0x00006a9d:20bd150d] 在状态(exit_wait),收到事件(0x00000009:6)
[2016-07-29 09:57:34 954 42ffd700] [0x00006a9d:20bd150d] 状态迁移(exit_wait)---(0x00000009:6)-->(exit)
[2016-07-29 09:57:34 954 42ffd700] [ 6a9d:20bd150d] E15_udcp_item clean
[2016-07-29 09:57:34 954 63573780] udcp session exit normally
[2016-07-29 09:57:38 513 d77fe700] [00004d78:4747b37c] 启动同步请求，时间戳=0
[2016-07-29 09:57:38 514 d77fe700] [0x00004d78:4747b37c] 在状态(),收到事件(0x00000008:1)
[2016-07-29 09:57:38 514 d77fe700] [0x00004d78:4747b37c] 状态迁移()---(0x00000008:1)-->(user_syn)
[2016-07-29 09:57:38 515 d77fe700] [0x00004d78:4747b37c] 在状态(user_syn),收到事件(0x00000009:2)
[2016-07-29 09:57:38 515 d77fe700] [0x00004d78:4747b37c] 状态迁移(user_syn)---(0x00000009:2)-->(data_master)
[2016-07-29 09:57:38 515 d77fe700] [00004d78:4747b37c] 192.168.1.110:3605 syn ok ,remoteid = [0000f170:191d1baf]，time dalay=0(ms),first(sendseq=41dcd92f:recvseq=193624e9),remote timestamp=60342020
[2016-07-29 09:57:38 518 d77fe700] [00004d79:4747b37d] 启动同步请求，时间戳=0
[2016-07-29 09:57:38 518 d77fe700] [0x00004d79:4747b37d] 在状态(),收到事件(0x00000008:1)
[2016-07-29 09:57:38 518 d77fe700] [0x00004d79:4747b37d] 状态迁移()---(0x00000008:1)-->(user_syn)
[2016-07-29 09:57:38 519 d77fe700] [0x00004d79:4747b37d] 在状态(user_syn),收到事件(0x00000009:2)
[2016-07-29 09:57:38 519 d77fe700] [0x00004d79:4747b37d] 状态迁移(user_syn)---(0x00000009:2)-->(data_master)
[2016-07-29 09:57:38 519 d77fe700] [00004d79:4747b37d] ::ffff:192.168.1.110:8001 syn ok ,remoteid = [00001b05:5e7057a9]，time dalay=0(ms),first(sendseq=35d27ef:recvseq=59b72208),remote timestamp=60341850
[2016-07-29 09:58:07 520 d77fe700] [0x00004d78:4747b37c] 在状态(data_master),收到事件(0x00000008:4)
[2016-07-29 09:58:07 521 d77fe700] [0x00004d78:4747b37c] 状态迁移(data_master)---(0x00000008:4)-->(user_rst)
[2016-07-29 09:58:07 521 d77fe700] [0x00004d79:4747b37d] 在状态(data_master),收到事件(0x00000008:4)
[2016-07-29 09:58:07 521 d77fe700] [0x00004d79:4747b37d] 状态迁移(data_master)---(0x00000008:4)-->(user_rst)
[2016-07-29 09:58:07 521 d77fe700] [0x00004d78:4747b37c] 在状态(user_rst),收到事件(0x00000009:5)
[2016-07-29 09:58:07 522 d77fe700] [0x00004d78:4747b37c] 状态迁移(user_rst)---(0x00000009:5)-->(exit_wait)
[2016-07-29 09:58:07 522 d77fe700] [0x00004d79:4747b37d] 在状态(user_rst),收到事件(0x00000009:5)
[2016-07-29 09:58:07 522 d77fe700] [0x00004d79:4747b37d] 状态迁移(user_rst)---(0x00000009:5)-->(exit_wait)
[2016-07-29 09:58:07 522 d77fe700] [0x00004d78:4747b37c] 在状态(exit_wait),收到事件(0x00000009:6)
[2016-07-29 09:58:07 522 d77fe700] [0x00004d78:4747b37c] 状态迁移(exit_wait)---(0x00000009:6)-->(exit)
[2016-07-29 09:58:07 522 d77fe700] [ 4d78:4747b37c] E15_udcp_item clean
[2016-07-29 09:58:07 522 d77fe700] [0x00004d79:4747b37d] 在状态(exit_wait),收到事件(0x00000009:6)
[2016-07-29 09:58:07 523 d77fe700] [0x00004d79:4747b37d] 状态迁移(exit_wait)---(0x00000009:6)-->(exit)
[2016-07-29 09:58:07 523 d77fe700] [ 4d79:4747b37d] E15_udcp_item clean
[2016-07-29 09:58:07 523 f8c93780] udcp session exit normally
[2016-07-29 09:58:09 370 14ff1700] [00006124:03c03a09] 启动同步请求，时间戳=0
[2016-07-29 09:58:09 370 14ff1700] [0x00006124:03c03a09] 在状态(),收到事件(0x00000008:1)
[2016-07-29 09:58:09 370 14ff1700] [0x00006124:03c03a09] 状态迁移()---(0x00000008:1)-->(user_syn)
[2016-07-29 09:58:09 371 14ff1700] [0x00006124:03c03a09] 在状态(user_syn),收到事件(0x00000009:2)
[2016-07-29 09:58:09 371 14ff1700] [0x00006124:03c03a09] 状态迁移(user_syn)---(0x00000009:2)-->(data_master)
[2016-07-29 09:58:09 371 14ff1700] [00006124:03c03a09] 192.168.1.110:3605 syn ok ,remoteid = [0000f170:191d1bb0]，time dalay=0(ms),first(sendseq=44a1b60b:recvseq=5d785bfe),remote timestamp=60372870
[2016-07-29 09:58:09 374 14ff1700] [00006125:03c03a0a] 启动同步请求，时间戳=0
[2016-07-29 09:58:09 374 14ff1700] [0x00006125:03c03a0a] 在状态(),收到事件(0x00000008:1)
[2016-07-29 09:58:09 374 14ff1700] [0x00006125:03c03a0a] 状态迁移()---(0x00000008:1)-->(user_syn)
[2016-07-29 09:58:09 375 14ff1700] [0x00006125:03c03a0a] 在状态(user_syn),收到事件(0x00000009:2)
[2016-07-29 09:58:09 375 14ff1700] [0x00006125:03c03a0a] 状态迁移(user_syn)---(0x00000009:2)-->(data_master)
[2016-07-29 09:58:09 375 14ff1700] [00006125:03c03a0a] ::ffff:192.168.1.110:8001 syn ok ,remoteid = [00001b07:5e7057aa]，time dalay=0(ms),first(sendseq=1493f524:recvseq=fe7eda7),remote timestamp=60372700
[2016-07-29 09:58:44 377 14ff1700] [0x00006124:03c03a09] 在状态(data_master),收到事件(0x00000008:4)
[2016-07-29 09:58:44 377 14ff1700] [0x00006124:03c03a09] 状态迁移(data_master)---(0x00000008:4)-->(user_rst)
[2016-07-29 09:58:44 377 14ff1700] [0x00006125:03c03a0a] 在状态(data_master),收到事件(0x00000008:4)
[2016-07-29 09:58:44 378 14ff1700] [0x00006125:03c03a0a] 状态迁移(data_master)---(0x00000008:4)-->(user_rst)
[2016-07-29 09:58:44 378 14ff1700] [0x00006124:03c03a09] 在状态(user_rst),收到事件(0x00000009:5)
[2016-07-29 09:58:44 378 14ff1700] [0x00006124:03c03a09] 状态迁移(user_rst)---(0x00000009:5)-->(exit_wait)
[2016-07-29 09:58:44 378 14ff1700] [0x00006125:03c03a0a] 在状态(user_rst),收到事件(0x00000009:5)
[2016-07-29 09:58:44 378 14ff1700] [0x00006125:03c03a0a] 状态迁移(user_rst)---(0x00000009:5)-->(exit_wait)
[2016-07-29 09:58:44 379 14ff1700] [0x00006124:03c03a09] 在状态(exit_wait),收到事件(0x00000009:6)
[2016-07-29 09:58:44 379 14ff1700] [0x00006124:03c03a09] 状态迁移(exit_wait)---(0x00000009:6)-->(exit)
[2016-07-29 09:58:44 379 14ff1700] [ 6124:3c03a09] E15_udcp_item clean
[2016-07-29 09:58:44 379 14ff1700] [0x00006125:03c03a0a] 在状态(exit_wait),收到事件(0x00000009:6)
[2016-07-29 09:58:44 379 14ff1700] [0x00006125:03c03a0a] 状态迁移(exit_wait)---(0x00000009:6)-->(exit)
[2016-07-29 09:58:44 379 14ff1700] [ 6125:3c03a0a] E15_udcp_item clean
[2016-07-29 09:58:44 379 3153f780] udcp session exit normally
[2016-07-29 09:58:45 314 deffd700] [00008644:42f55436] 启动同步请求，时间戳=0
[2016-07-29 09:58:45 314 deffd700] [0x00008644:42f55436] 在状态(),收到事件(0x00000008:1)
[2016-07-29 09:58:45 314 deffd700] [0x00008644:42f55436] 状态迁移()---(0x00000008:1)-->(user_syn)
[2016-07-29 09:58:45 315 deffd700] [0x00008644:42f55436] 在状态(user_syn),收到事件(0x00000009:2)
[2016-07-29 09:58:45 315 deffd700] [0x00008644:42f55436] 状态迁移(user_syn)---(0x00000009:2)-->(data_master)
[2016-07-29 09:58:45 315 deffd700] [00008644:42f55436] 192.168.1.110:3605 syn ok ,remoteid = [0000f170:191d1bb1]，time dalay=0(ms),first(sendseq=2e0ddebb:recvseq=11cf46b2),remote timestamp=60408810
[2016-07-29 09:58:45 318 deffd700] [00008645:42f55437] 启动同步请求，时间戳=0
[2016-07-29 09:58:45 318 deffd700] [0x00008645:42f55437] 在状态(),收到事件(0x00000008:1)
[2016-07-29 09:58:45 318 deffd700] [0x00008645:42f55437] 状态迁移()---(0x00000008:1)-->(user_syn)
[2016-07-29 09:58:45 319 deffd700] [0x00008645:42f55437] 在状态(user_syn),收到事件(0x00000009:2)
[2016-07-29 09:58:45 319 deffd700] [0x00008645:42f55437] 状态迁移(user_syn)---(0x00000009:2)-->(data_master)
[2016-07-29 09:58:45 319 deffd700] [00008645:42f55437] ::ffff:192.168.1.110:8001 syn ok ,remoteid = [00001b02:5e7057ab]，time dalay=0(ms),first(sendseq=185e9e0d:recvseq=206808c5),remote timestamp=60408640
[2016-07-29 09:58:52 317 deffd700] [0x00008644:42f55436] 在状态(data_master),收到事件(0x00000008:4)
[2016-07-29 09:58:52 317 deffd700] [0x00008644:42f55436] 状态迁移(data_master)---(0x00000008:4)-->(user_rst)
[2016-07-29 09:58:52 317 deffd700] [0x00008645:42f55437] 在状态(data_master),收到事件(0x00000008:4)
[2016-07-29 09:58:52 318 deffd700] [0x00008645:42f55437] 状态迁移(data_master)---(0x00000008:4)-->(user_rst)
[2016-07-29 09:58:52 318 deffd700] [0x00008644:42f55436] 在状态(user_rst),收到事件(0x00000009:5)
[2016-07-29 09:58:52 318 deffd700] [0x00008644:42f55436] 状态迁移(user_rst)---(0x00000009:5)-->(exit_wait)
[2016-07-29 09:58:52 318 deffd700] [0x00008645:42f55437] 在状态(user_rst),收到事件(0x00000009:5)
[2016-07-29 09:58:52 318 deffd700] [0x00008645:42f55437] 状态迁移(user_rst)---(0x00000009:5)-->(exit_wait)
[2016-07-29 09:58:52 319 deffd700] [0x00008644:42f55436] 在状态(exit_wait),收到事件(0x00000009:6)
[2016-07-29 09:58:52 319 deffd700] [0x00008644:42f55436] 状态迁移(exit_wait)---(0x00000009:6)-->(exit)
[2016-07-29 09:58:52 319 deffd700] [ 8644:42f55436] E15_udcp_item clean
[2016-07-29 09:58:52 319 deffd700] [0x00008645:42f55437] 在状态(exit_wait),收到事件(0x00000009:6)
[2016-07-29 09:58:52 319 deffd700] [0x00008645:42f55437] 状态迁移(exit_wait)---(0x00000009:6)-->(exit)
[2016-07-29 09:58:52 319 deffd700] [ 8645:42f55437] E15_udcp_item clean
[2016-07-29 09:58:52 320 ff5b4780] udcp session exit normally
