[2016-07-29 09:42:03 216 9feb700] [0000564e:35368d0d] 启动同步请求，时间戳=10
[2016-07-29 09:42:03 216 9feb700] [0x0000564e:35368d0d] 在状态(),收到事件(0x00000008:1)
[2016-07-29 09:42:03 216 9feb700] [0x0000564e:35368d0d] 状态迁移()---(0x00000008:1)-->(user_syn)
[2016-07-29 09:42:03 217 9feb700] [0x0000564e:35368d0d] 在状态(user_syn),收到事件(0x00000009:2)
[2016-07-29 09:42:03 217 9feb700] [0x0000564e:35368d0d] 状态迁移(user_syn)---(0x00000009:2)-->(data_master)
[2016-07-29 09:42:03 217 9feb700] [0000564e:35368d0d] 192.168.1.110:3605 syn ok ,remoteid = [0000f170:191d1ba9]，time dalay=0(ms),first(sendseq=10534ffa:recvseq=22350336),remote timestamp=59406820
[2016-07-29 09:42:03 219 9feb700] [0000564f:35368d0e] 启动同步请求，时间戳=10
[2016-07-29 09:42:03 219 9feb700] [0x0000564f:35368d0e] 在状态(),收到事件(0x00000008:1)
[2016-07-29 09:42:03 219 9feb700] [0x0000564f:35368d0e] 状态迁移()---(0x00000008:1)-->(user_syn)
[2016-07-29 09:42:03 220 9feb700] [0x0000564f:35368d0e] 在状态(user_syn),收到事件(0x00000009:2)
[2016-07-29 09:42:03 220 9feb700] [0x0000564f:35368d0e] 状态迁移(user_syn)---(0x00000009:2)-->(data_master)
[2016-07-29 09:42:03 220 9feb700] [0000564f:35368d0e] ::ffff:192.168.1.110:8001 syn ok ,remoteid = [00001b07:5e7057a0]，time dalay=0(ms),first(sendseq=19996e04:recvseq=1742c609),remote timestamp=59406620
[2016-07-29 09:42:13 219 9feb700] [0x0000564e:35368d0d] 在状态(data_master),收到事件(0x00000008:4)
[2016-07-29 09:42:13 219 9feb700] [0x0000564e:35368d0d] 状态迁移(data_master)---(0x00000008:4)-->(user_rst)
[2016-07-29 09:42:13 219 9feb700] [0x0000564f:35368d0e] 在状态(data_master),收到事件(0x00000008:4)
[2016-07-29 09:42:13 220 9feb700] [0x0000564f:35368d0e] 状态迁移(data_master)---(0x00000008:4)-->(user_rst)
[2016-07-29 09:42:13 220 9feb700] [0x0000564e:35368d0d] 在状态(user_rst),收到事件(0x00000009:5)
[2016-07-29 09:42:13 220 9feb700] [0x0000564e:35368d0d] 状态迁移(user_rst)---(0x00000009:5)-->(exit_wait)
[2016-07-29 09:42:13 220 9feb700] [0x0000564f:35368d0e] 在状态(user_rst),收到事件(0x00000009:5)
[2016-07-29 09:42:13 220 9feb700] [0x0000564f:35368d0e] 状态迁移(user_rst)---(0x00000009:5)-->(exit_wait)
[2016-07-29 09:42:13 220 9feb700] [0x0000564e:35368d0d] 在状态(exit_wait),收到事件(0x00000009:6)
[2016-07-29 09:42:13 221 9feb700] [0x0000564e:35368d0d] 状态迁移(exit_wait)---(0x00000009:6)-->(exit)
[2016-07-29 09:42:13 221 9feb700] [ 564e:35368d0d] E15_udcp_item clean
[2016-07-29 09:42:13 221 9feb700] [0x0000564f:35368d0e] 在状态(exit_wait),收到事件(0x00000009:6)
[2016-07-29 09:42:13 221 9feb700] [0x0000564f:35368d0e] 状态迁移(exit_wait)---(0x00000009:6)-->(exit)
[2016-07-29 09:42:13 221 9feb700] [ 564f:35368d0e] E15_udcp_item clean
[2016-07-29 09:42:13 221 25cee780] udcp session exit normally
[2016-07-29 09:42:30 754 237fe700] [0000af37:150a86d0] 启动同步请求，时间戳=0
[2016-07-29 09:42:30 754 237fe700] [0x0000af37:150a86d0] 在状态(),收到事件(0x00000008:1)
[2016-07-29 09:42:30 754 237fe700] [0x0000af37:150a86d0] 状态迁移()---(0x00000008:1)-->(user_syn)
[2016-07-29 09:42:30 755 237fe700] [0x0000af37:150a86d0] 在状态(user_syn),收到事件(0x00000009:2)
[2016-07-29 09:42:30 755 237fe700] [0x0000af37:150a86d0] 状态迁移(user_syn)---(0x00000009:2)-->(data_master)
[2016-07-29 09:42:30 755 237fe700] [0000af37:150a86d0] 192.168.1.110:3605 syn ok ,remoteid = [0000f170:191d1baa]，time dalay=0(ms),first(sendseq=7fed7c6b:recvseq=7de6c584),remote timestamp=59434350
[2016-07-29 09:42:30 757 237fe700] [0000af36:150a86d1] 启动同步请求，时间戳=0
[2016-07-29 09:42:30 757 237fe700] [0x0000af36:150a86d1] 在状态(),收到事件(0x00000008:1)
[2016-07-29 09:42:30 757 237fe700] [0x0000af36:150a86d1] 状态迁移()---(0x00000008:1)-->(user_syn)
[2016-07-29 09:42:30 758 237fe700] [0x0000af36:150a86d1] 在状态(user_syn),收到事件(0x00000009:2)
[2016-07-29 09:42:30 758 237fe700] [0x0000af36:150a86d1] 状态迁移(user_syn)---(0x00000009:2)-->(data_master)
[2016-07-29 09:42:30 758 237fe700] [0000af36:150a86d1] ::ffff:192.168.1.110:8001 syn ok ,remoteid = [00001b05:5e7057a1]，time dalay=0(ms),first(sendseq=4dc669a0:recvseq=44e0f770),remote timestamp=59434140
[2016-07-29 09:52:04 869 237fe700] [0x0000af37:150a86d0] 在状态(data_master),收到事件(0x00000008:4)
[2016-07-29 09:52:04 869 237fe700] [0x0000af37:150a86d0] 状态迁移(data_master)---(0x00000008:4)-->(user_rst)
[2016-07-29 09:52:04 869 237fe700] [0x0000af36:150a86d1] 在状态(data_master),收到事件(0x00000008:4)
[2016-07-29 09:52:04 869 237fe700] [0x0000af36:150a86d1] 状态迁移(data_master)---(0x00000008:4)-->(user_rst)
[2016-07-29 09:52:04 869 237fe700] [0x0000af37:150a86d0] 在状态(user_rst),收到事件(0x00000009:5)
[2016-07-29 09:52:04 870 237fe700] [0x0000af37:150a86d0] 状态迁移(user_rst)---(0x00000009:5)-->(exit_wait)
[2016-07-29 09:52:04 870 237fe700] [0x0000af36:150a86d1] 在状态(user_rst),收到事件(0x00000009:5)
[2016-07-29 09:52:04 870 237fe700] [0x0000af36:150a86d1] 状态迁移(user_rst)---(0x00000009:5)-->(exit_wait)
[2016-07-29 09:52:04 870 237fe700] [0x0000af37:150a86d0] 在状态(exit_wait),收到事件(0x00000009:6)
[2016-07-29 09:52:04 870 237fe700] [0x0000af37:150a86d0] 状态迁移(exit_wait)---(0x00000009:6)-->(exit)
[2016-07-29 09:52:04 870 237fe700] [ af37:150a86d0] E15_udcp_item clean
[2016-07-29 09:52:04 871 237fe700] [0x0000af36:150a86d1] 在状态(exit_wait),收到事件(0x00000009:6)
[2016-07-29 09:52:04 871 237fe700] [0x0000af36:150a86d1] 状态迁移(exit_wait)---(0x00000009:6)-->(exit)
[2016-07-29 09:52:04 871 237fe700] [ af36:150a86d1] E15_udcp_item clean
[2016-07-29 09:52:04 871 44c23780] udcp session exit normally
