[2016-07-29 09:27:18 919 1cff9700] [00006600:067d2fc7] 启动同步请求，时间戳=0
[2016-07-29 09:27:18 919 1cff9700] [0x00006600:067d2fc7] 在状态(),收到事件(0x00000008:1)
[2016-07-29 09:27:18 919 1cff9700] [0x00006600:067d2fc7] 状态迁移()---(0x00000008:1)-->(user_syn)
[2016-07-29 09:27:19 128 1cff9700] [0x00006600:067d2fc7] 在状态(user_syn),收到事件(0x0000000a:1)
[2016-07-29 09:27:19 321 1cff9700] [0x00006600:067d2fc7] 在状态(user_syn),收到事件(0x0000000a:2)
[2016-07-29 09:27:19 524 1cff9700] [0x00006600:067d2fc7] 在状态(user_syn),收到事件(0x0000000a:3)
[2016-07-29 09:27:19 726 1cff9700] [0x00006600:067d2fc7] 在状态(user_syn),收到事件(0x0000000a:4)
[2016-07-29 09:27:19 929 1cff9700] [0x00006600:067d2fc7] 在状态(user_syn),收到事件(0x0000000a:5)
[2016-07-29 09:27:20 132 1cff9700] [0x00006600:067d2fc7] 在状态(user_syn),收到事件(0x0000000a:6)
[2016-07-29 09:27:20 324 1cff9700] [0x00006600:067d2fc7] 在状态(user_syn),收到事件(0x0000000a:7)
[2016-07-29 09:27:20 527 1cff9700] [0x00006600:067d2fc7] 在状态(user_syn),收到事件(0x0000000a:8)
[2016-07-29 09:27:20 729 1cff9700] [0x00006600:067d2fc7] 在状态(user_syn),收到事件(0x0000000a:9)
[2016-07-29 09:27:20 922 1cff9700] [0x00006600:067d2fc7] 在状态(user_syn),收到事件(0x0000000a:10)
[2016-07-29 09:27:21 125 1cff9700] [0x00006600:067d2fc7] 在状态(user_syn),收到事件(0x0000000a:11)
[2016-07-29 09:27:21 328 1cff9700] [0x00006600:067d2fc7] 在状态(user_syn),收到事件(0x0000000a:12)
[2016-07-29 09:27:21 520 1cff9700] [0x00006600:067d2fc7] 在状态(user_syn),收到事件(0x0000000a:13)
[2016-07-29 09:27:21 723 1cff9700] [0x00006600:067d2fc7] 在状态(user_syn),收到事件(0x0000000a:14)
[2016-07-29 09:27:21 926 1cff9700] [0x00006600:067d2fc7] 在状态(user_syn),收到事件(0x0000000a:15)
[2016-07-29 09:27:22 129 1cff9700] [0x00006600:067d2fc7] 在状态(user_syn),收到事件(0x0000000a:16)
[2016-07-29 09:27:22 129 1cff9700] [0x00006600:067d2fc7] 状态迁移(user_syn)---(0x0000000a:16)-->(reconnect?)
[2016-07-29 09:27:23 132 1cff9700] [0x00006600:067d2fc7] 在状态(reconnect?),收到事件(0x0000000b:1)
[2016-07-29 09:27:23 132 1cff9700] [0x00006600:067d2fc7] 状态迁移(reconnect?)---(0x0000000b:1)-->(user_syn)
[2016-07-29 09:27:23 344 1cff9700] [0x00006600:067d2fc7] 在状态(user_syn),收到事件(0x0000000a:1)
[2016-07-29 09:27:23 546 1cff9700] [0x00006600:067d2fc7] 在状态(user_syn),收到事件(0x0000000a:2)
[2016-07-29 09:27:23 749 1cff9700] [0x00006600:067d2fc7] 在状态(user_syn),收到事件(0x0000000a:3)
[2016-07-29 09:27:23 942 1cff9700] [0x00006600:067d2fc7] 在状态(user_syn),收到事件(0x0000000a:4)
[2016-07-29 09:27:24 144 1cff9700] [0x00006600:067d2fc7] 在状态(user_syn),收到事件(0x0000000a:5)
[2016-07-29 09:27:24 346 1cff9700] [0x00006600:067d2fc7] 在状态(user_syn),收到事件(0x0000000a:6)
[2016-07-29 09:27:24 548 1cff9700] [0x00006600:067d2fc7] 在状态(user_syn),收到事件(0x0000000a:7)
[2016-07-29 09:27:24 741 1cff9700] [0x00006600:067d2fc7] 在状态(user_syn),收到事件(0x0000000a:8)
[2016-07-29 09:27:24 943 1cff9700] [0x00006600:067d2fc7] 在状态(user_syn),收到事件(0x0000000a:9)
[2016-07-29 09:27:25 145 1cff9700] [0x00006600:067d2fc7] 在状态(user_syn),收到事件(0x0000000a:10)
[2016-07-29 09:27:25 348 1cff9700] [0x00006600:067d2fc7] 在状态(user_syn),收到事件(0x0000000a:11)
[2016-07-29 09:27:25 550 1cff9700] [0x00006600:067d2fc7] 在状态(user_syn),收到事件(0x0000000a:12)
[2016-07-29 09:27:25 742 1cff9700] [0x00006600:067d2fc7] 在状态(user_syn),收到事件(0x0000000a:13)
[2016-07-29 09:27:25 944 1cff9700] [0x00006600:067d2fc7] 在状态(user_syn),收到事件(0x0000000a:14)
[2016-07-29 09:27:26 146 1cff9700] [0x00006600:067d2fc7] 在状态(user_syn),收到事件(0x0000000a:15)
[2016-07-29 09:27:26 349 1cff9700] [0x00006600:067d2fc7] 在状态(user_syn),收到事件(0x0000000a:16)
[2016-07-29 09:27:26 349 1cff9700] [0x00006600:067d2fc7] 状态迁移(user_syn)---(0x0000000a:16)-->(reconnect?)
[2016-07-29 09:27:27 361 1cff9700] [0x00006600:067d2fc7] 在状态(reconnect?),收到事件(0x0000000b:1)
[2016-07-29 09:27:27 361 1cff9700] [0x00006600:067d2fc7] 状态迁移(reconnect?)---(0x0000000b:1)-->(user_syn)
[2016-07-29 09:27:27 560 1cff9700] [0x00006600:067d2fc7] 在状态(user_syn),收到事件(0x0000000a:1)
[2016-07-29 09:27:27 761 1cff9700] [0x00006600:067d2fc7] 在状态(user_syn),收到事件(0x0000000a:2)
[2016-07-29 09:27:27 963 1cff9700] [0x00006600:067d2fc7] 在状态(user_syn),收到事件(0x0000000a:3)
[2016-07-29 09:27:28 165 1cff9700] [0x00006600:067d2fc7] 在状态(user_syn),收到事件(0x0000000a:4)
[2016-07-29 09:27:28 367 1cff9700] [0x00006600:067d2fc7] 在状态(user_syn),收到事件(0x0000000a:5)
[2016-07-29 09:27:28 569 1cff9700] [0x00006600:067d2fc7] 在状态(user_syn),收到事件(0x0000000a:6)
[2016-07-29 09:27:28 771 1cff9700] [0x00006600:067d2fc7] 在状态(user_syn),收到事件(0x0000000a:7)
[2016-07-29 09:27:28 956 1cff9700] [0x00006600:067d2fc7] 在状态(user_syn),收到事件(0x0000000a:8)
[2016-07-29 09:27:29 158 1cff9700] [0x00006600:067d2fc7] 在状态(user_syn),收到事件(0x0000000a:9)
[2016-07-29 09:27:29 360 1cff9700] [0x00006600:067d2fc7] 在状态(user_syn),收到事件(0x0000000a:10)
[2016-07-29 09:27:29 561 1cff9700] [0x00006600:067d2fc7] 在状态(user_syn),收到事件(0x0000000a:11)
[2016-07-29 09:27:29 763 1cff9700] [0x00006600:067d2fc7] 在状态(user_syn),收到事件(0x0000000a:12)
[2016-07-29 09:27:29 955 1cff9700] [0x00006600:067d2fc7] 在状态(user_syn),收到事件(0x0000000a:13)
[2016-07-29 09:27:30 157 1cff9700] [0x00006600:067d2fc7] 在状态(user_syn),收到事件(0x0000000a:14)
[2016-07-29 09:27:30 359 1cff9700] [0x00006600:067d2fc7] 在状态(user_syn),收到事件(0x0000000a:15)
[2016-07-29 09:27:30 561 1cff9700] [0x00006600:067d2fc7] 在状态(user_syn),收到事件(0x0000000a:16)
[2016-07-29 09:27:30 561 1cff9700] [0x00006600:067d2fc7] 状态迁移(user_syn)---(0x0000000a:16)-->(reconnect?)
[2016-07-29 09:27:31 571 1cff9700] [0x00006600:067d2fc7] 在状态(reconnect?),收到事件(0x0000000b:1)
[2016-07-29 09:27:31 571 1cff9700] [0x00006600:067d2fc7] 状态迁移(reconnect?)---(0x0000000b:1)-->(user_syn)
[2016-07-29 09:27:31 772 1cff9700] [0x00006600:067d2fc7] 在状态(user_syn),收到事件(0x0000000a:1)
[2016-07-29 09:27:31 974 1cff9700] [0x00006600:067d2fc7] 在状态(user_syn),收到事件(0x0000000a:2)
[2016-07-29 09:27:32 176 1cff9700] [0x00006600:067d2fc7] 在状态(user_syn),收到事件(0x0000000a:3)
[2016-07-29 09:27:32 378 1cff9700] [0x00006600:067d2fc7] 在状态(user_syn),收到事件(0x0000000a:4)
[2016-07-29 09:27:32 579 1cff9700] [0x00006600:067d2fc7] 在状态(user_syn),收到事件(0x0000000a:5)
[2016-07-29 09:27:32 781 1cff9700] [0x00006600:067d2fc7] 在状态(user_syn),收到事件(0x0000000a:6)
[2016-07-29 09:27:32 973 1cff9700] [0x00006600:067d2fc7] 在状态(user_syn),收到事件(0x0000000a:7)
[2016-07-29 09:27:33 175 1cff9700] [0x00006600:067d2fc7] 在状态(user_syn),收到事件(0x0000000a:8)
[2016-07-29 09:27:33 377 1cff9700] [0x00006600:067d2fc7] 在状态(user_syn),收到事件(0x0000000a:9)
[2016-07-29 09:27:33 579 1cff9700] [0x00006600:067d2fc7] 在状态(user_syn),收到事件(0x0000000a:10)
[2016-07-29 09:27:33 780 1cff9700] [0x00006600:067d2fc7] 在状态(user_syn),收到事件(0x0000000a:11)
[2016-07-29 09:27:33 972 1cff9700] [0x00006600:067d2fc7] 在状态(user_syn),收到事件(0x0000000a:12)
[2016-07-29 09:27:34 174 1cff9700] [0x00006600:067d2fc7] 在状态(user_syn),收到事件(0x0000000a:13)
[2016-07-29 09:27:34 376 1cff9700] [0x00006600:067d2fc7] 在状态(user_syn),收到事件(0x0000000a:14)
[2016-07-29 09:27:34 577 1cff9700] [0x00006600:067d2fc7] 在状态(user_syn),收到事件(0x0000000a:15)
[2016-07-29 09:27:34 780 1cff9700] [0x00006600:067d2fc7] 在状态(user_syn),收到事件(0x0000000a:16)
[2016-07-29 09:27:34 780 1cff9700] [0x00006600:067d2fc7] 状态迁移(user_syn)---(0x0000000a:16)-->(reconnect?)
[2016-07-29 09:27:35 790 1cff9700] [0x00006600:067d2fc7] 在状态(reconnect?),收到事件(0x0000000b:1)
[2016-07-29 09:27:35 790 1cff9700] [0x00006600:067d2fc7] 状态迁移(reconnect?)---(0x0000000b:1)-->(user_syn)
[2016-07-29 09:27:35 993 1cff9700] [0x00006600:067d2fc7] 在状态(user_syn),收到事件(0x0000000a:1)
[2016-07-29 09:27:36 196 1cff9700] [0x00006600:067d2fc7] 在状态(user_syn),收到事件(0x0000000a:2)
[2016-07-29 09:27:36 398 1cff9700] [0x00006600:067d2fc7] 在状态(user_syn),收到事件(0x0000000a:3)
[2016-07-29 09:27:36 601 1cff9700] [0x00006600:067d2fc7] 在状态(user_syn),收到事件(0x0000000a:4)
[2016-07-29 09:27:36 794 1cff9700] [0x00006600:067d2fc7] 在状态(user_syn),收到事件(0x0000000a:5)
[2016-07-29 09:27:36 997 1cff9700] [0x00006600:067d2fc7] 在状态(user_syn),收到事件(0x0000000a:6)
[2016-07-29 09:27:37 199 1cff9700] [0x00006600:067d2fc7] 在状态(user_syn),收到事件(0x0000000a:7)
[2016-07-29 09:27:37 402 1cff9700] [0x00006600:067d2fc7] 在状态(user_syn),收到事件(0x0000000a:8)
[2016-07-29 09:27:37 595 1cff9700] [0x00006600:067d2fc7] 在状态(user_syn),收到事件(0x0000000a:9)
[2016-07-29 09:27:37 798 1cff9700] [0x00006600:067d2fc7] 在状态(user_syn),收到事件(0x0000000a:10)
[2016-07-29 09:27:37 001 1cff9700] [0x00006600:067d2fc7] 在状态(user_syn),收到事件(0x0000000a:11)
[2016-07-29 09:27:38 193 1cff9700] [0x00006600:067d2fc7] 在状态(user_syn),收到事件(0x0000000a:12)
[2016-07-29 09:27:38 396 1cff9700] [0x00006600:067d2fc7] 在状态(user_syn),收到事件(0x0000000a:13)
[2016-07-29 09:27:38 598 1cff9700] [0x00006600:067d2fc7] 在状态(user_syn),收到事件(0x0000000a:14)
[2016-07-29 09:27:38 800 1cff9700] [0x00006600:067d2fc7] 在状态(user_syn),收到事件(0x0000000a:15)
[2016-07-29 09:27:38 003 1cff9700] [0x00006600:067d2fc7] 在状态(user_syn),收到事件(0x0000000a:16)
[2016-07-29 09:27:38 003 1cff9700] [0x00006600:067d2fc7] 状态迁移(user_syn)---(0x0000000a:16)-->(reconnect?)
[2016-07-29 09:27:40 005 1cff9700] [0x00006600:067d2fc7] 在状态(reconnect?),收到事件(0x0000000b:1)
[2016-07-29 09:27:40 005 1cff9700] [0x00006600:067d2fc7] 状态迁移(reconnect?)---(0x0000000b:1)-->(user_syn)
[2016-07-29 09:27:40 217 1cff9700] [0x00006600:067d2fc7] 在状态(user_syn),收到事件(0x0000000a:1)
[2016-07-29 09:27:40 418 1cff9700] [0x00006600:067d2fc7] 在状态(user_syn),收到事件(0x0000000a:2)
[2016-07-29 09:27:40 620 1cff9700] [0x00006600:067d2fc7] 在状态(user_syn),收到事件(0x0000000a:3)
[2016-07-29 09:27:40 822 1cff9700] [0x00006600:067d2fc7] 在状态(user_syn),收到事件(0x0000000a:4)
[2016-07-29 09:27:41 025 1cff9700] [0x00006600:067d2fc7] 在状态(user_syn),收到事件(0x0000000a:5)
[2016-07-29 09:27:41 217 1cff9700] [0x00006600:067d2fc7] 在状态(user_syn),收到事件(0x0000000a:6)
[2016-07-29 09:27:41 420 1cff9700] [0x00006600:067d2fc7] 在状态(user_syn),收到事件(0x0000000a:7)
[2016-07-29 09:27:41 612 1cff9700] [0x00006600:067d2fc7] 在状态(user_syn),收到事件(0x0000000a:8)
[2016-07-29 09:27:41 814 1cff9700] [0x00006600:067d2fc7] 在状态(user_syn),收到事件(0x0000000a:9)
[2016-07-29 09:27:42 017 1cff9700] [0x00006600:067d2fc7] 在状态(user_syn),收到事件(0x0000000a:10)
[2016-07-29 09:27:42 220 1cff9700] [0x00006600:067d2fc7] 在状态(user_syn),收到事件(0x0000000a:11)
[2016-07-29 09:27:42 422 1cff9700] [0x00006600:067d2fc7] 在状态(user_syn),收到事件(0x0000000a:12)
[2016-07-29 09:27:42 624 1cff9700] [0x00006600:067d2fc7] 在状态(user_syn),收到事件(0x0000000a:13)
[2016-07-29 09:27:42 817 1cff9700] [0x00006600:067d2fc7] 在状态(user_syn),收到事件(0x0000000a:14)
[2016-07-29 09:27:43 020 1cff9700] [0x00006600:067d2fc7] 在状态(user_syn),收到事件(0x0000000a:15)
[2016-07-29 09:27:43 212 1cff9700] [0x00006600:067d2fc7] 在状态(user_syn),收到事件(0x0000000a:16)
[2016-07-29 09:27:43 212 1cff9700] [0x00006600:067d2fc7] 状态迁移(user_syn)---(0x0000000a:16)-->(reconnect?)
[2016-07-29 09:27:44 233 1cff9700] [0x00006600:067d2fc7] 在状态(reconnect?),收到事件(0x0000000b:1)
[2016-07-29 09:27:44 233 1cff9700] [0x00006600:067d2fc7] 状态迁移(reconnect?)---(0x0000000b:1)-->(user_syn)
[2016-07-29 09:27:44 446 1cff9700] [0x00006600:067d2fc7] 在状态(user_syn),收到事件(0x0000000a:1)
[2016-07-29 09:27:44 639 1cff9700] [0x00006600:067d2fc7] 在状态(user_syn),收到事件(0x0000000a:2)
[2016-07-29 09:27:44 830 1cff9700] [0x00006600:067d2fc7] 在状态(user_syn),收到事件(0x0000000a:3)
[2016-07-29 09:27:45 033 1cff9700] [0x00006600:067d2fc7] 在状态(user_syn),收到事件(0x0000000a:4)
[2016-07-29 09:27:45 235 1cff9700] [0x00006600:067d2fc7] 在状态(user_syn),收到事件(0x0000000a:5)
[2016-07-29 09:27:45 437 1cff9700] [0x00006600:067d2fc7] 在状态(user_syn),收到事件(0x0000000a:6)
[2016-07-29 09:27:45 640 1cff9700] [0x00006600:067d2fc7] 在状态(user_syn),收到事件(0x0000000a:7)
[2016-07-29 09:27:45 843 1cff9700] [0x00006600:067d2fc7] 在状态(user_syn),收到事件(0x0000000a:8)
[2016-07-29 09:27:46 045 1cff9700] [0x00006600:067d2fc7] 在状态(user_syn),收到事件(0x0000000a:9)
[2016-07-29 09:27:46 237 1cff9700] [0x00006600:067d2fc7] 在状态(user_syn),收到事件(0x0000000a:10)
[2016-07-29 09:27:46 439 1cff9700] [0x00006600:067d2fc7] 在状态(user_syn),收到事件(0x0000000a:11)
[2016-07-29 09:27:46 642 1cff9700] [0x00006600:067d2fc7] 在状态(user_syn),收到事件(0x0000000a:12)
[2016-07-29 09:27:46 834 1cff9700] [0x00006600:067d2fc7] 在状态(user_syn),收到事件(0x0000000a:13)
[2016-07-29 09:27:47 035 1cff9700] [0x00006600:067d2fc7] 在状态(user_syn),收到事件(0x0000000a:14)
[2016-07-29 09:27:47 237 1cff9700] [0x00006600:067d2fc7] 在状态(user_syn),收到事件(0x0000000a:15)
[2016-07-29 09:27:47 440 1cff9700] [0x00006600:067d2fc7] 在状态(user_syn),收到事件(0x0000000a:16)
[2016-07-29 09:27:47 440 1cff9700] [0x00006600:067d2fc7] 状态迁移(user_syn)---(0x0000000a:16)-->(reconnect?)
[2016-07-29 09:27:48 450 1cff9700] [0x00006600:067d2fc7] 在状态(reconnect?),收到事件(0x0000000b:1)
[2016-07-29 09:27:48 450 1cff9700] [0x00006600:067d2fc7] 状态迁移(reconnect?)---(0x0000000b:1)-->(user_syn)
[2016-07-29 09:27:48 662 1cff9700] [0x00006600:067d2fc7] 在状态(user_syn),收到事件(0x0000000a:1)
[2016-07-29 09:27:48 854 1cff9700] [0x00006600:067d2fc7] 在状态(user_syn),收到事件(0x0000000a:2)
[2016-07-29 09:27:49 056 1cff9700] [0x00006600:067d2fc7] 在状态(user_syn),收到事件(0x0000000a:3)
[2016-07-29 09:27:49 259 1cff9700] [0x00006600:067d2fc7] 在状态(user_syn),收到事件(0x0000000a:4)
[2016-07-29 09:27:49 462 1cff9700] [0x00006600:067d2fc7] 在状态(user_syn),收到事件(0x0000000a:5)
[2016-07-29 09:27:49 654 1cff9700] [0x00006600:067d2fc7] 在状态(user_syn),收到事件(0x0000000a:6)
[2016-07-29 09:27:49 859 1cff9700] [0x00006600:067d2fc7] 在状态(user_syn),收到事件(0x0000000a:7)
[2016-07-29 09:27:50 061 1cff9700] [0x00006600:067d2fc7] 在状态(user_syn),收到事件(0x0000000a:8)
[2016-07-29 09:27:50 263 1cff9700] [0x00006600:067d2fc7] 在状态(user_syn),收到事件(0x0000000a:9)
[2016-07-29 09:27:50 465 1cff9700] [0x00006600:067d2fc7] 在状态(user_syn),收到事件(0x0000000a:10)
[2016-07-29 09:27:50 667 1cff9700] [0x00006600:067d2fc7] 在状态(user_syn),收到事件(0x0000000a:11)
[2016-07-29 09:27:50 870 1cff9700] [0x00006600:067d2fc7] 在状态(user_syn),收到事件(0x0000000a:12)
[2016-07-29 09:27:51 063 1cff9700] [0x00006600:067d2fc7] 在状态(user_syn),收到事件(0x0000000a:13)
[2016-07-29 09:27:51 265 1cff9700] [0x00006600:067d2fc7] 在状态(user_syn),收到事件(0x0000000a:14)
[2016-07-29 09:27:51 457 1cff9700] [0x00006600:067d2fc7] 在状态(user_syn),收到事件(0x0000000a:15)
[2016-07-29 09:27:51 659 1cff9700] [0x00006600:067d2fc7] 在状态(user_syn),收到事件(0x0000000a:16)
[2016-07-29 09:27:51 659 1cff9700] [0x00006600:067d2fc7] 状态迁移(user_syn)---(0x0000000a:16)-->(reconnect?)
[2016-07-29 09:27:52 680 1cff9700] [0x00006600:067d2fc7] 在状态(reconnect?),收到事件(0x0000000b:1)
[2016-07-29 09:27:52 680 1cff9700] [0x00006600:067d2fc7] 状态迁移(reconnect?)---(0x0000000b:1)-->(user_syn)
[2016-07-29 09:27:52 882 1cff9700] [0x00006600:067d2fc7] 在状态(user_syn),收到事件(0x0000000a:1)
[2016-07-29 09:27:53 088 1cff9700] [0x00006600:067d2fc7] 在状态(user_syn),收到事件(0x0000000a:2)
[2016-07-29 09:27:53 280 1cff9700] [0x00006600:067d2fc7] 在状态(user_syn),收到事件(0x0000000a:3)
[2016-07-29 09:27:53 482 1cff9700] [0x00006600:067d2fc7] 在状态(user_syn),收到事件(0x0000000a:4)
[2016-07-29 09:27:53 684 1cff9700] [0x00006600:067d2fc7] 在状态(user_syn),收到事件(0x0000000a:5)
[2016-07-29 09:27:53 887 1cff9700] [0x00006600:067d2fc7] 在状态(user_syn),收到事件(0x0000000a:6)
[2016-07-29 09:27:54 090 1cff9700] [0x00006600:067d2fc7] 在状态(user_syn),收到事件(0x0000000a:7)
[2016-07-29 09:27:54 282 1cff9700] [0x00006600:067d2fc7] 在状态(user_syn),收到事件(0x0000000a:8)
[2016-07-29 09:27:54 485 1cff9700] [0x00006600:067d2fc7] 在状态(user_syn),收到事件(0x0000000a:9)
[2016-07-29 09:27:54 678 1cff9700] [0x00006600:067d2fc7] 在状态(user_syn),收到事件(0x0000000a:10)
[2016-07-29 09:27:54 881 1cff9700] [0x00006600:067d2fc7] 在状态(user_syn),收到事件(0x0000000a:11)
[2016-07-29 09:27:55 084 1cff9700] [0x00006600:067d2fc7] 在状态(user_syn),收到事件(0x0000000a:12)
[2016-07-29 09:27:55 286 1cff9700] [0x00006600:067d2fc7] 在状态(user_syn),收到事件(0x0000000a:13)
[2016-07-29 09:27:55 489 1cff9700] [0x00006600:067d2fc7] 在状态(user_syn),收到事件(0x0000000a:14)
[2016-07-29 09:27:55 682 1cff9700] [0x00006600:067d2fc7] 在状态(user_syn),收到事件(0x0000000a:15)
[2016-07-29 09:27:55 885 1cff9700] [0x00006600:067d2fc7] 在状态(user_syn),收到事件(0x0000000a:16)
[2016-07-29 09:27:55 885 1cff9700] [0x00006600:067d2fc7] 状态迁移(user_syn)---(0x0000000a:16)-->(reconnect?)
[2016-07-29 09:27:55 974 1cff9700] [0x00006600:067d2fc7] 在状态(reconnect?),收到事件(0x00000008:4)
[2016-07-29 09:27:55 974 1cff9700] [0x00006600:067d2fc7] 状态迁移(reconnect?)---(0x00000008:4)-->(user_rst)
[2016-07-29 09:28:00 974 3a3df780] udcp has 1 session to be force exit.
[2016-07-29 09:28:40 224 f5feb700] [0000c885:0cf041d8] 启动同步请求，时间戳=0
[2016-07-29 09:28:40 224 f5feb700] [0x0000c885:0cf041d8] 在状态(),收到事件(0x00000008:1)
[2016-07-29 09:28:40 225 f5feb700] [0x0000c885:0cf041d8] 状态迁移()---(0x00000008:1)-->(user_syn)
[2016-07-29 09:28:40 226 f5feb700] [0x0000c885:0cf041d8] 在状态(user_syn),收到事件(0x00000009:2)
[2016-07-29 09:28:40 226 f5feb700] [0x0000c885:0cf041d8] 状态迁移(user_syn)---(0x00000009:2)-->(data_master)
[2016-07-29 09:28:40 226 f5feb700] [0000c885:0cf041d8] 192.168.1.110:3605 syn ok ,remoteid = [0000f170:191d1ba8]，time dalay=0(ms),first(sendseq=e9124ec:recvseq=5fba9eb7),remote timestamp=58603880
[2016-07-29 09:28:40 229 f5feb700] [0000c884:0cf041d9] 启动同步请求，时间戳=0
[2016-07-29 09:28:40 229 f5feb700] [0x0000c884:0cf041d9] 在状态(),收到事件(0x00000008:1)
[2016-07-29 09:28:40 229 f5feb700] [0x0000c884:0cf041d9] 状态迁移()---(0x00000008:1)-->(user_syn)
[2016-07-29 09:28:40 230 f5feb700] [0x0000c884:0cf041d9] 在状态(user_syn),收到事件(0x00000009:2)
[2016-07-29 09:28:40 230 f5feb700] [0x0000c884:0cf041d9] 状态迁移(user_syn)---(0x00000009:2)-->(data_master)
[2016-07-29 09:28:40 230 f5feb700] [0000c884:0cf041d9] ::ffff:192.168.1.110:8001 syn ok ,remoteid = [00001b02:5e705798]，time dalay=0(ms),first(sendseq=2d196b4a:recvseq=5a320c6c),remote timestamp=58603720
[2016-07-29 09:28:52 227 f5feb700] [0x0000c885:0cf041d8] 在状态(data_master),收到事件(0x00000008:4)
[2016-07-29 09:28:52 227 f5feb700] [0x0000c885:0cf041d8] 状态迁移(data_master)---(0x00000008:4)-->(user_rst)
[2016-07-29 09:28:52 228 f5feb700] [0x0000c884:0cf041d9] 在状态(data_master),收到事件(0x00000008:4)
[2016-07-29 09:28:52 228 f5feb700] [0x0000c884:0cf041d9] 状态迁移(data_master)---(0x00000008:4)-->(user_rst)
[2016-07-29 09:28:52 228 f5feb700] [0x0000c885:0cf041d8] 在状态(user_rst),收到事件(0x00000009:5)
[2016-07-29 09:28:52 229 f5feb700] [0x0000c885:0cf041d8] 状态迁移(user_rst)---(0x00000009:5)-->(exit_wait)
[2016-07-29 09:28:52 229 f5feb700] [0x0000c884:0cf041d9] 在状态(user_rst),收到事件(0x00000009:5)
[2016-07-29 09:28:52 229 f5feb700] [0x0000c884:0cf041d9] 状态迁移(user_rst)---(0x00000009:5)-->(exit_wait)
[2016-07-29 09:28:52 229 f5feb700] [0x0000c885:0cf041d8] 在状态(exit_wait),收到事件(0x00000009:6)
[2016-07-29 09:28:52 229 f5feb700] [0x0000c885:0cf041d8] 状态迁移(exit_wait)---(0x00000009:6)-->(exit)
[2016-07-29 09:28:52 229 f5feb700] [ c885:cf041d8] E15_udcp_item clean
[2016-07-29 09:28:52 230 f5feb700] [0x0000c884:0cf041d9] 在状态(exit_wait),收到事件(0x00000009:6)
[2016-07-29 09:28:52 230 f5feb700] [0x0000c884:0cf041d9] 状态迁移(exit_wait)---(0x00000009:6)-->(exit)
[2016-07-29 09:28:52 230 f5feb700] [ c884:cf041d9] E15_udcp_item clean
[2016-07-29 09:28:52 230 121b2780] udcp session exit normally
