[2016-07-21 11:26:57 762 c8ff9700] [000054f3:02e961e6] 启动同步请求，时间戳=0
[2016-07-21 11:26:57 762 c8ff9700] [0x000054f3:02e961e6] 在状态(),收到事件(0x00000008:1)
[2016-07-21 11:26:57 762 c8ff9700] [0x000054f3:02e961e6] 状态迁移()---(0x00000008:1)-->(user_syn)
[2016-07-21 11:26:57 762 c8ff9700] [0x000054f3:02e961e6] 在状态(user_syn),收到事件(0x00000009:2)
[2016-07-21 11:26:57 763 c8ff9700] [0x000054f3:02e961e6] 状态迁移(user_syn)---(0x00000009:2)-->(data_master)
[2016-07-21 11:26:57 763 c8ff9700] [000054f3:02e961e6] 127.0.0.1:3606 syn ok ,remoteid = [0000baec:52b9e050]，time dalay=0(ms),first(sendseq=31ec99cb:recvseq=5b558c15),remote timestamp=23230
[2016-07-21 11:26:57 764 c8ff9700] [000054f2:02e961e7] 启动同步请求，时间戳=0
[2016-07-21 11:26:57 764 c8ff9700] [0x000054f2:02e961e7] 在状态(),收到事件(0x00000008:1)
[2016-07-21 11:26:57 764 c8ff9700] [0x000054f2:02e961e7] 状态迁移()---(0x00000008:1)-->(user_syn)
[2016-07-21 11:26:57 764 c8ff9700] [0x000054f2:02e961e7] 在状态(user_syn),收到事件(0x00000009:2)
[2016-07-21 11:26:57 764 c8ff9700] [0x000054f2:02e961e7] 状态迁移(user_syn)---(0x00000009:2)-->(data_master)
[2016-07-21 11:26:57 764 c8ff9700] [000054f2:02e961e7] ::ffff:127.0.0.1:43783 syn ok ,remoteid = [0000177a:60491841]，time dalay=0(ms),first(sendseq=67bd93d0:recvseq=3ca9dbc8),remote timestamp=16610
[2016-07-21 11:27:13 283 c8ff9700] [0x000054f1:02e961e8] 在状态(),收到事件(0x00000009:1)
[2016-07-21 11:27:13 283 c8ff9700] [0x000054f1:02e961e8] 状态迁移()---(0x00000009:1)-->(net_syn)
[2016-07-21 11:27:13 283 c8ff9700] [0x000054f1:02e961e8] 在状态(net_syn),收到事件(0x00000009:3)
[2016-07-21 11:27:13 283 c8ff9700] [0x000054f1:02e961e8] 状态迁移(net_syn)---(0x00000009:3)-->(data_slave)
[2016-07-21 11:27:13 283 c8ff9700] [000054f1:02e961e8] ::ffff:127.0.0.1:10524 syn ok ,remoteid = [00003cfe:03e03add]，time dalay=0(ms),first(sendseq=35959f29:recvseq=c66fb3a),remote timestamp=20
[2016-07-21 11:27:33 674 c8ff9700] [0x000054f0:02e961e9] 在状态(),收到事件(0x00000009:1)
[2016-07-21 11:27:33 674 c8ff9700] [0x000054f0:02e961e9] 状态迁移()---(0x00000009:1)-->(net_syn)
[2016-07-21 11:27:33 675 c8ff9700] [0x000054f0:02e961e9] 在状态(net_syn),收到事件(0x00000009:1)
[2016-07-21 11:27:33 675 c8ff9700] [0x000054f0:02e961e9] 在状态(net_syn),收到事件(0x00000009:1)
[2016-07-21 11:27:33 676 c8ff9700] [0x000054f0:02e961e9] 在状态(net_syn),收到事件(0x00000009:1)
[2016-07-21 11:27:33 676 c8ff9700] [0x000054f0:02e961e9] 在状态(net_syn),收到事件(0x00000009:1)
[2016-07-21 11:27:33 677 c8ff9700] [0x000054f0:02e961e9] 在状态(net_syn),收到事件(0x00000009:1)
[2016-07-21 11:27:33 678 c8ff9700] [0x000054f0:02e961e9] 在状态(net_syn),收到事件(0x00000009:1)
[2016-07-21 11:27:33 678 c8ff9700] [0x000054f0:02e961e9] 在状态(net_syn),收到事件(0x00000009:1)
[2016-07-21 11:27:33 679 c8ff9700] [0x000054f0:02e961e9] 在状态(net_syn),收到事件(0x00000009:1)
[2016-07-21 11:27:33 679 c8ff9700] [0x000054f0:02e961e9] 在状态(net_syn),收到事件(0x00000009:1)
[2016-07-21 11:27:33 680 c8ff9700] [0x000054f0:02e961e9] 在状态(net_syn),收到事件(0x00000009:1)
[2016-07-21 11:27:33 681 c8ff9700] [0x000054f0:02e961e9] 在状态(net_syn),收到事件(0x00000009:1)
[2016-07-21 11:27:33 681 c8ff9700] [0x000054f0:02e961e9] 在状态(net_syn),收到事件(0x00000009:1)
[2016-07-21 11:27:33 682 c8ff9700] [0x000054f0:02e961e9] 在状态(net_syn),收到事件(0x00000009:1)
[2016-07-21 11:27:33 683 c8ff9700] [0x000054f0:02e961e9] 在状态(net_syn),收到事件(0x00000009:1)
[2016-07-21 11:27:33 683 c8ff9700] [0x000054f0:02e961e9] 在状态(net_syn),收到事件(0x00000009:1)
[2016-07-21 11:27:33 689 c8ff9700] [0x000054f7:02e961ea] 在状态(),收到事件(0x00000009:1)
[2016-07-21 11:27:33 689 c8ff9700] [0x000054f7:02e961ea] 状态迁移()---(0x00000009:1)-->(net_syn)
[2016-07-21 11:27:33 690 c8ff9700] [0x000054f7:02e961ea] 在状态(net_syn),收到事件(0x00000009:1)
[2016-07-21 11:27:33 690 c8ff9700] [0x000054f2:02e961e7] 在状态(data_master),收到事件(0x0000000e:1)
[2016-07-21 11:27:33 690 c8ff9700] [0x000054f2:02e961e7] 状态迁移(data_master)---(0x0000000e:1)-->(reconnect?)
[2016-07-21 11:27:33 691 c8ff9700] [0x000054f7:02e961ea] 在状态(net_syn),收到事件(0x00000009:1)
[2016-07-21 11:27:33 691 c8ff9700] [0x000054f7:02e961ea] 在状态(net_syn),收到事件(0x00000009:1)
[2016-07-21 11:27:33 692 c8ff9700] [0x000054f7:02e961ea] 在状态(net_syn),收到事件(0x00000009:1)
[2016-07-21 11:27:33 692 c8ff9700] [0x000054f7:02e961ea] 在状态(net_syn),收到事件(0x00000009:1)
[2016-07-21 11:27:33 693 c8ff9700] [0x000054f7:02e961ea] 在状态(net_syn),收到事件(0x00000009:1)
[2016-07-21 11:27:33 693 c8ff9700] [0x000054f7:02e961ea] 在状态(net_syn),收到事件(0x00000009:1)
[2016-07-21 11:27:33 694 c8ff9700] [0x000054f7:02e961ea] 在状态(net_syn),收到事件(0x00000009:1)
[2016-07-21 11:27:33 694 c8ff9700] [0x000054f1:02e961e8] 在状态(data_slave),收到事件(0x0000000e:1)
[2016-07-21 11:27:33 694 c8ff9700] [0x000054f1:02e961e8] 状态迁移(data_slave)---(0x0000000e:1)-->(exit)
[2016-07-21 11:27:33 694 c8ff9700] [ 54f1:2e961e8] E15_udcp_item clean
[2016-07-21 11:27:33 695 c8ff9700] [0x000054f7:02e961ea] 在状态(net_syn),收到事件(0x00000009:1)
[2016-07-21 11:27:33 695 c8ff9700] [0x000054f7:02e961ea] 在状态(net_syn),收到事件(0x00000009:1)
[2016-07-21 11:27:33 695 c8ff9700] [0x000054f7:02e961ea] 在状态(net_syn),收到事件(0x00000009:1)
[2016-07-21 11:27:33 695 c8ff9700] [000054f2:02e961e7] 激活定时检测触发,状态不符
[2016-07-21 11:27:33 695 c8ff9700] [0x000054f7:02e961ea] 在状态(net_syn),收到事件(0x00000009:1)
[2016-07-21 11:27:33 695 c8ff9700] [0x000054f7:02e961ea] 在状态(net_syn),收到事件(0x00000009:1)
[2016-07-21 11:27:33 696 c8ff9700] [0x000054f7:02e961ea] 在状态(net_syn),收到事件(0x00000009:1)
[2016-07-21 11:27:33 696 c8ff9700] [0x000054f7:02e961ea] 在状态(net_syn),收到事件(0x00000009:1)
[2016-07-21 11:27:33 878 c8ff9700] [0x000054f0:02e961e9] 在状态(net_syn),收到事件(0x0000000a:1)
[2016-07-21 11:27:33 888 c8ff9700] [0x000054f7:02e961ea] 在状态(net_syn),收到事件(0x0000000a:1)
[2016-07-21 11:27:34 070 c8ff9700] [0x000054f0:02e961e9] 在状态(net_syn),收到事件(0x0000000a:2)
[2016-07-21 11:27:34 091 c8ff9700] [0x000054f7:02e961ea] 在状态(net_syn),收到事件(0x0000000a:2)
[2016-07-21 11:27:34 263 c8ff9700] [0x000054f0:02e961e9] 在状态(net_syn),收到事件(0x0000000a:3)
[2016-07-21 11:27:34 283 c8ff9700] [0x000054f7:02e961ea] 在状态(net_syn),收到事件(0x0000000a:3)
[2016-07-21 11:27:34 466 c8ff9700] [0x000054f0:02e961e9] 在状态(net_syn),收到事件(0x0000000a:4)
[2016-07-21 11:27:34 486 c8ff9700] [0x000054f7:02e961ea] 在状态(net_syn),收到事件(0x0000000a:4)
[2016-07-21 11:27:34 669 c8ff9700] [0x000054f0:02e961e9] 在状态(net_syn),收到事件(0x0000000a:5)
[2016-07-21 11:27:34 689 c8ff9700] [0x000054f2:02e961e7] 在状态(reconnect?),收到事件(0x0000000b:1)
[2016-07-21 11:27:34 689 c8ff9700] [0x000054f2:02e961e7] 状态迁移(reconnect?)---(0x0000000b:1)-->(user_syn)
[2016-07-21 11:27:34 689 c8ff9700] [0x000054f7:02e961ea] 在状态(net_syn),收到事件(0x0000000a:5)
[2016-07-21 11:27:34 690 c8ff9700] [0x000054f2:02e961e7] 在状态(user_syn),收到事件(0x00000009:2)
[2016-07-21 11:27:34 690 c8ff9700] [0x000054f2:02e961e7] 状态迁移(user_syn)---(0x00000009:2)-->(data_master)
[2016-07-21 11:27:34 690 c8ff9700] [000054f2:02e961e7] ::ffff:127.0.0.1:43783 syn ok ,remoteid = [0000177a:60491843]，time dalay=0(ms),first(sendseq=34bdb2b1:recvseq=4165865d),remote timestamp=53530
[2016-07-21 11:27:34 871 c8ff9700] [0x000054f0:02e961e9] 在状态(net_syn),收到事件(0x0000000a:6)
[2016-07-21 11:27:34 891 c8ff9700] [0x000054f7:02e961ea] 在状态(net_syn),收到事件(0x0000000a:6)
[2016-07-21 11:27:35 073 c8ff9700] [0x000054f0:02e961e9] 在状态(net_syn),收到事件(0x0000000a:7)
[2016-07-21 11:27:35 094 c8ff9700] [0x000054f7:02e961ea] 在状态(net_syn),收到事件(0x0000000a:7)
[2016-07-21 11:27:35 266 c8ff9700] [0x000054f0:02e961e9] 在状态(net_syn),收到事件(0x0000000a:8)
[2016-07-21 11:27:35 286 c8ff9700] [0x000054f7:02e961ea] 在状态(net_syn),收到事件(0x0000000a:8)
[2016-07-21 11:27:35 468 c8ff9700] [0x000054f0:02e961e9] 在状态(net_syn),收到事件(0x0000000a:9)
[2016-07-21 11:27:35 488 c8ff9700] [0x000054f7:02e961ea] 在状态(net_syn),收到事件(0x0000000a:9)
[2016-07-21 11:27:35 670 c8ff9700] [0x000054f0:02e961e9] 在状态(net_syn),收到事件(0x0000000a:10)
[2016-07-21 11:27:35 690 c8ff9700] [0x000054f7:02e961ea] 在状态(net_syn),收到事件(0x0000000a:10)
[2016-07-21 11:27:35 862 c8ff9700] [0x000054f0:02e961e9] 在状态(net_syn),收到事件(0x0000000a:11)
[2016-07-21 11:27:35 882 c8ff9700] [0x000054f7:02e961ea] 在状态(net_syn),收到事件(0x0000000a:11)
[2016-07-21 11:27:36 064 c8ff9700] [0x000054f0:02e961e9] 在状态(net_syn),收到事件(0x0000000a:12)
[2016-07-21 11:27:36 085 c8ff9700] [0x000054f7:02e961ea] 在状态(net_syn),收到事件(0x0000000a:12)
[2016-07-21 11:27:36 267 c8ff9700] [0x000054f0:02e961e9] 在状态(net_syn),收到事件(0x0000000a:13)
[2016-07-21 11:27:36 287 c8ff9700] [0x000054f7:02e961ea] 在状态(net_syn),收到事件(0x0000000a:13)
[2016-07-21 11:27:36 470 c8ff9700] [0x000054f0:02e961e9] 在状态(net_syn),收到事件(0x0000000a:14)
[2016-07-21 11:27:36 490 c8ff9700] [0x000054f7:02e961ea] 在状态(net_syn),收到事件(0x0000000a:14)
[2016-07-21 11:27:36 673 c8ff9700] [0x000054f0:02e961e9] 在状态(net_syn),收到事件(0x0000000a:15)
[2016-07-21 11:27:36 673 c8ff9700] [0x000054f0:02e961e9] 状态迁移(net_syn)---(0x0000000a:15)-->(exit)
[2016-07-21 11:27:36 673 c8ff9700] [ 54f0:2e961e9] E15_udcp_item clean
[2016-07-21 11:27:36 693 c8ff9700] [0x000054f7:02e961ea] 在状态(net_syn),收到事件(0x0000000a:15)
[2016-07-21 11:27:36 693 c8ff9700] [0x000054f7:02e961ea] 状态迁移(net_syn)---(0x0000000a:15)-->(exit)
[2016-07-21 11:27:36 693 c8ff9700] [ 54f7:2e961ea] E15_udcp_item clean
[2016-07-21 11:27:45 771 c8ff9700] [0x000054f3:02e961e6] 在状态(data_master),收到事件(0x0000000e:1)
[2016-07-21 11:27:45 772 c8ff9700] [0x000054f3:02e961e6] 状态迁移(data_master)---(0x0000000e:1)-->(reconnect?)
[2016-07-21 11:27:47 782 c8ff9700] [0x000054f3:02e961e6] 在状态(reconnect?),收到事件(0x0000000b:1)
[2016-07-21 11:27:47 782 c8ff9700] [0x000054f3:02e961e6] 状态迁移(reconnect?)---(0x0000000b:1)-->(user_syn)
[2016-07-21 11:27:47 782 c8ff9700] [0x000054f3:02e961e6] 在状态(user_syn),收到事件(0x00000009:2)
[2016-07-21 11:27:47 782 c8ff9700] [0x000054f3:02e961e6] 状态迁移(user_syn)---(0x00000009:2)-->(data_master)
[2016-07-21 11:27:47 783 c8ff9700] [000054f3:02e961e6] ::ffff:127.0.0.1:3606 syn ok ,remoteid = [0000baec:52b9e052]，time dalay=0(ms),first(sendseq=44d5dfe8:recvseq=4aa76ecb),remote timestamp=73260
[2016-07-21 11:27:47 786 c8ff9700] [0x000054f1:02e961eb] 在状态(),收到事件(0x00000009:1)
[2016-07-21 11:27:47 786 c8ff9700] [0x000054f1:02e961eb] 状态迁移()---(0x00000009:1)-->(net_syn)
[2016-07-21 11:27:47 787 c8ff9700] [0x000054f1:02e961eb] 在状态(net_syn),收到事件(0x00000009:3)
[2016-07-21 11:27:47 787 c8ff9700] [0x000054f1:02e961eb] 状态迁移(net_syn)---(0x00000009:3)-->(data_slave)
[2016-07-21 11:27:47 787 c8ff9700] [000054f1:02e961eb] ::ffff:127.0.0.1:10524 syn ok ,remoteid = [00003cfe:03e03adf]，time dalay=0(ms),first(sendseq=6bd53ca2:recvseq=63ad7f37),remote timestamp=34510
