[2016-07-21 17:36:19 785 c8ff9700] [0x000054f1:02e961eb] 在状态(data_slave),收到事件(0x00000009:4)
[2016-07-21 17:36:19 786 c8ff9700] [0x000054f1:02e961eb] 状态迁移(data_slave)---(0x00000009:4)-->(net_rst)
[2016-07-21 17:36:19 786 c8ff9700] [0x000054f1:02e961eb] 在状态(net_rst),收到事件(0x00000009:6)
[2016-07-21 17:36:19 786 c8ff9700] [0x000054f1:02e961eb] 状态迁移(net_rst)---(0x00000009:6)-->(reconnect?)
[2016-07-21 17:36:19 786 c8ff9700] [0x000054f1:02e961eb] 在状态(reconnect?),收到事件(0x0000000c:0)
[2016-07-21 17:36:19 786 c8ff9700] [0x000054f1:02e961eb] 状态迁移(reconnect?)---(0x0000000c:0)-->(exit)
[2016-07-21 17:36:19 786 c8ff9700] [ 54f1:2e961eb] E15_udcp_item clean
[2016-07-21 17:36:19 808 c8ff9700] [00000000:d55d49fd] 收到时间同步消息，通信延迟约 0 ms
[2016-07-21 17:36:21 976 c8ff9700] [0x000054f3:02e961e6] 在状态(data_master),收到事件(0x00000008:4)
[2016-07-21 17:36:21 976 c8ff9700] [0x000054f3:02e961e6] 状态迁移(data_master)---(0x00000008:4)-->(user_rst)
[2016-07-21 17:36:21 977 c8ff9700] [0x000054f2:02e961e7] 在状态(data_master),收到事件(0x00000008:4)
[2016-07-21 17:36:21 977 c8ff9700] [0x000054f2:02e961e7] 状态迁移(data_master)---(0x00000008:4)-->(user_rst)
[2016-07-21 17:36:21 977 c8ff9700] [0x000054f3:02e961e6] 在状态(user_rst),收到事件(0x00000009:5)
[2016-07-21 17:36:21 978 c8ff9700] [0x000054f3:02e961e6] 状态迁移(user_rst)---(0x00000009:5)-->(exit_wait)
[2016-07-21 17:36:21 978 c8ff9700] [0x000054f2:02e961e7] 在状态(user_rst),收到事件(0x00000009:5)
[2016-07-21 17:36:21 978 c8ff9700] [0x000054f2:02e961e7] 状态迁移(user_rst)---(0x00000009:5)-->(exit_wait)
[2016-07-21 17:36:21 979 c8ff9700] [0x000054f3:02e961e6] 在状态(exit_wait),收到事件(0x00000009:6)
[2016-07-21 17:36:21 979 c8ff9700] [0x000054f3:02e961e6] 状态迁移(exit_wait)---(0x00000009:6)-->(exit)
[2016-07-21 17:36:21 979 c8ff9700] [ 54f3:2e961e6] E15_udcp_item clean
[2016-07-21 17:36:21 979 c8ff9700] [0x000054f2:02e961e7] 在状态(exit_wait),收到事件(0x00000009:6)
[2016-07-21 17:36:21 979 c8ff9700] [0x000054f2:02e961e7] 状态迁移(exit_wait)---(0x00000009:6)-->(exit)
[2016-07-21 17:36:21 980 c8ff9700] [ 54f2:2e961e7] E15_udcp_item clean
[2016-07-21 17:36:21 995 d709e780] udcp session exit normally
