[2016-07-12 17:50:36 785 f8ff9700] [0x0000371f:6423f13c] 在状态(data_slave),收到事件(0x00000009:4)
[2016-07-12 17:50:36 786 f8ff9700] [0x0000371f:6423f13c] 状态迁移(data_slave)---(0x00000009:4)-->(net_rst)
[2016-07-12 17:50:36 786 f8ff9700] [0x0000371f:6423f13c] 在状态(net_rst),收到事件(0x00000009:6)
[2016-07-12 17:50:36 786 f8ff9700] [0x0000371f:6423f13c] 状态迁移(net_rst)---(0x00000009:6)-->(reconnect?)
[2016-07-12 17:50:36 786 f8ff9700] [0x0000371f:6423f13c] 在状态(reconnect?),收到事件(0x0000000c:0)
[2016-07-12 17:50:36 786 f8ff9700] [0x0000371f:6423f13c] 状态迁移(reconnect?)---(0x0000000c:0)-->(exit)
[2016-07-12 17:50:36 787 f8ff9700] [ 371f:6423f13c] E15_udcp_item clean
[2016-07-12 17:50:36 812 f8ff9700] [0022f038:2ad71109] 收到时间同步消息，通信延迟约 0 ms
[2016-07-12 17:50:38 404 f8ff9700] [0x0000371d:6423f139] 在状态(data_master),收到事件(0x00000008:4)
[2016-07-12 17:50:38 405 f8ff9700] [0x0000371d:6423f139] 状态迁移(data_master)---(0x00000008:4)-->(user_rst)
[2016-07-12 17:50:38 405 f8ff9700] [0x0000371c:6423f13a] 在状态(data_master),收到事件(0x00000008:4)
[2016-07-12 17:50:38 405 f8ff9700] [0x0000371c:6423f13a] 状态迁移(data_master)---(0x00000008:4)-->(user_rst)
[2016-07-12 17:50:38 405 f8ff9700] [0x0000371d:6423f139] 在状态(user_rst),收到事件(0x00000009:5)
[2016-07-12 17:50:38 405 f8ff9700] [0x0000371d:6423f139] 状态迁移(user_rst)---(0x00000009:5)-->(exit_wait)
[2016-07-12 17:50:38 405 f8ff9700] [0x0000371c:6423f13a] 在状态(user_rst),收到事件(0x00000009:5)
[2016-07-12 17:50:38 405 f8ff9700] [0x0000371c:6423f13a] 状态迁移(user_rst)---(0x00000009:5)-->(exit_wait)
[2016-07-12 17:50:38 405 f8ff9700] [0x0000371d:6423f139] 在状态(exit_wait),收到事件(0x00000009:6)
[2016-07-12 17:50:38 405 f8ff9700] [0x0000371d:6423f139] 状态迁移(exit_wait)---(0x00000009:6)-->(exit)
[2016-07-12 17:50:38 405 f8ff9700] [ 371d:6423f139] E15_udcp_item clean
[2016-07-12 17:50:38 405 f8ff9700] [0x0000371c:6423f13a] 在状态(exit_wait),收到事件(0x00000009:6)
[2016-07-12 17:50:38 406 f8ff9700] [0x0000371c:6423f13a] 状态迁移(exit_wait)---(0x00000009:6)-->(exit)
[2016-07-12 17:50:38 406 f8ff9700] [ 371c:6423f13a] E15_udcp_item clean
[2016-07-12 17:50:38 424 2c837780] udcp session exit normally
