[2016-07-05 10:48:37 663 1d8b5780] 添加节点成功,name=md_ctp,N=1,role=md_server,group=ctp,id=[0:7a41233f]
[2016-07-05 10:48:37 663 1d8b5780] 添加节点成功,name=md_cna,N=2,role=md_server,group=cna,id=[1:7a412340]
[2016-07-05 10:48:37 663 1d8b5780] 添加节点成功,name=data_001,N=6,role=data_factory,group=base,id=[5:7a412341]
[2016-07-05 10:48:37 663 1d8b5780] 添加节点成功,name=uemgr,N=7,role=proxy,group=ue,id=[6:7a412342]
[2016-07-05 10:48:37 663 1d8b5780] 添加节点成功,name=strategy_proxy,N=12,role=proxy,group=test,id=[b:7a412343]
[2016-07-05 10:48:37 664 1d8b5780] 添加节点成功,name=store_dia,N=8,role=store,group=dia,id=[7:7a412344]
[2016-07-05 10:48:37 664 1d8b5780] 添加节点成功,name=h001,N=9,role=history,group=test,id=[8:7a412345]
[2016-07-05 10:48:37 664 1d8b5780] 添加节点成功,name=strategy,N=10,role=strategy,group=test,id=[9:7a412346]
[2016-07-05 10:48:37 664 1d8b5780] 添加节点成功,name=strategy_01,N=11,role=strategy,group=test,id=[a:7a412347]
[2016-07-05 10:48:37 664 1d8b5780] 添加节点成功,name=snatch_ctp,N=3,role=,group=,id=[2:7a412348]
[2016-07-05 10:48:37 664 1d8b5780] [data_001<===>md_ctp]连接建立成功
[2016-07-05 10:48:37 664 1d8b5780] [data_001<===>md_cna]连接建立成功
[2016-07-05 10:48:37 664 1d8b5780] [uemgr<===>md_cna]连接建立成功
[2016-07-05 10:48:37 664 1d8b5780] [uemgr<===>md_ctp]连接建立成功
[2016-07-05 10:48:37 664 1d8b5780] [data_001<===>store_dia]连接建立成功
[2016-07-05 10:48:37 664 1d8b5780] [strategy<===>uemgr]连接建立成功
[2016-07-05 10:48:37 665 1d8b5780] [strategy_01<===>uemgr]连接建立成功
[2016-07-05 10:48:37 665 1d8b5780] [uemgr<===>data_001]连接建立成功
[2016-07-05 10:48:37 665 1d8b5780] [md_cna<===>strategy]连接建立成功
[2016-07-05 10:48:37 665 1d8b5780] [data_001<===>strategy]连接建立成功
[2016-07-05 10:48:37 665 1d8b5780] [strategy_proxy<===>data_001]连接建立成功
[2016-07-05 10:48:37 665 1d8b5780] [strategy_proxy<===>md_cna]连接建立成功
[2016-07-05 10:48:37 665 1d8b5780] E15_domain 在[0.0.0.0:3606] 启动
[2016-07-05 10:48:49 716 1ac0b700] 节点md_cna注册在线
[2016-07-05 10:49:19 033 1ac0b700] [127.0.0.1:56160] udp连接丢失
[2016-07-05 10:49:26 628 1ac0b700] 节点md_cna注册在线
[2016-07-05 10:49:44 325 1ac0b700] [127.0.0.1:46556] udp连接丢失
[2016-07-05 10:49:45 339 1ac0b700] 节点md_cna注册在线
[2016-07-05 10:49:51 320 1ac0b700] 节点data_001注册在线
[2016-07-05 10:49:51 323 1ac0b700] data_001 <<--------------- md_cna
[2016-07-05 10:49:51 323 1ac0b700] data_001 <<=============>> md_cna
[2016-07-05 10:51:31 706 1ac0b700] 节点uemgr注册在线
[2016-07-05 10:51:31 709 1ac0b700] uemgr <<--------------- data_001
[2016-07-05 10:51:31 709 1ac0b700] uemgr <<--------------- md_cna
[2016-07-05 10:51:31 712 1ac0b700] uemgr <<=============>> data_001
[2016-07-05 10:51:31 712 1ac0b700] uemgr <<=============>> md_cna
[2016-07-05 10:53:43 778 1ac0b700] 节点strategy_proxy注册在线
[2016-07-05 10:53:43 784 1ac0b700] strategy_proxy <<--------------- data_001
[2016-07-05 10:53:43 784 1ac0b700] strategy_proxy <<=============>> data_001
[2016-07-05 10:53:43 785 1ac0b700] strategy_proxy <<--------------- md_cna
[2016-07-05 10:53:43 785 1ac0b700] strategy_proxy <<=============>> md_cna
[2016-07-05 10:58:17 977 1ac0b700] [127.0.0.1:8002] udp连接丢失
[2016-07-05 10:58:17 978 1ac0b700] uemgr ------- x ------- md_cna
[2016-07-05 10:58:17 979 1ac0b700] uemgr ------- x ------- data_001
