[2016-07-05 11:03:15 929 1ac0b700] 节点uemgr注册在线
[2016-07-05 11:03:15 932 1ac0b700] uemgr <<--------------- data_001
[2016-07-05 11:03:15 932 1ac0b700] uemgr <<--------------- md_cna
[2016-07-05 11:03:15 934 1ac0b700] uemgr <<=============>> data_001
[2016-07-05 11:03:15 934 1ac0b700] uemgr <<=============>> md_cna
[2016-07-05 11:08:37 861 1ac0b700] strategy_proxy --------------->> data_001
[2016-07-05 11:08:37 879 1ac0b700] strategy_proxy --------------->> md_cna
[2016-07-05 11:08:47 842 1ac0b700] [127.0.0.1:10524] udp连接丢失
[2016-07-05 11:10:17 604 1ac0b700] 节点strategy_proxy注册在线
[2016-07-05 11:10:17 607 1ac0b700] strategy_proxy <<--------------- data_001
[2016-07-05 11:10:17 607 1ac0b700] strategy_proxy <<--------------- md_cna
[2016-07-05 11:10:17 607 1ac0b700] strategy_proxy <<=============>> data_001
[2016-07-05 11:10:17 607 1ac0b700] strategy_proxy <<=============>> md_cna
[2016-07-05 11:10:39 605 1ac0b700] strategy_proxy --------------->> data_001
[2016-07-05 11:10:39 615 1ac0b700] strategy_proxy --------------->> md_cna
[2016-07-05 11:11:45 608 1ac0b700] [127.0.0.1:10524] udp连接丢失
[2016-07-05 11:13:18 191 1ac0b700] 节点strategy_proxy注册在线
[2016-07-05 11:13:18 195 1ac0b700] strategy_proxy <<--------------- data_001
[2016-07-05 11:13:18 196 1ac0b700] strategy_proxy <<--------------- md_cna
[2016-07-05 11:13:18 196 1ac0b700] strategy_proxy <<=============>> data_001
[2016-07-05 11:13:18 196 1ac0b700] strategy_proxy <<=============>> md_cna
[2016-07-05 11:16:41 574 1ac0b700] [127.0.0.1:10524] udp连接丢失
[2016-07-05 11:16:41 574 1ac0b700] strategy_proxy ------- x ------- data_001
[2016-07-05 11:16:41 575 1ac0b700] strategy_proxy ------- x ------- md_cna
[2016-07-05 11:21:59 366 1ac0b700] 节点strategy_proxy注册在线
[2016-07-05 11:21:59 369 1ac0b700] strategy_proxy <<--------------- data_001
[2016-07-05 11:21:59 369 1ac0b700] strategy_proxy <<--------------- md_cna
[2016-07-05 11:21:59 370 1ac0b700] strategy_proxy <<=============>> data_001
[2016-07-05 11:21:59 370 1ac0b700] strategy_proxy <<=============>> md_cna
[2016-07-05 11:25:14 379 1ac0b700] [127.0.0.1:10524] udp连接丢失
[2016-07-05 11:25:14 380 1ac0b700] strategy_proxy ------- x ------- md_cna
[2016-07-05 11:25:14 381 1ac0b700] strategy_proxy ------- x ------- data_001
[2016-07-05 11:25:48 155 1ac0b700] 节点strategy_proxy注册在线
[2016-07-05 11:25:48 157 1ac0b700] strategy_proxy <<--------------- data_001
[2016-07-05 11:25:48 158 1ac0b700] strategy_proxy <<=============>> data_001
[2016-07-05 11:25:48 159 1ac0b700] strategy_proxy <<--------------- md_cna
[2016-07-05 11:25:48 159 1ac0b700] strategy_proxy <<=============>> md_cna
[2016-07-05 11:26:18 093 1ac0b700] [127.0.0.1:10524] udp连接丢失
[2016-07-05 11:26:18 094 1ac0b700] strategy_proxy ------- x ------- data_001
[2016-07-05 11:26:18 094 1ac0b700] strategy_proxy ------- x ------- md_cna
[2016-07-05 11:26:19 900 1ac0b700] 节点strategy_proxy注册在线
[2016-07-05 11:26:19 903 1ac0b700] strategy_proxy <<--------------- data_001
[2016-07-05 11:26:19 903 1ac0b700] strategy_proxy <<--------------- md_cna
[2016-07-05 11:26:19 904 1ac0b700] strategy_proxy <<=============>> data_001
[2016-07-05 11:26:19 904 1ac0b700] strategy_proxy <<=============>> md_cna
[2016-07-05 11:28:19 056 1ac0b700] [127.0.0.1:10524] udp连接丢失
[2016-07-05 11:28:19 056 1ac0b700] strategy_proxy ------- x ------- md_cna
[2016-07-05 11:28:19 056 1ac0b700] strategy_proxy ------- x ------- data_001
[2016-07-05 11:28:20 454 1ac0b700] 节点strategy_proxy注册在线
[2016-07-05 11:28:20 457 1ac0b700] strategy_proxy <<--------------- data_001
[2016-07-05 11:28:20 457 1ac0b700] strategy_proxy <<--------------- md_cna
[2016-07-05 11:28:20 458 1ac0b700] strategy_proxy <<=============>> data_001
[2016-07-05 11:28:20 458 1ac0b700] strategy_proxy <<=============>> md_cna
[2016-07-05 11:29:30 076 1ac0b700] uemgr <<--------------- md_cna
[2016-07-05 11:29:30 460 1ac0b700] strategy_proxy <<--------------- md_cna
[2016-07-05 11:29:31 492 1ac0b700] data_001 <<--------------- md_cna
[2016-07-05 11:29:41 552 1ac0b700] [127.0.0.1:46952] udp连接丢失
[2016-07-05 11:32:57 605 1ac0b700] 节点md_cna注册在线
[2016-07-05 11:32:57 609 1ac0b700] strategy_proxy <<--------------- md_cna
[2016-07-05 11:32:57 609 1ac0b700] data_001 <<--------------- md_cna
[2016-07-05 11:32:57 610 1ac0b700] strategy_proxy <<=============>> md_cna
[2016-07-05 11:32:57 610 1ac0b700] data_001 <<=============>> md_cna
[2016-07-05 11:32:57 611 1ac0b700] uemgr <<--------------- md_cna
[2016-07-05 11:32:57 611 1ac0b700] uemgr <<=============>> md_cna
[2016-07-05 11:36:43 614 1ac0b700] strategy_proxy <<--------------- md_cna
[2016-07-05 11:36:43 624 1ac0b700] uemgr <<--------------- md_cna
[2016-07-05 11:36:43 654 1ac0b700] data_001 <<--------------- md_cna
[2016-07-05 11:36:53 659 1ac0b700] [127.0.0.1:53642] udp连接丢失
[2016-07-05 11:39:15 111 1ac0b700] [127.0.0.1:10524] udp连接丢失
[2016-07-05 11:39:15 113 1ac0b700] strategy_proxy ------- x ------- data_001
[2016-07-05 11:43:08 752 1ac0b700] 节点md_cna注册在线
[2016-07-05 11:43:08 757 1ac0b700] uemgr <<--------------- md_cna
[2016-07-05 11:43:08 757 1ac0b700] data_001 <<--------------- md_cna
[2016-07-05 11:43:08 757 1ac0b700] uemgr <<=============>> md_cna
[2016-07-05 11:43:08 759 1ac0b700] data_001 <<=============>> md_cna
[2016-07-05 11:43:25 499 1ac0b700] 节点strategy_proxy注册在线
[2016-07-05 11:43:25 506 1ac0b700] strategy_proxy <<--------------- md_cna
[2016-07-05 11:43:25 507 1ac0b700] strategy_proxy <<--------------- data_001
[2016-07-05 11:43:25 508 1ac0b700] strategy_proxy <<=============>> md_cna
[2016-07-05 11:43:25 508 1ac0b700] strategy_proxy <<=============>> data_001
[2016-07-05 11:44:54 928 1ac0b700] [127.0.0.1:42923] udp连接丢失
[2016-07-05 11:44:54 930 1ac0b700] uemgr ------- x ------- md_cna
[2016-07-05 11:44:54 933 1ac0b700] strategy_proxy ------- x ------- md_cna
[2016-07-05 11:44:54 933 1ac0b700] data_001 ------- x ------- md_cna
[2016-07-05 11:45:03 647 1ac0b700] 节点md_cna注册在线
[2016-07-05 11:45:03 650 1ac0b700] data_001 <<--------------- md_cna
[2016-07-05 11:45:03 651 1ac0b700] data_001 <<=============>> md_cna
[2016-07-05 11:45:03 652 1ac0b700] uemgr <<--------------- md_cna
[2016-07-05 11:45:03 652 1ac0b700] uemgr <<=============>> md_cna
[2016-07-05 11:45:03 652 1ac0b700] strategy_proxy <<--------------- md_cna
[2016-07-05 11:45:03 653 1ac0b700] strategy_proxy <<=============>> md_cna
