[2016-07-05 18:04:51 519 1a40a700] [0x00001ae8:266f31d5] 在状态(data_slave),收到事件(0x00000009:4)
[2016-07-05 18:04:51 534 1a40a700] [0x00001ae8:266f31d5] 状态迁移(data_slave)---(0x00000009:4)-->(net_rst)
[2016-07-05 18:04:51 534 1a40a700] [00000000:1d44a109] 收到时间同步消息，通信延迟约 0 ms
[2016-07-05 18:04:51 534 1a40a700] [00000000:1d44a109] 收到时间同步消息，通信延迟约 0 ms
[2016-07-05 18:04:51 534 1a40a700] [0x00001ae8:266f31d5] 在状态(net_rst),收到事件(0x00000009:6)
[2016-07-05 18:04:51 534 1a40a700] [0x00001ae8:266f31d5] 状态迁移(net_rst)---(0x00000009:6)-->(reconnect?)
[2016-07-05 18:04:51 534 1a40a700] [0x00001ae8:266f31d5] 在状态(reconnect?),收到事件(0x0000000c:0)
[2016-07-05 18:04:51 534 1a40a700] [0x00001ae8:266f31d5] 状态迁移(reconnect?)---(0x0000000c:0)-->(exit)
[2016-07-05 18:04:51 534 1a40a700] [ 1ae8:266f31d5] E15_udcp_item clean
[2016-07-05 18:05:00 884 1a40a700] [0x00001ae9:266f31cc] 在状态(data_slave),收到事件(0x00000009:4)
[2016-07-05 18:05:00 884 1a40a700] [0x00001ae9:266f31cc] 状态迁移(data_slave)---(0x00000009:4)-->(net_rst)
[2016-07-05 18:05:00 886 1a40a700] [0x00001ae9:266f31cc] 在状态(net_rst),收到事件(0x00000009:6)
[2016-07-05 18:05:00 886 1a40a700] [0x00001ae9:266f31cc] 状态迁移(net_rst)---(0x00000009:6)-->(reconnect?)
[2016-07-05 18:05:00 886 1a40a700] [0x00001ae9:266f31cc] 在状态(reconnect?),收到事件(0x0000000c:0)
[2016-07-05 18:05:00 886 1a40a700] [0x00001ae9:266f31cc] 状态迁移(reconnect?)---(0x0000000c:0)-->(exit)
[2016-07-05 18:05:00 886 1a40a700] [ 1ae9:266f31cc] E15_udcp_item clean
[2016-07-05 18:05:04 198 1a40a700] [0x00001aea:266f31c9] 在状态(data_slave),收到事件(0x00000009:4)
[2016-07-05 18:05:04 198 1a40a700] [0x00001aea:266f31c9] 状态迁移(data_slave)---(0x00000009:4)-->(net_rst)
[2016-07-05 18:05:04 200 1a40a700] [0x00001aea:266f31c9] 在状态(net_rst),收到事件(0x00000009:6)
[2016-07-05 18:05:04 200 1a40a700] [0x00001aea:266f31c9] 状态迁移(net_rst)---(0x00000009:6)-->(reconnect?)
[2016-07-05 18:05:04 200 1a40a700] [0x00001aea:266f31c9] 在状态(reconnect?),收到事件(0x0000000c:0)
[2016-07-05 18:05:04 200 1a40a700] [0x00001aea:266f31c9] 状态迁移(reconnect?)---(0x0000000c:0)-->(exit)
[2016-07-05 18:05:04 200 1a40a700] [ 1aea:266f31c9] E15_udcp_item clean
[2016-07-05 18:05:07 083 1a40a700] [0x00001aeb:266f31d6] 在状态(data_slave),收到事件(0x00000009:4)
[2016-07-05 18:05:07 083 1a40a700] [0x00001aeb:266f31d6] 状态迁移(data_slave)---(0x00000009:4)-->(net_rst)
[2016-07-05 18:05:07 083 1a40a700] [0x00001aeb:266f31d6] 在状态(net_rst),收到事件(0x00000009:6)
[2016-07-05 18:05:07 083 1a40a700] [0x00001aeb:266f31d6] 状态迁移(net_rst)---(0x00000009:6)-->(reconnect?)
[2016-07-05 18:05:07 083 1a40a700] [0x00001aeb:266f31d6] 在状态(reconnect?),收到事件(0x0000000c:0)
[2016-07-05 18:05:07 083 1a40a700] [0x00001aeb:266f31d6] 状态迁移(reconnect?)---(0x0000000c:0)-->(exit)
[2016-07-05 18:05:07 083 1a40a700] [ 1aeb:266f31d6] E15_udcp_item clean
[2016-07-05 18:05:09 572 1d8b5780] udcp session exit normally
