[2016-07-05 10:48:49 715 1a40a700] [0x00001aeb:266f31c6] 在状态(),收到事件(0x00000009:1)
[2016-07-05 10:48:49 715 1a40a700] [0x00001aeb:266f31c6] 状态迁移()---(0x00000009:1)-->(net_syn)
[2016-07-05 10:48:49 716 1a40a700] [0x00001aeb:266f31c6] 在状态(net_syn),收到事件(0x00000009:3)
[2016-07-05 10:48:49 716 1a40a700] [0x00001aeb:266f31c6] 状态迁移(net_syn)---(0x00000009:3)-->(data_slave)
[2016-07-05 10:48:49 716 1a40a700] [00001aeb:266f31c6] 127.0.0.1:56160 syn ok ,remoteid = [0000630c:424dc7e6]，time dalay=0(ms),first(sendseq=2d4389b1:recvseq=7312a000),remote timestamp=0
[2016-07-05 10:49:19 032 1a40a700] [0x00001aeb:266f31c6] 在状态(data_slave),收到事件(0x00000009:4)
[2016-07-05 10:49:19 033 1a40a700] [0x00001aeb:266f31c6] 状态迁移(data_slave)---(0x00000009:4)-->(net_rst)
[2016-07-05 10:49:19 033 1a40a700] [0x00001aeb:266f31c6] 在状态(net_rst),收到事件(0x00000009:6)
[2016-07-05 10:49:19 033 1a40a700] [0x00001aeb:266f31c6] 状态迁移(net_rst)---(0x00000009:6)-->(reconnect?)
[2016-07-05 10:49:19 033 1a40a700] [0x00001aeb:266f31c6] 在状态(reconnect?),收到事件(0x0000000c:0)
[2016-07-05 10:49:19 033 1a40a700] [0x00001aeb:266f31c6] 状态迁移(reconnect?)---(0x0000000c:0)-->(exit)
[2016-07-05 10:49:19 033 1a40a700] [ 1aeb:266f31c6] E15_udcp_item clean
[2016-07-05 10:49:26 627 1a40a700] [0x00001aeb:266f31c7] 在状态(),收到事件(0x00000009:1)
[2016-07-05 10:49:26 628 1a40a700] [0x00001aeb:266f31c7] 状态迁移()---(0x00000009:1)-->(net_syn)
[2016-07-05 10:49:26 628 1a40a700] [0x00001aeb:266f31c7] 在状态(net_syn),收到事件(0x00000009:3)
[2016-07-05 10:49:26 628 1a40a700] [0x00001aeb:266f31c7] 状态迁移(net_syn)---(0x00000009:3)-->(data_slave)
[2016-07-05 10:49:26 628 1a40a700] [00001aeb:266f31c7] 127.0.0.1:46556 syn ok ,remoteid = [00008ad4:697b34ba]，time dalay=0(ms),first(sendseq=75cb5886:recvseq=724359a4),remote timestamp=0
[2016-07-05 10:49:44 325 1a40a700] [0x00001aeb:266f31c7] 在状态(data_slave),收到事件(0x00000009:4)
[2016-07-05 10:49:44 325 1a40a700] [0x00001aeb:266f31c7] 状态迁移(data_slave)---(0x00000009:4)-->(net_rst)
[2016-07-05 10:49:44 325 1a40a700] [0x00001aeb:266f31c7] 在状态(net_rst),收到事件(0x00000009:6)
[2016-07-05 10:49:44 326 1a40a700] [0x00001aeb:266f31c7] 状态迁移(net_rst)---(0x00000009:6)-->(reconnect?)
[2016-07-05 10:49:44 326 1a40a700] [0x00001aeb:266f31c7] 在状态(reconnect?),收到事件(0x0000000c:0)
[2016-07-05 10:49:44 326 1a40a700] [0x00001aeb:266f31c7] 状态迁移(reconnect?)---(0x0000000c:0)-->(exit)
[2016-07-05 10:49:44 326 1a40a700] [ 1aeb:266f31c7] E15_udcp_item clean
[2016-07-05 10:49:45 337 1a40a700] [0x00001aeb:266f31c8] 在状态(),收到事件(0x00000009:1)
[2016-07-05 10:49:45 337 1a40a700] [0x00001aeb:266f31c8] 状态迁移()---(0x00000009:1)-->(net_syn)
[2016-07-05 10:49:45 338 1a40a700] [0x00001aeb:266f31c8] 在状态(net_syn),收到事件(0x00000009:3)
[2016-07-05 10:49:45 338 1a40a700] [0x00001aeb:266f31c8] 状态迁移(net_syn)---(0x00000009:3)-->(data_slave)
[2016-07-05 10:49:45 338 1a40a700] [00001aeb:266f31c8] 127.0.0.1:46952 syn ok ,remoteid = [0000547d:10a59fdb]，time dalay=0(ms),first(sendseq=20c9da30:recvseq=3c3be7f8),remote timestamp=0
[2016-07-05 10:49:51 318 1a40a700] [0x00001aea:266f31c9] 在状态(),收到事件(0x00000009:1)
[2016-07-05 10:49:51 318 1a40a700] [0x00001aea:266f31c9] 状态迁移()---(0x00000009:1)-->(net_syn)
[2016-07-05 10:49:51 319 1a40a700] [0x00001aea:266f31c9] 在状态(net_syn),收到事件(0x00000009:3)
[2016-07-05 10:49:51 319 1a40a700] [0x00001aea:266f31c9] 状态迁移(net_syn)---(0x00000009:3)-->(data_slave)
[2016-07-05 10:49:51 319 1a40a700] [00001aea:266f31c9] 127.0.0.1:42065 syn ok ,remoteid = [00001e9b:2d41820f]，time dalay=0(ms),first(sendseq=1dcfc48c:recvseq=63d29b42),remote timestamp=0
[2016-07-05 10:51:31 706 1a40a700] [0x00001ae9:266f31ca] 在状态(),收到事件(0x00000009:1)
[2016-07-05 10:51:31 706 1a40a700] [0x00001ae9:266f31ca] 状态迁移()---(0x00000009:1)-->(net_syn)
[2016-07-05 10:51:31 706 1a40a700] [0x00001ae9:266f31ca] 在状态(net_syn),收到事件(0x00000009:3)
[2016-07-05 10:51:31 706 1a40a700] [0x00001ae9:266f31ca] 状态迁移(net_syn)---(0x00000009:3)-->(data_slave)
[2016-07-05 10:51:31 706 1a40a700] [00001ae9:266f31ca] 127.0.0.1:8002 syn ok ,remoteid = [0000fd02:41260c04]，time dalay=0(ms),first(sendseq=48e9ff1f:recvseq=506fd183),remote timestamp=0
[2016-07-05 10:53:43 776 1a40a700] [0x00001ae8:266f31cb] 在状态(),收到事件(0x00000009:1)
[2016-07-05 10:53:43 777 1a40a700] [0x00001ae8:266f31cb] 状态迁移()---(0x00000009:1)-->(net_syn)
[2016-07-05 10:53:43 777 1a40a700] [0x00001ae8:266f31cb] 在状态(net_syn),收到事件(0x00000009:3)
[2016-07-05 10:53:43 777 1a40a700] [0x00001ae8:266f31cb] 状态迁移(net_syn)---(0x00000009:3)-->(data_slave)
[2016-07-05 10:53:43 777 1a40a700] [00001ae8:266f31cb] 127.0.0.1:10524 syn ok ,remoteid = [00001b42:6b728591]，time dalay=0(ms),first(sendseq=38ba25cb:recvseq=40ccf91b),remote timestamp=0
[2016-07-05 10:58:17 977 1a40a700] [0x00001ae9:266f31ca] 在状态(data_slave),收到事件(0x00000009:4)
[2016-07-05 10:58:17 977 1a40a700] [0x00001ae9:266f31ca] 状态迁移(data_slave)---(0x00000009:4)-->(net_rst)
[2016-07-05 10:58:17 978 1a40a700] [0x00001ae9:266f31ca] 在状态(net_rst),收到事件(0x00000009:6)
[2016-07-05 10:58:17 978 1a40a700] [0x00001ae9:266f31ca] 状态迁移(net_rst)---(0x00000009:6)-->(reconnect?)
[2016-07-05 10:58:17 978 1a40a700] [0x00001ae9:266f31ca] 在状态(reconnect?),收到事件(0x0000000c:0)
[2016-07-05 10:58:17 978 1a40a700] [0x00001ae9:266f31ca] 状态迁移(reconnect?)---(0x0000000c:0)-->(exit)
[2016-07-05 10:58:17 978 1a40a700] [ 1ae9:266f31ca] E15_udcp_item clean
