[2016-07-07 08:59:14 817 2c846780] 添加节点成功,name=md_ctp,N=1,role=md_server,group=ctp,id=[0:3670aa5b]
[2016-07-07 08:59:14 817 2c846780] 添加节点成功,name=md_cna,N=2,role=md_server,group=cna,id=[1:3670aa5c]
[2016-07-07 08:59:14 817 2c846780] 添加节点成功,name=data_001,N=6,role=data_factory,group=base,id=[5:3670aa5d]
[2016-07-07 08:59:14 817 2c846780] 添加节点成功,name=uemgr,N=7,role=proxy,group=ue,id=[6:3670aa5e]
[2016-07-07 08:59:14 817 2c846780] 添加节点成功,name=strategy_proxy,N=12,role=proxy,group=test,id=[b:3670aa5f]
[2016-07-07 08:59:14 817 2c846780] 添加节点成功,name=store_dia,N=8,role=store,group=dia,id=[7:3670aa60]
[2016-07-07 08:59:14 817 2c846780] 添加节点成功,name=h001,N=9,role=history,group=test,id=[8:3670aa61]
[2016-07-07 08:59:14 817 2c846780] 添加节点成功,name=strategy,N=10,role=strategy,group=test,id=[9:3670aa62]
[2016-07-07 08:59:14 817 2c846780] 添加节点成功,name=strategy_01,N=11,role=strategy,group=test,id=[a:3670aa63]
[2016-07-07 08:59:14 817 2c846780] 添加节点成功,name=snatch_ctp,N=3,role=,group=,id=[2:3670aa64]
[2016-07-07 08:59:14 817 2c846780] [data_001<===>md_ctp]连接建立成功
[2016-07-07 08:59:14 817 2c846780] [data_001<===>md_cna]连接建立成功
[2016-07-07 08:59:14 817 2c846780] [uemgr<===>md_cna]连接建立成功
[2016-07-07 08:59:14 817 2c846780] [uemgr<===>md_ctp]连接建立成功
[2016-07-07 08:59:14 817 2c846780] [data_001<===>store_dia]连接建立成功
[2016-07-07 08:59:14 817 2c846780] [strategy<===>uemgr]连接建立成功
[2016-07-07 08:59:14 817 2c846780] [strategy_01<===>uemgr]连接建立成功
[2016-07-07 08:59:14 817 2c846780] [uemgr<===>data_001]连接建立成功
[2016-07-07 08:59:14 817 2c846780] [md_cna<===>strategy]连接建立成功
[2016-07-07 08:59:14 817 2c846780] [data_001<===>strategy]连接建立成功
[2016-07-07 08:59:14 817 2c846780] [strategy_proxy<===>data_001]连接建立成功
[2016-07-07 08:59:14 817 2c846780] [strategy_proxy<===>md_cna]连接建立成功
[2016-07-07 08:59:14 817 2c846780] E15_domain 在[0.0.0.0:3606] 启动
[2016-07-07 08:59:28 776 29b9c700] 节点md_cna注册在线
[2016-07-07 08:59:44 912 29b9c700] 节点data_001注册在线
[2016-07-07 08:59:44 918 29b9c700] data_001 <<--------------- md_cna
[2016-07-07 08:59:44 919 29b9c700] data_001 <<=============>> md_cna
