[2016-07-07 18:06:40 828 2939b700] [0x00008231:6adfe4d9] 在状态(data_slave),收到事件(0x00000009:4)
[2016-07-07 18:06:40 845 2939b700] [0x00008231:6adfe4d9] 状态迁移(data_slave)---(0x00000009:4)-->(net_rst)
[2016-07-07 18:06:40 846 2939b700] [00000000:2c3db109] 收到时间同步消息，通信延迟约 0 ms
[2016-07-07 18:06:40 846 2939b700] [00000000:2c3db109] 收到时间同步消息，通信延迟约 0 ms
[2016-07-07 18:06:40 846 2939b700] [0x00008231:6adfe4d9] 在状态(net_rst),收到事件(0x00000009:6)
[2016-07-07 18:06:40 846 2939b700] [0x00008231:6adfe4d9] 状态迁移(net_rst)---(0x00000009:6)-->(reconnect?)
[2016-07-07 18:06:40 846 2939b700] [0x00008231:6adfe4d9] 在状态(reconnect?),收到事件(0x0000000c:0)
[2016-07-07 18:06:40 846 2939b700] [0x00008231:6adfe4d9] 状态迁移(reconnect?)---(0x0000000c:0)-->(exit)
[2016-07-07 18:06:40 846 2939b700] [ 8231:6adfe4d9] E15_udcp_item clean
[2016-07-07 18:06:42 784 2939b700] [0x00008232:6adfe4d8] 在状态(data_slave),收到事件(0x00000009:4)
[2016-07-07 18:06:42 784 2939b700] [0x00008232:6adfe4d8] 状态迁移(data_slave)---(0x00000009:4)-->(net_rst)
[2016-07-07 18:06:42 786 2939b700] [0x00008232:6adfe4d8] 在状态(net_rst),收到事件(0x00000009:6)
[2016-07-07 18:06:42 786 2939b700] [0x00008232:6adfe4d8] 状态迁移(net_rst)---(0x00000009:6)-->(reconnect?)
[2016-07-07 18:06:42 786 2939b700] [0x00008232:6adfe4d8] 在状态(reconnect?),收到事件(0x0000000c:0)
[2016-07-07 18:06:42 786 2939b700] [0x00008232:6adfe4d8] 状态迁移(reconnect?)---(0x0000000c:0)-->(exit)
[2016-07-07 18:06:42 787 2939b700] [ 8232:6adfe4d8] E15_udcp_item clean
[2016-07-07 18:06:45 005 2939b700] [0x00008233:6adfe4d7] 在状态(data_slave),收到事件(0x00000009:4)
[2016-07-07 18:06:45 005 2939b700] [0x00008233:6adfe4d7] 状态迁移(data_slave)---(0x00000009:4)-->(net_rst)
[2016-07-07 18:06:45 005 2939b700] [0x00008233:6adfe4d7] 在状态(net_rst),收到事件(0x00000009:6)
[2016-07-07 18:06:45 005 2939b700] [0x00008233:6adfe4d7] 状态迁移(net_rst)---(0x00000009:6)-->(reconnect?)
[2016-07-07 18:06:45 005 2939b700] [0x00008233:6adfe4d7] 在状态(reconnect?),收到事件(0x0000000c:0)
[2016-07-07 18:06:45 005 2939b700] [0x00008233:6adfe4d7] 状态迁移(reconnect?)---(0x0000000c:0)-->(exit)
[2016-07-07 18:06:45 005 2939b700] [ 8233:6adfe4d7] E15_udcp_item clean
[2016-07-07 18:06:47 308 2c846780] udcp session exit normally
