[2016-07-05 10:51:31 706 267fc700] [0000fd02:41260c04] 启动同步请求，时间戳=0
[2016-07-05 10:51:31 706 267fc700] [0x0000fd02:41260c04] 在状态(),收到事件(0x00000008:1)
[2016-07-05 10:51:31 706 267fc700] [0x0000fd02:41260c04] 状态迁移()---(0x00000008:1)-->(user_syn)
[2016-07-05 10:51:31 706 267fc700] [0x0000fd02:41260c04] 在状态(user_syn),收到事件(0x00000009:2)
[2016-07-05 10:51:31 706 267fc700] [0x0000fd02:41260c04] 状态迁移(user_syn)---(0x00000009:2)-->(data_master)
[2016-07-05 10:51:31 706 267fc700] [0000fd02:41260c04] 127.0.0.1:3606 syn ok ,remoteid = [00001ae9:266f31ca]，time dalay=0(ms),first(sendseq=506fd183:recvseq=48e9ff1f),remote timestamp=174020
[2016-07-05 10:51:31 708 267fc700] [0000fd03:41260c05] 启动同步请求，时间戳=0
[2016-07-05 10:51:31 708 267fc700] [0x0000fd03:41260c05] 在状态(),收到事件(0x00000008:1)
[2016-07-05 10:51:31 708 267fc700] [0x0000fd03:41260c05] 状态迁移()---(0x00000008:1)-->(user_syn)
[2016-07-05 10:51:31 708 267fc700] [0000fd00:41260c06] 启动同步请求，时间戳=0
[2016-07-05 10:51:31 708 267fc700] [0x0000fd00:41260c06] 在状态(),收到事件(0x00000008:1)
[2016-07-05 10:51:31 708 267fc700] [0x0000fd00:41260c06] 状态迁移()---(0x00000008:1)-->(user_syn)
[2016-07-05 10:51:31 708 267fc700] [0x0000fd03:41260c05] 在状态(user_syn),收到事件(0x00000009:2)
[2016-07-05 10:51:31 708 267fc700] [0x0000fd03:41260c05] 状态迁移(user_syn)---(0x00000009:2)-->(data_master)
[2016-07-05 10:51:31 708 267fc700] [0000fd03:41260c05] ::ffff:127.0.0.1:46952 syn ok ,remoteid = [0000547f:10a59fdd]，time dalay=0(ms),first(sendseq=1600e75d:recvseq=229c654d),remote timestamp=106350
[2016-07-05 10:51:31 708 267fc700] [0x0000fd00:41260c06] 在状态(user_syn),收到事件(0x00000009:2)
[2016-07-05 10:51:31 708 267fc700] [0x0000fd00:41260c06] 状态迁移(user_syn)---(0x00000009:2)-->(data_master)
[2016-07-05 10:51:31 708 267fc700] [0000fd00:41260c06] ::ffff:127.0.0.1:42065 syn ok ,remoteid = [00001e99:2d418211]，time dalay=0(ms),first(sendseq=4c8803a1:recvseq=7bf7c792),remote timestamp=100370
[2016-07-05 10:53:14 608 267fc700] [0x0000fd01:41260c07] 在状态(),收到事件(0x00000009:1)
[2016-07-05 10:53:14 608 267fc700] [0x0000fd01:41260c07] 状态迁移()---(0x00000009:1)-->(net_syn)
[2016-07-05 10:53:14 608 267fc700] [0x0000fd01:41260c07] 在状态(net_syn),收到事件(0x00000009:3)
[2016-07-05 10:53:14 608 267fc700] [0x0000fd01:41260c07] 状态迁移(net_syn)---(0x00000009:3)-->(data_slave)
[2016-07-05 10:53:14 608 267fc700] [0000fd01:41260c07] ::ffff:127.0.0.1:34760 syn ok ,remoteid = [000077f2:5f1b16c3]，time dalay=0(ms),first(sendseq=2d36c802:recvseq=786809d2),remote timestamp=0
[2016-07-05 10:58:10 085 267fc700] [0x0000fd01:41260c07] 在状态(data_slave),收到事件(0x00000009:4)
[2016-07-05 10:58:10 086 267fc700] [0x0000fd01:41260c07] 状态迁移(data_slave)---(0x00000009:4)-->(net_rst)
[2016-07-05 10:58:10 086 267fc700] [0x0000fd01:41260c07] 在状态(net_rst),收到事件(0x00000009:6)
[2016-07-05 10:58:10 086 267fc700] [0x0000fd01:41260c07] 状态迁移(net_rst)---(0x00000009:6)-->(reconnect?)
[2016-07-05 10:58:10 086 267fc700] [0x0000fd01:41260c07] 在状态(reconnect?),收到事件(0x0000000c:0)
[2016-07-05 10:58:10 086 267fc700] [0x0000fd01:41260c07] 状态迁移(reconnect?)---(0x0000000c:0)-->(exit)
[2016-07-05 10:58:10 086 267fc700] [ fd01:41260c07] E15_udcp_item clean
[2016-07-05 10:58:17 977 267fc700] [0x0000fd02:41260c04] 在状态(data_master),收到事件(0x00000008:4)
[2016-07-05 10:58:17 977 267fc700] [0x0000fd02:41260c04] 状态迁移(data_master)---(0x00000008:4)-->(user_rst)
[2016-07-05 10:58:17 977 267fc700] [0x0000fd03:41260c05] 在状态(data_master),收到事件(0x00000008:4)
[2016-07-05 10:58:17 978 267fc700] [0x0000fd03:41260c05] 状态迁移(data_master)---(0x00000008:4)-->(user_rst)
[2016-07-05 10:58:17 978 267fc700] [0x0000fd00:41260c06] 在状态(data_master),收到事件(0x00000008:4)
[2016-07-05 10:58:17 978 267fc700] [0x0000fd00:41260c06] 状态迁移(data_master)---(0x00000008:4)-->(user_rst)
[2016-07-05 10:58:17 978 267fc700] [0x0000fd02:41260c04] 在状态(user_rst),收到事件(0x00000009:5)
[2016-07-05 10:58:17 978 267fc700] [0x0000fd02:41260c04] 状态迁移(user_rst)---(0x00000009:5)-->(exit_wait)
[2016-07-05 10:58:17 978 267fc700] [0x0000fd03:41260c05] 在状态(user_rst),收到事件(0x00000009:5)
[2016-07-05 10:58:17 978 267fc700] [0x0000fd03:41260c05] 状态迁移(user_rst)---(0x00000009:5)-->(exit_wait)
[2016-07-05 10:58:17 978 267fc700] [0x0000fd00:41260c06] 在状态(user_rst),收到事件(0x00000009:5)
[2016-07-05 10:58:17 978 267fc700] [0x0000fd00:41260c06] 状态迁移(user_rst)---(0x00000009:5)-->(exit_wait)
[2016-07-05 10:58:17 978 267fc700] [0x0000fd02:41260c04] 在状态(exit_wait),收到事件(0x00000009:6)
[2016-07-05 10:58:17 978 267fc700] [0x0000fd02:41260c04] 状态迁移(exit_wait)---(0x00000009:6)-->(exit)
[2016-07-05 10:58:17 978 267fc700] [ fd02:41260c04] E15_udcp_item clean
[2016-07-05 10:58:17 979 267fc700] [0x0000fd03:41260c05] 在状态(exit_wait),收到事件(0x00000009:6)
[2016-07-05 10:58:17 979 267fc700] [0x0000fd03:41260c05] 状态迁移(exit_wait)---(0x00000009:6)-->(exit)
[2016-07-05 10:58:17 979 267fc700] [ fd03:41260c05] E15_udcp_item clean
[2016-07-05 10:58:17 979 267fc700] [0x0000fd00:41260c06] 在状态(exit_wait),收到事件(0x00000009:6)
[2016-07-05 10:58:17 979 267fc700] [0x0000fd00:41260c06] 状态迁移(exit_wait)---(0x00000009:6)-->(exit)
[2016-07-05 10:58:17 979 267fc700] [ fd00:41260c06] E15_udcp_item clean
[2016-07-05 10:58:17 979 2e9dc780] udcp session exit normally
