[2016-07-05 18:04:41 009 43fff700] [0x0000860f:0a7640c7] 在状态(data_slave),收到事件(0x00000009:4)
[2016-07-05 18:04:42 009 43fff700] [0x0000860f:0a7640c7] 状态迁移(data_slave)---(0x00000009:4)-->(net_rst)
[2016-07-05 18:04:42 010 43fff700] [0x0000860f:0a7640c7] 在状态(net_rst),收到事件(0x00000009:6)
[2016-07-05 18:04:42 010 43fff700] [0x0000860f:0a7640c7] 状态迁移(net_rst)---(0x00000009:6)-->(reconnect?)
[2016-07-05 18:04:42 010 43fff700] [0x0000860f:0a7640c7] 在状态(reconnect?),收到事件(0x0000000c:0)
[2016-07-05 18:04:42 010 43fff700] [0x0000860f:0a7640c7] 状态迁移(reconnect?)---(0x0000000c:0)-->(exit)
[2016-07-05 18:04:42 010 43fff700] [ 860f:a7640c7] E15_udcp_item clean
[2016-07-05 18:05:00 884 43fff700] [0x0000860c:0a7640c4] 在状态(data_master),收到事件(0x00000008:4)
[2016-07-05 18:05:00 884 43fff700] [0x0000860c:0a7640c4] 状态迁移(data_master)---(0x00000008:4)-->(user_rst)
[2016-07-05 18:05:00 884 43fff700] [0x0000860e:0a7640c6] 在状态(data_master),收到事件(0x00000008:4)
[2016-07-05 18:05:00 885 43fff700] [0x0000860e:0a7640c6] 状态迁移(data_master)---(0x00000008:4)-->(user_rst)
[2016-07-05 18:05:00 885 43fff700] [0x0000860d:0a7640ca] 在状态(data_master),收到事件(0x00000008:4)
[2016-07-05 18:05:00 886 43fff700] [0x0000860d:0a7640ca] 状态迁移(data_master)---(0x00000008:4)-->(user_rst)
[2016-07-05 18:05:00 886 43fff700] [0x0000860c:0a7640c4] 在状态(user_rst),收到事件(0x00000009:5)
[2016-07-05 18:05:00 886 43fff700] [0x0000860c:0a7640c4] 状态迁移(user_rst)---(0x00000009:5)-->(exit_wait)
[2016-07-05 18:05:00 886 43fff700] [0x0000860e:0a7640c6] 在状态(user_rst),收到事件(0x00000009:5)
[2016-07-05 18:05:00 887 43fff700] [0x0000860e:0a7640c6] 状态迁移(user_rst)---(0x00000009:5)-->(exit_wait)
[2016-07-05 18:05:00 887 43fff700] [0x0000860d:0a7640ca] 在状态(user_rst),收到事件(0x00000009:5)
[2016-07-05 18:05:00 887 43fff700] [0x0000860d:0a7640ca] 状态迁移(user_rst)---(0x00000009:5)-->(exit_wait)
[2016-07-05 18:05:00 887 43fff700] [0x0000860c:0a7640c4] 在状态(exit_wait),收到事件(0x00000009:6)
[2016-07-05 18:05:00 887 43fff700] [0x0000860c:0a7640c4] 状态迁移(exit_wait)---(0x00000009:6)-->(exit)
[2016-07-05 18:05:00 887 43fff700] [ 860c:a7640c4] E15_udcp_item clean
[2016-07-05 18:05:00 887 43fff700] [0x0000860e:0a7640c6] 在状态(exit_wait),收到事件(0x00000009:6)
[2016-07-05 18:05:00 887 43fff700] [0x0000860e:0a7640c6] 状态迁移(exit_wait)---(0x00000009:6)-->(exit)
[2016-07-05 18:05:00 887 43fff700] [ 860e:a7640c6] E15_udcp_item clean
[2016-07-05 18:05:00 887 43fff700] [0x0000860d:0a7640ca] 在状态(exit_wait),收到事件(0x00000009:6)
[2016-07-05 18:05:00 887 43fff700] [0x0000860d:0a7640ca] 状态迁移(exit_wait)---(0x00000009:6)-->(exit)
[2016-07-05 18:05:00 887 43fff700] [ 860d:a7640ca] E15_udcp_item clean
[2016-07-05 18:05:00 887 5c55d780] udcp session exit normally
