[2016-07-05 11:03:15 928 43fff700] [0000860c:0a7640c4] 启动同步请求，时间戳=0
[2016-07-05 11:03:15 928 43fff700] [0x0000860c:0a7640c4] 在状态(),收到事件(0x00000008:1)
[2016-07-05 11:03:15 928 43fff700] [0x0000860c:0a7640c4] 状态迁移()---(0x00000008:1)-->(user_syn)
[2016-07-05 11:03:15 929 43fff700] [0x0000860c:0a7640c4] 在状态(user_syn),收到事件(0x00000009:2)
[2016-07-05 11:03:15 929 43fff700] [0x0000860c:0a7640c4] 状态迁移(user_syn)---(0x00000009:2)-->(data_master)
[2016-07-05 11:03:15 929 43fff700] [0000860c:0a7640c4] 127.0.0.1:3606 syn ok ,remoteid = [00001ae9:266f31cc]，time dalay=0(ms),first(sendseq=ed8b126:recvseq=bb5715e),remote timestamp=878150
[2016-07-05 11:03:15 930 43fff700] [0000860d:0a7640c5] 启动同步请求，时间戳=0
[2016-07-05 11:03:15 930 43fff700] [0x0000860d:0a7640c5] 在状态(),收到事件(0x00000008:1)
[2016-07-05 11:03:15 930 43fff700] [0x0000860d:0a7640c5] 状态迁移()---(0x00000008:1)-->(user_syn)
[2016-07-05 11:03:15 930 43fff700] [0000860e:0a7640c6] 启动同步请求，时间戳=0
[2016-07-05 11:03:15 930 43fff700] [0x0000860e:0a7640c6] 在状态(),收到事件(0x00000008:1)
[2016-07-05 11:03:15 930 43fff700] [0x0000860e:0a7640c6] 状态迁移()---(0x00000008:1)-->(user_syn)
[2016-07-05 11:03:15 930 43fff700] [0x0000860d:0a7640c5] 在状态(user_syn),收到事件(0x00000009:2)
[2016-07-05 11:03:15 930 43fff700] [0x0000860d:0a7640c5] 状态迁移(user_syn)---(0x00000009:2)-->(data_master)
[2016-07-05 11:03:15 930 43fff700] [0000860d:0a7640c5] ::ffff:127.0.0.1:46952 syn ok ,remoteid = [0000547f:10a59fdf]，time dalay=0(ms),first(sendseq=595c716:recvseq=31de88b1),remote timestamp=810470
[2016-07-05 11:03:15 931 43fff700] [0x0000860e:0a7640c6] 在状态(user_syn),收到事件(0x00000009:2)
[2016-07-05 11:03:15 931 43fff700] [0x0000860e:0a7640c6] 状态迁移(user_syn)---(0x00000009:2)-->(data_master)
[2016-07-05 11:03:15 931 43fff700] [0000860e:0a7640c6] ::ffff:127.0.0.1:42065 syn ok ,remoteid = [00001e99:2d418213]，time dalay=0(ms),first(sendseq=6e2fc368:recvseq=75755e60),remote timestamp=804500
[2016-07-05 11:03:30 483 43fff700] [0x0000860f:0a7640c7] 在状态(),收到事件(0x00000009:1)
[2016-07-05 11:03:30 483 43fff700] [0x0000860f:0a7640c7] 状态迁移()---(0x00000009:1)-->(net_syn)
[2016-07-05 11:03:30 483 43fff700] [0x0000860f:0a7640c7] 在状态(net_syn),收到事件(0x00000009:3)
[2016-07-05 11:03:30 483 43fff700] [0x0000860f:0a7640c7] 状态迁移(net_syn)---(0x00000009:3)-->(data_slave)
[2016-07-05 11:03:30 483 43fff700] [0000860f:0a7640c7] ::ffff:127.0.0.1:57194 syn ok ,remoteid = [0000ea6c:23208cfe]，time dalay=0(ms),first(sendseq=6e2b60b1:recvseq=696ebb2f),remote timestamp=0
[2016-07-05 11:29:30 074 43fff700] [0x0000860d:0a7640c5] 在状态(data_master),收到事件(0x0000000e:1)
[2016-07-05 11:29:30 075 43fff700] [0x0000860d:0a7640c5] 状态迁移(data_master)---(0x0000000e:1)-->(reconnect?)
[2016-07-05 11:29:31 086 43fff700] [0x0000860d:0a7640c5] 在状态(reconnect?),收到事件(0x0000000b:1)
[2016-07-05 11:29:31 086 43fff700] [0x0000860d:0a7640c5] 状态迁移(reconnect?)---(0x0000000b:1)-->(user_syn)
[2016-07-05 11:29:31 298 43fff700] [0x0000860d:0a7640c5] 在状态(user_syn),收到事件(0x0000000a:1)
[2016-07-05 11:29:31 491 43fff700] [0x0000860d:0a7640c5] 在状态(user_syn),收到事件(0x0000000a:2)
[2016-07-05 11:29:31 694 43fff700] [0x0000860d:0a7640c5] 在状态(user_syn),收到事件(0x0000000a:3)
[2016-07-05 11:29:31 897 43fff700] [0x0000860d:0a7640c5] 在状态(user_syn),收到事件(0x0000000a:4)
[2016-07-05 11:29:32 089 43fff700] [0x0000860d:0a7640c5] 在状态(user_syn),收到事件(0x0000000a:5)
[2016-07-05 11:29:32 291 43fff700] [0x0000860d:0a7640c5] 在状态(user_syn),收到事件(0x0000000a:6)
[2016-07-05 11:29:32 493 43fff700] [0x0000860d:0a7640c5] 在状态(user_syn),收到事件(0x0000000a:7)
[2016-07-05 11:29:32 695 43fff700] [0x0000860d:0a7640c5] 在状态(user_syn),收到事件(0x0000000a:8)
[2016-07-05 11:29:32 897 43fff700] [0x0000860d:0a7640c5] 在状态(user_syn),收到事件(0x0000000a:9)
[2016-07-05 11:29:33 099 43fff700] [0x0000860d:0a7640c5] 在状态(user_syn),收到事件(0x0000000a:10)
[2016-07-05 11:29:33 290 43fff700] [0x0000860d:0a7640c5] 在状态(user_syn),收到事件(0x0000000a:11)
[2016-07-05 11:29:33 492 43fff700] [0x0000860d:0a7640c5] 在状态(user_syn),收到事件(0x0000000a:12)
[2016-07-05 11:29:33 694 43fff700] [0x0000860d:0a7640c5] 在状态(user_syn),收到事件(0x0000000a:13)
[2016-07-05 11:29:33 896 43fff700] [0x0000860d:0a7640c5] 在状态(user_syn),收到事件(0x0000000a:14)
[2016-07-05 11:29:34 098 43fff700] [0x0000860d:0a7640c5] 在状态(user_syn),收到事件(0x0000000a:15)
[2016-07-05 11:29:34 300 43fff700] [0x0000860d:0a7640c5] 在状态(user_syn),收到事件(0x0000000a:16)
[2016-07-05 11:29:34 300 43fff700] [0x0000860d:0a7640c5] 状态迁移(user_syn)---(0x0000000a:16)-->(reconnect?)
[2016-07-05 11:29:36 312 43fff700] [0x0000860d:0a7640c5] 在状态(reconnect?),收到事件(0x0000000b:1)
[2016-07-05 11:29:36 312 43fff700] [0x0000860d:0a7640c5] 状态迁移(reconnect?)---(0x0000000b:1)-->(user_syn)
[2016-07-05 11:29:36 524 43fff700] [0x0000860d:0a7640c5] 在状态(user_syn),收到事件(0x0000000a:1)
[2016-07-05 11:29:36 716 43fff700] [0x0000860d:0a7640c5] 在状态(user_syn),收到事件(0x0000000a:2)
[2016-07-05 11:29:36 919 43fff700] [0x0000860d:0a7640c5] 在状态(user_syn),收到事件(0x0000000a:3)
[2016-07-05 11:29:37 121 43fff700] [0x0000860d:0a7640c5] 在状态(user_syn),收到事件(0x0000000a:4)
[2016-07-05 11:29:37 314 43fff700] [0x0000860d:0a7640c5] 在状态(user_syn),收到事件(0x0000000a:5)
[2016-07-05 11:29:37 516 43fff700] [0x0000860d:0a7640c5] 在状态(user_syn),收到事件(0x0000000a:6)
[2016-07-05 11:29:37 719 43fff700] [0x0000860d:0a7640c5] 在状态(user_syn),收到事件(0x0000000a:7)
[2016-07-05 11:29:37 921 43fff700] [0x0000860d:0a7640c5] 在状态(user_syn),收到事件(0x0000000a:8)
[2016-07-05 11:29:38 123 43fff700] [0x0000860d:0a7640c5] 在状态(user_syn),收到事件(0x0000000a:9)
[2016-07-05 11:29:38 315 43fff700] [0x0000860d:0a7640c5] 在状态(user_syn),收到事件(0x0000000a:10)
[2016-07-05 11:29:38 517 43fff700] [0x0000860d:0a7640c5] 在状态(user_syn),收到事件(0x0000000a:11)
[2016-07-05 11:29:38 720 43fff700] [0x0000860d:0a7640c5] 在状态(user_syn),收到事件(0x0000000a:12)
[2016-07-05 11:29:38 923 43fff700] [0x0000860d:0a7640c5] 在状态(user_syn),收到事件(0x0000000a:13)
[2016-07-05 11:29:39 115 43fff700] [0x0000860d:0a7640c5] 在状态(user_syn),收到事件(0x0000000a:14)
[2016-07-05 11:29:39 318 43fff700] [0x0000860d:0a7640c5] 在状态(user_syn),收到事件(0x0000000a:15)
[2016-07-05 11:29:39 520 43fff700] [0x0000860d:0a7640c5] 在状态(user_syn),收到事件(0x0000000a:16)
[2016-07-05 11:29:39 521 43fff700] [0x0000860d:0a7640c5] 状态迁移(user_syn)---(0x0000000a:16)-->(reconnect?)
[2016-07-05 11:29:41 531 43fff700] [0x0000860d:0a7640c5] 在状态(reconnect?),收到事件(0x0000000b:1)
[2016-07-05 11:29:41 531 43fff700] [0x0000860d:0a7640c5] 状态迁移(reconnect?)---(0x0000000b:1)-->(user_syn)
[2016-07-05 11:29:41 743 43fff700] [0x0000860d:0a7640c5] 在状态(user_syn),收到事件(0x0000000a:1)
[2016-07-05 11:29:41 935 43fff700] [0x0000860d:0a7640c5] 在状态(user_syn),收到事件(0x0000000a:2)
[2016-07-05 11:29:42 137 43fff700] [0x0000860d:0a7640c5] 在状态(user_syn),收到事件(0x0000000a:3)
[2016-07-05 11:29:42 340 43fff700] [0x0000860d:0a7640c5] 在状态(user_syn),收到事件(0x0000000a:4)
[2016-07-05 11:29:42 543 43fff700] [0x0000860d:0a7640c5] 在状态(user_syn),收到事件(0x0000000a:5)
[2016-07-05 11:29:42 745 43fff700] [0x0000860d:0a7640c5] 在状态(user_syn),收到事件(0x0000000a:6)
[2016-07-05 11:29:42 937 43fff700] [0x0000860d:0a7640c5] 在状态(user_syn),收到事件(0x0000000a:7)
[2016-07-05 11:29:43 140 43fff700] [0x0000860d:0a7640c5] 在状态(user_syn),收到事件(0x0000000a:8)
[2016-07-05 11:29:43 333 43fff700] [0x0000860d:0a7640c5] 在状态(user_syn),收到事件(0x0000000a:9)
[2016-07-05 11:29:43 535 43fff700] [0x0000860d:0a7640c5] 在状态(user_syn),收到事件(0x0000000a:10)
[2016-07-05 11:29:43 737 43fff700] [0x0000860d:0a7640c5] 在状态(user_syn),收到事件(0x0000000a:11)
[2016-07-05 11:29:43 940 43fff700] [0x0000860d:0a7640c5] 在状态(user_syn),收到事件(0x0000000a:12)
[2016-07-05 11:29:44 142 43fff700] [0x0000860d:0a7640c5] 在状态(user_syn),收到事件(0x0000000a:13)
[2016-07-05 11:29:44 344 43fff700] [0x0000860d:0a7640c5] 在状态(user_syn),收到事件(0x0000000a:14)
[2016-07-05 11:29:44 547 43fff700] [0x0000860d:0a7640c5] 在状态(user_syn),收到事件(0x0000000a:15)
[2016-07-05 11:29:44 750 43fff700] [0x0000860d:0a7640c5] 在状态(user_syn),收到事件(0x0000000a:16)
[2016-07-05 11:29:44 750 43fff700] [0x0000860d:0a7640c5] 状态迁移(user_syn)---(0x0000000a:16)-->(reconnect?)
[2016-07-05 11:29:44 750 43fff700] [0x0000860d:0a7640c5] 在状态(reconnect?),收到事件(0x0000000c:0)
[2016-07-05 11:29:44 750 43fff700] [0x0000860d:0a7640c5] 状态迁移(reconnect?)---(0x0000000c:0)-->(exit)
[2016-07-05 11:29:44 750 43fff700] [ 860d:a7640c5] E15_udcp_item clean
[2016-07-05 11:32:57 606 43fff700] [0000860d:0a7640c8] 启动同步请求，时间戳=1781510
[2016-07-05 11:32:57 607 43fff700] [0x0000860d:0a7640c8] 在状态(),收到事件(0x00000008:1)
[2016-07-05 11:32:57 607 43fff700] [0x0000860d:0a7640c8] 状态迁移()---(0x00000008:1)-->(user_syn)
[2016-07-05 11:32:57 608 43fff700] [0x0000860d:0a7640c8] 在状态(user_syn),收到事件(0x00000009:2)
[2016-07-05 11:32:57 608 43fff700] [0x0000860d:0a7640c8] 状态迁移(user_syn)---(0x00000009:2)-->(data_master)
[2016-07-05 11:32:57 608 43fff700] [0000860d:0a7640c8] ::ffff:127.0.0.1:53642 syn ok ,remoteid = [00007e24:7cdc9646]，time dalay=0(ms),first(sendseq=55415782:recvseq=18d136c4),remote timestamp=0
[2016-07-05 11:36:43 622 43fff700] [0x0000860d:0a7640c8] 在状态(data_master),收到事件(0x0000000e:1)
[2016-07-05 11:36:43 623 43fff700] [0x0000860d:0a7640c8] 状态迁移(data_master)---(0x0000000e:1)-->(reconnect?)
[2016-07-05 11:36:44 643 43fff700] [0x0000860d:0a7640c8] 在状态(reconnect?),收到事件(0x0000000b:1)
[2016-07-05 11:36:44 643 43fff700] [0x0000860d:0a7640c8] 状态迁移(reconnect?)---(0x0000000b:1)-->(user_syn)
[2016-07-05 11:36:44 845 43fff700] [0x0000860d:0a7640c8] 在状态(user_syn),收到事件(0x0000000a:1)
[2016-07-05 11:36:45 047 43fff700] [0x0000860d:0a7640c8] 在状态(user_syn),收到事件(0x0000000a:2)
[2016-07-05 11:36:45 249 43fff700] [0x0000860d:0a7640c8] 在状态(user_syn),收到事件(0x0000000a:3)
[2016-07-05 11:36:45 441 43fff700] [0x0000860d:0a7640c8] 在状态(user_syn),收到事件(0x0000000a:4)
[2016-07-05 11:36:45 643 43fff700] [0x0000860d:0a7640c8] 在状态(user_syn),收到事件(0x0000000a:5)
[2016-07-05 11:36:45 846 43fff700] [0x0000860d:0a7640c8] 在状态(user_syn),收到事件(0x0000000a:6)
[2016-07-05 11:36:46 048 43fff700] [0x0000860d:0a7640c8] 在状态(user_syn),收到事件(0x0000000a:7)
[2016-07-05 11:36:46 250 43fff700] [0x0000860d:0a7640c8] 在状态(user_syn),收到事件(0x0000000a:8)
[2016-07-05 11:36:46 452 43fff700] [0x0000860d:0a7640c8] 在状态(user_syn),收到事件(0x0000000a:9)
[2016-07-05 11:36:46 654 43fff700] [0x0000860d:0a7640c8] 在状态(user_syn),收到事件(0x0000000a:10)
[2016-07-05 11:36:46 845 43fff700] [0x0000860d:0a7640c8] 在状态(user_syn),收到事件(0x0000000a:11)
[2016-07-05 11:36:47 047 43fff700] [0x0000860d:0a7640c8] 在状态(user_syn),收到事件(0x0000000a:12)
[2016-07-05 11:36:47 249 43fff700] [0x0000860d:0a7640c8] 在状态(user_syn),收到事件(0x0000000a:13)
[2016-07-05 11:36:47 451 43fff700] [0x0000860d:0a7640c8] 在状态(user_syn),收到事件(0x0000000a:14)
[2016-07-05 11:36:47 642 43fff700] [0x0000860d:0a7640c8] 在状态(user_syn),收到事件(0x0000000a:15)
[2016-07-05 11:36:47 844 43fff700] [0x0000860d:0a7640c8] 在状态(user_syn),收到事件(0x0000000a:16)
[2016-07-05 11:36:47 844 43fff700] [0x0000860d:0a7640c8] 状态迁移(user_syn)---(0x0000000a:16)-->(reconnect?)
[2016-07-05 11:36:49 852 43fff700] [0x0000860d:0a7640c8] 在状态(reconnect?),收到事件(0x0000000b:1)
[2016-07-05 11:36:49 852 43fff700] [0x0000860d:0a7640c8] 状态迁移(reconnect?)---(0x0000000b:1)-->(user_syn)
[2016-07-05 11:36:50 064 43fff700] [0x0000860d:0a7640c8] 在状态(user_syn),收到事件(0x0000000a:1)
[2016-07-05 11:36:50 266 43fff700] [0x0000860d:0a7640c8] 在状态(user_syn),收到事件(0x0000000a:2)
[2016-07-05 11:36:50 468 43fff700] [0x0000860d:0a7640c8] 在状态(user_syn),收到事件(0x0000000a:3)
[2016-07-05 11:36:50 670 43fff700] [0x0000860d:0a7640c8] 在状态(user_syn),收到事件(0x0000000a:4)
[2016-07-05 11:36:50 872 43fff700] [0x0000860d:0a7640c8] 在状态(user_syn),收到事件(0x0000000a:5)
[2016-07-05 11:36:51 064 43fff700] [0x0000860d:0a7640c8] 在状态(user_syn),收到事件(0x0000000a:6)
[2016-07-05 11:36:51 266 43fff700] [0x0000860d:0a7640c8] 在状态(user_syn),收到事件(0x0000000a:7)
[2016-07-05 11:36:51 468 43fff700] [0x0000860d:0a7640c8] 在状态(user_syn),收到事件(0x0000000a:8)
[2016-07-05 11:36:51 670 43fff700] [0x0000860d:0a7640c8] 在状态(user_syn),收到事件(0x0000000a:9)
[2016-07-05 11:36:51 872 43fff700] [0x0000860d:0a7640c8] 在状态(user_syn),收到事件(0x0000000a:10)
[2016-07-05 11:36:52 063 43fff700] [0x0000860d:0a7640c8] 在状态(user_syn),收到事件(0x0000000a:11)
[2016-07-05 11:36:52 265 43fff700] [0x0000860d:0a7640c8] 在状态(user_syn),收到事件(0x0000000a:12)
[2016-07-05 11:36:52 467 43fff700] [0x0000860d:0a7640c8] 在状态(user_syn),收到事件(0x0000000a:13)
[2016-07-05 11:36:52 669 43fff700] [0x0000860d:0a7640c8] 在状态(user_syn),收到事件(0x0000000a:14)
[2016-07-05 11:36:52 871 43fff700] [0x0000860d:0a7640c8] 在状态(user_syn),收到事件(0x0000000a:15)
[2016-07-05 11:36:53 063 43fff700] [0x0000860d:0a7640c8] 在状态(user_syn),收到事件(0x0000000a:16)
[2016-07-05 11:36:53 064 43fff700] [0x0000860d:0a7640c8] 状态迁移(user_syn)---(0x0000000a:16)-->(reconnect?)
[2016-07-05 11:36:55 074 43fff700] [0x0000860d:0a7640c8] 在状态(reconnect?),收到事件(0x0000000b:1)
[2016-07-05 11:36:55 074 43fff700] [0x0000860d:0a7640c8] 状态迁移(reconnect?)---(0x0000000b:1)-->(user_syn)
[2016-07-05 11:36:55 286 43fff700] [0x0000860d:0a7640c8] 在状态(user_syn),收到事件(0x0000000a:1)
[2016-07-05 11:36:55 488 43fff700] [0x0000860d:0a7640c8] 在状态(user_syn),收到事件(0x0000000a:2)
[2016-07-05 11:36:55 680 43fff700] [0x0000860d:0a7640c8] 在状态(user_syn),收到事件(0x0000000a:3)
[2016-07-05 11:36:55 883 43fff700] [0x0000860d:0a7640c8] 在状态(user_syn),收到事件(0x0000000a:4)
[2016-07-05 11:36:56 086 43fff700] [0x0000860d:0a7640c8] 在状态(user_syn),收到事件(0x0000000a:5)
[2016-07-05 11:36:56 289 43fff700] [0x0000860d:0a7640c8] 在状态(user_syn),收到事件(0x0000000a:6)
[2016-07-05 11:36:56 492 43fff700] [0x0000860d:0a7640c8] 在状态(user_syn),收到事件(0x0000000a:7)
[2016-07-05 11:36:56 685 43fff700] [0x0000860d:0a7640c8] 在状态(user_syn),收到事件(0x0000000a:8)
[2016-07-05 11:36:56 887 43fff700] [0x0000860d:0a7640c8] 在状态(user_syn),收到事件(0x0000000a:9)
[2016-07-05 11:36:57 089 43fff700] [0x0000860d:0a7640c8] 在状态(user_syn),收到事件(0x0000000a:10)
[2016-07-05 11:36:57 281 43fff700] [0x0000860d:0a7640c8] 在状态(user_syn),收到事件(0x0000000a:11)
[2016-07-05 11:36:57 482 43fff700] [0x0000860d:0a7640c8] 在状态(user_syn),收到事件(0x0000000a:12)
[2016-07-05 11:36:57 684 43fff700] [0x0000860d:0a7640c8] 在状态(user_syn),收到事件(0x0000000a:13)
[2016-07-05 11:36:57 886 43fff700] [0x0000860d:0a7640c8] 在状态(user_syn),收到事件(0x0000000a:14)
[2016-07-05 11:36:58 089 43fff700] [0x0000860d:0a7640c8] 在状态(user_syn),收到事件(0x0000000a:15)
[2016-07-05 11:36:58 291 43fff700] [0x0000860d:0a7640c8] 在状态(user_syn),收到事件(0x0000000a:16)
[2016-07-05 11:36:58 291 43fff700] [0x0000860d:0a7640c8] 状态迁移(user_syn)---(0x0000000a:16)-->(reconnect?)
[2016-07-05 11:36:58 291 43fff700] [0x0000860d:0a7640c8] 在状态(reconnect?),收到事件(0x0000000c:0)
[2016-07-05 11:36:58 291 43fff700] [0x0000860d:0a7640c8] 状态迁移(reconnect?)---(0x0000000c:0)-->(exit)
[2016-07-05 11:36:58 291 43fff700] [ 860d:a7640c8] E15_udcp_item clean
[2016-07-05 11:43:08 753 43fff700] [0000860d:0a7640c9] 启动同步请求，时间戳=2392580
[2016-07-05 11:43:08 753 43fff700] [0x0000860d:0a7640c9] 在状态(),收到事件(0x00000008:1)
[2016-07-05 11:43:08 753 43fff700] [0x0000860d:0a7640c9] 状态迁移()---(0x00000008:1)-->(user_syn)
[2016-07-05 11:43:08 753 43fff700] [0x0000860d:0a7640c9] 在状态(user_syn),收到事件(0x00000009:2)
[2016-07-05 11:43:08 753 43fff700] [0x0000860d:0a7640c9] 状态迁移(user_syn)---(0x00000009:2)-->(data_master)
[2016-07-05 11:43:08 753 43fff700] [0000860d:0a7640c9] ::ffff:127.0.0.1:42923 syn ok ,remoteid = [00003f0f:516534ad]，time dalay=0(ms),first(sendseq=30e57f8e:recvseq=632360e),remote timestamp=0
[2016-07-05 11:44:54 928 43fff700] [0x0000860d:0a7640c9] 在状态(data_master),收到事件(0x00000009:4)
[2016-07-05 11:44:54 929 43fff700] [0x0000860d:0a7640c9] 状态迁移(data_master)---(0x00000009:4)-->(net_rst)
[2016-07-05 11:44:54 932 43fff700] [0x0000860d:0a7640c9] 在状态(net_rst),收到事件(0x00000009:6)
[2016-07-05 11:44:54 932 43fff700] [0x0000860d:0a7640c9] 状态迁移(net_rst)---(0x00000009:6)-->(reconnect?)
[2016-07-05 11:44:55 929 43fff700] [0x0000860d:0a7640c9] 在状态(reconnect?),收到事件(0x0000000b:1)
[2016-07-05 11:44:55 929 43fff700] [0x0000860d:0a7640c9] 状态迁移(reconnect?)---(0x0000000b:1)-->(user_syn)
[2016-07-05 11:44:56 140 43fff700] [0x0000860d:0a7640c9] 在状态(user_syn),收到事件(0x0000000a:1)
[2016-07-05 11:44:56 343 43fff700] [0x0000860d:0a7640c9] 在状态(user_syn),收到事件(0x0000000a:2)
[2016-07-05 11:44:56 545 43fff700] [0x0000860d:0a7640c9] 在状态(user_syn),收到事件(0x0000000a:3)
[2016-07-05 11:44:56 747 43fff700] [0x0000860d:0a7640c9] 在状态(user_syn),收到事件(0x0000000a:4)
[2016-07-05 11:44:56 949 43fff700] [0x0000860d:0a7640c9] 在状态(user_syn),收到事件(0x0000000a:5)
[2016-07-05 11:44:57 141 43fff700] [0x0000860d:0a7640c9] 在状态(user_syn),收到事件(0x0000000a:6)
[2016-07-05 11:44:57 343 43fff700] [0x0000860d:0a7640c9] 在状态(user_syn),收到事件(0x0000000a:7)
[2016-07-05 11:44:57 545 43fff700] [0x0000860d:0a7640c9] 在状态(user_syn),收到事件(0x0000000a:8)
[2016-07-05 11:44:57 747 43fff700] [0x0000860d:0a7640c9] 在状态(user_syn),收到事件(0x0000000a:9)
[2016-07-05 11:44:57 940 43fff700] [0x0000860d:0a7640c9] 在状态(user_syn),收到事件(0x0000000a:10)
[2016-07-05 11:44:58 143 43fff700] [0x0000860d:0a7640c9] 在状态(user_syn),收到事件(0x0000000a:11)
[2016-07-05 11:44:58 345 43fff700] [0x0000860d:0a7640c9] 在状态(user_syn),收到事件(0x0000000a:12)
[2016-07-05 11:44:58 546 43fff700] [0x0000860d:0a7640c9] 在状态(user_syn),收到事件(0x0000000a:13)
[2016-07-05 11:44:58 748 43fff700] [0x0000860d:0a7640c9] 在状态(user_syn),收到事件(0x0000000a:14)
[2016-07-05 11:44:58 950 43fff700] [0x0000860d:0a7640c9] 在状态(user_syn),收到事件(0x0000000a:15)
[2016-07-05 11:44:59 142 43fff700] [0x0000860d:0a7640c9] 在状态(user_syn),收到事件(0x0000000a:16)
[2016-07-05 11:44:59 142 43fff700] [0x0000860d:0a7640c9] 状态迁移(user_syn)---(0x0000000a:16)-->(reconnect?)
[2016-07-05 11:44:59 142 43fff700] [0x0000860d:0a7640c9] 在状态(reconnect?),收到事件(0x0000000c:0)
[2016-07-05 11:44:59 142 43fff700] [0x0000860d:0a7640c9] 状态迁移(reconnect?)---(0x0000000c:0)-->(exit)
[2016-07-05 11:44:59 143 43fff700] [ 860d:a7640c9] E15_udcp_item clean
[2016-07-05 11:45:03 648 43fff700] [0000860d:0a7640ca] 启动同步请求，时间戳=2507470
[2016-07-05 11:45:03 648 43fff700] [0x0000860d:0a7640ca] 在状态(),收到事件(0x00000008:1)
[2016-07-05 11:45:03 648 43fff700] [0x0000860d:0a7640ca] 状态迁移()---(0x00000008:1)-->(user_syn)
[2016-07-05 11:45:03 648 43fff700] [0x0000860d:0a7640ca] 在状态(user_syn),收到事件(0x00000009:2)
[2016-07-05 11:45:03 648 43fff700] [0x0000860d:0a7640ca] 状态迁移(user_syn)---(0x00000009:2)-->(data_master)
[2016-07-05 11:45:03 649 43fff700] [0000860d:0a7640ca] ::ffff:127.0.0.1:45859 syn ok ,remoteid = [0000ba11:629c5214]，time dalay=0(ms),first(sendseq=2868c5a:recvseq=73773372),remote timestamp=0
