[2016-07-05 18:00:01 604 b38700] [0x0000ea6d:23208cfd] 在状态(reconnect?),收到事件(0x0000000b:1)
[2016-07-05 18:00:01 604 b38700] [0x0000ea6d:23208cfd] 状态迁移(reconnect?)---(0x0000000b:1)-->(user_syn)
[2016-07-05 18:00:01 816 b38700] [0x0000ea6d:23208cfd] 在状态(user_syn),收到事件(0x0000000a:1)
[2016-07-05 18:00:02 008 b38700] [0x0000ea6d:23208cfd] 在状态(user_syn),收到事件(0x0000000a:2)
[2016-07-05 18:00:02 210 b38700] [0x0000ea6d:23208cfd] 在状态(user_syn),收到事件(0x0000000a:3)
[2016-07-05 18:00:02 412 b38700] [0x0000ea6d:23208cfd] 在状态(user_syn),收到事件(0x0000000a:4)
[2016-07-05 18:00:02 614 b38700] [0x0000ea6d:23208cfd] 在状态(user_syn),收到事件(0x0000000a:5)
[2016-07-05 18:00:02 805 b38700] [0x0000ea6d:23208cfd] 在状态(user_syn),收到事件(0x0000000a:6)
[2016-07-05 18:00:03 007 b38700] [0x0000ea6d:23208cfd] 在状态(user_syn),收到事件(0x0000000a:7)
[2016-07-05 18:00:03 208 b38700] [0x0000ea6d:23208cfd] 在状态(user_syn),收到事件(0x0000000a:8)
[2016-07-05 18:00:03 410 b38700] [0x0000ea6d:23208cfd] 在状态(user_syn),收到事件(0x0000000a:9)
[2016-07-05 18:00:03 612 b38700] [0x0000ea6d:23208cfd] 在状态(user_syn),收到事件(0x0000000a:10)
[2016-07-05 18:00:03 815 b38700] [0x0000ea6d:23208cfd] 在状态(user_syn),收到事件(0x0000000a:11)
[2016-07-05 18:00:04 017 b38700] [0x0000ea6d:23208cfd] 在状态(user_syn),收到事件(0x0000000a:12)
[2016-07-05 18:00:04 208 b38700] [0x0000ea6d:23208cfd] 在状态(user_syn),收到事件(0x0000000a:13)
[2016-07-05 18:00:04 410 b38700] [0x0000ea6d:23208cfd] 在状态(user_syn),收到事件(0x0000000a:14)
[2016-07-05 18:00:04 613 b38700] [0x0000ea6d:23208cfd] 在状态(user_syn),收到事件(0x0000000a:15)
[2016-07-05 18:00:04 815 b38700] [0x0000ea6d:23208cfd] 在状态(user_syn),收到事件(0x0000000a:16)
[2016-07-05 18:00:04 816 b38700] [0x0000ea6d:23208cfd] 状态迁移(user_syn)---(0x0000000a:16)-->(reconnect?)
[2016-07-05 18:00:06 817 b38700] [0x0000ea6d:23208cfd] 在状态(reconnect?),收到事件(0x0000000b:1)
[2016-07-05 18:00:06 817 b38700] [0x0000ea6d:23208cfd] 状态迁移(reconnect?)---(0x0000000b:1)-->(user_syn)
[2016-07-05 18:00:07 029 b38700] [0x0000ea6d:23208cfd] 在状态(user_syn),收到事件(0x0000000a:1)
[2016-07-05 18:00:07 231 b38700] [0x0000ea6d:23208cfd] 在状态(user_syn),收到事件(0x0000000a:2)
[2016-07-05 18:00:07 433 b38700] [0x0000ea6d:23208cfd] 在状态(user_syn),收到事件(0x0000000a:3)
[2016-07-05 18:00:07 634 b38700] [0x0000ea6d:23208cfd] 在状态(user_syn),收到事件(0x0000000a:4)
[2016-07-05 18:00:07 836 b38700] [0x0000ea6d:23208cfd] 在状态(user_syn),收到事件(0x0000000a:5)
[2016-07-05 18:00:08 027 b38700] [0x0000ea6d:23208cfd] 在状态(user_syn),收到事件(0x0000000a:6)
[2016-07-05 18:00:08 229 b38700] [0x0000ea6d:23208cfd] 在状态(user_syn),收到事件(0x0000000a:7)
[2016-07-05 18:00:08 432 b38700] [0x0000ea6d:23208cfd] 在状态(user_syn),收到事件(0x0000000a:8)
[2016-07-05 18:00:08 633 b38700] [0x0000ea6d:23208cfd] 在状态(user_syn),收到事件(0x0000000a:9)
[2016-07-05 18:00:08 835 b38700] [0x0000ea6d:23208cfd] 在状态(user_syn),收到事件(0x0000000a:10)
[2016-07-05 18:00:09 026 b38700] [0x0000ea6d:23208cfd] 在状态(user_syn),收到事件(0x0000000a:11)
[2016-07-05 18:00:09 229 b38700] [0x0000ea6d:23208cfd] 在状态(user_syn),收到事件(0x0000000a:12)
[2016-07-05 18:00:09 431 b38700] [0x0000ea6d:23208cfd] 在状态(user_syn),收到事件(0x0000000a:13)
[2016-07-05 18:00:09 633 b38700] [0x0000ea6d:23208cfd] 在状态(user_syn),收到事件(0x0000000a:14)
[2016-07-05 18:00:09 835 b38700] [0x0000ea6d:23208cfd] 在状态(user_syn),收到事件(0x0000000a:15)
[2016-07-05 18:00:10 027 b38700] [0x0000ea6d:23208cfd] 在状态(user_syn),收到事件(0x0000000a:16)
[2016-07-05 18:00:10 027 b38700] [0x0000ea6d:23208cfd] 状态迁移(user_syn)---(0x0000000a:16)-->(reconnect?)
[2016-07-05 18:00:12 046 b38700] [0x0000ea6d:23208cfd] 在状态(reconnect?),收到事件(0x0000000b:1)
[2016-07-05 18:00:12 046 b38700] [0x0000ea6d:23208cfd] 状态迁移(reconnect?)---(0x0000000b:1)-->(user_syn)
[2016-07-05 18:00:12 247 b38700] [0x0000ea6d:23208cfd] 在状态(user_syn),收到事件(0x0000000a:1)
[2016-07-05 18:00:12 449 b38700] [0x0000ea6d:23208cfd] 在状态(user_syn),收到事件(0x0000000a:2)
[2016-07-05 18:00:12 652 b38700] [0x0000ea6d:23208cfd] 在状态(user_syn),收到事件(0x0000000a:3)
[2016-07-05 18:00:12 853 b38700] [0x0000ea6d:23208cfd] 在状态(user_syn),收到事件(0x0000000a:4)
[2016-07-05 18:00:13 045 b38700] [0x0000ea6d:23208cfd] 在状态(user_syn),收到事件(0x0000000a:5)
[2016-07-05 18:00:13 246 b38700] [0x0000ea6d:23208cfd] 在状态(user_syn),收到事件(0x0000000a:6)
[2016-07-05 18:00:13 448 b38700] [0x0000ea6d:23208cfd] 在状态(user_syn),收到事件(0x0000000a:7)
[2016-07-05 18:00:13 650 b38700] [0x0000ea6d:23208cfd] 在状态(user_syn),收到事件(0x0000000a:8)
[2016-07-05 18:00:13 852 b38700] [0x0000ea6d:23208cfd] 在状态(user_syn),收到事件(0x0000000a:9)
[2016-07-05 18:00:14 054 b38700] [0x0000ea6d:23208cfd] 在状态(user_syn),收到事件(0x0000000a:10)
[2016-07-05 18:00:14 255 b38700] [0x0000ea6d:23208cfd] 在状态(user_syn),收到事件(0x0000000a:11)
[2016-07-05 18:00:14 448 b38700] [0x0000ea6d:23208cfd] 在状态(user_syn),收到事件(0x0000000a:12)
[2016-07-05 18:00:14 649 b38700] [0x0000ea6d:23208cfd] 在状态(user_syn),收到事件(0x0000000a:13)
[2016-07-05 18:00:14 851 b38700] [0x0000ea6d:23208cfd] 在状态(user_syn),收到事件(0x0000000a:14)
[2016-07-05 18:00:15 053 b38700] [0x0000ea6d:23208cfd] 在状态(user_syn),收到事件(0x0000000a:15)
[2016-07-05 18:00:15 254 b38700] [0x0000ea6d:23208cfd] 在状态(user_syn),收到事件(0x0000000a:16)
[2016-07-05 18:00:15 255 b38700] [0x0000ea6d:23208cfd] 状态迁移(user_syn)---(0x0000000a:16)-->(reconnect?)
[2016-07-05 18:00:17 256 b38700] [0x0000ea6d:23208cfd] 在状态(reconnect?),收到事件(0x0000000b:1)
[2016-07-05 18:00:17 257 b38700] [0x0000ea6d:23208cfd] 状态迁移(reconnect?)---(0x0000000b:1)-->(user_syn)
[2016-07-05 18:00:17 469 b38700] [0x0000ea6d:23208cfd] 在状态(user_syn),收到事件(0x0000000a:1)
[2016-07-05 18:00:17 671 b38700] [0x0000ea6d:23208cfd] 在状态(user_syn),收到事件(0x0000000a:2)
[2016-07-05 18:00:17 872 b38700] [0x0000ea6d:23208cfd] 在状态(user_syn),收到事件(0x0000000a:3)
[2016-07-05 18:00:18 074 b38700] [0x0000ea6d:23208cfd] 在状态(user_syn),收到事件(0x0000000a:4)
[2016-07-05 18:00:18 265 b38700] [0x0000ea6d:23208cfd] 在状态(user_syn),收到事件(0x0000000a:5)
[2016-07-05 18:00:18 466 b38700] [0x0000ea6d:23208cfd] 在状态(user_syn),收到事件(0x0000000a:6)
[2016-07-05 18:00:18 668 b38700] [0x0000ea6d:23208cfd] 在状态(user_syn),收到事件(0x0000000a:7)
[2016-07-05 18:00:18 869 b38700] [0x0000ea6d:23208cfd] 在状态(user_syn),收到事件(0x0000000a:8)
[2016-07-05 18:00:19 071 b38700] [0x0000ea6d:23208cfd] 在状态(user_syn),收到事件(0x0000000a:9)
[2016-07-05 18:00:19 272 b38700] [0x0000ea6d:23208cfd] 在状态(user_syn),收到事件(0x0000000a:10)
[2016-07-05 18:00:19 464 b38700] [0x0000ea6d:23208cfd] 在状态(user_syn),收到事件(0x0000000a:11)
[2016-07-05 18:00:19 667 b38700] [0x0000ea6d:23208cfd] 在状态(user_syn),收到事件(0x0000000a:12)
[2016-07-05 18:00:19 868 b38700] [0x0000ea6d:23208cfd] 在状态(user_syn),收到事件(0x0000000a:13)
[2016-07-05 18:00:20 070 b38700] [0x0000ea6d:23208cfd] 在状态(user_syn),收到事件(0x0000000a:14)
[2016-07-05 18:00:20 271 b38700] [0x0000ea6d:23208cfd] 在状态(user_syn),收到事件(0x0000000a:15)
[2016-07-05 18:00:20 462 b38700] [0x0000ea6d:23208cfd] 在状态(user_syn),收到事件(0x0000000a:16)
[2016-07-05 18:00:20 462 b38700] [0x0000ea6d:23208cfd] 状态迁移(user_syn)---(0x0000000a:16)-->(reconnect?)
[2016-07-05 18:00:22 479 b38700] [0x0000ea6d:23208cfd] 在状态(reconnect?),收到事件(0x0000000b:1)
[2016-07-05 18:00:22 479 b38700] [0x0000ea6d:23208cfd] 状态迁移(reconnect?)---(0x0000000b:1)-->(user_syn)
[2016-07-05 18:00:22 680 b38700] [0x0000ea6d:23208cfd] 在状态(user_syn),收到事件(0x0000000a:1)
[2016-07-05 18:00:22 882 b38700] [0x0000ea6d:23208cfd] 在状态(user_syn),收到事件(0x0000000a:2)
[2016-07-05 18:00:23 084 b38700] [0x0000ea6d:23208cfd] 在状态(user_syn),收到事件(0x0000000a:3)
[2016-07-05 18:00:23 286 b38700] [0x0000ea6d:23208cfd] 在状态(user_syn),收到事件(0x0000000a:4)
[2016-07-05 18:00:23 488 b38700] [0x0000ea6d:23208cfd] 在状态(user_syn),收到事件(0x0000000a:5)
[2016-07-05 18:00:23 689 b38700] [0x0000ea6d:23208cfd] 在状态(user_syn),收到事件(0x0000000a:6)
[2016-07-05 18:00:23 891 b38700] [0x0000ea6d:23208cfd] 在状态(user_syn),收到事件(0x0000000a:7)
[2016-07-05 18:00:24 093 b38700] [0x0000ea6d:23208cfd] 在状态(user_syn),收到事件(0x0000000a:8)
[2016-07-05 18:00:24 285 b38700] [0x0000ea6d:23208cfd] 在状态(user_syn),收到事件(0x0000000a:9)
[2016-07-05 18:00:24 486 b38700] [0x0000ea6d:23208cfd] 在状态(user_syn),收到事件(0x0000000a:10)
[2016-07-05 18:00:24 689 b38700] [0x0000ea6d:23208cfd] 在状态(user_syn),收到事件(0x0000000a:11)
[2016-07-05 18:00:24 891 b38700] [0x0000ea6d:23208cfd] 在状态(user_syn),收到事件(0x0000000a:12)
[2016-07-05 18:00:25 083 b38700] [0x0000ea6d:23208cfd] 在状态(user_syn),收到事件(0x0000000a:13)
[2016-07-05 18:00:25 285 b38700] [0x0000ea6d:23208cfd] 在状态(user_syn),收到事件(0x0000000a:14)
[2016-07-05 18:00:25 487 b38700] [0x0000ea6d:23208cfd] 在状态(user_syn),收到事件(0x0000000a:15)
[2016-07-05 18:00:25 690 b38700] [0x0000ea6d:23208cfd] 在状态(user_syn),收到事件(0x0000000a:16)
[2016-07-05 18:00:25 690 b38700] [0x0000ea6d:23208cfd] 状态迁移(user_syn)---(0x0000000a:16)-->(reconnect?)
[2016-07-05 18:00:27 701 b38700] [0x0000ea6d:23208cfd] 在状态(reconnect?),收到事件(0x0000000b:1)
[2016-07-05 18:00:27 701 b38700] [0x0000ea6d:23208cfd] 状态迁移(reconnect?)---(0x0000000b:1)-->(user_syn)
[2016-07-05 18:00:27 903 b38700] [0x0000ea6d:23208cfd] 在状态(user_syn),收到事件(0x0000000a:1)
[2016-07-05 18:00:28 105 b38700] [0x0000ea6d:23208cfd] 在状态(user_syn),收到事件(0x0000000a:2)
[2016-07-05 18:00:28 307 b38700] [0x0000ea6d:23208cfd] 在状态(user_syn),收到事件(0x0000000a:3)
[2016-07-05 18:00:28 510 b38700] [0x0000ea6d:23208cfd] 在状态(user_syn),收到事件(0x0000000a:4)
[2016-07-05 18:00:28 711 b38700] [0x0000ea6d:23208cfd] 在状态(user_syn),收到事件(0x0000000a:5)
[2016-07-05 18:00:28 904 b38700] [0x0000ea6d:23208cfd] 在状态(user_syn),收到事件(0x0000000a:6)
[2016-07-05 18:00:29 106 b38700] [0x0000ea6d:23208cfd] 在状态(user_syn),收到事件(0x0000000a:7)
[2016-07-05 18:00:29 298 b38700] [0x0000ea6d:23208cfd] 在状态(user_syn),收到事件(0x0000000a:8)
[2016-07-05 18:00:29 500 b38700] [0x0000ea6d:23208cfd] 在状态(user_syn),收到事件(0x0000000a:9)
[2016-07-05 18:00:29 702 b38700] [0x0000ea6d:23208cfd] 在状态(user_syn),收到事件(0x0000000a:10)
[2016-07-05 18:00:29 905 b38700] [0x0000ea6d:23208cfd] 在状态(user_syn),收到事件(0x0000000a:11)
[2016-07-05 18:00:30 108 b38700] [0x0000ea6d:23208cfd] 在状态(user_syn),收到事件(0x0000000a:12)
[2016-07-05 18:00:30 301 b38700] [0x0000ea6d:23208cfd] 在状态(user_syn),收到事件(0x0000000a:13)
[2016-07-05 18:00:30 502 b38700] [0x0000ea6d:23208cfd] 在状态(user_syn),收到事件(0x0000000a:14)
[2016-07-05 18:00:30 706 b38700] [0x0000ea6d:23208cfd] 在状态(user_syn),收到事件(0x0000000a:15)
[2016-07-05 18:00:30 908 b38700] [0x0000ea6d:23208cfd] 在状态(user_syn),收到事件(0x0000000a:16)
[2016-07-05 18:00:30 909 b38700] [0x0000ea6d:23208cfd] 状态迁移(user_syn)---(0x0000000a:16)-->(reconnect?)
[2016-07-05 18:00:32 918 b38700] [0x0000ea6d:23208cfd] 在状态(reconnect?),收到事件(0x0000000b:1)
[2016-07-05 18:00:32 918 b38700] [0x0000ea6d:23208cfd] 状态迁移(reconnect?)---(0x0000000b:1)-->(user_syn)
[2016-07-05 18:00:33 120 b38700] [0x0000ea6d:23208cfd] 在状态(user_syn),收到事件(0x0000000a:1)
[2016-07-05 18:00:33 322 b38700] [0x0000ea6d:23208cfd] 在状态(user_syn),收到事件(0x0000000a:2)
[2016-07-05 18:00:33 524 b38700] [0x0000ea6d:23208cfd] 在状态(user_syn),收到事件(0x0000000a:3)
[2016-07-05 18:00:33 725 b38700] [0x0000ea6d:23208cfd] 在状态(user_syn),收到事件(0x0000000a:4)
[2016-07-05 18:00:33 917 b38700] [0x0000ea6d:23208cfd] 在状态(user_syn),收到事件(0x0000000a:5)
[2016-07-05 18:00:34 119 b38700] [0x0000ea6d:23208cfd] 在状态(user_syn),收到事件(0x0000000a:6)
[2016-07-05 18:00:34 320 b38700] [0x0000ea6d:23208cfd] 在状态(user_syn),收到事件(0x0000000a:7)
[2016-07-05 18:00:34 523 b38700] [0x0000ea6d:23208cfd] 在状态(user_syn),收到事件(0x0000000a:8)
[2016-07-05 18:00:34 725 b38700] [0x0000ea6d:23208cfd] 在状态(user_syn),收到事件(0x0000000a:9)
[2016-07-05 18:00:34 927 b38700] [0x0000ea6d:23208cfd] 在状态(user_syn),收到事件(0x0000000a:10)
[2016-07-05 18:00:35 120 b38700] [0x0000ea6d:23208cfd] 在状态(user_syn),收到事件(0x0000000a:11)
[2016-07-05 18:00:35 322 b38700] [0x0000ea6d:23208cfd] 在状态(user_syn),收到事件(0x0000000a:12)
[2016-07-05 18:00:35 525 b38700] [0x0000ea6d:23208cfd] 在状态(user_syn),收到事件(0x0000000a:13)
[2016-07-05 18:00:35 717 b38700] [0x0000ea6d:23208cfd] 在状态(user_syn),收到事件(0x0000000a:14)
[2016-07-05 18:00:35 920 b38700] [0x0000ea6d:23208cfd] 在状态(user_syn),收到事件(0x0000000a:15)
[2016-07-05 18:00:36 123 b38700] [0x0000ea6d:23208cfd] 在状态(user_syn),收到事件(0x0000000a:16)
[2016-07-05 18:00:36 123 b38700] [0x0000ea6d:23208cfd] 状态迁移(user_syn)---(0x0000000a:16)-->(reconnect?)
[2016-07-05 18:00:38 137 b38700] [0x0000ea6d:23208cfd] 在状态(reconnect?),收到事件(0x0000000b:1)
[2016-07-05 18:00:38 138 b38700] [0x0000ea6d:23208cfd] 状态迁移(reconnect?)---(0x0000000b:1)-->(user_syn)
[2016-07-05 18:00:38 340 b38700] [0x0000ea6d:23208cfd] 在状态(user_syn),收到事件(0x0000000a:1)
[2016-07-05 18:00:38 542 b38700] [0x0000ea6d:23208cfd] 在状态(user_syn),收到事件(0x0000000a:2)
[2016-07-05 18:00:38 744 b38700] [0x0000ea6d:23208cfd] 在状态(user_syn),收到事件(0x0000000a:3)
[2016-07-05 18:00:38 946 b38700] [0x0000ea6d:23208cfd] 在状态(user_syn),收到事件(0x0000000a:4)
[2016-07-05 18:00:39 138 b38700] [0x0000ea6d:23208cfd] 在状态(user_syn),收到事件(0x0000000a:5)
[2016-07-05 18:00:39 341 b38700] [0x0000ea6d:23208cfd] 在状态(user_syn),收到事件(0x0000000a:6)
[2016-07-05 18:00:39 533 b38700] [0x0000ea6d:23208cfd] 在状态(user_syn),收到事件(0x0000000a:7)
[2016-07-05 18:00:39 736 b38700] [0x0000ea6d:23208cfd] 在状态(user_syn),收到事件(0x0000000a:8)
[2016-07-05 18:00:39 939 b38700] [0x0000ea6d:23208cfd] 在状态(user_syn),收到事件(0x0000000a:9)
[2016-07-05 18:00:40 141 b38700] [0x0000ea6d:23208cfd] 在状态(user_syn),收到事件(0x0000000a:10)
[2016-07-05 18:00:40 334 b38700] [0x0000ea6d:23208cfd] 在状态(user_syn),收到事件(0x0000000a:11)
[2016-07-05 18:00:40 536 b38700] [0x0000ea6d:23208cfd] 在状态(user_syn),收到事件(0x0000000a:12)
[2016-07-05 18:00:40 738 b38700] [0x0000ea6d:23208cfd] 在状态(user_syn),收到事件(0x0000000a:13)
[2016-07-05 18:00:40 940 b38700] [0x0000ea6d:23208cfd] 在状态(user_syn),收到事件(0x0000000a:14)
[2016-07-05 18:00:41 133 b38700] [0x0000ea6d:23208cfd] 在状态(user_syn),收到事件(0x0000000a:15)
[2016-07-05 18:00:41 335 b38700] [0x0000ea6d:23208cfd] 在状态(user_syn),收到事件(0x0000000a:16)
[2016-07-05 18:00:41 335 b38700] [0x0000ea6d:23208cfd] 状态迁移(user_syn)---(0x0000000a:16)-->(reconnect?)
[2016-07-05 18:00:43 345 b38700] [0x0000ea6d:23208cfd] 在状态(reconnect?),收到事件(0x0000000b:1)
[2016-07-05 18:00:43 345 b38700] [0x0000ea6d:23208cfd] 状态迁移(reconnect?)---(0x0000000b:1)-->(user_syn)
[2016-07-05 18:00:43 557 b38700] [0x0000ea6d:23208cfd] 在状态(user_syn),收到事件(0x0000000a:1)
[2016-07-05 18:00:43 759 b38700] [0x0000ea6d:23208cfd] 在状态(user_syn),收到事件(0x0000000a:2)
[2016-07-05 18:00:43 962 b38700] [0x0000ea6d:23208cfd] 在状态(user_syn),收到事件(0x0000000a:3)
[2016-07-05 18:00:44 154 b38700] [0x0000ea6d:23208cfd] 在状态(user_syn),收到事件(0x0000000a:4)
[2016-07-05 18:00:44 357 b38700] [0x0000ea6d:23208cfd] 在状态(user_syn),收到事件(0x0000000a:5)
[2016-07-05 18:00:44 558 b38700] [0x0000ea6d:23208cfd] 在状态(user_syn),收到事件(0x0000000a:6)
[2016-07-05 18:00:44 761 b38700] [0x0000ea6d:23208cfd] 在状态(user_syn),收到事件(0x0000000a:7)
[2016-07-05 18:00:44 963 b38700] [0x0000ea6d:23208cfd] 在状态(user_syn),收到事件(0x0000000a:8)
[2016-07-05 18:00:45 154 b38700] [0x0000ea6d:23208cfd] 在状态(user_syn),收到事件(0x0000000a:9)
[2016-07-05 18:00:45 356 b38700] [0x0000ea6d:23208cfd] 在状态(user_syn),收到事件(0x0000000a:10)
[2016-07-05 18:00:45 558 b38700] [0x0000ea6d:23208cfd] 在状态(user_syn),收到事件(0x0000000a:11)
[2016-07-05 18:00:45 760 b38700] [0x0000ea6d:23208cfd] 在状态(user_syn),收到事件(0x0000000a:12)
[2016-07-05 18:00:45 951 b38700] [0x0000ea6d:23208cfd] 在状态(user_syn),收到事件(0x0000000a:13)
[2016-07-05 18:00:46 153 b38700] [0x0000ea6d:23208cfd] 在状态(user_syn),收到事件(0x0000000a:14)
[2016-07-05 18:00:46 355 b38700] [0x0000ea6d:23208cfd] 在状态(user_syn),收到事件(0x0000000a:15)
[2016-07-05 18:00:46 557 b38700] [0x0000ea6d:23208cfd] 在状态(user_syn),收到事件(0x0000000a:16)
[2016-07-05 18:00:46 557 b38700] [0x0000ea6d:23208cfd] 状态迁移(user_syn)---(0x0000000a:16)-->(reconnect?)
[2016-07-05 18:00:48 566 b38700] [0x0000ea6d:23208cfd] 在状态(reconnect?),收到事件(0x0000000b:1)
[2016-07-05 18:00:48 566 b38700] [0x0000ea6d:23208cfd] 状态迁移(reconnect?)---(0x0000000b:1)-->(user_syn)
[2016-07-05 18:00:48 778 b38700] [0x0000ea6d:23208cfd] 在状态(user_syn),收到事件(0x0000000a:1)
[2016-07-05 18:00:48 980 b38700] [0x0000ea6d:23208cfd] 在状态(user_syn),收到事件(0x0000000a:2)
[2016-07-05 18:00:49 181 b38700] [0x0000ea6d:23208cfd] 在状态(user_syn),收到事件(0x0000000a:3)
[2016-07-05 18:00:49 383 b38700] [0x0000ea6d:23208cfd] 在状态(user_syn),收到事件(0x0000000a:4)
[2016-07-05 18:00:49 575 b38700] [0x0000ea6d:23208cfd] 在状态(user_syn),收到事件(0x0000000a:5)
[2016-07-05 18:00:49 777 b38700] [0x0000ea6d:23208cfd] 在状态(user_syn),收到事件(0x0000000a:6)
[2016-07-05 18:00:49 978 b38700] [0x0000ea6d:23208cfd] 在状态(user_syn),收到事件(0x0000000a:7)
[2016-07-05 18:00:50 181 b38700] [0x0000ea6d:23208cfd] 在状态(user_syn),收到事件(0x0000000a:8)
[2016-07-05 18:00:50 382 b38700] [0x0000ea6d:23208cfd] 在状态(user_syn),收到事件(0x0000000a:9)
[2016-07-05 18:00:50 584 b38700] [0x0000ea6d:23208cfd] 在状态(user_syn),收到事件(0x0000000a:10)
[2016-07-05 18:00:50 786 b38700] [0x0000ea6d:23208cfd] 在状态(user_syn),收到事件(0x0000000a:11)
[2016-07-05 18:00:50 988 b38700] [0x0000ea6d:23208cfd] 在状态(user_syn),收到事件(0x0000000a:12)
[2016-07-05 18:00:51 189 b38700] [0x0000ea6d:23208cfd] 在状态(user_syn),收到事件(0x0000000a:13)
[2016-07-05 18:00:51 381 b38700] [0x0000ea6d:23208cfd] 在状态(user_syn),收到事件(0x0000000a:14)
[2016-07-05 18:00:51 583 b38700] [0x0000ea6d:23208cfd] 在状态(user_syn),收到事件(0x0000000a:15)
[2016-07-05 18:00:51 785 b38700] [0x0000ea6d:23208cfd] 在状态(user_syn),收到事件(0x0000000a:16)
[2016-07-05 18:00:51 785 b38700] [0x0000ea6d:23208cfd] 状态迁移(user_syn)---(0x0000000a:16)-->(reconnect?)
[2016-07-05 18:00:53 792 b38700] [0x0000ea6d:23208cfd] 在状态(reconnect?),收到事件(0x0000000b:1)
[2016-07-05 18:00:53 792 b38700] [0x0000ea6d:23208cfd] 状态迁移(reconnect?)---(0x0000000b:1)-->(user_syn)
[2016-07-05 18:00:53 004 b38700] [0x0000ea6d:23208cfd] 在状态(user_syn),收到事件(0x0000000a:1)
[2016-07-05 18:00:54 196 b38700] [0x0000ea6d:23208cfd] 在状态(user_syn),收到事件(0x0000000a:2)
[2016-07-05 18:00:54 399 b38700] [0x0000ea6d:23208cfd] 在状态(user_syn),收到事件(0x0000000a:3)
[2016-07-05 18:00:54 602 b38700] [0x0000ea6d:23208cfd] 在状态(user_syn),收到事件(0x0000000a:4)
[2016-07-05 18:00:54 804 b38700] [0x0000ea6d:23208cfd] 在状态(user_syn),收到事件(0x0000000a:5)
[2016-07-05 18:00:55 007 b38700] [0x0000ea6d:23208cfd] 在状态(user_syn),收到事件(0x0000000a:6)
[2016-07-05 18:00:55 209 b38700] [0x0000ea6d:23208cfd] 在状态(user_syn),收到事件(0x0000000a:7)
[2016-07-05 18:00:55 402 b38700] [0x0000ea6d:23208cfd] 在状态(user_syn),收到事件(0x0000000a:8)
[2016-07-05 18:00:55 605 b38700] [0x0000ea6d:23208cfd] 在状态(user_syn),收到事件(0x0000000a:9)
[2016-07-05 18:00:55 797 b38700] [0x0000ea6d:23208cfd] 在状态(user_syn),收到事件(0x0000000a:10)
[2016-07-05 18:00:55 999 b38700] [0x0000ea6d:23208cfd] 在状态(user_syn),收到事件(0x0000000a:11)
[2016-07-05 18:00:56 202 b38700] [0x0000ea6d:23208cfd] 在状态(user_syn),收到事件(0x0000000a:12)
[2016-07-05 18:00:56 404 b38700] [0x0000ea6d:23208cfd] 在状态(user_syn),收到事件(0x0000000a:13)
[2016-07-05 18:00:56 606 b38700] [0x0000ea6d:23208cfd] 在状态(user_syn),收到事件(0x0000000a:14)
[2016-07-05 18:00:56 808 b38700] [0x0000ea6d:23208cfd] 在状态(user_syn),收到事件(0x0000000a:15)
[2016-07-05 18:00:56 000 b38700] [0x0000ea6d:23208cfd] 在状态(user_syn),收到事件(0x0000000a:16)
[2016-07-05 18:00:56 001 b38700] [0x0000ea6d:23208cfd] 状态迁移(user_syn)---(0x0000000a:16)-->(reconnect?)
[2016-07-05 18:00:59 017 b38700] [0x0000ea6d:23208cfd] 在状态(reconnect?),收到事件(0x0000000b:1)
[2016-07-05 18:00:59 018 b38700] [0x0000ea6d:23208cfd] 状态迁移(reconnect?)---(0x0000000b:1)-->(user_syn)
[2016-07-05 18:00:59 219 b38700] [0x0000ea6d:23208cfd] 在状态(user_syn),收到事件(0x0000000a:1)
[2016-07-05 18:00:59 421 b38700] [0x0000ea6d:23208cfd] 在状态(user_syn),收到事件(0x0000000a:2)
[2016-07-05 18:00:59 623 b38700] [0x0000ea6d:23208cfd] 在状态(user_syn),收到事件(0x0000000a:3)
[2016-07-05 18:00:59 825 b38700] [0x0000ea6d:23208cfd] 在状态(user_syn),收到事件(0x0000000a:4)
[2016-07-05 18:01:00 016 b38700] [0x0000ea6d:23208cfd] 在状态(user_syn),收到事件(0x0000000a:5)
[2016-07-05 18:01:00 219 b38700] [0x0000ea6d:23208cfd] 在状态(user_syn),收到事件(0x0000000a:6)
[2016-07-05 18:01:00 421 b38700] [0x0000ea6d:23208cfd] 在状态(user_syn),收到事件(0x0000000a:7)
[2016-07-05 18:01:00 623 b38700] [0x0000ea6d:23208cfd] 在状态(user_syn),收到事件(0x0000000a:8)
[2016-07-05 18:01:00 825 b38700] [0x0000ea6d:23208cfd] 在状态(user_syn),收到事件(0x0000000a:9)
[2016-07-05 18:01:01 026 b38700] [0x0000ea6d:23208cfd] 在状态(user_syn),收到事件(0x0000000a:10)
[2016-07-05 18:01:01 228 b38700] [0x0000ea6d:23208cfd] 在状态(user_syn),收到事件(0x0000000a:11)
[2016-07-05 18:01:01 420 b38700] [0x0000ea6d:23208cfd] 在状态(user_syn),收到事件(0x0000000a:12)
[2016-07-05 18:01:01 622 b38700] [0x0000ea6d:23208cfd] 在状态(user_syn),收到事件(0x0000000a:13)
[2016-07-05 18:01:01 825 b38700] [0x0000ea6d:23208cfd] 在状态(user_syn),收到事件(0x0000000a:14)
[2016-07-05 18:01:02 027 b38700] [0x0000ea6d:23208cfd] 在状态(user_syn),收到事件(0x0000000a:15)
[2016-07-05 18:01:02 219 b38700] [0x0000ea6d:23208cfd] 在状态(user_syn),收到事件(0x0000000a:16)
[2016-07-05 18:01:02 219 b38700] [0x0000ea6d:23208cfd] 状态迁移(user_syn)---(0x0000000a:16)-->(reconnect?)
[2016-07-05 18:01:04 229 b38700] [0x0000ea6d:23208cfd] 在状态(reconnect?),收到事件(0x0000000b:1)
[2016-07-05 18:01:04 229 b38700] [0x0000ea6d:23208cfd] 状态迁移(reconnect?)---(0x0000000b:1)-->(user_syn)
[2016-07-05 18:01:04 441 b38700] [0x0000ea6d:23208cfd] 在状态(user_syn),收到事件(0x0000000a:1)
[2016-07-05 18:01:04 642 b38700] [0x0000ea6d:23208cfd] 在状态(user_syn),收到事件(0x0000000a:2)
[2016-07-05 18:01:04 844 b38700] [0x0000ea6d:23208cfd] 在状态(user_syn),收到事件(0x0000000a:3)
[2016-07-05 18:01:05 046 b38700] [0x0000ea6d:23208cfd] 在状态(user_syn),收到事件(0x0000000a:4)
[2016-07-05 18:01:05 248 b38700] [0x0000ea6d:23208cfd] 在状态(user_syn),收到事件(0x0000000a:5)
[2016-07-05 18:01:05 440 b38700] [0x0000ea6d:23208cfd] 在状态(user_syn),收到事件(0x0000000a:6)
[2016-07-05 18:01:05 642 b38700] [0x0000ea6d:23208cfd] 在状态(user_syn),收到事件(0x0000000a:7)
[2016-07-05 18:01:05 843 b38700] [0x0000ea6d:23208cfd] 在状态(user_syn),收到事件(0x0000000a:8)
[2016-07-05 18:01:06 045 b38700] [0x0000ea6d:23208cfd] 在状态(user_syn),收到事件(0x0000000a:9)
[2016-07-05 18:01:06 236 b38700] [0x0000ea6d:23208cfd] 在状态(user_syn),收到事件(0x0000000a:10)
[2016-07-05 18:01:06 438 b38700] [0x0000ea6d:23208cfd] 在状态(user_syn),收到事件(0x0000000a:11)
[2016-07-05 18:01:06 640 b38700] [0x0000ea6d:23208cfd] 在状态(user_syn),收到事件(0x0000000a:12)
[2016-07-05 18:01:06 842 b38700] [0x0000ea6d:23208cfd] 在状态(user_syn),收到事件(0x0000000a:13)
[2016-07-05 18:01:07 044 b38700] [0x0000ea6d:23208cfd] 在状态(user_syn),收到事件(0x0000000a:14)
[2016-07-05 18:01:07 246 b38700] [0x0000ea6d:23208cfd] 在状态(user_syn),收到事件(0x0000000a:15)
[2016-07-05 18:01:07 448 b38700] [0x0000ea6d:23208cfd] 在状态(user_syn),收到事件(0x0000000a:16)
[2016-07-05 18:01:07 448 b38700] [0x0000ea6d:23208cfd] 状态迁移(user_syn)---(0x0000000a:16)-->(reconnect?)
[2016-07-05 18:01:09 460 b38700] [0x0000ea6d:23208cfd] 在状态(reconnect?),收到事件(0x0000000b:1)
[2016-07-05 18:01:09 461 b38700] [0x0000ea6d:23208cfd] 状态迁移(reconnect?)---(0x0000000b:1)-->(user_syn)
[2016-07-05 18:01:09 662 b38700] [0x0000ea6d:23208cfd] 在状态(user_syn),收到事件(0x0000000a:1)
[2016-07-05 18:01:09 864 b38700] [0x0000ea6d:23208cfd] 在状态(user_syn),收到事件(0x0000000a:2)
[2016-07-05 18:01:10 055 b38700] [0x0000ea6d:23208cfd] 在状态(user_syn),收到事件(0x0000000a:3)
[2016-07-05 18:01:10 257 b38700] [0x0000ea6d:23208cfd] 在状态(user_syn),收到事件(0x0000000a:4)
[2016-07-05 18:01:10 459 b38700] [0x0000ea6d:23208cfd] 在状态(user_syn),收到事件(0x0000000a:5)
[2016-07-05 18:01:10 661 b38700] [0x0000ea6d:23208cfd] 在状态(user_syn),收到事件(0x0000000a:6)
[2016-07-05 18:01:10 862 b38700] [0x0000ea6d:23208cfd] 在状态(user_syn),收到事件(0x0000000a:7)
[2016-07-05 18:01:11 065 b38700] [0x0000ea6d:23208cfd] 在状态(user_syn),收到事件(0x0000000a:8)
[2016-07-05 18:01:11 267 b38700] [0x0000ea6d:23208cfd] 在状态(user_syn),收到事件(0x0000000a:9)
[2016-07-05 18:01:11 469 b38700] [0x0000ea6d:23208cfd] 在状态(user_syn),收到事件(0x0000000a:10)
[2016-07-05 18:01:11 671 b38700] [0x0000ea6d:23208cfd] 在状态(user_syn),收到事件(0x0000000a:11)
[2016-07-05 18:01:11 863 b38700] [0x0000ea6d:23208cfd] 在状态(user_syn),收到事件(0x0000000a:12)
[2016-07-05 18:01:12 065 b38700] [0x0000ea6d:23208cfd] 在状态(user_syn),收到事件(0x0000000a:13)
[2016-07-05 18:01:12 257 b38700] [0x0000ea6d:23208cfd] 在状态(user_syn),收到事件(0x0000000a:14)
[2016-07-05 18:01:12 459 b38700] [0x0000ea6d:23208cfd] 在状态(user_syn),收到事件(0x0000000a:15)
[2016-07-05 18:01:12 661 b38700] [0x0000ea6d:23208cfd] 在状态(user_syn),收到事件(0x0000000a:16)
[2016-07-05 18:01:12 661 b38700] [0x0000ea6d:23208cfd] 状态迁移(user_syn)---(0x0000000a:16)-->(reconnect?)
[2016-07-05 18:01:14 670 b38700] [0x0000ea6d:23208cfd] 在状态(reconnect?),收到事件(0x0000000b:1)
[2016-07-05 18:01:14 670 b38700] [0x0000ea6d:23208cfd] 状态迁移(reconnect?)---(0x0000000b:1)-->(user_syn)
[2016-07-05 18:01:14 882 b38700] [0x0000ea6d:23208cfd] 在状态(user_syn),收到事件(0x0000000a:1)
[2016-07-05 18:01:15 084 b38700] [0x0000ea6d:23208cfd] 在状态(user_syn),收到事件(0x0000000a:2)
[2016-07-05 18:01:15 286 b38700] [0x0000ea6d:23208cfd] 在状态(user_syn),收到事件(0x0000000a:3)
[2016-07-05 18:01:15 489 b38700] [0x0000ea6d:23208cfd] 在状态(user_syn),收到事件(0x0000000a:4)
[2016-07-05 18:01:15 691 b38700] [0x0000ea6d:23208cfd] 在状态(user_syn),收到事件(0x0000000a:5)
[2016-07-05 18:01:15 883 b38700] [0x0000ea6d:23208cfd] 在状态(user_syn),收到事件(0x0000000a:6)
[2016-07-05 18:01:16 084 b38700] [0x0000ea6d:23208cfd] 在状态(user_syn),收到事件(0x0000000a:7)
[2016-07-05 18:01:16 286 b38700] [0x0000ea6d:23208cfd] 在状态(user_syn),收到事件(0x0000000a:8)
[2016-07-05 18:01:16 478 b38700] [0x0000ea6d:23208cfd] 在状态(user_syn),收到事件(0x0000000a:9)
[2016-07-05 18:01:16 680 b38700] [0x0000ea6d:23208cfd] 在状态(user_syn),收到事件(0x0000000a:10)
[2016-07-05 18:01:16 882 b38700] [0x0000ea6d:23208cfd] 在状态(user_syn),收到事件(0x0000000a:11)
[2016-07-05 18:01:17 084 b38700] [0x0000ea6d:23208cfd] 在状态(user_syn),收到事件(0x0000000a:12)
[2016-07-05 18:01:17 286 b38700] [0x0000ea6d:23208cfd] 在状态(user_syn),收到事件(0x0000000a:13)
[2016-07-05 18:01:17 487 b38700] [0x0000ea6d:23208cfd] 在状态(user_syn),收到事件(0x0000000a:14)
[2016-07-05 18:01:17 688 b38700] [0x0000ea6d:23208cfd] 在状态(user_syn),收到事件(0x0000000a:15)
[2016-07-05 18:01:17 880 b38700] [0x0000ea6d:23208cfd] 在状态(user_syn),收到事件(0x0000000a:16)
[2016-07-05 18:01:17 880 b38700] [0x0000ea6d:23208cfd] 状态迁移(user_syn)---(0x0000000a:16)-->(reconnect?)
[2016-07-05 18:01:19 898 b38700] [0x0000ea6d:23208cfd] 在状态(reconnect?),收到事件(0x0000000b:1)
[2016-07-05 18:01:19 899 b38700] [0x0000ea6d:23208cfd] 状态迁移(reconnect?)---(0x0000000b:1)-->(user_syn)
[2016-07-05 18:01:20 101 b38700] [0x0000ea6d:23208cfd] 在状态(user_syn),收到事件(0x0000000a:1)
[2016-07-05 18:01:20 303 b38700] [0x0000ea6d:23208cfd] 在状态(user_syn),收到事件(0x0000000a:2)
[2016-07-05 18:01:20 495 b38700] [0x0000ea6d:23208cfd] 在状态(user_syn),收到事件(0x0000000a:3)
[2016-07-05 18:01:20 697 b38700] [0x0000ea6d:23208cfd] 在状态(user_syn),收到事件(0x0000000a:4)
[2016-07-05 18:01:20 899 b38700] [0x0000ea6d:23208cfd] 在状态(user_syn),收到事件(0x0000000a:5)
[2016-07-05 18:01:21 101 b38700] [0x0000ea6d:23208cfd] 在状态(user_syn),收到事件(0x0000000a:6)
[2016-07-05 18:01:21 302 b38700] [0x0000ea6d:23208cfd] 在状态(user_syn),收到事件(0x0000000a:7)
[2016-07-05 18:01:21 505 b38700] [0x0000ea6d:23208cfd] 在状态(user_syn),收到事件(0x0000000a:8)
[2016-07-05 18:01:21 708 b38700] [0x0000ea6d:23208cfd] 在状态(user_syn),收到事件(0x0000000a:9)
[2016-07-05 18:01:21 900 b38700] [0x0000ea6d:23208cfd] 在状态(user_syn),收到事件(0x0000000a:10)
[2016-07-05 18:01:22 102 b38700] [0x0000ea6d:23208cfd] 在状态(user_syn),收到事件(0x0000000a:11)
[2016-07-05 18:01:22 294 b38700] [0x0000ea6d:23208cfd] 在状态(user_syn),收到事件(0x0000000a:12)
[2016-07-05 18:01:22 496 b38700] [0x0000ea6d:23208cfd] 在状态(user_syn),收到事件(0x0000000a:13)
[2016-07-05 18:01:22 698 b38700] [0x0000ea6d:23208cfd] 在状态(user_syn),收到事件(0x0000000a:14)
[2016-07-05 18:01:22 900 b38700] [0x0000ea6d:23208cfd] 在状态(user_syn),收到事件(0x0000000a:15)
[2016-07-05 18:01:23 102 b38700] [0x0000ea6d:23208cfd] 在状态(user_syn),收到事件(0x0000000a:16)
[2016-07-05 18:01:23 102 b38700] [0x0000ea6d:23208cfd] 状态迁移(user_syn)---(0x0000000a:16)-->(reconnect?)
[2016-07-05 18:01:25 110 b38700] [0x0000ea6d:23208cfd] 在状态(reconnect?),收到事件(0x0000000b:1)
[2016-07-05 18:01:25 111 b38700] [0x0000ea6d:23208cfd] 状态迁移(reconnect?)---(0x0000000b:1)-->(user_syn)
[2016-07-05 18:01:25 322 b38700] [0x0000ea6d:23208cfd] 在状态(user_syn),收到事件(0x0000000a:1)
[2016-07-05 18:01:25 524 b38700] [0x0000ea6d:23208cfd] 在状态(user_syn),收到事件(0x0000000a:2)
[2016-07-05 18:01:25 715 b38700] [0x0000ea6d:23208cfd] 在状态(user_syn),收到事件(0x0000000a:3)
[2016-07-05 18:01:25 917 b38700] [0x0000ea6d:23208cfd] 在状态(user_syn),收到事件(0x0000000a:4)
[2016-07-05 18:01:26 120 b38700] [0x0000ea6d:23208cfd] 在状态(user_syn),收到事件(0x0000000a:5)
[2016-07-05 18:01:26 323 b38700] [0x0000ea6d:23208cfd] 在状态(user_syn),收到事件(0x0000000a:6)
[2016-07-05 18:01:26 524 b38700] [0x0000ea6d:23208cfd] 在状态(user_syn),收到事件(0x0000000a:7)
[2016-07-05 18:01:26 716 b38700] [0x0000ea6d:23208cfd] 在状态(user_syn),收到事件(0x0000000a:8)
[2016-07-05 18:01:26 918 b38700] [0x0000ea6d:23208cfd] 在状态(user_syn),收到事件(0x0000000a:9)
[2016-07-05 18:01:27 120 b38700] [0x0000ea6d:23208cfd] 在状态(user_syn),收到事件(0x0000000a:10)
[2016-07-05 18:01:27 322 b38700] [0x0000ea6d:23208cfd] 在状态(user_syn),收到事件(0x0000000a:11)
[2016-07-05 18:01:27 524 b38700] [0x0000ea6d:23208cfd] 在状态(user_syn),收到事件(0x0000000a:12)
[2016-07-05 18:01:27 716 b38700] [0x0000ea6d:23208cfd] 在状态(user_syn),收到事件(0x0000000a:13)
[2016-07-05 18:01:27 918 b38700] [0x0000ea6d:23208cfd] 在状态(user_syn),收到事件(0x0000000a:14)
[2016-07-05 18:01:28 120 b38700] [0x0000ea6d:23208cfd] 在状态(user_syn),收到事件(0x0000000a:15)
[2016-07-05 18:01:28 322 b38700] [0x0000ea6d:23208cfd] 在状态(user_syn),收到事件(0x0000000a:16)
[2016-07-05 18:01:28 323 b38700] [0x0000ea6d:23208cfd] 状态迁移(user_syn)---(0x0000000a:16)-->(reconnect?)
[2016-07-05 18:01:30 328 b38700] [0x0000ea6d:23208cfd] 在状态(reconnect?),收到事件(0x0000000b:1)
[2016-07-05 18:01:30 328 b38700] [0x0000ea6d:23208cfd] 状态迁移(reconnect?)---(0x0000000b:1)-->(user_syn)
[2016-07-05 18:01:30 540 b38700] [0x0000ea6d:23208cfd] 在状态(user_syn),收到事件(0x0000000a:1)
[2016-07-05 18:01:30 741 b38700] [0x0000ea6d:23208cfd] 在状态(user_syn),收到事件(0x0000000a:2)
[2016-07-05 18:01:30 943 b38700] [0x0000ea6d:23208cfd] 在状态(user_syn),收到事件(0x0000000a:3)
[2016-07-05 18:01:31 145 b38700] [0x0000ea6d:23208cfd] 在状态(user_syn),收到事件(0x0000000a:4)
[2016-07-05 18:01:31 348 b38700] [0x0000ea6d:23208cfd] 在状态(user_syn),收到事件(0x0000000a:5)
[2016-07-05 18:01:31 550 b38700] [0x0000ea6d:23208cfd] 在状态(user_syn),收到事件(0x0000000a:6)
[2016-07-05 18:01:31 752 b38700] [0x0000ea6d:23208cfd] 在状态(user_syn),收到事件(0x0000000a:7)
[2016-07-05 18:01:31 954 b38700] [0x0000ea6d:23208cfd] 在状态(user_syn),收到事件(0x0000000a:8)
[2016-07-05 18:01:32 155 b38700] [0x0000ea6d:23208cfd] 在状态(user_syn),收到事件(0x0000000a:9)
[2016-07-05 18:01:32 357 b38700] [0x0000ea6d:23208cfd] 在状态(user_syn),收到事件(0x0000000a:10)
[2016-07-05 18:01:32 539 b38700] [0x0000ea6d:23208cfd] 在状态(user_syn),收到事件(0x0000000a:11)
[2016-07-05 18:01:32 741 b38700] [0x0000ea6d:23208cfd] 在状态(user_syn),收到事件(0x0000000a:12)
[2016-07-05 18:01:32 942 b38700] [0x0000ea6d:23208cfd] 在状态(user_syn),收到事件(0x0000000a:13)
[2016-07-05 18:01:33 144 b38700] [0x0000ea6d:23208cfd] 在状态(user_syn),收到事件(0x0000000a:14)
[2016-07-05 18:01:33 346 b38700] [0x0000ea6d:23208cfd] 在状态(user_syn),收到事件(0x0000000a:15)
[2016-07-05 18:01:33 548 b38700] [0x0000ea6d:23208cfd] 在状态(user_syn),收到事件(0x0000000a:16)
[2016-07-05 18:01:33 548 b38700] [0x0000ea6d:23208cfd] 状态迁移(user_syn)---(0x0000000a:16)-->(reconnect?)
[2016-07-05 18:01:35 559 b38700] [0x0000ea6d:23208cfd] 在状态(reconnect?),收到事件(0x0000000b:1)
[2016-07-05 18:01:35 559 b38700] [0x0000ea6d:23208cfd] 状态迁移(reconnect?)---(0x0000000b:1)-->(user_syn)
[2016-07-05 18:01:35 771 b38700] [0x0000ea6d:23208cfd] 在状态(user_syn),收到事件(0x0000000a:1)
[2016-07-05 18:01:35 963 b38700] [0x0000ea6d:23208cfd] 在状态(user_syn),收到事件(0x0000000a:2)
[2016-07-05 18:01:36 167 b38700] [0x0000ea6d:23208cfd] 在状态(user_syn),收到事件(0x0000000a:3)
[2016-07-05 18:01:36 369 b38700] [0x0000ea6d:23208cfd] 在状态(user_syn),收到事件(0x0000000a:4)
[2016-07-05 18:01:36 571 b38700] [0x0000ea6d:23208cfd] 在状态(user_syn),收到事件(0x0000000a:5)
[2016-07-05 18:01:36 763 b38700] [0x0000ea6d:23208cfd] 在状态(user_syn),收到事件(0x0000000a:6)
[2016-07-05 18:01:36 965 b38700] [0x0000ea6d:23208cfd] 在状态(user_syn),收到事件(0x0000000a:7)
[2016-07-05 18:01:37 167 b38700] [0x0000ea6d:23208cfd] 在状态(user_syn),收到事件(0x0000000a:8)
[2016-07-05 18:01:37 369 b38700] [0x0000ea6d:23208cfd] 在状态(user_syn),收到事件(0x0000000a:9)
[2016-07-05 18:01:37 572 b38700] [0x0000ea6d:23208cfd] 在状态(user_syn),收到事件(0x0000000a:10)
[2016-07-05 18:01:37 773 b38700] [0x0000ea6d:23208cfd] 在状态(user_syn),收到事件(0x0000000a:11)
[2016-07-05 18:01:37 966 b38700] [0x0000ea6d:23208cfd] 在状态(user_syn),收到事件(0x0000000a:12)
[2016-07-05 18:01:38 167 b38700] [0x0000ea6d:23208cfd] 在状态(user_syn),收到事件(0x0000000a:13)
[2016-07-05 18:01:38 369 b38700] [0x0000ea6d:23208cfd] 在状态(user_syn),收到事件(0x0000000a:14)
[2016-07-05 18:01:38 571 b38700] [0x0000ea6d:23208cfd] 在状态(user_syn),收到事件(0x0000000a:15)
[2016-07-05 18:01:38 763 b38700] [0x0000ea6d:23208cfd] 在状态(user_syn),收到事件(0x0000000a:16)
[2016-07-05 18:01:38 763 b38700] [0x0000ea6d:23208cfd] 状态迁移(user_syn)---(0x0000000a:16)-->(reconnect?)
[2016-07-05 18:01:40 774 b38700] [0x0000ea6d:23208cfd] 在状态(reconnect?),收到事件(0x0000000b:1)
[2016-07-05 18:01:40 774 b38700] [0x0000ea6d:23208cfd] 状态迁移(reconnect?)---(0x0000000b:1)-->(user_syn)
[2016-07-05 18:01:40 985 b38700] [0x0000ea6d:23208cfd] 在状态(user_syn),收到事件(0x0000000a:1)
[2016-07-05 18:01:41 187 b38700] [0x0000ea6d:23208cfd] 在状态(user_syn),收到事件(0x0000000a:2)
[2016-07-05 18:01:41 388 b38700] [0x0000ea6d:23208cfd] 在状态(user_syn),收到事件(0x0000000a:3)
[2016-07-05 18:01:41 590 b38700] [0x0000ea6d:23208cfd] 在状态(user_syn),收到事件(0x0000000a:4)
[2016-07-05 18:01:41 793 b38700] [0x0000ea6d:23208cfd] 在状态(user_syn),收到事件(0x0000000a:5)
[2016-07-05 18:01:41 995 b38700] [0x0000ea6d:23208cfd] 在状态(user_syn),收到事件(0x0000000a:6)
[2016-07-05 18:01:42 196 b38700] [0x0000ea6d:23208cfd] 在状态(user_syn),收到事件(0x0000000a:7)
[2016-07-05 18:01:42 399 b38700] [0x0000ea6d:23208cfd] 在状态(user_syn),收到事件(0x0000000a:8)
[2016-07-05 18:01:42 601 b38700] [0x0000ea6d:23208cfd] 在状态(user_syn),收到事件(0x0000000a:9)
[2016-07-05 18:01:42 793 b38700] [0x0000ea6d:23208cfd] 在状态(user_syn),收到事件(0x0000000a:10)
[2016-07-05 18:01:42 984 b38700] [0x0000ea6d:23208cfd] 在状态(user_syn),收到事件(0x0000000a:11)
[2016-07-05 18:01:43 187 b38700] [0x0000ea6d:23208cfd] 在状态(user_syn),收到事件(0x0000000a:12)
[2016-07-05 18:01:43 388 b38700] [0x0000ea6d:23208cfd] 在状态(user_syn),收到事件(0x0000000a:13)
[2016-07-05 18:01:43 589 b38700] [0x0000ea6d:23208cfd] 在状态(user_syn),收到事件(0x0000000a:14)
[2016-07-05 18:01:43 791 b38700] [0x0000ea6d:23208cfd] 在状态(user_syn),收到事件(0x0000000a:15)
[2016-07-05 18:01:43 993 b38700] [0x0000ea6d:23208cfd] 在状态(user_syn),收到事件(0x0000000a:16)
[2016-07-05 18:01:43 993 b38700] [0x0000ea6d:23208cfd] 状态迁移(user_syn)---(0x0000000a:16)-->(reconnect?)
[2016-07-05 18:01:45 002 b38700] [0x0000ea6d:23208cfd] 在状态(reconnect?),收到事件(0x0000000b:1)
[2016-07-05 18:01:45 002 b38700] [0x0000ea6d:23208cfd] 状态迁移(reconnect?)---(0x0000000b:1)-->(user_syn)
[2016-07-05 18:01:46 214 b38700] [0x0000ea6d:23208cfd] 在状态(user_syn),收到事件(0x0000000a:1)
[2016-07-05 18:01:46 417 b38700] [0x0000ea6d:23208cfd] 在状态(user_syn),收到事件(0x0000000a:2)
[2016-07-05 18:01:46 619 b38700] [0x0000ea6d:23208cfd] 在状态(user_syn),收到事件(0x0000000a:3)
[2016-07-05 18:01:46 810 b38700] [0x0000ea6d:23208cfd] 在状态(user_syn),收到事件(0x0000000a:4)
[2016-07-05 18:01:47 012 b38700] [0x0000ea6d:23208cfd] 在状态(user_syn),收到事件(0x0000000a:5)
[2016-07-05 18:01:47 204 b38700] [0x0000ea6d:23208cfd] 在状态(user_syn),收到事件(0x0000000a:6)
[2016-07-05 18:01:47 405 b38700] [0x0000ea6d:23208cfd] 在状态(user_syn),收到事件(0x0000000a:7)
[2016-07-05 18:01:47 607 b38700] [0x0000ea6d:23208cfd] 在状态(user_syn),收到事件(0x0000000a:8)
[2016-07-05 18:01:47 808 b38700] [0x0000ea6d:23208cfd] 在状态(user_syn),收到事件(0x0000000a:9)
[2016-07-05 18:01:48 010 b38700] [0x0000ea6d:23208cfd] 在状态(user_syn),收到事件(0x0000000a:10)
[2016-07-05 18:01:48 212 b38700] [0x0000ea6d:23208cfd] 在状态(user_syn),收到事件(0x0000000a:11)
[2016-07-05 18:01:48 414 b38700] [0x0000ea6d:23208cfd] 在状态(user_syn),收到事件(0x0000000a:12)
[2016-07-05 18:01:48 616 b38700] [0x0000ea6d:23208cfd] 在状态(user_syn),收到事件(0x0000000a:13)
[2016-07-05 18:01:48 818 b38700] [0x0000ea6d:23208cfd] 在状态(user_syn),收到事件(0x0000000a:14)
[2016-07-05 18:01:49 021 b38700] [0x0000ea6d:23208cfd] 在状态(user_syn),收到事件(0x0000000a:15)
[2016-07-05 18:01:49 213 b38700] [0x0000ea6d:23208cfd] 在状态(user_syn),收到事件(0x0000000a:16)
[2016-07-05 18:01:49 213 b38700] [0x0000ea6d:23208cfd] 状态迁移(user_syn)---(0x0000000a:16)-->(reconnect?)
[2016-07-05 18:01:51 232 b38700] [0x0000ea6d:23208cfd] 在状态(reconnect?),收到事件(0x0000000b:1)
[2016-07-05 18:01:51 232 b38700] [0x0000ea6d:23208cfd] 状态迁移(reconnect?)---(0x0000000b:1)-->(user_syn)
[2016-07-05 18:01:51 434 b38700] [0x0000ea6d:23208cfd] 在状态(user_syn),收到事件(0x0000000a:1)
[2016-07-05 18:01:51 636 b38700] [0x0000ea6d:23208cfd] 在状态(user_syn),收到事件(0x0000000a:2)
[2016-07-05 18:01:51 837 b38700] [0x0000ea6d:23208cfd] 在状态(user_syn),收到事件(0x0000000a:3)
[2016-07-05 18:01:52 039 b38700] [0x0000ea6d:23208cfd] 在状态(user_syn),收到事件(0x0000000a:4)
[2016-07-05 18:01:52 240 b38700] [0x0000ea6d:23208cfd] 在状态(user_syn),收到事件(0x0000000a:5)
[2016-07-05 18:01:52 442 b38700] [0x0000ea6d:23208cfd] 在状态(user_syn),收到事件(0x0000000a:6)
[2016-07-05 18:01:52 644 b38700] [0x0000ea6d:23208cfd] 在状态(user_syn),收到事件(0x0000000a:7)
[2016-07-05 18:01:52 836 b38700] [0x0000ea6d:23208cfd] 在状态(user_syn),收到事件(0x0000000a:8)
[2016-07-05 18:01:53 038 b38700] [0x0000ea6d:23208cfd] 在状态(user_syn),收到事件(0x0000000a:9)
[2016-07-05 18:01:53 239 b38700] [0x0000ea6d:23208cfd] 在状态(user_syn),收到事件(0x0000000a:10)
[2016-07-05 18:01:53 441 b38700] [0x0000ea6d:23208cfd] 在状态(user_syn),收到事件(0x0000000a:11)
[2016-07-05 18:01:53 632 b38700] [0x0000ea6d:23208cfd] 在状态(user_syn),收到事件(0x0000000a:12)
[2016-07-05 18:01:53 835 b38700] [0x0000ea6d:23208cfd] 在状态(user_syn),收到事件(0x0000000a:13)
[2016-07-05 18:01:54 036 b38700] [0x0000ea6d:23208cfd] 在状态(user_syn),收到事件(0x0000000a:14)
[2016-07-05 18:01:54 238 b38700] [0x0000ea6d:23208cfd] 在状态(user_syn),收到事件(0x0000000a:15)
[2016-07-05 18:01:54 442 b38700] [0x0000ea6d:23208cfd] 在状态(user_syn),收到事件(0x0000000a:16)
[2016-07-05 18:01:54 442 b38700] [0x0000ea6d:23208cfd] 状态迁移(user_syn)---(0x0000000a:16)-->(reconnect?)
[2016-07-05 18:01:56 452 b38700] [0x0000ea6d:23208cfd] 在状态(reconnect?),收到事件(0x0000000b:1)
[2016-07-05 18:01:56 452 b38700] [0x0000ea6d:23208cfd] 状态迁移(reconnect?)---(0x0000000b:1)-->(user_syn)
[2016-07-05 18:01:56 664 b38700] [0x0000ea6d:23208cfd] 在状态(user_syn),收到事件(0x0000000a:1)
[2016-07-05 18:01:56 857 b38700] [0x0000ea6d:23208cfd] 在状态(user_syn),收到事件(0x0000000a:2)
[2016-07-05 18:01:57 058 b38700] [0x0000ea6d:23208cfd] 在状态(user_syn),收到事件(0x0000000a:3)
[2016-07-05 18:01:57 260 b38700] [0x0000ea6d:23208cfd] 在状态(user_syn),收到事件(0x0000000a:4)
[2016-07-05 18:01:57 462 b38700] [0x0000ea6d:23208cfd] 在状态(user_syn),收到事件(0x0000000a:5)
[2016-07-05 18:01:57 654 b38700] [0x0000ea6d:23208cfd] 在状态(user_syn),收到事件(0x0000000a:6)
[2016-07-05 18:01:57 856 b38700] [0x0000ea6d:23208cfd] 在状态(user_syn),收到事件(0x0000000a:7)
[2016-07-05 18:01:58 058 b38700] [0x0000ea6d:23208cfd] 在状态(user_syn),收到事件(0x0000000a:8)
[2016-07-05 18:01:58 260 b38700] [0x0000ea6d:23208cfd] 在状态(user_syn),收到事件(0x0000000a:9)
[2016-07-05 18:01:58 462 b38700] [0x0000ea6d:23208cfd] 在状态(user_syn),收到事件(0x0000000a:10)
[2016-07-05 18:01:58 664 b38700] [0x0000ea6d:23208cfd] 在状态(user_syn),收到事件(0x0000000a:11)
[2016-07-05 18:01:58 855 b38700] [0x0000ea6d:23208cfd] 在状态(user_syn),收到事件(0x0000000a:12)
[2016-07-05 18:01:59 057 b38700] [0x0000ea6d:23208cfd] 在状态(user_syn),收到事件(0x0000000a:13)
[2016-07-05 18:01:59 260 b38700] [0x0000ea6d:23208cfd] 在状态(user_syn),收到事件(0x0000000a:14)
[2016-07-05 18:01:59 462 b38700] [0x0000ea6d:23208cfd] 在状态(user_syn),收到事件(0x0000000a:15)
[2016-07-05 18:01:59 654 b38700] [0x0000ea6d:23208cfd] 在状态(user_syn),收到事件(0x0000000a:16)
[2016-07-05 18:01:59 655 b38700] [0x0000ea6d:23208cfd] 状态迁移(user_syn)---(0x0000000a:16)-->(reconnect?)
[2016-07-05 18:02:01 672 b38700] [0x0000ea6d:23208cfd] 在状态(reconnect?),收到事件(0x0000000b:1)
[2016-07-05 18:02:01 673 b38700] [0x0000ea6d:23208cfd] 状态迁移(reconnect?)---(0x0000000b:1)-->(user_syn)
[2016-07-05 18:02:01 874 b38700] [0x0000ea6d:23208cfd] 在状态(user_syn),收到事件(0x0000000a:1)
[2016-07-05 18:02:02 077 b38700] [0x0000ea6d:23208cfd] 在状态(user_syn),收到事件(0x0000000a:2)
[2016-07-05 18:02:02 279 b38700] [0x0000ea6d:23208cfd] 在状态(user_syn),收到事件(0x0000000a:3)
[2016-07-05 18:02:02 481 b38700] [0x0000ea6d:23208cfd] 在状态(user_syn),收到事件(0x0000000a:4)
[2016-07-05 18:02:02 673 b38700] [0x0000ea6d:23208cfd] 在状态(user_syn),收到事件(0x0000000a:5)
[2016-07-05 18:02:02 876 b38700] [0x0000ea6d:23208cfd] 在状态(user_syn),收到事件(0x0000000a:6)
[2016-07-05 18:02:03 078 b38700] [0x0000ea6d:23208cfd] 在状态(user_syn),收到事件(0x0000000a:7)
[2016-07-05 18:02:03 280 b38700] [0x0000ea6d:23208cfd] 在状态(user_syn),收到事件(0x0000000a:8)
[2016-07-05 18:02:03 483 b38700] [0x0000ea6d:23208cfd] 在状态(user_syn),收到事件(0x0000000a:9)
[2016-07-05 18:02:03 675 b38700] [0x0000ea6d:23208cfd] 在状态(user_syn),收到事件(0x0000000a:10)
[2016-07-05 18:02:03 876 b38700] [0x0000ea6d:23208cfd] 在状态(user_syn),收到事件(0x0000000a:11)
[2016-07-05 18:02:04 078 b38700] [0x0000ea6d:23208cfd] 在状态(user_syn),收到事件(0x0000000a:12)
[2016-07-05 18:02:04 280 b38700] [0x0000ea6d:23208cfd] 在状态(user_syn),收到事件(0x0000000a:13)
[2016-07-05 18:02:04 482 b38700] [0x0000ea6d:23208cfd] 在状态(user_syn),收到事件(0x0000000a:14)
[2016-07-05 18:02:04 674 b38700] [0x0000ea6d:23208cfd] 在状态(user_syn),收到事件(0x0000000a:15)
[2016-07-05 18:02:04 876 b38700] [0x0000ea6d:23208cfd] 在状态(user_syn),收到事件(0x0000000a:16)
[2016-07-05 18:02:04 876 b38700] [0x0000ea6d:23208cfd] 状态迁移(user_syn)---(0x0000000a:16)-->(reconnect?)
[2016-07-05 18:02:06 886 b38700] [0x0000ea6d:23208cfd] 在状态(reconnect?),收到事件(0x0000000b:1)
[2016-07-05 18:02:06 887 b38700] [0x0000ea6d:23208cfd] 状态迁移(reconnect?)---(0x0000000b:1)-->(user_syn)
[2016-07-05 18:02:07 099 b38700] [0x0000ea6d:23208cfd] 在状态(user_syn),收到事件(0x0000000a:1)
[2016-07-05 18:02:07 301 b38700] [0x0000ea6d:23208cfd] 在状态(user_syn),收到事件(0x0000000a:2)
[2016-07-05 18:02:07 493 b38700] [0x0000ea6d:23208cfd] 在状态(user_syn),收到事件(0x0000000a:3)
[2016-07-05 18:02:07 695 b38700] [0x0000ea6d:23208cfd] 在状态(user_syn),收到事件(0x0000000a:4)
[2016-07-05 18:02:07 897 b38700] [0x0000ea6d:23208cfd] 在状态(user_syn),收到事件(0x0000000a:5)
[2016-07-05 18:02:08 098 b38700] [0x0000ea6d:23208cfd] 在状态(user_syn),收到事件(0x0000000a:6)
[2016-07-05 18:02:08 299 b38700] [0x0000ea6d:23208cfd] 在状态(user_syn),收到事件(0x0000000a:7)
[2016-07-05 18:02:08 500 b38700] [0x0000ea6d:23208cfd] 在状态(user_syn),收到事件(0x0000000a:8)
[2016-07-05 18:02:08 692 b38700] [0x0000ea6d:23208cfd] 在状态(user_syn),收到事件(0x0000000a:9)
[2016-07-05 18:02:08 893 b38700] [0x0000ea6d:23208cfd] 在状态(user_syn),收到事件(0x0000000a:10)
[2016-07-05 18:02:09 095 b38700] [0x0000ea6d:23208cfd] 在状态(user_syn),收到事件(0x0000000a:11)
[2016-07-05 18:02:09 296 b38700] [0x0000ea6d:23208cfd] 在状态(user_syn),收到事件(0x0000000a:12)
[2016-07-05 18:02:09 498 b38700] [0x0000ea6d:23208cfd] 在状态(user_syn),收到事件(0x0000000a:13)
[2016-07-05 18:02:09 700 b38700] [0x0000ea6d:23208cfd] 在状态(user_syn),收到事件(0x0000000a:14)
[2016-07-05 18:02:09 901 b38700] [0x0000ea6d:23208cfd] 在状态(user_syn),收到事件(0x0000000a:15)
[2016-07-05 18:02:10 103 b38700] [0x0000ea6d:23208cfd] 在状态(user_syn),收到事件(0x0000000a:16)
[2016-07-05 18:02:10 103 b38700] [0x0000ea6d:23208cfd] 状态迁移(user_syn)---(0x0000000a:16)-->(reconnect?)
[2016-07-05 18:02:12 102 b38700] [0x0000ea6d:23208cfd] 在状态(reconnect?),收到事件(0x0000000b:1)
[2016-07-05 18:02:12 102 b38700] [0x0000ea6d:23208cfd] 状态迁移(reconnect?)---(0x0000000b:1)-->(user_syn)
[2016-07-05 18:02:12 313 b38700] [0x0000ea6d:23208cfd] 在状态(user_syn),收到事件(0x0000000a:1)
[2016-07-05 18:02:12 516 b38700] [0x0000ea6d:23208cfd] 在状态(user_syn),收到事件(0x0000000a:2)
[2016-07-05 18:02:12 718 b38700] [0x0000ea6d:23208cfd] 在状态(user_syn),收到事件(0x0000000a:3)
[2016-07-05 18:02:12 909 b38700] [0x0000ea6d:23208cfd] 在状态(user_syn),收到事件(0x0000000a:4)
[2016-07-05 18:02:13 112 b38700] [0x0000ea6d:23208cfd] 在状态(user_syn),收到事件(0x0000000a:5)
[2016-07-05 18:02:13 314 b38700] [0x0000ea6d:23208cfd] 在状态(user_syn),收到事件(0x0000000a:6)
[2016-07-05 18:02:13 515 b38700] [0x0000ea6d:23208cfd] 在状态(user_syn),收到事件(0x0000000a:7)
[2016-07-05 18:02:13 717 b38700] [0x0000ea6d:23208cfd] 在状态(user_syn),收到事件(0x0000000a:8)
[2016-07-05 18:02:13 919 b38700] [0x0000ea6d:23208cfd] 在状态(user_syn),收到事件(0x0000000a:9)
[2016-07-05 18:02:14 111 b38700] [0x0000ea6d:23208cfd] 在状态(user_syn),收到事件(0x0000000a:10)
[2016-07-05 18:02:14 313 b38700] [0x0000ea6d:23208cfd] 在状态(user_syn),收到事件(0x0000000a:11)
[2016-07-05 18:02:14 515 b38700] [0x0000ea6d:23208cfd] 在状态(user_syn),收到事件(0x0000000a:12)
[2016-07-05 18:02:14 717 b38700] [0x0000ea6d:23208cfd] 在状态(user_syn),收到事件(0x0000000a:13)
[2016-07-05 18:02:14 918 b38700] [0x0000ea6d:23208cfd] 在状态(user_syn),收到事件(0x0000000a:14)
[2016-07-05 18:02:15 110 b38700] [0x0000ea6d:23208cfd] 在状态(user_syn),收到事件(0x0000000a:15)
[2016-07-05 18:02:15 311 b38700] [0x0000ea6d:23208cfd] 在状态(user_syn),收到事件(0x0000000a:16)
[2016-07-05 18:02:15 311 b38700] [0x0000ea6d:23208cfd] 状态迁移(user_syn)---(0x0000000a:16)-->(reconnect?)
[2016-07-05 18:02:17 323 b38700] [0x0000ea6d:23208cfd] 在状态(reconnect?),收到事件(0x0000000b:1)
[2016-07-05 18:02:17 323 b38700] [0x0000ea6d:23208cfd] 状态迁移(reconnect?)---(0x0000000b:1)-->(user_syn)
[2016-07-05 18:02:17 535 b38700] [0x0000ea6d:23208cfd] 在状态(user_syn),收到事件(0x0000000a:1)
[2016-07-05 18:02:17 737 b38700] [0x0000ea6d:23208cfd] 在状态(user_syn),收到事件(0x0000000a:2)
[2016-07-05 18:02:17 929 b38700] [0x0000ea6d:23208cfd] 在状态(user_syn),收到事件(0x0000000a:3)
[2016-07-05 18:02:18 131 b38700] [0x0000ea6d:23208cfd] 在状态(user_syn),收到事件(0x0000000a:4)
[2016-07-05 18:02:18 334 b38700] [0x0000ea6d:23208cfd] 在状态(user_syn),收到事件(0x0000000a:5)
[2016-07-05 18:02:18 537 b38700] [0x0000ea6d:23208cfd] 在状态(user_syn),收到事件(0x0000000a:6)
[2016-07-05 18:02:18 740 b38700] [0x0000ea6d:23208cfd] 在状态(user_syn),收到事件(0x0000000a:7)
[2016-07-05 18:02:18 932 b38700] [0x0000ea6d:23208cfd] 在状态(user_syn),收到事件(0x0000000a:8)
[2016-07-05 18:02:19 135 b38700] [0x0000ea6d:23208cfd] 在状态(user_syn),收到事件(0x0000000a:9)
[2016-07-05 18:02:19 336 b38700] [0x0000ea6d:23208cfd] 在状态(user_syn),收到事件(0x0000000a:10)
[2016-07-05 18:02:19 538 b38700] [0x0000ea6d:23208cfd] 在状态(user_syn),收到事件(0x0000000a:11)
[2016-07-05 18:02:19 730 b38700] [0x0000ea6d:23208cfd] 在状态(user_syn),收到事件(0x0000000a:12)
[2016-07-05 18:02:19 933 b38700] [0x0000ea6d:23208cfd] 在状态(user_syn),收到事件(0x0000000a:13)
[2016-07-05 18:02:20 136 b38700] [0x0000ea6d:23208cfd] 在状态(user_syn),收到事件(0x0000000a:14)
[2016-07-05 18:02:20 338 b38700] [0x0000ea6d:23208cfd] 在状态(user_syn),收到事件(0x0000000a:15)
[2016-07-05 18:02:20 530 b38700] [0x0000ea6d:23208cfd] 在状态(user_syn),收到事件(0x0000000a:16)
[2016-07-05 18:02:20 530 b38700] [0x0000ea6d:23208cfd] 状态迁移(user_syn)---(0x0000000a:16)-->(reconnect?)
[2016-07-05 18:02:22 542 b38700] [0x0000ea6d:23208cfd] 在状态(reconnect?),收到事件(0x0000000b:1)
[2016-07-05 18:02:22 542 b38700] [0x0000ea6d:23208cfd] 状态迁移(reconnect?)---(0x0000000b:1)-->(user_syn)
[2016-07-05 18:02:22 753 b38700] [0x0000ea6d:23208cfd] 在状态(user_syn),收到事件(0x0000000a:1)
[2016-07-05 18:02:22 954 b38700] [0x0000ea6d:23208cfd] 在状态(user_syn),收到事件(0x0000000a:2)
[2016-07-05 18:02:23 146 b38700] [0x0000ea6d:23208cfd] 在状态(user_syn),收到事件(0x0000000a:3)
[2016-07-05 18:02:23 348 b38700] [0x0000ea6d:23208cfd] 在状态(user_syn),收到事件(0x0000000a:4)
[2016-07-05 18:02:23 549 b38700] [0x0000ea6d:23208cfd] 在状态(user_syn),收到事件(0x0000000a:5)
[2016-07-05 18:02:23 750 b38700] [0x0000ea6d:23208cfd] 在状态(user_syn),收到事件(0x0000000a:6)
[2016-07-05 18:02:23 952 b38700] [0x0000ea6d:23208cfd] 在状态(user_syn),收到事件(0x0000000a:7)
[2016-07-05 18:02:24 153 b38700] [0x0000ea6d:23208cfd] 在状态(user_syn),收到事件(0x0000000a:8)
[2016-07-05 18:02:24 355 b38700] [0x0000ea6d:23208cfd] 在状态(user_syn),收到事件(0x0000000a:9)
[2016-07-05 18:02:24 547 b38700] [0x0000ea6d:23208cfd] 在状态(user_syn),收到事件(0x0000000a:10)
[2016-07-05 18:02:24 748 b38700] [0x0000ea6d:23208cfd] 在状态(user_syn),收到事件(0x0000000a:11)
[2016-07-05 18:02:24 950 b38700] [0x0000ea6d:23208cfd] 在状态(user_syn),收到事件(0x0000000a:12)
[2016-07-05 18:02:25 152 b38700] [0x0000ea6d:23208cfd] 在状态(user_syn),收到事件(0x0000000a:13)
[2016-07-05 18:02:25 354 b38700] [0x0000ea6d:23208cfd] 在状态(user_syn),收到事件(0x0000000a:14)
[2016-07-05 18:02:25 555 b38700] [0x0000ea6d:23208cfd] 在状态(user_syn),收到事件(0x0000000a:15)
[2016-07-05 18:02:25 747 b38700] [0x0000ea6d:23208cfd] 在状态(user_syn),收到事件(0x0000000a:16)
[2016-07-05 18:02:25 748 b38700] [0x0000ea6d:23208cfd] 状态迁移(user_syn)---(0x0000000a:16)-->(reconnect?)
[2016-07-05 18:02:27 762 b38700] [0x0000ea6d:23208cfd] 在状态(reconnect?),收到事件(0x0000000b:1)
[2016-07-05 18:02:27 762 b38700] [0x0000ea6d:23208cfd] 状态迁移(reconnect?)---(0x0000000b:1)-->(user_syn)
[2016-07-05 18:02:27 965 b38700] [0x0000ea6d:23208cfd] 在状态(user_syn),收到事件(0x0000000a:1)
[2016-07-05 18:02:28 167 b38700] [0x0000ea6d:23208cfd] 在状态(user_syn),收到事件(0x0000000a:2)
[2016-07-05 18:02:28 370 b38700] [0x0000ea6d:23208cfd] 在状态(user_syn),收到事件(0x0000000a:3)
[2016-07-05 18:02:28 572 b38700] [0x0000ea6d:23208cfd] 在状态(user_syn),收到事件(0x0000000a:4)
[2016-07-05 18:02:28 774 b38700] [0x0000ea6d:23208cfd] 在状态(user_syn),收到事件(0x0000000a:5)
[2016-07-05 18:02:28 966 b38700] [0x0000ea6d:23208cfd] 在状态(user_syn),收到事件(0x0000000a:6)
[2016-07-05 18:02:29 168 b38700] [0x0000ea6d:23208cfd] 在状态(user_syn),收到事件(0x0000000a:7)
[2016-07-05 18:02:29 370 b38700] [0x0000ea6d:23208cfd] 在状态(user_syn),收到事件(0x0000000a:8)
[2016-07-05 18:02:29 571 b38700] [0x0000ea6d:23208cfd] 在状态(user_syn),收到事件(0x0000000a:9)
[2016-07-05 18:02:29 773 b38700] [0x0000ea6d:23208cfd] 在状态(user_syn),收到事件(0x0000000a:10)
[2016-07-05 18:02:29 974 b38700] [0x0000ea6d:23208cfd] 在状态(user_syn),收到事件(0x0000000a:11)
[2016-07-05 18:02:30 166 b38700] [0x0000ea6d:23208cfd] 在状态(user_syn),收到事件(0x0000000a:12)
[2016-07-05 18:02:30 368 b38700] [0x0000ea6d:23208cfd] 在状态(user_syn),收到事件(0x0000000a:13)
[2016-07-05 18:02:30 570 b38700] [0x0000ea6d:23208cfd] 在状态(user_syn),收到事件(0x0000000a:14)
[2016-07-05 18:02:30 771 b38700] [0x0000ea6d:23208cfd] 在状态(user_syn),收到事件(0x0000000a:15)
[2016-07-05 18:02:30 973 b38700] [0x0000ea6d:23208cfd] 在状态(user_syn),收到事件(0x0000000a:16)
[2016-07-05 18:02:30 974 b38700] [0x0000ea6d:23208cfd] 状态迁移(user_syn)---(0x0000000a:16)-->(reconnect?)
[2016-07-05 18:02:32 982 b38700] [0x0000ea6d:23208cfd] 在状态(reconnect?),收到事件(0x0000000b:1)
[2016-07-05 18:02:32 982 b38700] [0x0000ea6d:23208cfd] 状态迁移(reconnect?)---(0x0000000b:1)-->(user_syn)
[2016-07-05 18:02:33 195 b38700] [0x0000ea6d:23208cfd] 在状态(user_syn),收到事件(0x0000000a:1)
[2016-07-05 18:02:33 387 b38700] [0x0000ea6d:23208cfd] 在状态(user_syn),收到事件(0x0000000a:2)
[2016-07-05 18:02:33 589 b38700] [0x0000ea6d:23208cfd] 在状态(user_syn),收到事件(0x0000000a:3)
[2016-07-05 18:02:33 791 b38700] [0x0000ea6d:23208cfd] 在状态(user_syn),收到事件(0x0000000a:4)
[2016-07-05 18:02:33 993 b38700] [0x0000ea6d:23208cfd] 在状态(user_syn),收到事件(0x0000000a:5)
[2016-07-05 18:02:34 195 b38700] [0x0000ea6d:23208cfd] 在状态(user_syn),收到事件(0x0000000a:6)
[2016-07-05 18:02:34 386 b38700] [0x0000ea6d:23208cfd] 在状态(user_syn),收到事件(0x0000000a:7)
[2016-07-05 18:02:34 588 b38700] [0x0000ea6d:23208cfd] 在状态(user_syn),收到事件(0x0000000a:8)
[2016-07-05 18:02:34 790 b38700] [0x0000ea6d:23208cfd] 在状态(user_syn),收到事件(0x0000000a:9)
[2016-07-05 18:02:34 992 b38700] [0x0000ea6d:23208cfd] 在状态(user_syn),收到事件(0x0000000a:10)
[2016-07-05 18:02:35 195 b38700] [0x0000ea6d:23208cfd] 在状态(user_syn),收到事件(0x0000000a:11)
[2016-07-05 18:02:35 398 b38700] [0x0000ea6d:23208cfd] 在状态(user_syn),收到事件(0x0000000a:12)
[2016-07-05 18:02:35 589 b38700] [0x0000ea6d:23208cfd] 在状态(user_syn),收到事件(0x0000000a:13)
[2016-07-05 18:02:35 791 b38700] [0x0000ea6d:23208cfd] 在状态(user_syn),收到事件(0x0000000a:14)
[2016-07-05 18:02:35 994 b38700] [0x0000ea6d:23208cfd] 在状态(user_syn),收到事件(0x0000000a:15)
[2016-07-05 18:02:36 186 b38700] [0x0000ea6d:23208cfd] 在状态(user_syn),收到事件(0x0000000a:16)
[2016-07-05 18:02:36 186 b38700] [0x0000ea6d:23208cfd] 状态迁移(user_syn)---(0x0000000a:16)-->(reconnect?)
[2016-07-05 18:02:38 203 b38700] [0x0000ea6d:23208cfd] 在状态(reconnect?),收到事件(0x0000000b:1)
[2016-07-05 18:02:38 203 b38700] [0x0000ea6d:23208cfd] 状态迁移(reconnect?)---(0x0000000b:1)-->(user_syn)
[2016-07-05 18:02:38 415 b38700] [0x0000ea6d:23208cfd] 在状态(user_syn),收到事件(0x0000000a:1)
[2016-07-05 18:02:38 607 b38700] [0x0000ea6d:23208cfd] 在状态(user_syn),收到事件(0x0000000a:2)
[2016-07-05 18:02:38 810 b38700] [0x0000ea6d:23208cfd] 在状态(user_syn),收到事件(0x0000000a:3)
[2016-07-05 18:02:39 013 b38700] [0x0000ea6d:23208cfd] 在状态(user_syn),收到事件(0x0000000a:4)
[2016-07-05 18:02:39 205 b38700] [0x0000ea6d:23208cfd] 在状态(user_syn),收到事件(0x0000000a:5)
[2016-07-05 18:02:39 408 b38700] [0x0000ea6d:23208cfd] 在状态(user_syn),收到事件(0x0000000a:6)
[2016-07-05 18:02:39 610 b38700] [0x0000ea6d:23208cfd] 在状态(user_syn),收到事件(0x0000000a:7)
[2016-07-05 18:02:39 811 b38700] [0x0000ea6d:23208cfd] 在状态(user_syn),收到事件(0x0000000a:8)
[2016-07-05 18:02:40 013 b38700] [0x0000ea6d:23208cfd] 在状态(user_syn),收到事件(0x0000000a:9)
[2016-07-05 18:02:40 216 b38700] [0x0000ea6d:23208cfd] 在状态(user_syn),收到事件(0x0000000a:10)
[2016-07-05 18:02:40 408 b38700] [0x0000ea6d:23208cfd] 在状态(user_syn),收到事件(0x0000000a:11)
[2016-07-05 18:02:40 610 b38700] [0x0000ea6d:23208cfd] 在状态(user_syn),收到事件(0x0000000a:12)
[2016-07-05 18:02:40 812 b38700] [0x0000ea6d:23208cfd] 在状态(user_syn),收到事件(0x0000000a:13)
[2016-07-05 18:02:41 013 b38700] [0x0000ea6d:23208cfd] 在状态(user_syn),收到事件(0x0000000a:14)
[2016-07-05 18:02:41 205 b38700] [0x0000ea6d:23208cfd] 在状态(user_syn),收到事件(0x0000000a:15)
[2016-07-05 18:02:41 408 b38700] [0x0000ea6d:23208cfd] 在状态(user_syn),收到事件(0x0000000a:16)
[2016-07-05 18:02:41 408 b38700] [0x0000ea6d:23208cfd] 状态迁移(user_syn)---(0x0000000a:16)-->(reconnect?)
[2016-07-05 18:02:43 427 b38700] [0x0000ea6d:23208cfd] 在状态(reconnect?),收到事件(0x0000000b:1)
[2016-07-05 18:02:43 428 b38700] [0x0000ea6d:23208cfd] 状态迁移(reconnect?)---(0x0000000b:1)-->(user_syn)
[2016-07-05 18:02:43 630 b38700] [0x0000ea6d:23208cfd] 在状态(user_syn),收到事件(0x0000000a:1)
[2016-07-05 18:02:43 832 b38700] [0x0000ea6d:23208cfd] 在状态(user_syn),收到事件(0x0000000a:2)
[2016-07-05 18:02:44 034 b38700] [0x0000ea6d:23208cfd] 在状态(user_syn),收到事件(0x0000000a:3)
[2016-07-05 18:02:44 236 b38700] [0x0000ea6d:23208cfd] 在状态(user_syn),收到事件(0x0000000a:4)
[2016-07-05 18:02:44 438 b38700] [0x0000ea6d:23208cfd] 在状态(user_syn),收到事件(0x0000000a:5)
[2016-07-05 18:02:44 630 b38700] [0x0000ea6d:23208cfd] 在状态(user_syn),收到事件(0x0000000a:6)
[2016-07-05 18:02:44 832 b38700] [0x0000ea6d:23208cfd] 在状态(user_syn),收到事件(0x0000000a:7)
[2016-07-05 18:02:45 034 b38700] [0x0000ea6d:23208cfd] 在状态(user_syn),收到事件(0x0000000a:8)
[2016-07-05 18:02:45 237 b38700] [0x0000ea6d:23208cfd] 在状态(user_syn),收到事件(0x0000000a:9)
[2016-07-05 18:02:45 430 b38700] [0x0000ea6d:23208cfd] 在状态(user_syn),收到事件(0x0000000a:10)
[2016-07-05 18:02:45 632 b38700] [0x0000ea6d:23208cfd] 在状态(user_syn),收到事件(0x0000000a:11)
[2016-07-05 18:02:45 834 b38700] [0x0000ea6d:23208cfd] 在状态(user_syn),收到事件(0x0000000a:12)
[2016-07-05 18:02:46 036 b38700] [0x0000ea6d:23208cfd] 在状态(user_syn),收到事件(0x0000000a:13)
[2016-07-05 18:02:46 229 b38700] [0x0000ea6d:23208cfd] 在状态(user_syn),收到事件(0x0000000a:14)
[2016-07-05 18:02:46 431 b38700] [0x0000ea6d:23208cfd] 在状态(user_syn),收到事件(0x0000000a:15)
[2016-07-05 18:02:46 633 b38700] [0x0000ea6d:23208cfd] 在状态(user_syn),收到事件(0x0000000a:16)
[2016-07-05 18:02:46 634 b38700] [0x0000ea6d:23208cfd] 状态迁移(user_syn)---(0x0000000a:16)-->(reconnect?)
[2016-07-05 18:02:48 643 b38700] [0x0000ea6d:23208cfd] 在状态(reconnect?),收到事件(0x0000000b:1)
[2016-07-05 18:02:48 643 b38700] [0x0000ea6d:23208cfd] 状态迁移(reconnect?)---(0x0000000b:1)-->(user_syn)
[2016-07-05 18:02:48 855 b38700] [0x0000ea6d:23208cfd] 在状态(user_syn),收到事件(0x0000000a:1)
[2016-07-05 18:02:49 057 b38700] [0x0000ea6d:23208cfd] 在状态(user_syn),收到事件(0x0000000a:2)
[2016-07-05 18:02:49 249 b38700] [0x0000ea6d:23208cfd] 在状态(user_syn),收到事件(0x0000000a:3)
[2016-07-05 18:02:49 451 b38700] [0x0000ea6d:23208cfd] 在状态(user_syn),收到事件(0x0000000a:4)
[2016-07-05 18:02:49 653 b38700] [0x0000ea6d:23208cfd] 在状态(user_syn),收到事件(0x0000000a:5)
[2016-07-05 18:02:49 854 b38700] [0x0000ea6d:23208cfd] 在状态(user_syn),收到事件(0x0000000a:6)
[2016-07-05 18:02:50 056 b38700] [0x0000ea6d:23208cfd] 在状态(user_syn),收到事件(0x0000000a:7)
[2016-07-05 18:02:50 258 b38700] [0x0000ea6d:23208cfd] 在状态(user_syn),收到事件(0x0000000a:8)
[2016-07-05 18:02:50 450 b38700] [0x0000ea6d:23208cfd] 在状态(user_syn),收到事件(0x0000000a:9)
[2016-07-05 18:02:50 652 b38700] [0x0000ea6d:23208cfd] 在状态(user_syn),收到事件(0x0000000a:10)
[2016-07-05 18:02:50 854 b38700] [0x0000ea6d:23208cfd] 在状态(user_syn),收到事件(0x0000000a:11)
[2016-07-05 18:02:51 056 b38700] [0x0000ea6d:23208cfd] 在状态(user_syn),收到事件(0x0000000a:12)
[2016-07-05 18:02:51 257 b38700] [0x0000ea6d:23208cfd] 在状态(user_syn),收到事件(0x0000000a:13)
[2016-07-05 18:02:51 449 b38700] [0x0000ea6d:23208cfd] 在状态(user_syn),收到事件(0x0000000a:14)
[2016-07-05 18:02:51 651 b38700] [0x0000ea6d:23208cfd] 在状态(user_syn),收到事件(0x0000000a:15)
[2016-07-05 18:02:51 853 b38700] [0x0000ea6d:23208cfd] 在状态(user_syn),收到事件(0x0000000a:16)
[2016-07-05 18:02:51 853 b38700] [0x0000ea6d:23208cfd] 状态迁移(user_syn)---(0x0000000a:16)-->(reconnect?)
[2016-07-05 18:02:53 874 b38700] [0x0000ea6d:23208cfd] 在状态(reconnect?),收到事件(0x0000000b:1)
[2016-07-05 18:02:53 874 b38700] [0x0000ea6d:23208cfd] 状态迁移(reconnect?)---(0x0000000b:1)-->(user_syn)
[2016-07-05 18:02:54 076 b38700] [0x0000ea6d:23208cfd] 在状态(user_syn),收到事件(0x0000000a:1)
[2016-07-05 18:02:54 278 b38700] [0x0000ea6d:23208cfd] 在状态(user_syn),收到事件(0x0000000a:2)
[2016-07-05 18:02:54 480 b38700] [0x0000ea6d:23208cfd] 在状态(user_syn),收到事件(0x0000000a:3)
[2016-07-05 18:02:54 673 b38700] [0x0000ea6d:23208cfd] 在状态(user_syn),收到事件(0x0000000a:4)
[2016-07-05 18:02:54 875 b38700] [0x0000ea6d:23208cfd] 在状态(user_syn),收到事件(0x0000000a:5)
[2016-07-05 18:02:55 076 b38700] [0x0000ea6d:23208cfd] 在状态(user_syn),收到事件(0x0000000a:6)
[2016-07-05 18:02:55 278 b38700] [0x0000ea6d:23208cfd] 在状态(user_syn),收到事件(0x0000000a:7)
[2016-07-05 18:02:55 480 b38700] [0x0000ea6d:23208cfd] 在状态(user_syn),收到事件(0x0000000a:8)
[2016-07-05 18:02:55 681 b38700] [0x0000ea6d:23208cfd] 在状态(user_syn),收到事件(0x0000000a:9)
[2016-07-05 18:02:55 884 b38700] [0x0000ea6d:23208cfd] 在状态(user_syn),收到事件(0x0000000a:10)
[2016-07-05 18:02:56 075 b38700] [0x0000ea6d:23208cfd] 在状态(user_syn),收到事件(0x0000000a:11)
[2016-07-05 18:02:56 278 b38700] [0x0000ea6d:23208cfd] 在状态(user_syn),收到事件(0x0000000a:12)
[2016-07-05 18:02:56 480 b38700] [0x0000ea6d:23208cfd] 在状态(user_syn),收到事件(0x0000000a:13)
[2016-07-05 18:02:56 682 b38700] [0x0000ea6d:23208cfd] 在状态(user_syn),收到事件(0x0000000a:14)
[2016-07-05 18:02:56 873 b38700] [0x0000ea6d:23208cfd] 在状态(user_syn),收到事件(0x0000000a:15)
[2016-07-05 18:02:57 076 b38700] [0x0000ea6d:23208cfd] 在状态(user_syn),收到事件(0x0000000a:16)
[2016-07-05 18:02:57 076 b38700] [0x0000ea6d:23208cfd] 状态迁移(user_syn)---(0x0000000a:16)-->(reconnect?)
[2016-07-05 18:02:59 087 b38700] [0x0000ea6d:23208cfd] 在状态(reconnect?),收到事件(0x0000000b:1)
[2016-07-05 18:02:59 088 b38700] [0x0000ea6d:23208cfd] 状态迁移(reconnect?)---(0x0000000b:1)-->(user_syn)
[2016-07-05 18:02:59 299 b38700] [0x0000ea6d:23208cfd] 在状态(user_syn),收到事件(0x0000000a:1)
[2016-07-05 18:02:59 501 b38700] [0x0000ea6d:23208cfd] 在状态(user_syn),收到事件(0x0000000a:2)
[2016-07-05 18:02:59 693 b38700] [0x0000ea6d:23208cfd] 在状态(user_syn),收到事件(0x0000000a:3)
[2016-07-05 18:02:59 895 b38700] [0x0000ea6d:23208cfd] 在状态(user_syn),收到事件(0x0000000a:4)
[2016-07-05 18:03:00 097 b38700] [0x0000ea6d:23208cfd] 在状态(user_syn),收到事件(0x0000000a:5)
[2016-07-05 18:03:00 299 b38700] [0x0000ea6d:23208cfd] 在状态(user_syn),收到事件(0x0000000a:6)
[2016-07-05 18:03:00 501 b38700] [0x0000ea6d:23208cfd] 在状态(user_syn),收到事件(0x0000000a:7)
[2016-07-05 18:03:00 693 b38700] [0x0000ea6d:23208cfd] 在状态(user_syn),收到事件(0x0000000a:8)
[2016-07-05 18:03:00 895 b38700] [0x0000ea6d:23208cfd] 在状态(user_syn),收到事件(0x0000000a:9)
[2016-07-05 18:03:01 098 b38700] [0x0000ea6d:23208cfd] 在状态(user_syn),收到事件(0x0000000a:10)
[2016-07-05 18:03:01 301 b38700] [0x0000ea6d:23208cfd] 在状态(user_syn),收到事件(0x0000000a:11)
[2016-07-05 18:03:01 494 b38700] [0x0000ea6d:23208cfd] 在状态(user_syn),收到事件(0x0000000a:12)
[2016-07-05 18:03:01 697 b38700] [0x0000ea6d:23208cfd] 在状态(user_syn),收到事件(0x0000000a:13)
[2016-07-05 18:03:01 899 b38700] [0x0000ea6d:23208cfd] 在状态(user_syn),收到事件(0x0000000a:14)
[2016-07-05 18:03:02 102 b38700] [0x0000ea6d:23208cfd] 在状态(user_syn),收到事件(0x0000000a:15)
[2016-07-05 18:03:02 294 b38700] [0x0000ea6d:23208cfd] 在状态(user_syn),收到事件(0x0000000a:16)
[2016-07-05 18:03:02 295 b38700] [0x0000ea6d:23208cfd] 状态迁移(user_syn)---(0x0000000a:16)-->(reconnect?)
[2016-07-05 18:03:04 305 b38700] [0x0000ea6d:23208cfd] 在状态(reconnect?),收到事件(0x0000000b:1)
[2016-07-05 18:03:04 305 b38700] [0x0000ea6d:23208cfd] 状态迁移(reconnect?)---(0x0000000b:1)-->(user_syn)
[2016-07-05 18:03:04 518 b38700] [0x0000ea6d:23208cfd] 在状态(user_syn),收到事件(0x0000000a:1)
[2016-07-05 18:03:04 720 b38700] [0x0000ea6d:23208cfd] 在状态(user_syn),收到事件(0x0000000a:2)
[2016-07-05 18:03:04 912 b38700] [0x0000ea6d:23208cfd] 在状态(user_syn),收到事件(0x0000000a:3)
[2016-07-05 18:03:05 115 b38700] [0x0000ea6d:23208cfd] 在状态(user_syn),收到事件(0x0000000a:4)
[2016-07-05 18:03:05 317 b38700] [0x0000ea6d:23208cfd] 在状态(user_syn),收到事件(0x0000000a:5)
[2016-07-05 18:03:05 519 b38700] [0x0000ea6d:23208cfd] 在状态(user_syn),收到事件(0x0000000a:6)
[2016-07-05 18:03:05 712 b38700] [0x0000ea6d:23208cfd] 在状态(user_syn),收到事件(0x0000000a:7)
[2016-07-05 18:03:05 914 b38700] [0x0000ea6d:23208cfd] 在状态(user_syn),收到事件(0x0000000a:8)
[2016-07-05 18:03:06 116 b38700] [0x0000ea6d:23208cfd] 在状态(user_syn),收到事件(0x0000000a:9)
[2016-07-05 18:03:06 318 b38700] [0x0000ea6d:23208cfd] 在状态(user_syn),收到事件(0x0000000a:10)
[2016-07-05 18:03:06 521 b38700] [0x0000ea6d:23208cfd] 在状态(user_syn),收到事件(0x0000000a:11)
[2016-07-05 18:03:06 714 b38700] [0x0000ea6d:23208cfd] 在状态(user_syn),收到事件(0x0000000a:12)
[2016-07-05 18:03:06 916 b38700] [0x0000ea6d:23208cfd] 在状态(user_syn),收到事件(0x0000000a:13)
[2016-07-05 18:03:07 119 b38700] [0x0000ea6d:23208cfd] 在状态(user_syn),收到事件(0x0000000a:14)
[2016-07-05 18:03:07 310 b38700] [0x0000ea6d:23208cfd] 在状态(user_syn),收到事件(0x0000000a:15)
[2016-07-05 18:03:07 513 b38700] [0x0000ea6d:23208cfd] 在状态(user_syn),收到事件(0x0000000a:16)
[2016-07-05 18:03:07 513 b38700] [0x0000ea6d:23208cfd] 状态迁移(user_syn)---(0x0000000a:16)-->(reconnect?)
[2016-07-05 18:03:09 526 b38700] [0x0000ea6d:23208cfd] 在状态(reconnect?),收到事件(0x0000000b:1)
[2016-07-05 18:03:09 527 b38700] [0x0000ea6d:23208cfd] 状态迁移(reconnect?)---(0x0000000b:1)-->(user_syn)
[2016-07-05 18:03:09 739 b38700] [0x0000ea6d:23208cfd] 在状态(user_syn),收到事件(0x0000000a:1)
[2016-07-05 18:03:09 941 b38700] [0x0000ea6d:23208cfd] 在状态(user_syn),收到事件(0x0000000a:2)
[2016-07-05 18:03:10 132 b38700] [0x0000ea6d:23208cfd] 在状态(user_syn),收到事件(0x0000000a:3)
[2016-07-05 18:03:10 335 b38700] [0x0000ea6d:23208cfd] 在状态(user_syn),收到事件(0x0000000a:4)
[2016-07-05 18:03:10 536 b38700] [0x0000ea6d:23208cfd] 在状态(user_syn),收到事件(0x0000000a:5)
[2016-07-05 18:03:10 739 b38700] [0x0000ea6d:23208cfd] 在状态(user_syn),收到事件(0x0000000a:6)
[2016-07-05 18:03:10 940 b38700] [0x0000ea6d:23208cfd] 在状态(user_syn),收到事件(0x0000000a:7)
[2016-07-05 18:03:11 132 b38700] [0x0000ea6d:23208cfd] 在状态(user_syn),收到事件(0x0000000a:8)
[2016-07-05 18:03:11 334 b38700] [0x0000ea6d:23208cfd] 在状态(user_syn),收到事件(0x0000000a:9)
[2016-07-05 18:03:11 536 b38700] [0x0000ea6d:23208cfd] 在状态(user_syn),收到事件(0x0000000a:10)
[2016-07-05 18:03:11 738 b38700] [0x0000ea6d:23208cfd] 在状态(user_syn),收到事件(0x0000000a:11)
[2016-07-05 18:03:11 939 b38700] [0x0000ea6d:23208cfd] 在状态(user_syn),收到事件(0x0000000a:12)
[2016-07-05 18:03:12 142 b38700] [0x0000ea6d:23208cfd] 在状态(user_syn),收到事件(0x0000000a:13)
[2016-07-05 18:03:12 333 b38700] [0x0000ea6d:23208cfd] 在状态(user_syn),收到事件(0x0000000a:14)
[2016-07-05 18:03:12 536 b38700] [0x0000ea6d:23208cfd] 在状态(user_syn),收到事件(0x0000000a:15)
[2016-07-05 18:03:12 738 b38700] [0x0000ea6d:23208cfd] 在状态(user_syn),收到事件(0x0000000a:16)
[2016-07-05 18:03:12 738 b38700] [0x0000ea6d:23208cfd] 状态迁移(user_syn)---(0x0000000a:16)-->(reconnect?)
[2016-07-05 18:03:14 750 b38700] [0x0000ea6d:23208cfd] 在状态(reconnect?),收到事件(0x0000000b:1)
[2016-07-05 18:03:14 750 b38700] [0x0000ea6d:23208cfd] 状态迁移(reconnect?)---(0x0000000b:1)-->(user_syn)
[2016-07-05 18:03:14 962 b38700] [0x0000ea6d:23208cfd] 在状态(user_syn),收到事件(0x0000000a:1)
[2016-07-05 18:03:15 153 b38700] [0x0000ea6d:23208cfd] 在状态(user_syn),收到事件(0x0000000a:2)
[2016-07-05 18:03:15 355 b38700] [0x0000ea6d:23208cfd] 在状态(user_syn),收到事件(0x0000000a:3)
[2016-07-05 18:03:15 557 b38700] [0x0000ea6d:23208cfd] 在状态(user_syn),收到事件(0x0000000a:4)
[2016-07-05 18:03:15 760 b38700] [0x0000ea6d:23208cfd] 在状态(user_syn),收到事件(0x0000000a:5)
[2016-07-05 18:03:15 962 b38700] [0x0000ea6d:23208cfd] 在状态(user_syn),收到事件(0x0000000a:6)
[2016-07-05 18:03:16 154 b38700] [0x0000ea6d:23208cfd] 在状态(user_syn),收到事件(0x0000000a:7)
[2016-07-05 18:03:16 356 b38700] [0x0000ea6d:23208cfd] 在状态(user_syn),收到事件(0x0000000a:8)
[2016-07-05 18:03:16 558 b38700] [0x0000ea6d:23208cfd] 在状态(user_syn),收到事件(0x0000000a:9)
[2016-07-05 18:03:16 759 b38700] [0x0000ea6d:23208cfd] 在状态(user_syn),收到事件(0x0000000a:10)
[2016-07-05 18:03:16 951 b38700] [0x0000ea6d:23208cfd] 在状态(user_syn),收到事件(0x0000000a:11)
[2016-07-05 18:03:17 153 b38700] [0x0000ea6d:23208cfd] 在状态(user_syn),收到事件(0x0000000a:12)
[2016-07-05 18:03:17 354 b38700] [0x0000ea6d:23208cfd] 在状态(user_syn),收到事件(0x0000000a:13)
[2016-07-05 18:03:17 556 b38700] [0x0000ea6d:23208cfd] 在状态(user_syn),收到事件(0x0000000a:14)
[2016-07-05 18:03:17 758 b38700] [0x0000ea6d:23208cfd] 在状态(user_syn),收到事件(0x0000000a:15)
[2016-07-05 18:03:17 959 b38700] [0x0000ea6d:23208cfd] 在状态(user_syn),收到事件(0x0000000a:16)
[2016-07-05 18:03:17 959 b38700] [0x0000ea6d:23208cfd] 状态迁移(user_syn)---(0x0000000a:16)-->(reconnect?)
[2016-07-05 18:03:19 971 b38700] [0x0000ea6d:23208cfd] 在状态(reconnect?),收到事件(0x0000000b:1)
[2016-07-05 18:03:19 971 b38700] [0x0000ea6d:23208cfd] 状态迁移(reconnect?)---(0x0000000b:1)-->(user_syn)
[2016-07-05 18:03:20 184 b38700] [0x0000ea6d:23208cfd] 在状态(user_syn),收到事件(0x0000000a:1)
[2016-07-05 18:03:20 376 b38700] [0x0000ea6d:23208cfd] 在状态(user_syn),收到事件(0x0000000a:2)
[2016-07-05 18:03:20 578 b38700] [0x0000ea6d:23208cfd] 在状态(user_syn),收到事件(0x0000000a:3)
[2016-07-05 18:03:20 780 b38700] [0x0000ea6d:23208cfd] 在状态(user_syn),收到事件(0x0000000a:4)
[2016-07-05 18:03:20 972 b38700] [0x0000ea6d:23208cfd] 在状态(user_syn),收到事件(0x0000000a:5)
[2016-07-05 18:03:21 173 b38700] [0x0000ea6d:23208cfd] 在状态(user_syn),收到事件(0x0000000a:6)
[2016-07-05 18:03:21 376 b38700] [0x0000ea6d:23208cfd] 在状态(user_syn),收到事件(0x0000000a:7)
[2016-07-05 18:03:21 578 b38700] [0x0000ea6d:23208cfd] 在状态(user_syn),收到事件(0x0000000a:8)
[2016-07-05 18:03:21 780 b38700] [0x0000ea6d:23208cfd] 在状态(user_syn),收到事件(0x0000000a:9)
[2016-07-05 18:03:21 982 b38700] [0x0000ea6d:23208cfd] 在状态(user_syn),收到事件(0x0000000a:10)
[2016-07-05 18:03:22 183 b38700] [0x0000ea6d:23208cfd] 在状态(user_syn),收到事件(0x0000000a:11)
[2016-07-05 18:03:22 375 b38700] [0x0000ea6d:23208cfd] 在状态(user_syn),收到事件(0x0000000a:12)
[2016-07-05 18:03:22 577 b38700] [0x0000ea6d:23208cfd] 在状态(user_syn),收到事件(0x0000000a:13)
[2016-07-05 18:03:22 778 b38700] [0x0000ea6d:23208cfd] 在状态(user_syn),收到事件(0x0000000a:14)
[2016-07-05 18:03:22 980 b38700] [0x0000ea6d:23208cfd] 在状态(user_syn),收到事件(0x0000000a:15)
[2016-07-05 18:03:23 183 b38700] [0x0000ea6d:23208cfd] 在状态(user_syn),收到事件(0x0000000a:16)
[2016-07-05 18:03:23 183 b38700] [0x0000ea6d:23208cfd] 状态迁移(user_syn)---(0x0000000a:16)-->(reconnect?)
[2016-07-05 18:03:25 193 b38700] [0x0000ea6d:23208cfd] 在状态(reconnect?),收到事件(0x0000000b:1)
[2016-07-05 18:03:25 193 b38700] [0x0000ea6d:23208cfd] 状态迁移(reconnect?)---(0x0000000b:1)-->(user_syn)
[2016-07-05 18:03:25 396 b38700] [0x0000ea6d:23208cfd] 在状态(user_syn),收到事件(0x0000000a:1)
[2016-07-05 18:03:25 599 b38700] [0x0000ea6d:23208cfd] 在状态(user_syn),收到事件(0x0000000a:2)
[2016-07-05 18:03:25 801 b38700] [0x0000ea6d:23208cfd] 在状态(user_syn),收到事件(0x0000000a:3)
[2016-07-05 18:03:25 004 b38700] [0x0000ea6d:23208cfd] 在状态(user_syn),收到事件(0x0000000a:4)
[2016-07-05 18:03:26 206 b38700] [0x0000ea6d:23208cfd] 在状态(user_syn),收到事件(0x0000000a:5)
[2016-07-05 18:03:26 398 b38700] [0x0000ea6d:23208cfd] 在状态(user_syn),收到事件(0x0000000a:6)
[2016-07-05 18:03:26 600 b38700] [0x0000ea6d:23208cfd] 在状态(user_syn),收到事件(0x0000000a:7)
[2016-07-05 18:03:26 802 b38700] [0x0000ea6d:23208cfd] 在状态(user_syn),收到事件(0x0000000a:8)
[2016-07-05 18:03:27 006 b38700] [0x0000ea6d:23208cfd] 在状态(user_syn),收到事件(0x0000000a:9)
[2016-07-05 18:03:27 198 b38700] [0x0000ea6d:23208cfd] 在状态(user_syn),收到事件(0x0000000a:10)
[2016-07-05 18:03:27 400 b38700] [0x0000ea6d:23208cfd] 在状态(user_syn),收到事件(0x0000000a:11)
[2016-07-05 18:03:27 604 b38700] [0x0000ea6d:23208cfd] 在状态(user_syn),收到事件(0x0000000a:12)
[2016-07-05 18:03:27 806 b38700] [0x0000ea6d:23208cfd] 在状态(user_syn),收到事件(0x0000000a:13)
[2016-07-05 18:03:27 998 b38700] [0x0000ea6d:23208cfd] 在状态(user_syn),收到事件(0x0000000a:14)
[2016-07-05 18:03:28 200 b38700] [0x0000ea6d:23208cfd] 在状态(user_syn),收到事件(0x0000000a:15)
[2016-07-05 18:03:28 404 b38700] [0x0000ea6d:23208cfd] 在状态(user_syn),收到事件(0x0000000a:16)
[2016-07-05 18:03:28 404 b38700] [0x0000ea6d:23208cfd] 状态迁移(user_syn)---(0x0000000a:16)-->(reconnect?)
[2016-07-05 18:03:30 413 b38700] [0x0000ea6d:23208cfd] 在状态(reconnect?),收到事件(0x0000000b:1)
[2016-07-05 18:03:30 414 b38700] [0x0000ea6d:23208cfd] 状态迁移(reconnect?)---(0x0000000b:1)-->(user_syn)
[2016-07-05 18:03:30 626 b38700] [0x0000ea6d:23208cfd] 在状态(user_syn),收到事件(0x0000000a:1)
[2016-07-05 18:03:30 818 b38700] [0x0000ea6d:23208cfd] 在状态(user_syn),收到事件(0x0000000a:2)
[2016-07-05 18:03:31 019 b38700] [0x0000ea6d:23208cfd] 在状态(user_syn),收到事件(0x0000000a:3)
[2016-07-05 18:03:31 222 b38700] [0x0000ea6d:23208cfd] 在状态(user_syn),收到事件(0x0000000a:4)
[2016-07-05 18:03:31 424 b38700] [0x0000ea6d:23208cfd] 在状态(user_syn),收到事件(0x0000000a:5)
[2016-07-05 18:03:31 617 b38700] [0x0000ea6d:23208cfd] 在状态(user_syn),收到事件(0x0000000a:6)
[2016-07-05 18:03:31 819 b38700] [0x0000ea6d:23208cfd] 在状态(user_syn),收到事件(0x0000000a:7)
[2016-07-05 18:03:32 021 b38700] [0x0000ea6d:23208cfd] 在状态(user_syn),收到事件(0x0000000a:8)
[2016-07-05 18:03:32 223 b38700] [0x0000ea6d:23208cfd] 在状态(user_syn),收到事件(0x0000000a:9)
[2016-07-05 18:03:32 425 b38700] [0x0000ea6d:23208cfd] 在状态(user_syn),收到事件(0x0000000a:10)
[2016-07-05 18:03:32 617 b38700] [0x0000ea6d:23208cfd] 在状态(user_syn),收到事件(0x0000000a:11)
[2016-07-05 18:03:32 818 b38700] [0x0000ea6d:23208cfd] 在状态(user_syn),收到事件(0x0000000a:12)
[2016-07-05 18:03:33 020 b38700] [0x0000ea6d:23208cfd] 在状态(user_syn),收到事件(0x0000000a:13)
[2016-07-05 18:03:33 222 b38700] [0x0000ea6d:23208cfd] 在状态(user_syn),收到事件(0x0000000a:14)
[2016-07-05 18:03:33 424 b38700] [0x0000ea6d:23208cfd] 在状态(user_syn),收到事件(0x0000000a:15)
[2016-07-05 18:03:33 626 b38700] [0x0000ea6d:23208cfd] 在状态(user_syn),收到事件(0x0000000a:16)
[2016-07-05 18:03:33 626 b38700] [0x0000ea6d:23208cfd] 状态迁移(user_syn)---(0x0000000a:16)-->(reconnect?)
[2016-07-05 18:03:35 636 b38700] [0x0000ea6d:23208cfd] 在状态(reconnect?),收到事件(0x0000000b:1)
[2016-07-05 18:03:35 636 b38700] [0x0000ea6d:23208cfd] 状态迁移(reconnect?)---(0x0000000b:1)-->(user_syn)
[2016-07-05 18:03:35 838 b38700] [0x0000ea6d:23208cfd] 在状态(user_syn),收到事件(0x0000000a:1)
[2016-07-05 18:03:36 039 b38700] [0x0000ea6d:23208cfd] 在状态(user_syn),收到事件(0x0000000a:2)
[2016-07-05 18:03:36 240 b38700] [0x0000ea6d:23208cfd] 在状态(user_syn),收到事件(0x0000000a:3)
[2016-07-05 18:03:36 442 b38700] [0x0000ea6d:23208cfd] 在状态(user_syn),收到事件(0x0000000a:4)
[2016-07-05 18:03:36 643 b38700] [0x0000ea6d:23208cfd] 在状态(user_syn),收到事件(0x0000000a:5)
[2016-07-05 18:03:36 845 b38700] [0x0000ea6d:23208cfd] 在状态(user_syn),收到事件(0x0000000a:6)
[2016-07-05 18:03:37 037 b38700] [0x0000ea6d:23208cfd] 在状态(user_syn),收到事件(0x0000000a:7)
[2016-07-05 18:03:37 240 b38700] [0x0000ea6d:23208cfd] 在状态(user_syn),收到事件(0x0000000a:8)
[2016-07-05 18:03:37 443 b38700] [0x0000ea6d:23208cfd] 在状态(user_syn),收到事件(0x0000000a:9)
[2016-07-05 18:03:37 645 b38700] [0x0000ea6d:23208cfd] 在状态(user_syn),收到事件(0x0000000a:10)
[2016-07-05 18:03:37 836 b38700] [0x0000ea6d:23208cfd] 在状态(user_syn),收到事件(0x0000000a:11)
[2016-07-05 18:03:38 037 b38700] [0x0000ea6d:23208cfd] 在状态(user_syn),收到事件(0x0000000a:12)
[2016-07-05 18:03:38 239 b38700] [0x0000ea6d:23208cfd] 在状态(user_syn),收到事件(0x0000000a:13)
[2016-07-05 18:03:38 440 b38700] [0x0000ea6d:23208cfd] 在状态(user_syn),收到事件(0x0000000a:14)
[2016-07-05 18:03:38 642 b38700] [0x0000ea6d:23208cfd] 在状态(user_syn),收到事件(0x0000000a:15)
[2016-07-05 18:03:38 843 b38700] [0x0000ea6d:23208cfd] 在状态(user_syn),收到事件(0x0000000a:16)
[2016-07-05 18:03:38 843 b38700] [0x0000ea6d:23208cfd] 状态迁移(user_syn)---(0x0000000a:16)-->(reconnect?)
[2016-07-05 18:03:40 853 b38700] [0x0000ea6d:23208cfd] 在状态(reconnect?),收到事件(0x0000000b:1)
[2016-07-05 18:03:40 853 b38700] [0x0000ea6d:23208cfd] 状态迁移(reconnect?)---(0x0000000b:1)-->(user_syn)
[2016-07-05 18:03:41 065 b38700] [0x0000ea6d:23208cfd] 在状态(user_syn),收到事件(0x0000000a:1)
[2016-07-05 18:03:41 266 b38700] [0x0000ea6d:23208cfd] 在状态(user_syn),收到事件(0x0000000a:2)
[2016-07-05 18:03:41 458 b38700] [0x0000ea6d:23208cfd] 在状态(user_syn),收到事件(0x0000000a:3)
[2016-07-05 18:03:41 660 b38700] [0x0000ea6d:23208cfd] 在状态(user_syn),收到事件(0x0000000a:4)
[2016-07-05 18:03:41 861 b38700] [0x0000ea6d:23208cfd] 在状态(user_syn),收到事件(0x0000000a:5)
[2016-07-05 18:03:42 063 b38700] [0x0000ea6d:23208cfd] 在状态(user_syn),收到事件(0x0000000a:6)
[2016-07-05 18:03:42 265 b38700] [0x0000ea6d:23208cfd] 在状态(user_syn),收到事件(0x0000000a:7)
[2016-07-05 18:03:42 456 b38700] [0x0000ea6d:23208cfd] 在状态(user_syn),收到事件(0x0000000a:8)
[2016-07-05 18:03:42 658 b38700] [0x0000ea6d:23208cfd] 在状态(user_syn),收到事件(0x0000000a:9)
[2016-07-05 18:03:42 860 b38700] [0x0000ea6d:23208cfd] 在状态(user_syn),收到事件(0x0000000a:10)
[2016-07-05 18:03:43 062 b38700] [0x0000ea6d:23208cfd] 在状态(user_syn),收到事件(0x0000000a:11)
[2016-07-05 18:03:43 264 b38700] [0x0000ea6d:23208cfd] 在状态(user_syn),收到事件(0x0000000a:12)
[2016-07-05 18:03:43 466 b38700] [0x0000ea6d:23208cfd] 在状态(user_syn),收到事件(0x0000000a:13)
[2016-07-05 18:03:43 668 b38700] [0x0000ea6d:23208cfd] 在状态(user_syn),收到事件(0x0000000a:14)
[2016-07-05 18:03:43 860 b38700] [0x0000ea6d:23208cfd] 在状态(user_syn),收到事件(0x0000000a:15)
[2016-07-05 18:03:44 062 b38700] [0x0000ea6d:23208cfd] 在状态(user_syn),收到事件(0x0000000a:16)
[2016-07-05 18:03:44 062 b38700] [0x0000ea6d:23208cfd] 状态迁移(user_syn)---(0x0000000a:16)-->(reconnect?)
[2016-07-05 18:03:46 071 b38700] [0x0000ea6d:23208cfd] 在状态(reconnect?),收到事件(0x0000000b:1)
[2016-07-05 18:03:46 072 b38700] [0x0000ea6d:23208cfd] 状态迁移(reconnect?)---(0x0000000b:1)-->(user_syn)
[2016-07-05 18:03:46 283 b38700] [0x0000ea6d:23208cfd] 在状态(user_syn),收到事件(0x0000000a:1)
[2016-07-05 18:03:46 484 b38700] [0x0000ea6d:23208cfd] 在状态(user_syn),收到事件(0x0000000a:2)
[2016-07-05 18:03:46 686 b38700] [0x0000ea6d:23208cfd] 在状态(user_syn),收到事件(0x0000000a:3)
[2016-07-05 18:03:46 888 b38700] [0x0000ea6d:23208cfd] 在状态(user_syn),收到事件(0x0000000a:4)
[2016-07-05 18:03:47 090 b38700] [0x0000ea6d:23208cfd] 在状态(user_syn),收到事件(0x0000000a:5)
[2016-07-05 18:03:47 283 b38700] [0x0000ea6d:23208cfd] 在状态(user_syn),收到事件(0x0000000a:6)
[2016-07-05 18:03:47 486 b38700] [0x0000ea6d:23208cfd] 在状态(user_syn),收到事件(0x0000000a:7)
[2016-07-05 18:03:47 689 b38700] [0x0000ea6d:23208cfd] 在状态(user_syn),收到事件(0x0000000a:8)
[2016-07-05 18:03:47 881 b38700] [0x0000ea6d:23208cfd] 在状态(user_syn),收到事件(0x0000000a:9)
[2016-07-05 18:03:48 083 b38700] [0x0000ea6d:23208cfd] 在状态(user_syn),收到事件(0x0000000a:10)
[2016-07-05 18:03:48 284 b38700] [0x0000ea6d:23208cfd] 在状态(user_syn),收到事件(0x0000000a:11)
[2016-07-05 18:03:48 486 b38700] [0x0000ea6d:23208cfd] 在状态(user_syn),收到事件(0x0000000a:12)
[2016-07-05 18:03:48 687 b38700] [0x0000ea6d:23208cfd] 在状态(user_syn),收到事件(0x0000000a:13)
[2016-07-05 18:03:48 888 b38700] [0x0000ea6d:23208cfd] 在状态(user_syn),收到事件(0x0000000a:14)
[2016-07-05 18:03:49 090 b38700] [0x0000ea6d:23208cfd] 在状态(user_syn),收到事件(0x0000000a:15)
[2016-07-05 18:03:49 281 b38700] [0x0000ea6d:23208cfd] 在状态(user_syn),收到事件(0x0000000a:16)
[2016-07-05 18:03:49 281 b38700] [0x0000ea6d:23208cfd] 状态迁移(user_syn)---(0x0000000a:16)-->(reconnect?)
[2016-07-05 18:03:51 296 b38700] [0x0000ea6d:23208cfd] 在状态(reconnect?),收到事件(0x0000000b:1)
[2016-07-05 18:03:51 296 b38700] [0x0000ea6d:23208cfd] 状态迁移(reconnect?)---(0x0000000b:1)-->(user_syn)
[2016-07-05 18:03:51 507 b38700] [0x0000ea6d:23208cfd] 在状态(user_syn),收到事件(0x0000000a:1)
[2016-07-05 18:03:51 710 b38700] [0x0000ea6d:23208cfd] 在状态(user_syn),收到事件(0x0000000a:2)
[2016-07-05 18:03:51 903 b38700] [0x0000ea6d:23208cfd] 在状态(user_syn),收到事件(0x0000000a:3)
[2016-07-05 18:03:52 106 b38700] [0x0000ea6d:23208cfd] 在状态(user_syn),收到事件(0x0000000a:4)
[2016-07-05 18:03:52 308 b38700] [0x0000ea6d:23208cfd] 在状态(user_syn),收到事件(0x0000000a:5)
[2016-07-05 18:03:52 501 b38700] [0x0000ea6d:23208cfd] 在状态(user_syn),收到事件(0x0000000a:6)
[2016-07-05 18:03:52 703 b38700] [0x0000ea6d:23208cfd] 在状态(user_syn),收到事件(0x0000000a:7)
[2016-07-05 18:03:52 905 b38700] [0x0000ea6d:23208cfd] 在状态(user_syn),收到事件(0x0000000a:8)
[2016-07-05 18:03:53 107 b38700] [0x0000ea6d:23208cfd] 在状态(user_syn),收到事件(0x0000000a:9)
[2016-07-05 18:03:53 309 b38700] [0x0000ea6d:23208cfd] 在状态(user_syn),收到事件(0x0000000a:10)
[2016-07-05 18:03:53 501 b38700] [0x0000ea6d:23208cfd] 在状态(user_syn),收到事件(0x0000000a:11)
[2016-07-05 18:03:53 703 b38700] [0x0000ea6d:23208cfd] 在状态(user_syn),收到事件(0x0000000a:12)
[2016-07-05 18:03:53 905 b38700] [0x0000ea6d:23208cfd] 在状态(user_syn),收到事件(0x0000000a:13)
[2016-07-05 18:03:54 097 b38700] [0x0000ea6d:23208cfd] 在状态(user_syn),收到事件(0x0000000a:14)
[2016-07-05 18:03:54 299 b38700] [0x0000ea6d:23208cfd] 在状态(user_syn),收到事件(0x0000000a:15)
[2016-07-05 18:03:54 500 b38700] [0x0000ea6d:23208cfd] 在状态(user_syn),收到事件(0x0000000a:16)
[2016-07-05 18:03:54 501 b38700] [0x0000ea6d:23208cfd] 状态迁移(user_syn)---(0x0000000a:16)-->(reconnect?)
[2016-07-05 18:03:56 510 b38700] [0x0000ea6d:23208cfd] 在状态(reconnect?),收到事件(0x0000000b:1)
[2016-07-05 18:03:56 510 b38700] [0x0000ea6d:23208cfd] 状态迁移(reconnect?)---(0x0000000b:1)-->(user_syn)
[2016-07-05 18:03:56 721 b38700] [0x0000ea6d:23208cfd] 在状态(user_syn),收到事件(0x0000000a:1)
[2016-07-05 18:03:56 924 b38700] [0x0000ea6d:23208cfd] 在状态(user_syn),收到事件(0x0000000a:2)
[2016-07-05 18:03:57 125 b38700] [0x0000ea6d:23208cfd] 在状态(user_syn),收到事件(0x0000000a:3)
[2016-07-05 18:03:57 329 b38700] [0x0000ea6d:23208cfd] 在状态(user_syn),收到事件(0x0000000a:4)
[2016-07-05 18:03:57 521 b38700] [0x0000ea6d:23208cfd] 在状态(user_syn),收到事件(0x0000000a:5)
[2016-07-05 18:03:57 722 b38700] [0x0000ea6d:23208cfd] 在状态(user_syn),收到事件(0x0000000a:6)
[2016-07-05 18:03:57 924 b38700] [0x0000ea6d:23208cfd] 在状态(user_syn),收到事件(0x0000000a:7)
[2016-07-05 18:03:58 126 b38700] [0x0000ea6d:23208cfd] 在状态(user_syn),收到事件(0x0000000a:8)
[2016-07-05 18:03:58 318 b38700] [0x0000ea6d:23208cfd] 在状态(user_syn),收到事件(0x0000000a:9)
[2016-07-05 18:03:58 520 b38700] [0x0000ea6d:23208cfd] 在状态(user_syn),收到事件(0x0000000a:10)
[2016-07-05 18:03:58 721 b38700] [0x0000ea6d:23208cfd] 在状态(user_syn),收到事件(0x0000000a:11)
[2016-07-05 18:03:58 923 b38700] [0x0000ea6d:23208cfd] 在状态(user_syn),收到事件(0x0000000a:12)
[2016-07-05 18:03:59 125 b38700] [0x0000ea6d:23208cfd] 在状态(user_syn),收到事件(0x0000000a:13)
[2016-07-05 18:03:59 327 b38700] [0x0000ea6d:23208cfd] 在状态(user_syn),收到事件(0x0000000a:14)
[2016-07-05 18:03:59 518 b38700] [0x0000ea6d:23208cfd] 在状态(user_syn),收到事件(0x0000000a:15)
[2016-07-05 18:03:59 720 b38700] [0x0000ea6d:23208cfd] 在状态(user_syn),收到事件(0x0000000a:16)
[2016-07-05 18:03:59 720 b38700] [0x0000ea6d:23208cfd] 状态迁移(user_syn)---(0x0000000a:16)-->(reconnect?)
[2016-07-05 18:04:01 730 b38700] [0x0000ea6d:23208cfd] 在状态(reconnect?),收到事件(0x0000000b:1)
[2016-07-05 18:04:01 730 b38700] [0x0000ea6d:23208cfd] 状态迁移(reconnect?)---(0x0000000b:1)-->(user_syn)
[2016-07-05 18:04:01 943 b38700] [0x0000ea6d:23208cfd] 在状态(user_syn),收到事件(0x0000000a:1)
[2016-07-05 18:04:02 145 b38700] [0x0000ea6d:23208cfd] 在状态(user_syn),收到事件(0x0000000a:2)
[2016-07-05 18:04:02 346 b38700] [0x0000ea6d:23208cfd] 在状态(user_syn),收到事件(0x0000000a:3)
[2016-07-05 18:04:02 538 b38700] [0x0000ea6d:23208cfd] 在状态(user_syn),收到事件(0x0000000a:4)
[2016-07-05 18:04:02 740 b38700] [0x0000ea6d:23208cfd] 在状态(user_syn),收到事件(0x0000000a:5)
[2016-07-05 18:04:02 942 b38700] [0x0000ea6d:23208cfd] 在状态(user_syn),收到事件(0x0000000a:6)
[2016-07-05 18:04:03 144 b38700] [0x0000ea6d:23208cfd] 在状态(user_syn),收到事件(0x0000000a:7)
[2016-07-05 18:04:03 346 b38700] [0x0000ea6d:23208cfd] 在状态(user_syn),收到事件(0x0000000a:8)
[2016-07-05 18:04:03 538 b38700] [0x0000ea6d:23208cfd] 在状态(user_syn),收到事件(0x0000000a:9)
[2016-07-05 18:04:03 741 b38700] [0x0000ea6d:23208cfd] 在状态(user_syn),收到事件(0x0000000a:10)
[2016-07-05 18:04:03 944 b38700] [0x0000ea6d:23208cfd] 在状态(user_syn),收到事件(0x0000000a:11)
[2016-07-05 18:04:04 145 b38700] [0x0000ea6d:23208cfd] 在状态(user_syn),收到事件(0x0000000a:12)
[2016-07-05 18:04:04 347 b38700] [0x0000ea6d:23208cfd] 在状态(user_syn),收到事件(0x0000000a:13)
[2016-07-05 18:04:04 539 b38700] [0x0000ea6d:23208cfd] 在状态(user_syn),收到事件(0x0000000a:14)
[2016-07-05 18:04:04 741 b38700] [0x0000ea6d:23208cfd] 在状态(user_syn),收到事件(0x0000000a:15)
[2016-07-05 18:04:04 943 b38700] [0x0000ea6d:23208cfd] 在状态(user_syn),收到事件(0x0000000a:16)
[2016-07-05 18:04:04 943 b38700] [0x0000ea6d:23208cfd] 状态迁移(user_syn)---(0x0000000a:16)-->(reconnect?)
[2016-07-05 18:04:06 953 b38700] [0x0000ea6d:23208cfd] 在状态(reconnect?),收到事件(0x0000000b:1)
[2016-07-05 18:04:06 953 b38700] [0x0000ea6d:23208cfd] 状态迁移(reconnect?)---(0x0000000b:1)-->(user_syn)
[2016-07-05 18:04:07 166 b38700] [0x0000ea6d:23208cfd] 在状态(user_syn),收到事件(0x0000000a:1)
[2016-07-05 18:04:07 368 b38700] [0x0000ea6d:23208cfd] 在状态(user_syn),收到事件(0x0000000a:2)
[2016-07-05 18:04:07 560 b38700] [0x0000ea6d:23208cfd] 在状态(user_syn),收到事件(0x0000000a:3)
[2016-07-05 18:04:07 762 b38700] [0x0000ea6d:23208cfd] 在状态(user_syn),收到事件(0x0000000a:4)
[2016-07-05 18:04:07 963 b38700] [0x0000ea6d:23208cfd] 在状态(user_syn),收到事件(0x0000000a:5)
[2016-07-05 18:04:08 166 b38700] [0x0000ea6d:23208cfd] 在状态(user_syn),收到事件(0x0000000a:6)
[2016-07-05 18:04:08 367 b38700] [0x0000ea6d:23208cfd] 在状态(user_syn),收到事件(0x0000000a:7)
[2016-07-05 18:04:08 559 b38700] [0x0000ea6d:23208cfd] 在状态(user_syn),收到事件(0x0000000a:8)
[2016-07-05 18:04:08 762 b38700] [0x0000ea6d:23208cfd] 在状态(user_syn),收到事件(0x0000000a:9)
[2016-07-05 18:04:08 964 b38700] [0x0000ea6d:23208cfd] 在状态(user_syn),收到事件(0x0000000a:10)
[2016-07-05 18:04:09 166 b38700] [0x0000ea6d:23208cfd] 在状态(user_syn),收到事件(0x0000000a:11)
[2016-07-05 18:04:09 367 b38700] [0x0000ea6d:23208cfd] 在状态(user_syn),收到事件(0x0000000a:12)
[2016-07-05 18:04:09 560 b38700] [0x0000ea6d:23208cfd] 在状态(user_syn),收到事件(0x0000000a:13)
[2016-07-05 18:04:09 762 b38700] [0x0000ea6d:23208cfd] 在状态(user_syn),收到事件(0x0000000a:14)
[2016-07-05 18:04:09 965 b38700] [0x0000ea6d:23208cfd] 在状态(user_syn),收到事件(0x0000000a:15)
[2016-07-05 18:04:10 167 b38700] [0x0000ea6d:23208cfd] 在状态(user_syn),收到事件(0x0000000a:16)
[2016-07-05 18:04:10 167 b38700] [0x0000ea6d:23208cfd] 状态迁移(user_syn)---(0x0000000a:16)-->(reconnect?)
[2016-07-05 18:04:12 171 b38700] [0x0000ea6d:23208cfd] 在状态(reconnect?),收到事件(0x0000000b:1)
[2016-07-05 18:04:12 171 b38700] [0x0000ea6d:23208cfd] 状态迁移(reconnect?)---(0x0000000b:1)-->(user_syn)
[2016-07-05 18:04:12 384 b38700] [0x0000ea6d:23208cfd] 在状态(user_syn),收到事件(0x0000000a:1)
[2016-07-05 18:04:12 586 b38700] [0x0000ea6d:23208cfd] 在状态(user_syn),收到事件(0x0000000a:2)
[2016-07-05 18:04:12 779 b38700] [0x0000ea6d:23208cfd] 在状态(user_syn),收到事件(0x0000000a:3)
[2016-07-05 18:04:12 982 b38700] [0x0000ea6d:23208cfd] 在状态(user_syn),收到事件(0x0000000a:4)
[2016-07-05 18:04:13 184 b38700] [0x0000ea6d:23208cfd] 在状态(user_syn),收到事件(0x0000000a:5)
[2016-07-05 18:04:13 387 b38700] [0x0000ea6d:23208cfd] 在状态(user_syn),收到事件(0x0000000a:6)
[2016-07-05 18:04:13 580 b38700] [0x0000ea6d:23208cfd] 在状态(user_syn),收到事件(0x0000000a:7)
[2016-07-05 18:04:13 782 b38700] [0x0000ea6d:23208cfd] 在状态(user_syn),收到事件(0x0000000a:8)
[2016-07-05 18:04:13 984 b38700] [0x0000ea6d:23208cfd] 在状态(user_syn),收到事件(0x0000000a:9)
[2016-07-05 18:04:14 186 b38700] [0x0000ea6d:23208cfd] 在状态(user_syn),收到事件(0x0000000a:10)
[2016-07-05 18:04:14 388 b38700] [0x0000ea6d:23208cfd] 在状态(user_syn),收到事件(0x0000000a:11)
[2016-07-05 18:04:14 590 b38700] [0x0000ea6d:23208cfd] 在状态(user_syn),收到事件(0x0000000a:12)
[2016-07-05 18:04:14 782 b38700] [0x0000ea6d:23208cfd] 在状态(user_syn),收到事件(0x0000000a:13)
[2016-07-05 18:04:14 984 b38700] [0x0000ea6d:23208cfd] 在状态(user_syn),收到事件(0x0000000a:14)
[2016-07-05 18:04:15 186 b38700] [0x0000ea6d:23208cfd] 在状态(user_syn),收到事件(0x0000000a:15)
[2016-07-05 18:04:15 388 b38700] [0x0000ea6d:23208cfd] 在状态(user_syn),收到事件(0x0000000a:16)
[2016-07-05 18:04:15 388 b38700] [0x0000ea6d:23208cfd] 状态迁移(user_syn)---(0x0000000a:16)-->(reconnect?)
[2016-07-05 18:04:17 397 b38700] [0x0000ea6d:23208cfd] 在状态(reconnect?),收到事件(0x0000000b:1)
[2016-07-05 18:04:17 397 b38700] [0x0000ea6d:23208cfd] 状态迁移(reconnect?)---(0x0000000b:1)-->(user_syn)
[2016-07-05 18:04:17 609 b38700] [0x0000ea6d:23208cfd] 在状态(user_syn),收到事件(0x0000000a:1)
[2016-07-05 18:04:17 801 b38700] [0x0000ea6d:23208cfd] 在状态(user_syn),收到事件(0x0000000a:2)
[2016-07-05 18:04:17 002 b38700] [0x0000ea6d:23208cfd] 在状态(user_syn),收到事件(0x0000000a:3)
[2016-07-05 18:04:18 205 b38700] [0x0000ea6d:23208cfd] 在状态(user_syn),收到事件(0x0000000a:4)
[2016-07-05 18:04:18 406 b38700] [0x0000ea6d:23208cfd] 在状态(user_syn),收到事件(0x0000000a:5)
[2016-07-05 18:04:18 608 b38700] [0x0000ea6d:23208cfd] 在状态(user_syn),收到事件(0x0000000a:6)
[2016-07-05 18:04:18 810 b38700] [0x0000ea6d:23208cfd] 在状态(user_syn),收到事件(0x0000000a:7)
[2016-07-05 18:04:19 013 b38700] [0x0000ea6d:23208cfd] 在状态(user_syn),收到事件(0x0000000a:8)
[2016-07-05 18:04:19 206 b38700] [0x0000ea6d:23208cfd] 在状态(user_syn),收到事件(0x0000000a:9)
[2016-07-05 18:04:19 408 b38700] [0x0000ea6d:23208cfd] 在状态(user_syn),收到事件(0x0000000a:10)
[2016-07-05 18:04:19 609 b38700] [0x0000ea6d:23208cfd] 在状态(user_syn),收到事件(0x0000000a:11)
[2016-07-05 18:04:19 801 b38700] [0x0000ea6d:23208cfd] 在状态(user_syn),收到事件(0x0000000a:12)
[2016-07-05 18:04:19 003 b38700] [0x0000ea6d:23208cfd] 在状态(user_syn),收到事件(0x0000000a:13)
[2016-07-05 18:04:20 205 b38700] [0x0000ea6d:23208cfd] 在状态(user_syn),收到事件(0x0000000a:14)
[2016-07-05 18:04:20 407 b38700] [0x0000ea6d:23208cfd] 在状态(user_syn),收到事件(0x0000000a:15)
[2016-07-05 18:04:20 608 b38700] [0x0000ea6d:23208cfd] 在状态(user_syn),收到事件(0x0000000a:16)
[2016-07-05 18:04:20 609 b38700] [0x0000ea6d:23208cfd] 状态迁移(user_syn)---(0x0000000a:16)-->(reconnect?)
[2016-07-05 18:04:22 614 b38700] [0x0000ea6d:23208cfd] 在状态(reconnect?),收到事件(0x0000000b:1)
[2016-07-05 18:04:22 614 b38700] [0x0000ea6d:23208cfd] 状态迁移(reconnect?)---(0x0000000b:1)-->(user_syn)
[2016-07-05 18:04:22 826 b38700] [0x0000ea6d:23208cfd] 在状态(user_syn),收到事件(0x0000000a:1)
[2016-07-05 18:04:23 027 b38700] [0x0000ea6d:23208cfd] 在状态(user_syn),收到事件(0x0000000a:2)
[2016-07-05 18:04:23 229 b38700] [0x0000ea6d:23208cfd] 在状态(user_syn),收到事件(0x0000000a:3)
[2016-07-05 18:04:23 430 b38700] [0x0000ea6d:23208cfd] 在状态(user_syn),收到事件(0x0000000a:4)
[2016-07-05 18:04:23 623 b38700] [0x0000ea6d:23208cfd] 在状态(user_syn),收到事件(0x0000000a:5)
[2016-07-05 18:04:23 824 b38700] [0x0000ea6d:23208cfd] 在状态(user_syn),收到事件(0x0000000a:6)
[2016-07-05 18:04:24 026 b38700] [0x0000ea6d:23208cfd] 在状态(user_syn),收到事件(0x0000000a:7)
[2016-07-05 18:04:24 228 b38700] [0x0000ea6d:23208cfd] 在状态(user_syn),收到事件(0x0000000a:8)
[2016-07-05 18:04:24 430 b38700] [0x0000ea6d:23208cfd] 在状态(user_syn),收到事件(0x0000000a:9)
[2016-07-05 18:04:24 632 b38700] [0x0000ea6d:23208cfd] 在状态(user_syn),收到事件(0x0000000a:10)
[2016-07-05 18:04:24 823 b38700] [0x0000ea6d:23208cfd] 在状态(user_syn),收到事件(0x0000000a:11)
[2016-07-05 18:04:25 026 b38700] [0x0000ea6d:23208cfd] 在状态(user_syn),收到事件(0x0000000a:12)
[2016-07-05 18:04:25 228 b38700] [0x0000ea6d:23208cfd] 在状态(user_syn),收到事件(0x0000000a:13)
[2016-07-05 18:04:25 430 b38700] [0x0000ea6d:23208cfd] 在状态(user_syn),收到事件(0x0000000a:14)
[2016-07-05 18:04:25 631 b38700] [0x0000ea6d:23208cfd] 在状态(user_syn),收到事件(0x0000000a:15)
[2016-07-05 18:04:25 833 b38700] [0x0000ea6d:23208cfd] 在状态(user_syn),收到事件(0x0000000a:16)
[2016-07-05 18:04:25 834 b38700] [0x0000ea6d:23208cfd] 状态迁移(user_syn)---(0x0000000a:16)-->(reconnect?)
[2016-07-05 18:04:27 838 b38700] [0x0000ea6d:23208cfd] 在状态(reconnect?),收到事件(0x0000000b:1)
[2016-07-05 18:04:27 838 b38700] [0x0000ea6d:23208cfd] 状态迁移(reconnect?)---(0x0000000b:1)-->(user_syn)
[2016-07-05 18:04:28 050 b38700] [0x0000ea6d:23208cfd] 在状态(user_syn),收到事件(0x0000000a:1)
[2016-07-05 18:04:28 251 b38700] [0x0000ea6d:23208cfd] 在状态(user_syn),收到事件(0x0000000a:2)
[2016-07-05 18:04:28 444 b38700] [0x0000ea6d:23208cfd] 在状态(user_syn),收到事件(0x0000000a:3)
[2016-07-05 18:04:28 645 b38700] [0x0000ea6d:23208cfd] 在状态(user_syn),收到事件(0x0000000a:4)
[2016-07-05 18:04:28 847 b38700] [0x0000ea6d:23208cfd] 在状态(user_syn),收到事件(0x0000000a:5)
[2016-07-05 18:04:29 049 b38700] [0x0000ea6d:23208cfd] 在状态(user_syn),收到事件(0x0000000a:6)
[2016-07-05 18:04:29 251 b38700] [0x0000ea6d:23208cfd] 在状态(user_syn),收到事件(0x0000000a:7)
[2016-07-05 18:04:29 453 b38700] [0x0000ea6d:23208cfd] 在状态(user_syn),收到事件(0x0000000a:8)
[2016-07-05 18:04:29 655 b38700] [0x0000ea6d:23208cfd] 在状态(user_syn),收到事件(0x0000000a:9)
[2016-07-05 18:04:29 846 b38700] [0x0000ea6d:23208cfd] 在状态(user_syn),收到事件(0x0000000a:10)
[2016-07-05 18:04:30 048 b38700] [0x0000ea6d:23208cfd] 在状态(user_syn),收到事件(0x0000000a:11)
[2016-07-05 18:04:30 250 b38700] [0x0000ea6d:23208cfd] 在状态(user_syn),收到事件(0x0000000a:12)
[2016-07-05 18:04:30 452 b38700] [0x0000ea6d:23208cfd] 在状态(user_syn),收到事件(0x0000000a:13)
[2016-07-05 18:04:30 653 b38700] [0x0000ea6d:23208cfd] 在状态(user_syn),收到事件(0x0000000a:14)
[2016-07-05 18:04:30 845 b38700] [0x0000ea6d:23208cfd] 在状态(user_syn),收到事件(0x0000000a:15)
[2016-07-05 18:04:31 047 b38700] [0x0000ea6d:23208cfd] 在状态(user_syn),收到事件(0x0000000a:16)
[2016-07-05 18:04:31 047 b38700] [0x0000ea6d:23208cfd] 状态迁移(user_syn)---(0x0000000a:16)-->(reconnect?)
[2016-07-05 18:04:33 054 b38700] [0x0000ea6d:23208cfd] 在状态(reconnect?),收到事件(0x0000000b:1)
[2016-07-05 18:04:33 054 b38700] [0x0000ea6d:23208cfd] 状态迁移(reconnect?)---(0x0000000b:1)-->(user_syn)
[2016-07-05 18:04:33 266 b38700] [0x0000ea6d:23208cfd] 在状态(user_syn),收到事件(0x0000000a:1)
[2016-07-05 18:04:33 467 b38700] [0x0000ea6d:23208cfd] 在状态(user_syn),收到事件(0x0000000a:2)
[2016-07-05 18:04:33 669 b38700] [0x0000ea6d:23208cfd] 在状态(user_syn),收到事件(0x0000000a:3)
[2016-07-05 18:04:33 871 b38700] [0x0000ea6d:23208cfd] 在状态(user_syn),收到事件(0x0000000a:4)
[2016-07-05 18:04:34 073 b38700] [0x0000ea6d:23208cfd] 在状态(user_syn),收到事件(0x0000000a:5)
[2016-07-05 18:04:34 274 b38700] [0x0000ea6d:23208cfd] 在状态(user_syn),收到事件(0x0000000a:6)
[2016-07-05 18:04:34 465 b38700] [0x0000ea6d:23208cfd] 在状态(user_syn),收到事件(0x0000000a:7)
[2016-07-05 18:04:34 667 b38700] [0x0000ea6d:23208cfd] 在状态(user_syn),收到事件(0x0000000a:8)
[2016-07-05 18:04:34 868 b38700] [0x0000ea6d:23208cfd] 在状态(user_syn),收到事件(0x0000000a:9)
[2016-07-05 18:04:35 070 b38700] [0x0000ea6d:23208cfd] 在状态(user_syn),收到事件(0x0000000a:10)
[2016-07-05 18:04:35 262 b38700] [0x0000ea6d:23208cfd] 在状态(user_syn),收到事件(0x0000000a:11)
[2016-07-05 18:04:35 465 b38700] [0x0000ea6d:23208cfd] 在状态(user_syn),收到事件(0x0000000a:12)
[2016-07-05 18:04:35 668 b38700] [0x0000ea6d:23208cfd] 在状态(user_syn),收到事件(0x0000000a:13)
[2016-07-05 18:04:35 870 b38700] [0x0000ea6d:23208cfd] 在状态(user_syn),收到事件(0x0000000a:14)
[2016-07-05 18:04:36 072 b38700] [0x0000ea6d:23208cfd] 在状态(user_syn),收到事件(0x0000000a:15)
[2016-07-05 18:04:36 264 b38700] [0x0000ea6d:23208cfd] 在状态(user_syn),收到事件(0x0000000a:16)
[2016-07-05 18:04:36 264 b38700] [0x0000ea6d:23208cfd] 状态迁移(user_syn)---(0x0000000a:16)-->(reconnect?)
[2016-07-05 18:04:38 276 b38700] [0x0000ea6d:23208cfd] 在状态(reconnect?),收到事件(0x0000000b:1)
[2016-07-05 18:04:38 276 b38700] [0x0000ea6d:23208cfd] 状态迁移(reconnect?)---(0x0000000b:1)-->(user_syn)
[2016-07-05 18:04:38 491 b38700] [0x0000ea6d:23208cfd] 在状态(user_syn),收到事件(0x0000000a:1)
[2016-07-05 18:04:38 682 b38700] [0x0000ea6d:23208cfd] 在状态(user_syn),收到事件(0x0000000a:2)
[2016-07-05 18:04:38 884 b38700] [0x0000ea6d:23208cfd] 在状态(user_syn),收到事件(0x0000000a:3)
[2016-07-05 18:04:39 086 b38700] [0x0000ea6d:23208cfd] 在状态(user_syn),收到事件(0x0000000a:4)
[2016-07-05 18:04:39 288 b38700] [0x0000ea6d:23208cfd] 在状态(user_syn),收到事件(0x0000000a:5)
[2016-07-05 18:04:39 489 b38700] [0x0000ea6d:23208cfd] 在状态(user_syn),收到事件(0x0000000a:6)
[2016-07-05 18:04:39 691 b38700] [0x0000ea6d:23208cfd] 在状态(user_syn),收到事件(0x0000000a:7)
[2016-07-05 18:04:39 882 b38700] [0x0000ea6d:23208cfd] 在状态(user_syn),收到事件(0x0000000a:8)
[2016-07-05 18:04:40 084 b38700] [0x0000ea6d:23208cfd] 在状态(user_syn),收到事件(0x0000000a:9)
[2016-07-05 18:04:40 288 b38700] [0x0000ea6d:23208cfd] 在状态(user_syn),收到事件(0x0000000a:10)
[2016-07-05 18:04:40 489 b38700] [0x0000ea6d:23208cfd] 在状态(user_syn),收到事件(0x0000000a:11)
[2016-07-05 18:04:40 681 b38700] [0x0000ea6d:23208cfd] 在状态(user_syn),收到事件(0x0000000a:12)
[2016-07-05 18:04:40 883 b38700] [0x0000ea6d:23208cfd] 在状态(user_syn),收到事件(0x0000000a:13)
[2016-07-05 18:04:41 085 b38700] [0x0000ea6d:23208cfd] 在状态(user_syn),收到事件(0x0000000a:14)
[2016-07-05 18:04:41 286 b38700] [0x0000ea6d:23208cfd] 在状态(user_syn),收到事件(0x0000000a:15)
[2016-07-05 18:04:41 488 b38700] [0x0000ea6d:23208cfd] 在状态(user_syn),收到事件(0x0000000a:16)
[2016-07-05 18:04:41 489 b38700] [0x0000ea6d:23208cfd] 状态迁移(user_syn)---(0x0000000a:16)-->(reconnect?)
[2016-07-05 18:04:41 911 b38700] [0x0000ea6d:23208cfd] 在状态(reconnect?),收到事件(0x00000008:4)
[2016-07-05 18:04:41 912 b38700] [0x0000ea6d:23208cfd] 状态迁移(reconnect?)---(0x00000008:4)-->(user_rst)
[2016-07-05 18:04:41 912 b38700] [0x0000ea6c:23208cfe] 在状态(data_master),收到事件(0x00000008:4)
[2016-07-05 18:04:41 914 b38700] [0x0000ea6c:23208cfe] 状态迁移(data_master)---(0x00000008:4)-->(user_rst)
[2016-07-05 18:04:42 009 b38700] [0x0000ea6c:23208cfe] 在状态(user_rst),收到事件(0x00000009:5)
[2016-07-05 18:04:42 009 b38700] [0x0000ea6c:23208cfe] 状态迁移(user_rst)---(0x00000009:5)-->(exit_wait)
[2016-07-05 18:04:42 010 b38700] [0x0000ea6c:23208cfe] 在状态(exit_wait),收到事件(0x00000009:6)
[2016-07-05 18:04:42 010 b38700] [0x0000ea6c:23208cfe] 状态迁移(exit_wait)---(0x00000009:6)-->(exit)
[2016-07-05 18:04:42 010 b38700] [ ea6c:23208cfe] E15_udcp_item clean
[2016-07-05 18:04:46 912 155099c0] udcp has 1 session to be force exit.
