[2016-07-27 15:06:11 296 ff7fe700] [::ffff:192.168.1.110:8010] (N=0,name=history,role=) 连接断开
[2016-07-27 15:06:11 296 fffff700] [0000008d:3a229a9d] 与服务器建立连接断开
[2016-07-27 15:06:11 296 fffff700] [8d:3a229a9d] (name=test:role=history) 下线
[2016-07-27 15:06:12 209 ff7fe700] [::ffff:192.168.1.110:8009] (N=0,name=view,role=) 连接断开
[2016-07-27 15:06:12 209 fffff700] [0000008c:3a229a9e] 与服务器建立连接断开
[2016-07-27 15:06:12 209 fffff700] [8c:3a229a9e] (name=test:role=view) 下线
[2016-07-27 15:06:23 861 fffff700] [8d:3a229a9d] (name=test:role=history) 上线
[2016-07-27 15:06:23 964 fffff700] [8c:3a229a9e] (name=test:role=view) 上线
[2016-07-27 15:06:24 174 fffff700] [8c:3a229a9e] 响应(cmd=9,seq=7,status=0)
[2016-07-27 15:06:24 174 fffff700] [8c:3a229a9e] 响应(cmd=9,seq=8,status=0)
[2016-07-27 15:06:24 174 fffff700] [8c:3a229a9e] 响应(cmd=9,seq=9,status=0)
[2016-07-27 15:14:12 527 9a7fc700] [db:4d1455f] (name=test:role=history) 上线
[2016-07-27 15:14:12 527 9a7fc700] [da:4d14560] (name=test:role=view) 上线
[2016-07-27 15:14:13 030 9a7fc700] [db:4d1455f] 响应(cmd=19,seq=0,status=512)
[2016-07-27 15:14:13 060 9a7fc700] [db:4d1455f] 响应(cmd=19,seq=1,status=512)
[2016-07-27 15:14:13 067 9a7fc700] [da:4d14560] 响应(cmd=9,seq=0,status=0)
[2016-07-27 15:14:13 067 9a7fc700] [da:4d14560] 响应(cmd=9,seq=1,status=0)
[2016-07-27 15:14:13 067 9a7fc700] [da:4d14560] 响应(cmd=9,seq=2,status=0)
[2016-07-27 15:14:13 067 9a7fc700] [da:4d14560] 响应(cmd=9,seq=3,status=0)
[2016-07-27 15:14:13 067 9a7fc700] [da:4d14560] 响应(cmd=9,seq=4,status=0)
[2016-07-27 15:14:13 067 9a7fc700] [da:4d14560] 响应(cmd=9,seq=5,status=0)
[2016-07-27 15:14:13 085 9a7fc700] [db:4d1455f] 响应(cmd=19,seq=2,status=512)
[2016-07-27 15:14:13 108 9a7fc700] [db:4d1455f] 响应(cmd=19,seq=3,status=512)
[2016-07-27 15:14:13 129 9a7fc700] [db:4d1455f] 响应(cmd=19,seq=4,status=512)
[2016-07-27 15:14:13 149 9a7fc700] [db:4d1455f] 响应(cmd=19,seq=5,status=512)
[2016-07-27 15:14:40 465 99ffb700] [::ffff:192.168.1.110:8010] (N=0,name=history,role=) 连接断开
[2016-07-27 15:14:40 465 9a7fc700] [000000db:04d1455f] 与服务器建立连接断开
[2016-07-27 15:14:40 465 9a7fc700] [db:4d1455f] (name=test:role=history) 下线
[2016-07-27 15:14:40 465 99ffb700] [::ffff:192.168.1.110:8009] (N=0,name=view,role=) 连接断开
[2016-07-27 15:14:40 465 9a7fc700] [000000da:04d14560] 与服务器建立连接断开
[2016-07-27 15:14:40 466 9a7fc700] [da:4d14560] (name=test:role=view) 下线
