[2016-07-27 11:09:36 406 1e33b700] [22:4095d7c8] (name=test:role=view) 上线
[2016-07-27 11:09:36 406 1e33b700] [23:4095d7c7] (name=test:role=history) 上线
[2016-07-27 11:09:36 911 1e33b700] [23:4095d7c7] 响应(cmd=19,seq=0,status=512)
[2016-07-27 11:09:36 960 1e33b700] [23:4095d7c7] 响应(cmd=19,seq=1,status=512)
[2016-07-27 11:09:37 010 1e33b700] [23:4095d7c7] 响应(cmd=19,seq=2,status=512)
[2016-07-27 11:09:37 066 1e33b700] [23:4095d7c7] 响应(cmd=19,seq=3,status=512)
[2016-07-27 11:09:37 121 1e33b700] [23:4095d7c7] 响应(cmd=19,seq=4,status=512)
[2016-07-27 11:09:37 174 1e33b700] [23:4095d7c7] 响应(cmd=19,seq=5,status=512)
[2016-07-27 11:09:37 440 1e33b700] [22:4095d7c8] 响应(cmd=9,seq=0,status=0)
[2016-07-27 11:09:37 478 1e33b700] [22:4095d7c8] 响应(cmd=9,seq=1,status=0)
[2016-07-27 11:09:37 478 1e33b700] [22:4095d7c8] 响应(cmd=9,seq=2,status=0)
[2016-07-27 11:09:37 479 1e33b700] [22:4095d7c8] 响应(cmd=9,seq=3,status=0)
[2016-07-27 11:09:37 479 1e33b700] [22:4095d7c8] 响应(cmd=9,seq=4,status=0)
[2016-07-27 11:09:37 479 1e33b700] [22:4095d7c8] 响应(cmd=9,seq=5,status=0)
[2016-07-27 11:10:07 399 1e33b700] [23:4095d7c7] 响应(cmd=19,seq=6,status=241)
[2016-07-27 11:10:12 047 1e33b700] [23:4095d7c7] 响应(cmd=19,seq=7,status=1)
[2016-07-27 11:10:12 355 1e33b700] [23:4095d7c7] 响应(cmd=19,seq=8,status=1)
[2016-07-27 11:13:06 424 1db3a700] [::ffff:192.168.1.110:8009] (N=0,name=view,role=) 连接断开
[2016-07-27 11:13:06 424 1e33b700] [00000022:4095d7c8] 与服务器建立连接断开
[2016-07-27 11:13:06 424 1e33b700] [22:4095d7c8] (name=test:role=view) 下线
[2016-07-27 11:13:06 425 1db3a700] [::ffff:192.168.1.110:8010] (N=0,name=history,role=) 连接断开
[2016-07-27 11:13:06 425 1e33b700] [00000023:4095d7c7] 与服务器建立连接断开
[2016-07-27 11:13:06 425 1e33b700] [23:4095d7c7] (name=test:role=history) 下线
[2016-07-27 11:13:09 715 1e33b700] [23:4095d7c7] (name=test:role=history) 上线
[2016-07-27 11:13:10 409 1e33b700] [22:4095d7c8] (name=test:role=view) 上线
[2016-07-27 11:13:10 715 1e33b700] [22:4095d7c8] 响应(cmd=9,seq=6,status=0)
[2016-07-27 11:13:10 715 1e33b700] [22:4095d7c8] 响应(cmd=9,seq=7,status=0)
[2016-07-27 11:13:10 715 1e33b700] [22:4095d7c8] 响应(cmd=9,seq=8,status=0)
[2016-07-27 11:13:10 715 1e33b700] [22:4095d7c8] 响应(cmd=9,seq=9,status=0)
[2016-07-27 11:13:10 716 1e33b700] [22:4095d7c8] 响应(cmd=9,seq=10,status=0)
[2016-07-27 11:13:10 716 1e33b700] [22:4095d7c8] 响应(cmd=9,seq=11,status=0)
[2016-07-27 11:13:10 727 1e33b700] [22:4095d7c8] 响应(cmd=10,seq=12,status=0)
[2016-07-27 11:13:10 737 1e33b700] [22:4095d7c8] 响应(cmd=10,seq=13,status=0)
[2016-07-27 11:13:10 737 1e33b700] [22:4095d7c8] 响应(cmd=10,seq=14,status=0)
[2016-07-27 11:13:10 737 1e33b700] [22:4095d7c8] 响应(cmd=10,seq=15,status=0)
[2016-07-27 11:13:10 737 1e33b700] [22:4095d7c8] 响应(cmd=10,seq=16,status=0)
[2016-07-27 11:13:10 737 1e33b700] [22:4095d7c8] 响应(cmd=10,seq=17,status=0)
[2016-07-27 11:13:10 773 1e33b700] [23:4095d7c7] 响应(cmd=19,seq=9,status=512)
[2016-07-27 11:13:10 795 1e33b700] [23:4095d7c7] 响应(cmd=19,seq=10,status=512)
[2016-07-27 11:13:10 816 1e33b700] [23:4095d7c7] 响应(cmd=19,seq=11,status=512)
[2016-07-27 11:13:10 820 1e33b700] [22:4095d7c8] 响应(cmd=9,seq=18,status=0)
[2016-07-27 11:13:10 820 1e33b700] [22:4095d7c8] 响应(cmd=9,seq=19,status=0)
[2016-07-27 11:13:10 820 1e33b700] [22:4095d7c8] 响应(cmd=9,seq=20,status=0)
[2016-07-27 11:13:10 820 1e33b700] [22:4095d7c8] 响应(cmd=9,seq=21,status=0)
[2016-07-27 11:13:10 820 1e33b700] [22:4095d7c8] 响应(cmd=9,seq=22,status=0)
[2016-07-27 11:13:10 820 1e33b700] [22:4095d7c8] 响应(cmd=9,seq=23,status=0)
[2016-07-27 11:13:10 837 1e33b700] [23:4095d7c7] 响应(cmd=19,seq=12,status=512)
[2016-07-27 11:13:10 854 1e33b700] [23:4095d7c7] 响应(cmd=19,seq=13,status=512)
[2016-07-27 11:13:10 872 1e33b700] [23:4095d7c7] 响应(cmd=19,seq=14,status=512)
[2016-07-27 11:13:11 384 1e33b700] [22:4095d7c8] 响应(cmd=10,seq=24,status=0)
[2016-07-27 11:13:11 384 1e33b700] [22:4095d7c8] 响应(cmd=10,seq=25,status=0)
[2016-07-27 11:13:11 384 1e33b700] [22:4095d7c8] 响应(cmd=10,seq=26,status=0)
[2016-07-27 11:13:11 384 1e33b700] [22:4095d7c8] 响应(cmd=10,seq=27,status=0)
[2016-07-27 11:13:11 384 1e33b700] [22:4095d7c8] 响应(cmd=10,seq=28,status=0)
[2016-07-27 11:13:11 384 1e33b700] [22:4095d7c8] 响应(cmd=10,seq=29,status=0)
[2016-07-27 11:13:11 446 1e33b700] [22:4095d7c8] 响应(cmd=9,seq=30,status=0)
[2016-07-27 11:13:11 446 1e33b700] [22:4095d7c8] 响应(cmd=9,seq=31,status=0)
[2016-07-27 11:13:11 446 1e33b700] [22:4095d7c8] 响应(cmd=9,seq=32,status=0)
[2016-07-27 11:13:11 446 1e33b700] [22:4095d7c8] 响应(cmd=9,seq=33,status=0)
[2016-07-27 11:13:11 446 1e33b700] [22:4095d7c8] 响应(cmd=9,seq=34,status=0)
[2016-07-27 11:13:11 446 1e33b700] [22:4095d7c8] 响应(cmd=9,seq=35,status=0)
[2016-07-27 11:13:11 673 1e33b700] [23:4095d7c7] 响应(cmd=19,seq=15,status=512)
[2016-07-27 11:13:11 701 1e33b700] [23:4095d7c7] 响应(cmd=19,seq=16,status=512)
[2016-07-27 11:13:11 734 1e33b700] [23:4095d7c7] 响应(cmd=19,seq=17,status=512)
[2016-07-27 11:13:11 747 1e33b700] [23:4095d7c7] 响应(cmd=19,seq=18,status=512)
[2016-07-27 11:13:11 765 1e33b700] [23:4095d7c7] 响应(cmd=19,seq=19,status=512)
[2016-07-27 11:13:11 799 1e33b700] [23:4095d7c7] 响应(cmd=19,seq=20,status=512)
