[2016-07-27 13:30:22 839 1db3a700] [::ffff:192.168.1.110:8010] (N=0,name=history,role=) 连接断开
[2016-07-27 13:30:22 839 1e33b700] [00000023:4095d7c7] 与服务器建立连接断开
[2016-07-27 13:30:22 839 1e33b700] [23:4095d7c7] (name=test:role=history) 下线
[2016-07-27 13:30:22 856 1db3a700] [::ffff:192.168.1.110:8009] (N=0,name=view,role=) 连接断开
[2016-07-27 13:30:22 857 1e33b700] [00000022:4095d7c8] 与服务器建立连接断开
[2016-07-27 13:30:22 857 1e33b700] [22:4095d7c8] (name=test:role=view) 下线
[2016-07-27 13:30:24 537 1e33b700] [23:4095d7c7] (name=test:role=history) 上线
[2016-07-27 13:30:24 615 1e33b700] [22:4095d7c8] (name=test:role=view) 上线
[2016-07-27 13:30:24 902 1e33b700] [22:4095d7c8] 响应(cmd=9,seq=36,status=0)
[2016-07-27 13:30:24 902 1e33b700] [22:4095d7c8] 响应(cmd=9,seq=37,status=0)
[2016-07-27 13:30:24 902 1e33b700] [22:4095d7c8] 响应(cmd=9,seq=38,status=0)
[2016-07-27 13:30:24 902 1e33b700] [22:4095d7c8] 响应(cmd=9,seq=39,status=0)
[2016-07-27 13:30:24 902 1e33b700] [22:4095d7c8] 响应(cmd=9,seq=40,status=0)
[2016-07-27 13:30:24 902 1e33b700] [22:4095d7c8] 响应(cmd=9,seq=41,status=0)
[2016-07-27 13:30:24 909 1e33b700] [23:4095d7c7] 响应(cmd=19,seq=21,status=512)
[2016-07-27 13:30:24 910 1e33b700] [22:4095d7c8] 响应(cmd=10,seq=42,status=0)
[2016-07-27 13:30:24 910 1e33b700] [22:4095d7c8] 响应(cmd=10,seq=43,status=0)
[2016-07-27 13:30:24 910 1e33b700] [22:4095d7c8] 响应(cmd=10,seq=44,status=0)
[2016-07-27 13:30:24 910 1e33b700] [22:4095d7c8] 响应(cmd=10,seq=45,status=0)
[2016-07-27 13:30:24 910 1e33b700] [22:4095d7c8] 响应(cmd=10,seq=46,status=0)
[2016-07-27 13:30:24 910 1e33b700] [22:4095d7c8] 响应(cmd=10,seq=47,status=0)
[2016-07-27 13:30:24 934 1e33b700] [23:4095d7c7] 响应(cmd=19,seq=22,status=512)
[2016-07-27 13:30:24 962 1e33b700] [23:4095d7c7] 响应(cmd=19,seq=23,status=512)
[2016-07-27 13:30:24 981 1e33b700] [23:4095d7c7] 响应(cmd=19,seq=24,status=512)
[2016-07-27 13:30:25 005 1e33b700] [23:4095d7c7] 响应(cmd=19,seq=25,status=512)
[2016-07-27 13:35:49 659 2bfff700] [d6:24cc68a] (name=test:role=history) 上线
[2016-07-27 13:35:49 848 2bfff700] [d7:24cc68b] (name=test:role=view) 上线
[2016-07-27 13:35:50 359 2bfff700] [d6:24cc68a] 响应(cmd=19,seq=0,status=512)
[2016-07-27 13:35:50 388 2bfff700] [d6:24cc68a] 响应(cmd=19,seq=1,status=512)
[2016-07-27 13:35:50 391 2bfff700] [d7:24cc68b] 响应(cmd=9,seq=0,status=0)
[2016-07-27 13:35:50 391 2bfff700] [d7:24cc68b] 响应(cmd=9,seq=1,status=0)
[2016-07-27 13:35:50 391 2bfff700] [d7:24cc68b] 响应(cmd=9,seq=2,status=0)
[2016-07-27 13:35:50 391 2bfff700] [d7:24cc68b] 响应(cmd=9,seq=3,status=0)
[2016-07-27 13:35:50 391 2bfff700] [d7:24cc68b] 响应(cmd=9,seq=4,status=0)
[2016-07-27 13:35:50 391 2bfff700] [d7:24cc68b] 响应(cmd=9,seq=5,status=0)
[2016-07-27 13:35:50 412 2bfff700] [d6:24cc68a] 响应(cmd=19,seq=2,status=512)
[2016-07-27 13:35:50 435 2bfff700] [d6:24cc68a] 响应(cmd=19,seq=3,status=512)
[2016-07-27 13:35:50 456 2bfff700] [d6:24cc68a] 响应(cmd=19,seq=4,status=512)
[2016-07-27 13:35:50 475 2bfff700] [d6:24cc68a] 响应(cmd=19,seq=5,status=512)
[2016-07-27 13:57:51 793 2b7fe700] [::ffff:192.168.1.110:8009] (N=0,name=view,role=) 连接断开
[2016-07-27 13:57:51 794 2bfff700] [000000d7:024cc68b] 与服务器建立连接断开
[2016-07-27 13:57:51 794 2bfff700] [d7:24cc68b] (name=test:role=view) 下线
[2016-07-27 13:57:51 794 2b7fe700] [::ffff:192.168.1.110:8010] (N=0,name=history,role=) 连接断开
[2016-07-27 13:57:51 794 2bfff700] [000000d6:024cc68a] 与服务器建立连接断开
[2016-07-27 13:57:51 794 2bfff700] [d6:24cc68a] (name=test:role=history) 下线
[2016-07-27 13:57:52 926 2bfff700] [d6:24cc68a] (name=test:role=history) 上线
[2016-07-27 13:57:54 247 2bfff700] [d7:24cc68b] (name=test:role=view) 上线
[2016-07-27 13:57:54 464 2bfff700] [d7:24cc68b] 响应(cmd=9,seq=6,status=0)
[2016-07-27 13:57:54 464 2bfff700] [d7:24cc68b] 响应(cmd=9,seq=7,status=0)
[2016-07-27 13:57:54 464 2bfff700] [d7:24cc68b] 响应(cmd=9,seq=8,status=0)
[2016-07-27 13:57:54 464 2bfff700] [d7:24cc68b] 响应(cmd=9,seq=9,status=0)
[2016-07-27 13:57:54 464 2bfff700] [d7:24cc68b] 响应(cmd=9,seq=10,status=0)
[2016-07-27 13:57:54 464 2bfff700] [d7:24cc68b] 响应(cmd=9,seq=11,status=0)
[2016-07-27 13:57:54 524 2bfff700] [d7:24cc68b] 响应(cmd=10,seq=12,status=0)
[2016-07-27 13:57:54 524 2bfff700] [d7:24cc68b] 响应(cmd=10,seq=13,status=0)
[2016-07-27 13:57:54 525 2bfff700] [d7:24cc68b] 响应(cmd=10,seq=14,status=0)
[2016-07-27 13:57:54 525 2bfff700] [d7:24cc68b] 响应(cmd=10,seq=15,status=0)
[2016-07-27 13:57:54 525 2bfff700] [d7:24cc68b] 响应(cmd=10,seq=16,status=0)
[2016-07-27 13:57:54 525 2bfff700] [d7:24cc68b] 响应(cmd=10,seq=17,status=0)
[2016-07-27 13:57:54 620 2bfff700] [d6:24cc68a] 响应(cmd=19,seq=6,status=512)
[2016-07-27 13:57:54 670 2bfff700] [d6:24cc68a] 响应(cmd=19,seq=7,status=512)
[2016-07-27 13:57:54 685 2bfff700] [d7:24cc68b] 响应(cmd=9,seq=18,status=0)
[2016-07-27 13:57:54 685 2bfff700] [d7:24cc68b] 响应(cmd=9,seq=19,status=0)
[2016-07-27 13:57:54 685 2bfff700] [d7:24cc68b] 响应(cmd=9,seq=20,status=0)
[2016-07-27 13:57:54 686 2bfff700] [d7:24cc68b] 响应(cmd=9,seq=21,status=0)
[2016-07-27 13:57:54 689 2bfff700] [d7:24cc68b] 响应(cmd=9,seq=22,status=0)
[2016-07-27 13:57:54 689 2bfff700] [d7:24cc68b] 响应(cmd=9,seq=23,status=0)
[2016-07-27 13:57:54 722 2bfff700] [d6:24cc68a] 响应(cmd=19,seq=8,status=512)
[2016-07-27 13:57:54 776 2bfff700] [d6:24cc68a] 响应(cmd=19,seq=9,status=512)
[2016-07-27 13:57:54 841 2bfff700] [d6:24cc68a] 响应(cmd=19,seq=10,status=512)
[2016-07-27 13:57:54 902 2bfff700] [d6:24cc68a] 响应(cmd=19,seq=11,status=512)
[2016-07-27 13:58:23 675 2bfff700] [d7:24cc68b] 响应(cmd=10,seq=24,status=0)
[2016-07-27 13:58:23 675 2bfff700] [d7:24cc68b] 响应(cmd=10,seq=25,status=0)
[2016-07-27 13:58:23 675 2bfff700] [d7:24cc68b] 响应(cmd=10,seq=26,status=0)
[2016-07-27 13:58:23 675 2bfff700] [d7:24cc68b] 响应(cmd=10,seq=27,status=0)
[2016-07-27 13:58:23 675 2bfff700] [d7:24cc68b] 响应(cmd=10,seq=28,status=0)
[2016-07-27 13:58:23 676 2bfff700] [d7:24cc68b] 响应(cmd=10,seq=29,status=0)
[2016-07-27 13:58:23 690 2bfff700] [d6:24cc68a] 响应(cmd=19,seq=12,status=512)
[2016-07-27 13:58:23 708 2bfff700] [d6:24cc68a] 响应(cmd=19,seq=13,status=512)
[2016-07-27 13:58:23 727 2bfff700] [d7:24cc68b] 响应(cmd=9,seq=30,status=0)
[2016-07-27 13:58:23 727 2bfff700] [d7:24cc68b] 响应(cmd=9,seq=31,status=0)
[2016-07-27 13:58:23 727 2bfff700] [d7:24cc68b] 响应(cmd=9,seq=32,status=0)
[2016-07-27 13:58:23 727 2bfff700] [d7:24cc68b] 响应(cmd=9,seq=33,status=0)
[2016-07-27 13:58:23 728 2bfff700] [d6:24cc68a] 响应(cmd=19,seq=14,status=512)
[2016-07-27 13:58:23 747 2bfff700] [d6:24cc68a] 响应(cmd=19,seq=15,status=512)
[2016-07-27 13:58:23 847 2bfff700] [d6:24cc68a] 响应(cmd=19,seq=16,status=512)
[2016-07-27 13:58:23 888 2bfff700] [d6:24cc68a] 响应(cmd=19,seq=17,status=512)
[2016-07-27 13:58:23 891 2bfff700] [d7:24cc68b] 响应(cmd=9,seq=34,status=0)
[2016-07-27 13:58:23 891 2bfff700] [d7:24cc68b] 响应(cmd=9,seq=35,status=0)
