[2016-07-05 10:30:08 560 397fa700] [000082e7:35f8a067] 启动同步请求，时间戳=0
[2016-07-05 10:30:08 560 397fa700] [0x000082e7:35f8a067] 在状态(),收到事件(0x00000008:1)
[2016-07-05 10:30:08 560 397fa700] [0x000082e7:35f8a067] 状态迁移()---(0x00000008:1)-->(user_syn)
[2016-07-05 10:30:08 560 397fa700] [0x000082e7:35f8a067] 在状态(user_syn),收到事件(0x00000009:2)
[2016-07-05 10:30:08 560 397fa700] [0x000082e7:35f8a067] 状态迁移(user_syn)---(0x00000009:2)-->(data_master)
[2016-07-05 10:30:08 560 397fa700] [000082e7:35f8a067] 192.168.1.110:3606 syn ok ,remoteid = [00007b89:04a48ad7]，time dalay=0(ms),first(sendseq=76e43102:recvseq=579ce1a0),remote timestamp=697067760
[2016-07-05 10:30:08 563 397fa700] 收到[::ffff:192.168.1.110:36083] 包,cmd=8,无法找到[00002556:3c446f0c]对应的连接对象


[2016-07-05 10:30:08 563 397fa700] 收到[::ffff:192.168.1.110:8001] 包,cmd=8,无法找到[00002550:3c446f0d]对应的连接对象


[2016-07-05 10:31:40 904 397fa700] [0x000082e7:35f8a067] 在状态(data_master),收到事件(0x00000008:4)
[2016-07-05 10:31:40 905 397fa700] [0x000082e7:35f8a067] 状态迁移(data_master)---(0x00000008:4)-->(user_rst)
[2016-07-05 10:31:40 905 397fa700] [0x000082e7:35f8a067] 在状态(user_rst),收到事件(0x00000009:5)
[2016-07-05 10:31:40 905 397fa700] [0x000082e7:35f8a067] 状态迁移(user_rst)---(0x00000009:5)-->(exit_wait)
[2016-07-05 10:31:40 906 397fa700] [0x000082e7:35f8a067] 在状态(exit_wait),收到事件(0x00000009:6)
[2016-07-05 10:31:40 906 397fa700] [0x000082e7:35f8a067] 状态迁移(exit_wait)---(0x00000009:6)-->(exit)
[2016-07-05 10:31:40 906 397fa700] [ 82e7:35f8a067] E15_udcp_item clean
[2016-07-05 10:31:40 906 631d4780] udcp session exit normally
[2016-07-05 10:31:43 226 f17fa700] [000021eb:2922c245] 启动同步请求，时间戳=0
[2016-07-05 10:31:43 226 f17fa700] [0x000021eb:2922c245] 在状态(),收到事件(0x00000008:1)
[2016-07-05 10:31:43 226 f17fa700] [0x000021eb:2922c245] 状态迁移()---(0x00000008:1)-->(user_syn)
[2016-07-05 10:31:43 226 f17fa700] [0x000021eb:2922c245] 在状态(user_syn),收到事件(0x00000009:2)
[2016-07-05 10:31:43 227 f17fa700] [0x000021eb:2922c245] 状态迁移(user_syn)---(0x00000009:2)-->(data_master)
[2016-07-05 10:31:43 227 f17fa700] [000021eb:2922c245] 192.168.1.110:3606 syn ok ,remoteid = [00007b8e:04a48ad8]，time dalay=0(ms),first(sendseq=c6aff0b:recvseq=1e80149e),remote timestamp=697162420
[2016-07-05 10:31:43 233 f17fa700] 收到[::ffff:192.168.1.110:8001] 包,cmd=8,无法找到[00002550:3c446f0d]对应的连接对象


[2016-07-05 10:31:43 233 f17fa700] 收到[::ffff:192.168.1.110:36083] 包,cmd=8,无法找到[00002556:3c446f0c]对应的连接对象


[2016-07-05 10:32:06 772 f17fa700] [0x000021eb:2922c245] 在状态(data_master),收到事件(0x00000008:4)
[2016-07-05 10:32:06 772 f17fa700] [0x000021eb:2922c245] 状态迁移(data_master)---(0x00000008:4)-->(user_rst)
[2016-07-05 10:32:06 772 f17fa700] [0x000021eb:2922c245] 在状态(user_rst),收到事件(0x00000009:5)
[2016-07-05 10:32:06 773 f17fa700] [0x000021eb:2922c245] 状态迁移(user_rst)---(0x00000009:5)-->(exit_wait)
[2016-07-05 10:32:06 773 f17fa700] [0x000021eb:2922c245] 在状态(exit_wait),收到事件(0x00000009:6)
[2016-07-05 10:32:06 773 f17fa700] [0x000021eb:2922c245] 状态迁移(exit_wait)---(0x00000009:6)-->(exit)
[2016-07-05 10:32:06 773 f17fa700] [ 21eb:2922c245] E15_udcp_item clean
[2016-07-05 10:32:06 774 17258780] udcp session exit normally
[2016-07-05 10:32:10 312 3dffb700] [00007d24:4a24eef5] 启动同步请求，时间戳=0
[2016-07-05 10:32:10 313 3dffb700] [0x00007d24:4a24eef5] 在状态(),收到事件(0x00000008:1)
[2016-07-05 10:32:10 313 3dffb700] [0x00007d24:4a24eef5] 状态迁移()---(0x00000008:1)-->(user_syn)
[2016-07-05 10:32:10 314 3dffb700] [0x00007d24:4a24eef5] 在状态(user_syn),收到事件(0x00000009:2)
[2016-07-05 10:32:10 314 3dffb700] [0x00007d24:4a24eef5] 状态迁移(user_syn)---(0x00000009:2)-->(data_master)
[2016-07-05 10:32:10 314 3dffb700] [00007d24:4a24eef5] 192.168.1.110:3606 syn ok ,remoteid = [00007b8a:04a48ad9]，time dalay=0(ms),first(sendseq=1e14772:recvseq=5dafbcd4),remote timestamp=697189510
[2016-07-05 10:32:10 328 3dffb700] 收到[::ffff:192.168.1.110:8001] 包,cmd=8,无法找到[00002550:3c446f0d]对应的连接对象


[2016-07-05 10:32:10 328 3dffb700] 收到[::ffff:192.168.1.110:36083] 包,cmd=8,无法找到[00002556:3c446f0c]对应的连接对象


[2016-07-05 10:39:11 682 3dffb700] [0x00007d24:4a24eef5] 在状态(data_master),收到事件(0x00000008:4)
[2016-07-05 10:39:11 682 3dffb700] [0x00007d24:4a24eef5] 状态迁移(data_master)---(0x00000008:4)-->(user_rst)
[2016-07-05 10:39:11 683 3dffb700] [0x00007d24:4a24eef5] 在状态(user_rst),收到事件(0x00000009:5)
[2016-07-05 10:39:11 683 3dffb700] [0x00007d24:4a24eef5] 状态迁移(user_rst)---(0x00000009:5)-->(exit_wait)
[2016-07-05 10:39:11 684 3dffb700] [0x00007d24:4a24eef5] 在状态(exit_wait),收到事件(0x00000009:6)
[2016-07-05 10:39:11 684 3dffb700] [0x00007d24:4a24eef5] 状态迁移(exit_wait)---(0x00000009:6)-->(exit)
[2016-07-05 10:39:11 684 3dffb700] [ 7d24:4a24eef5] E15_udcp_item clean
[2016-07-05 10:39:11 684 5bd9f780] udcp session exit normally
[2016-07-05 10:39:14 375 d77fe700] [0000582f:0bac051d] 启动同步请求，时间戳=0
[2016-07-05 10:39:14 375 d77fe700] [0x0000582f:0bac051d] 在状态(),收到事件(0x00000008:1)
[2016-07-05 10:39:14 376 d77fe700] [0x0000582f:0bac051d] 状态迁移()---(0x00000008:1)-->(user_syn)
[2016-07-05 10:39:14 376 d77fe700] [0x0000582f:0bac051d] 在状态(user_syn),收到事件(0x00000009:2)
[2016-07-05 10:39:14 376 d77fe700] [0x0000582f:0bac051d] 状态迁移(user_syn)---(0x00000009:2)-->(data_master)
[2016-07-05 10:39:14 376 d77fe700] [0000582f:0bac051d] 192.168.1.110:3606 syn ok ,remoteid = [00007b86:04a48ada]，time dalay=0(ms),first(sendseq=3314f1c9:recvseq=615a13cc),remote timestamp=697613550
[2016-07-05 10:39:14 381 d77fe700] 收到[::ffff:192.168.1.110:36083] 包,cmd=8,无法找到[00002556:3c446f0c]对应的连接对象


[2016-07-05 10:39:14 381 d77fe700] 收到[::ffff:192.168.1.110:8001] 包,cmd=8,无法找到[00002550:3c446f0d]对应的连接对象


