[2016-07-05 10:15:15 490 2ffff700] [0000b1d0:3b58eb1b] 启动同步请求，时间戳=0
[2016-07-05 10:15:15 490 2ffff700] [0x0000b1d0:3b58eb1b] 在状态(),收到事件(0x00000008:1)
[2016-07-05 10:15:15 490 2ffff700] [0x0000b1d0:3b58eb1b] 状态迁移()---(0x00000008:1)-->(user_syn)
[2016-07-05 10:15:15 491 2ffff700] [0x0000b1d0:3b58eb1b] 在状态(user_syn),收到事件(0x00000009:2)
[2016-07-05 10:15:15 491 2ffff700] [0x0000b1d0:3b58eb1b] 状态迁移(user_syn)---(0x00000009:2)-->(data_master)
[2016-07-05 10:15:15 492 2ffff700] [0000b1d0:3b58eb1b] 192.168.1.110:3606 syn ok ,remoteid = [00007b89:04a48ad0]，time dalay=0(ms),first(sendseq=3a8c14fa:recvseq=29b8f8c6),remote timestamp=696174660
[2016-07-05 10:16:16 695 2ffff700] [0x0000b1d0:3b58eb1b] 在状态(data_master),收到事件(0x00000008:4)
[2016-07-05 10:16:16 695 2ffff700] [0x0000b1d0:3b58eb1b] 状态迁移(data_master)---(0x00000008:4)-->(user_rst)
[2016-07-05 10:16:16 696 2ffff700] [0x0000b1d0:3b58eb1b] 在状态(user_rst),收到事件(0x00000009:5)
[2016-07-05 10:16:16 696 2ffff700] [0x0000b1d0:3b58eb1b] 状态迁移(user_rst)---(0x00000009:5)-->(exit_wait)
[2016-07-05 10:16:16 696 2ffff700] [0x0000b1d0:3b58eb1b] 在状态(exit_wait),收到事件(0x00000009:6)
[2016-07-05 10:16:16 696 2ffff700] [0x0000b1d0:3b58eb1b] 状态迁移(exit_wait)---(0x00000009:6)-->(exit)
[2016-07-05 10:16:16 696 2ffff700] [ b1d0:3b58eb1b] E15_udcp_item clean
[2016-07-05 10:16:16 697 71a65780] udcp session exit normally
[2016-07-05 10:16:25 951 817fa700] [0000b18b:4f93ec83] 启动同步请求，时间戳=0
[2016-07-05 10:16:25 951 817fa700] [0x0000b18b:4f93ec83] 在状态(),收到事件(0x00000008:1)
[2016-07-05 10:16:25 951 817fa700] [0x0000b18b:4f93ec83] 状态迁移()---(0x00000008:1)-->(user_syn)
[2016-07-05 10:16:25 952 817fa700] [0x0000b18b:4f93ec83] 在状态(user_syn),收到事件(0x00000009:2)
[2016-07-05 10:16:25 952 817fa700] [0x0000b18b:4f93ec83] 状态迁移(user_syn)---(0x00000009:2)-->(data_master)
[2016-07-05 10:16:25 952 817fa700] [0000b18b:4f93ec83] 192.168.1.110:3606 syn ok ,remoteid = [00007b8e:04a48ad1]，time dalay=0(ms),first(sendseq=110634e0:recvseq=277d349b),remote timestamp=696245120
[2016-07-05 10:16:25 967 817fa700] 收到[::ffff:192.168.1.110:8001] 包,cmd=8,无法找到[00002550:3c446f0d]对应的连接对象


[2016-07-05 10:16:25 967 817fa700] 收到[::ffff:192.168.1.110:36083] 包,cmd=8,无法找到[00002556:3c446f0c]对应的连接对象


[2016-07-05 10:17:03 000 817fa700] [0x0000b18b:4f93ec83] 在状态(data_master),收到事件(0x00000008:4)
[2016-07-05 10:17:03 000 817fa700] [0x0000b18b:4f93ec83] 状态迁移(data_master)---(0x00000008:4)-->(user_rst)
[2016-07-05 10:17:03 001 817fa700] [0x0000b18b:4f93ec83] 在状态(user_rst),收到事件(0x00000009:5)
[2016-07-05 10:17:03 001 817fa700] [0x0000b18b:4f93ec83] 状态迁移(user_rst)---(0x00000009:5)-->(exit_wait)
[2016-07-05 10:17:03 001 817fa700] [0x0000b18b:4f93ec83] 在状态(exit_wait),收到事件(0x00000009:6)
[2016-07-05 10:17:03 002 817fa700] [0x0000b18b:4f93ec83] 状态迁移(exit_wait)---(0x00000009:6)-->(exit)
[2016-07-05 10:17:03 002 817fa700] [ b18b:4f93ec83] E15_udcp_item clean
[2016-07-05 10:17:03 002 8ec67780] udcp session exit normally
[2016-07-05 10:21:38 540 3cff9700] [00009177:4af97bec] 启动同步请求，时间戳=0
[2016-07-05 10:21:38 540 3cff9700] [0x00009177:4af97bec] 在状态(),收到事件(0x00000008:1)
[2016-07-05 10:21:38 541 3cff9700] [0x00009177:4af97bec] 状态迁移()---(0x00000008:1)-->(user_syn)
[2016-07-05 10:21:38 541 3cff9700] [0x00009177:4af97bec] 在状态(user_syn),收到事件(0x00000009:2)
[2016-07-05 10:21:38 541 3cff9700] [0x00009177:4af97bec] 状态迁移(user_syn)---(0x00000009:2)-->(data_master)
[2016-07-05 10:21:38 541 3cff9700] [00009177:4af97bec] 192.168.1.110:3606 syn ok ,remoteid = [00007b8a:04a48ad2]，time dalay=0(ms),first(sendseq=7fae0f1f:recvseq=3826bd7e),remote timestamp=696557720
[2016-07-05 10:22:22 668 3cff9700] [0x00009177:4af97bec] 在状态(data_master),收到事件(0x00000008:4)
[2016-07-05 10:22:22 669 3cff9700] [0x00009177:4af97bec] 状态迁移(data_master)---(0x00000008:4)-->(user_rst)
[2016-07-05 10:22:22 669 3cff9700] [0x00009177:4af97bec] 在状态(user_rst),收到事件(0x00000009:5)
[2016-07-05 10:22:22 669 3cff9700] [0x00009177:4af97bec] 状态迁移(user_rst)---(0x00000009:5)-->(exit_wait)
[2016-07-05 10:22:22 670 3cff9700] [0x00009177:4af97bec] 在状态(exit_wait),收到事件(0x00000009:6)
[2016-07-05 10:22:22 670 3cff9700] [0x00009177:4af97bec] 状态迁移(exit_wait)---(0x00000009:6)-->(exit)
[2016-07-05 10:22:22 670 3cff9700] [ 9177:4af97bec] E15_udcp_item clean
[2016-07-05 10:22:22 671 4a101780] udcp session exit normally
[2016-07-05 10:22:26 397 60ff9700] [0000cb06:45ee568d] 启动同步请求，时间戳=0
[2016-07-05 10:22:26 397 60ff9700] [0x0000cb06:45ee568d] 在状态(),收到事件(0x00000008:1)
[2016-07-05 10:22:26 397 60ff9700] [0x0000cb06:45ee568d] 状态迁移()---(0x00000008:1)-->(user_syn)
[2016-07-05 10:22:26 398 60ff9700] [0x0000cb06:45ee568d] 在状态(user_syn),收到事件(0x00000009:2)
[2016-07-05 10:22:26 398 60ff9700] [0x0000cb06:45ee568d] 状态迁移(user_syn)---(0x00000009:2)-->(data_master)
[2016-07-05 10:22:26 398 60ff9700] [0000cb06:45ee568d] 192.168.1.110:3606 syn ok ,remoteid = [00007b86:04a48ad3]，time dalay=0(ms),first(sendseq=923681f:recvseq=4119b901),remote timestamp=696605590
[2016-07-05 10:23:46 042 60ff9700] [0x0000cb06:45ee568d] 在状态(data_master),收到事件(0x00000008:4)
[2016-07-05 10:23:46 042 60ff9700] [0x0000cb06:45ee568d] 状态迁移(data_master)---(0x00000008:4)-->(user_rst)
[2016-07-05 10:23:46 043 60ff9700] [0x0000cb06:45ee568d] 在状态(user_rst),收到事件(0x00000009:5)
[2016-07-05 10:23:46 043 60ff9700] [0x0000cb06:45ee568d] 状态迁移(user_rst)---(0x00000009:5)-->(exit_wait)
[2016-07-05 10:23:46 044 60ff9700] [0x0000cb06:45ee568d] 在状态(exit_wait),收到事件(0x00000009:6)
[2016-07-05 10:23:46 044 60ff9700] [0x0000cb06:45ee568d] 状态迁移(exit_wait)---(0x00000009:6)-->(exit)
[2016-07-05 10:23:46 044 60ff9700] [ cb06:45ee568d] E15_udcp_item clean
[2016-07-05 10:23:46 044 8a13a780] udcp session exit normally
[2016-07-05 10:23:49 739 f0ff9700] [0000b97a:29e8a7cd] 启动同步请求，时间戳=0
[2016-07-05 10:23:49 739 f0ff9700] [0x0000b97a:29e8a7cd] 在状态(),收到事件(0x00000008:1)
[2016-07-05 10:23:49 739 f0ff9700] [0x0000b97a:29e8a7cd] 状态迁移()---(0x00000008:1)-->(user_syn)
[2016-07-05 10:23:49 739 f0ff9700] [0x0000b97a:29e8a7cd] 在状态(user_syn),收到事件(0x00000009:2)
[2016-07-05 10:23:49 739 f0ff9700] [0x0000b97a:29e8a7cd] 状态迁移(user_syn)---(0x00000009:2)-->(data_master)
[2016-07-05 10:23:49 740 f0ff9700] [0000b97a:29e8a7cd] 192.168.1.110:3606 syn ok ,remoteid = [00007b85:04a48ad4]，time dalay=0(ms),first(sendseq=5b744b20:recvseq=44c917a5),remote timestamp=696688930
[2016-07-05 10:23:49 748 f0ff9700] 收到[::ffff:192.168.1.110:36083] 包,cmd=8,无法找到[00002556:3c446f0c]对应的连接对象


[2016-07-05 10:24:57 336 f0ff9700] [0x0000b97a:29e8a7cd] 在状态(data_master),收到事件(0x00000008:4)
[2016-07-05 10:24:57 337 f0ff9700] [0x0000b97a:29e8a7cd] 状态迁移(data_master)---(0x00000008:4)-->(user_rst)
[2016-07-05 10:24:57 337 f0ff9700] [0x0000b97a:29e8a7cd] 在状态(user_rst),收到事件(0x00000009:5)
[2016-07-05 10:24:57 337 f0ff9700] [0x0000b97a:29e8a7cd] 状态迁移(user_rst)---(0x00000009:5)-->(exit_wait)
[2016-07-05 10:24:57 338 f0ff9700] [0x0000b97a:29e8a7cd] 在状态(exit_wait),收到事件(0x00000009:6)
[2016-07-05 10:24:57 338 f0ff9700] [0x0000b97a:29e8a7cd] 状态迁移(exit_wait)---(0x00000009:6)-->(exit)
[2016-07-05 10:24:57 338 f0ff9700] [ b97a:29e8a7cd] E15_udcp_item clean
[2016-07-05 10:24:57 339 fe304780] udcp session exit normally
[2016-07-05 10:26:52 924 997fa700] [00003880:08d13995] 启动同步请求，时间戳=0
[2016-07-05 10:26:52 924 997fa700] [0x00003880:08d13995] 在状态(),收到事件(0x00000008:1)
[2016-07-05 10:26:52 924 997fa700] [0x00003880:08d13995] 状态迁移()---(0x00000008:1)-->(user_syn)
[2016-07-05 10:26:52 925 997fa700] [0x00003880:08d13995] 在状态(user_syn),收到事件(0x00000009:2)
[2016-07-05 10:26:52 925 997fa700] [0x00003880:08d13995] 状态迁移(user_syn)---(0x00000009:2)-->(data_master)
[2016-07-05 10:26:52 925 997fa700] [00003880:08d13995] 192.168.1.110:3606 syn ok ,remoteid = [00007b84:04a48ad5]，time dalay=0(ms),first(sendseq=2b947fc6:recvseq=1bf3a51d),remote timestamp=696872110
[2016-07-05 10:26:52 933 997fa700] 收到[::ffff:192.168.1.110:36083] 包,cmd=8,无法找到[00002556:3c446f0c]对应的连接对象


[2016-07-05 10:26:52 940 997fa700] 收到[::ffff:192.168.1.110:8001] 包,cmd=8,无法找到[00002550:3c446f0d]对应的连接对象


[2016-07-05 10:28:45 391 997fa700] [0x00003880:08d13995] 在状态(data_master),收到事件(0x00000008:4)
[2016-07-05 10:28:45 392 997fa700] [0x00003880:08d13995] 状态迁移(data_master)---(0x00000008:4)-->(user_rst)
[2016-07-05 10:28:45 392 997fa700] [0x00003880:08d13995] 在状态(user_rst),收到事件(0x00000009:5)
[2016-07-05 10:28:45 392 997fa700] [0x00003880:08d13995] 状态迁移(user_rst)---(0x00000009:5)-->(exit_wait)
[2016-07-05 10:28:45 393 997fa700] [0x00003880:08d13995] 在状态(exit_wait),收到事件(0x00000009:6)
[2016-07-05 10:28:45 393 997fa700] [0x00003880:08d13995] 状态迁移(exit_wait)---(0x00000009:6)-->(exit)
[2016-07-05 10:28:45 393 997fa700] [ 3880:8d13995] E15_udcp_item clean
[2016-07-05 10:28:45 393 c2edf780] udcp session exit normally
[2016-07-05 10:28:57 507 9a7fc700] [00006f30:1ffba382] 启动同步请求，时间戳=0
[2016-07-05 10:28:57 507 9a7fc700] [0x00006f30:1ffba382] 在状态(),收到事件(0x00000008:1)
[2016-07-05 10:28:57 507 9a7fc700] [0x00006f30:1ffba382] 状态迁移()---(0x00000008:1)-->(user_syn)
[2016-07-05 10:28:57 508 9a7fc700] [0x00006f30:1ffba382] 在状态(user_syn),收到事件(0x00000009:2)
[2016-07-05 10:28:57 508 9a7fc700] [0x00006f30:1ffba382] 状态迁移(user_syn)---(0x00000009:2)-->(data_master)
[2016-07-05 10:28:57 508 9a7fc700] [00006f30:1ffba382] 192.168.1.110:3606 syn ok ,remoteid = [00007b8b:04a48ad6]，time dalay=0(ms),first(sendseq=2612997f:recvseq=418a3b82),remote timestamp=696996700
[2016-07-05 10:30:03 928 9a7fc700] [0x00006f30:1ffba382] 在状态(data_master),收到事件(0x00000008:4)
[2016-07-05 10:30:03 929 9a7fc700] [0x00006f30:1ffba382] 状态迁移(data_master)---(0x00000008:4)-->(user_rst)
[2016-07-05 10:30:03 929 9a7fc700] [0x00006f30:1ffba382] 在状态(user_rst),收到事件(0x00000009:5)
[2016-07-05 10:30:03 930 9a7fc700] [0x00006f30:1ffba382] 状态迁移(user_rst)---(0x00000009:5)-->(exit_wait)
[2016-07-05 10:30:03 930 9a7fc700] [0x00006f30:1ffba382] 在状态(exit_wait),收到事件(0x00000009:6)
[2016-07-05 10:30:03 930 9a7fc700] [0x00006f30:1ffba382] 状态迁移(exit_wait)---(0x00000009:6)-->(exit)
[2016-07-05 10:30:03 930 9a7fc700] [ 6f30:1ffba382] E15_udcp_item clean
[2016-07-05 10:30:03 931 cc304780] udcp session exit normally
