[2016-08-03 15:30:43 726 33724700] 
###############################################################
当前正在运行的策略的全局信息如下：
	==>策略名称：five_minute_kline_1，
	==>策略版本：，
	==>策略作者：，
	==>策略开发者：，
	==>创建策略库的时间：0，
	==>策略配置名：stg_ins/five_minute_kline_1/libfive_minute_kline_1.ini，
	==>策略备注：
	==>当前这个策略主要关注的指标数据包括：12秒kline（1）
###############################################################
[2016-08-03 15:33:20 357 f55cf700] 
###############################################################
当前正在运行的策略的全局信息如下：
	==>策略名称：five_minute_kline_1，
	==>策略版本：，
	==>策略作者：，
	==>策略开发者：，
	==>创建策略库的时间：0，
	==>策略配置名：stg_ins/five_minute_kline_1/libfive_minute_kline_1.ini，
	==>策略备注：
	==>当前这个策略主要关注的指标数据包括：12秒kline（1）
###############################################################
[2016-08-03 15:36:58 260 f55cf700] 
###############################################################
当前正在运行的策略的全局信息如下：
	==>策略名称：five_minute_kline_1，
	==>策略版本：，
	==>策略作者：，
	==>策略开发者：，
	==>创建策略库的时间：0，
	==>策略配置名：stg_ins/five_minute_kline_1/libfive_minute_kline_1.ini，
	==>策略备注：
	==>当前这个策略主要关注的指标数据包括：12秒kline（1）
###############################################################
[2016-08-03 15:39:18 401 cde97700] 
###############################################################
当前正在运行的策略的全局信息如下：
	==>策略名称：five_minute_kline_1，
	==>策略版本：，
	==>策略作者：，
	==>策略开发者：，
	==>创建策略库的时间：0，
	==>策略配置名：stg_ins/five_minute_kline_1/libfive_minute_kline_1.ini，
	==>策略备注：
	==>当前这个策略主要关注的指标数据包括：12秒kline（1）
###############################################################
[2016-08-03 15:44:34 269 8fedb700] 
###############################################################
当前正在运行的策略的全局信息如下：
	==>策略名称：five_minute_kline_1，
	==>策略版本：，
	==>策略作者：，
	==>策略开发者：，
	==>创建策略库的时间：0，
	==>策略配置名：stg_ins/five_minute_kline_1/libfive_minute_kline_1.ini，
	==>策略备注：
	==>当前这个策略主要关注的指标数据包括：12秒kline（1）
###############################################################
