[2016-08-03 15:47:53 734 8fedb700] 
###############################################################
当前正在运行的策略的全局信息如下：
	==>策略名称：five_minute_kline_1，
	==>策略版本：，
	==>策略作者：，
	==>策略开发者：，
	==>创建策略库的时间：0，
	==>策略配置名：stg_ins/five_minute_kline_1/libfive_minute_kline_1.ini，
	==>策略备注：
	==>当前这个策略主要关注的指标数据包括：12秒kline（1）
###############################################################
[2016-08-03 15:49:41 063 88f8a700] 
###############################################################
当前正在运行的策略的全局信息如下：
	==>策略名称：five_minute_kline_1，
	==>策略版本：，
	==>策略作者：，
	==>策略开发者：，
	==>创建策略库的时间：0，
	==>策略配置名：stg_ins/five_minute_kline_1/libfive_minute_kline_1.ini，
	==>策略备注：
	==>当前这个策略主要关注的指标数据包括：12秒kline（1）
###############################################################
[2016-08-03 15:49:48 740 a710f700] 
###############################################################
当前正在运行的策略的全局信息如下：
	==>策略名称：five_minute_kline_1，
	==>策略版本：，
	==>策略作者：，
	==>策略开发者：，
	==>创建策略库的时间：0，
	==>策略配置名：stg_ins/five_minute_kline_1/libfive_minute_kline_1.ini，
	==>策略备注：
	==>当前这个策略主要关注的指标数据包括：12秒kline（1）
###############################################################
[2016-08-03 15:53:09 747 770f2700] 
###############################################################
当前正在运行的策略的全局信息如下：
	==>策略名称：five_minute_kline_1，
	==>策略版本：，
	==>策略作者：，
	==>策略开发者：，
	==>创建策略库的时间：0，
	==>策略配置名：stg_ins/five_minute_kline_1/libfive_minute_kline_1.ini，
	==>策略备注：
	==>当前这个策略主要关注的指标数据包括：12秒kline（1）
###############################################################
[2016-08-03 15:54:48 990 4c921700] 
###############################################################
当前正在运行的策略的全局信息如下：
	==>策略名称：five_minute_kline_1，
	==>策略版本：，
	==>策略作者：，
	==>策略开发者：，
	==>创建策略库的时间：0，
	==>策略配置名：stg_ins/five_minute_kline_1/libfive_minute_kline_1.ini，
	==>策略备注：
	==>当前这个策略主要关注的指标数据包括：12秒kline（1）
###############################################################
[2016-08-03 15:59:53 447 fc1b7700] 
###############################################################
当前正在运行的策略的全局信息如下：
	==>策略名称：five_minute_kline_1，
	==>策略版本：，
	==>策略作者：，
	==>策略开发者：，
	==>创建策略库的时间：0，
	==>策略配置名：stg_ins/five_minute_kline_1/libfive_minute_kline_1.ini，
	==>策略备注：
	==>当前这个策略主要关注的指标数据包括：12秒kline（1）
###############################################################
