[2016-08-03 15:49:41 063 d6c38700] 
###############################################################
当前正在运行的策略的全局信息如下：
	==>策略名称：sideways_false_breakthrough，
	==>策略版本：，
	==>策略作者：，
	==>策略开发者：，
	==>创建策略库的时间：0，
	==>策略配置名：stg_ins/sideways_false_breakthrough/libsideways_false_breakthrough.ini，
	==>策略备注：
	==>当前这个策略主要关注的指标数据包括：1分钟kline（2）
###############################################################
[2016-08-03 15:49:48 731 4f89700] 
###############################################################
当前正在运行的策略的全局信息如下：
	==>策略名称：sideways_false_breakthrough，
	==>策略版本：，
	==>策略作者：，
	==>策略开发者：，
	==>创建策略库的时间：0，
	==>策略配置名：stg_ins/sideways_false_breakthrough/libsideways_false_breakthrough.ini，
	==>策略备注：
	==>当前这个策略主要关注的指标数据包括：1分钟kline（2）
###############################################################
[2016-08-03 15:53:09 970 d026a700] 
###############################################################
当前正在运行的策略的全局信息如下：
	==>策略名称：sideways_false_breakthrough，
	==>策略版本：，
	==>策略作者：，
	==>策略开发者：，
	==>创建策略库的时间：0，
	==>策略配置名：stg_ins/sideways_false_breakthrough/libsideways_false_breakthrough.ini，
	==>策略备注：
	==>当前这个策略主要关注的指标数据包括：1分钟kline（2）
###############################################################
[2016-08-03 15:54:49 019 e3c0700] 
###############################################################
当前正在运行的策略的全局信息如下：
	==>策略名称：sideways_false_breakthrough，
	==>策略版本：，
	==>策略作者：，
	==>策略开发者：，
	==>创建策略库的时间：0，
	==>策略配置名：stg_ins/sideways_false_breakthrough/libsideways_false_breakthrough.ini，
	==>策略备注：
	==>当前这个策略主要关注的指标数据包括：1分钟kline（2）
###############################################################
[2016-08-03 15:59:53 462 aed6e700] 
###############################################################
当前正在运行的策略的全局信息如下：
	==>策略名称：sideways_false_breakthrough，
	==>策略版本：，
	==>策略作者：，
	==>策略开发者：，
	==>创建策略库的时间：0，
	==>策略配置名：stg_ins/sideways_false_breakthrough/libsideways_false_breakthrough.ini，
	==>策略备注：
	==>当前这个策略主要关注的指标数据包括：1分钟kline（2）
###############################################################
