[2016-08-03 15:49:41 063 474fb700] 
###############################################################
当前正在运行的策略的全局信息如下：
	==>策略名称：strategy_demo2，
	==>策略版本：，
	==>策略作者：，
	==>策略开发者：，
	==>创建策略库的时间：0，
	==>策略配置名：stg_ins/strategy_demo2/libstrategy_demo2.ini，
	==>策略备注：
	==>当前这个策略主要关注的指标数据包括：1分钟kline（2）
###############################################################
[2016-08-03 15:49:48 860 209c700] 
###############################################################
当前正在运行的策略的全局信息如下：
	==>策略名称：strategy_demo2，
	==>策略版本：，
	==>策略作者：，
	==>策略开发者：，
	==>创建策略库的时间：0，
	==>策略配置名：stg_ins/strategy_demo2/libstrategy_demo2.ini，
	==>策略备注：
	==>当前这个策略主要关注的指标数据包括：1分钟kline（2）
###############################################################
[2016-08-03 15:53:09 947 1e668700] 
###############################################################
当前正在运行的策略的全局信息如下：
	==>策略名称：strategy_demo2，
	==>策略版本：，
	==>策略作者：，
	==>策略开发者：，
	==>创建策略库的时间：0，
	==>策略配置名：stg_ins/strategy_demo2/libstrategy_demo2.ini，
	==>策略备注：
	==>当前这个策略主要关注的指标数据包括：1分钟kline（2）
###############################################################
[2016-08-03 15:54:49 109 8f6f4700] 
###############################################################
当前正在运行的策略的全局信息如下：
	==>策略名称：strategy_demo2，
	==>策略版本：，
	==>策略作者：，
	==>策略开发者：，
	==>创建策略库的时间：0，
	==>策略配置名：stg_ins/strategy_demo2/libstrategy_demo2.ini，
	==>策略备注：
	==>当前这个策略主要关注的指标数据包括：1分钟kline（2）
###############################################################
