[2016-08-03 15:30:44 346 33724700] 
###############################################################
当前正在运行的策略的全局信息如下：
	==>策略名称：strategy_demo2，
	==>策略版本：，
	==>策略作者：，
	==>策略开发者：，
	==>创建策略库的时间：0，
	==>策略配置名：stg_ins/strategy_demo2/libstrategy_demo2.ini，
	==>策略备注：
	==>当前这个策略主要关注的指标数据包括：1分钟kline（2）
###############################################################
[2016-08-03 15:33:20 509 f55cf700] 
###############################################################
当前正在运行的策略的全局信息如下：
	==>策略名称：strategy_demo2，
	==>策略版本：，
	==>策略作者：，
	==>策略开发者：，
	==>创建策略库的时间：0，
	==>策略配置名：stg_ins/strategy_demo2/libstrategy_demo2.ini，
	==>策略备注：
	==>当前这个策略主要关注的指标数据包括：1分钟kline（2）
###############################################################
[2016-08-03 15:36:58 421 f55cf700] 
###############################################################
当前正在运行的策略的全局信息如下：
	==>策略名称：strategy_demo2，
	==>策略版本：，
	==>策略作者：，
	==>策略开发者：，
	==>创建策略库的时间：0，
	==>策略配置名：stg_ins/strategy_demo2/libstrategy_demo2.ini，
	==>策略备注：
	==>当前这个策略主要关注的指标数据包括：1分钟kline（2）
###############################################################
[2016-08-03 15:39:18 432 cde97700] 
###############################################################
当前正在运行的策略的全局信息如下：
	==>策略名称：strategy_demo2，
	==>策略版本：，
	==>策略作者：，
	==>策略开发者：，
	==>创建策略库的时间：0，
	==>策略配置名：stg_ins/strategy_demo2/libstrategy_demo2.ini，
	==>策略备注：
	==>当前这个策略主要关注的指标数据包括：1分钟kline（2）
###############################################################
[2016-08-03 15:40:47 038 cde97700] 
###############################################################
当前正在运行的策略的全局信息如下：
	==>策略名称：strategy_demo2，
	==>策略版本：，
	==>策略作者：，
	==>策略开发者：，
	==>创建策略库的时间：0，
	==>策略配置名：stg_ins/strategy_demo2/libstrategy_demo2.ini，
	==>策略备注：
	==>当前这个策略主要关注的指标数据包括：1分钟kline（2）
###############################################################
[2016-08-03 15:44:34 300 8fedb700] 
###############################################################
当前正在运行的策略的全局信息如下：
	==>策略名称：strategy_demo2，
	==>策略版本：，
	==>策略作者：，
	==>策略开发者：，
	==>创建策略库的时间：0，
	==>策略配置名：stg_ins/strategy_demo2/libstrategy_demo2.ini，
	==>策略备注：
	==>当前这个策略主要关注的指标数据包括：1分钟kline（2）
###############################################################
