[2016-08-03 15:47:44 782 8fedb700] 
###############################################################
当前正在运行的策略的全局信息如下：
	==>策略名称：strategy_demo1，
	==>策略版本：，
	==>策略作者：，
	==>策略开发者：，
	==>创建策略库的时间：0，
	==>策略配置名：stg_ins/strategy_demo1/libstrategy_demo1.ini，
	==>策略备注：
	==>当前这个策略主要关注的指标数据包括：1分钟kline（2）
###############################################################
[2016-08-03 15:49:41 063 6450d700] 
###############################################################
当前正在运行的策略的全局信息如下：
	==>策略名称：strategy_demo1，
	==>策略版本：，
	==>策略作者：，
	==>策略开发者：，
	==>创建策略库的时间：0，
	==>策略配置名：stg_ins/strategy_demo1/libstrategy_demo1.ini，
	==>策略备注：
	==>当前这个策略主要关注的指标数据包括：1分钟kline（2）
###############################################################
[2016-08-03 15:49:48 802 29e70700] 
###############################################################
当前正在运行的策略的全局信息如下：
	==>策略名称：strategy_demo1，
	==>策略版本：，
	==>策略作者：，
	==>策略开发者：，
	==>创建策略库的时间：0，
	==>策略配置名：stg_ins/strategy_demo1/libstrategy_demo1.ini，
	==>策略备注：
	==>当前这个策略主要关注的指标数据包括：1分钟kline（2）
###############################################################
[2016-08-03 15:53:09 939 53eeb700] 
###############################################################
当前正在运行的策略的全局信息如下：
	==>策略名称：strategy_demo1，
	==>策略版本：，
	==>策略作者：，
	==>策略开发者：，
	==>创建策略库的时间：0，
	==>策略配置名：stg_ins/strategy_demo1/libstrategy_demo1.ini，
	==>策略备注：
	==>当前这个策略主要关注的指标数据包括：1分钟kline（2）
###############################################################
[2016-08-03 15:54:49 096 78cc4700] 
###############################################################
当前正在运行的策略的全局信息如下：
	==>策略名称：strategy_demo1，
	==>策略版本：，
	==>策略作者：，
	==>策略开发者：，
	==>创建策略库的时间：0，
	==>策略配置名：stg_ins/strategy_demo1/libstrategy_demo1.ini，
	==>策略备注：
	==>当前这个策略主要关注的指标数据包括：1分钟kline（2）
###############################################################
[2016-08-03 15:59:53 483 75032700] 
###############################################################
当前正在运行的策略的全局信息如下：
	==>策略名称：strategy_demo1，
	==>策略版本：，
	==>策略作者：，
	==>策略开发者：，
	==>创建策略库的时间：0，
	==>策略配置名：stg_ins/strategy_demo1/libstrategy_demo1.ini，
	==>策略备注：
	==>当前这个策略主要关注的指标数据包括：1分钟kline（2）
###############################################################
