[2016-08-03 15:30:43 111 33724700] 成功连接行情服务器
[2016-08-03 15:30:43 112 33724700] 成功启动本地http客户端用于接收远程策略so以及ini
[2016-08-03 15:30:43 117 33724700] [b4c7:4a34e484] (N=3, name=uemgr_ctp:role=proxy) 上线
[2016-08-03 15:30:43 726 33724700] [strategy manager] create strategy instance with library name `stg_ins/five_minute_kline_1/libfive_minute_kline_1.so` successfully!
[2016-08-03 15:30:43 921 33724700] [strategy manager] create strategy instance with library name `stg_ins/sideways_false_breakthrough/libsideways_false_breakthrough.so` successfully!
[2016-08-03 15:30:44 287 33724700] [strategy manager] create strategy instance with library name `stg_ins/strategy_demo1/libstrategy_demo1.so` successfully!
[2016-08-03 15:30:44 346 33724700] [strategy manager] create strategy instance with library name `stg_ins/strategy_demo2/libstrategy_demo2.so` successfully!
[2016-08-03 15:31:56 128 33724700] [b4c7:4a34e484] (N=3, name=uemgr_ctp:role=proxy) 下线
[2016-08-03 15:31:56 141 33724700] [strategy_manager::destroy]中断与行情服务器的连接，释放服务申请的资源
[2016-08-03 15:33:19 738 f55cf700] 成功连接行情服务器
[2016-08-03 15:33:19 739 f55cf700] 成功启动本地http客户端用于接收远程策略so以及ini
[2016-08-03 15:33:19 745 f55cf700] [84c5:438c1eff] (N=3, name=uemgr_ctp:role=proxy) 上线
[2016-08-03 15:33:20 357 f55cf700] [strategy manager] create strategy instance with library name `stg_ins/five_minute_kline_1/libfive_minute_kline_1.so` successfully!
[2016-08-03 15:33:20 421 f55cf700] [strategy manager] create strategy instance with library name `stg_ins/sideways_false_breakthrough/libsideways_false_breakthrough.so` successfully!
[2016-08-03 15:33:20 450 f55cf700] [strategy manager] create strategy instance with library name `stg_ins/strategy_demo1/libstrategy_demo1.so` successfully!
[2016-08-03 15:33:20 509 f55cf700] [strategy manager] create strategy instance with library name `stg_ins/strategy_demo2/libstrategy_demo2.so` successfully!
[2016-08-03 15:35:12 341 f55cf700] [84c5:438c1eff] (N=3, name=uemgr_ctp:role=proxy) 下线
[2016-08-03 15:35:13 368 f55cf700] [84c5:438c1f00] (N=3, name=uemgr_ctp:role=proxy) 上线
[2016-08-03 15:36:22 654 f55cf700] [84c5:438c1f00] (N=3, name=uemgr_ctp:role=proxy) 下线
[2016-08-03 15:36:28 661 f55cf700] [strategy_manager::destroy]中断与行情服务器的连接，释放服务申请的资源
[2016-08-03 15:36:57 643 f55cf700] 成功连接行情服务器
[2016-08-03 15:36:57 643 f55cf700] 成功启动本地http客户端用于接收远程策略so以及ini
[2016-08-03 15:36:57 650 f55cf700] [2e76:15bfa1cb] (N=3, name=uemgr_ctp:role=proxy) 上线
[2016-08-03 15:36:58 260 f55cf700] [strategy manager] create strategy instance with library name `stg_ins/five_minute_kline_1/libfive_minute_kline_1.so` successfully!
[2016-08-03 15:36:58 334 f55cf700] [strategy manager] create strategy instance with library name `stg_ins/sideways_false_breakthrough/libsideways_false_breakthrough.so` successfully!
[2016-08-03 15:36:58 379 f55cf700] [strategy manager] create strategy instance with library name `stg_ins/strategy_demo1/libstrategy_demo1.so` successfully!
[2016-08-03 15:36:58 422 f55cf700] [strategy manager] create strategy instance with library name `stg_ins/strategy_demo2/libstrategy_demo2.so` successfully!
[2016-08-03 15:39:17 844 cde97700] 成功连接行情服务器
[2016-08-03 15:39:17 844 cde97700] 成功启动本地http客户端用于接收远程策略so以及ini
[2016-08-03 15:39:17 850 cde97700] [5d63:ad7d6df] (N=3, name=uemgr_ctp:role=proxy) 上线
[2016-08-03 15:39:18 401 cde97700] [strategy manager] create strategy instance with library name `stg_ins/five_minute_kline_1/libfive_minute_kline_1.so` successfully!
[2016-08-03 15:39:18 412 cde97700] [strategy manager] create strategy instance with library name `stg_ins/sideways_false_breakthrough/libsideways_false_breakthrough.so` successfully!
[2016-08-03 15:39:18 421 cde97700] [strategy manager] create strategy instance with library name `stg_ins/strategy_demo1/libstrategy_demo1.so` successfully!
[2016-08-03 15:39:18 432 cde97700] [strategy manager] create strategy instance with library name `stg_ins/strategy_demo2/libstrategy_demo2.so` successfully!
[2016-08-03 15:40:06 634 cde97700] [strategy manager] unload strategy with library name `stg_ins/strategy_demo2/libstrategy_demo2.so` successfully!
[2016-08-03 15:40:47 038 cde97700] [strategy manager] create strategy instance with library name `stg_ins/strategy_demo2/libstrategy_demo2.so` successfully!
[2016-08-03 15:41:22 431 cde97700] [strategy manager] create strategy instance with library name `stg_ins/strategy_demo4/libstrategy_demo4.so` successfully!
[2016-08-03 15:44:31 912 cde97700] [5d63:ad7d6df] (N=3, name=uemgr_ctp:role=proxy) 下线
[2016-08-03 15:44:31 924 cde97700] [strategy_manager::destroy]中断与行情服务器的连接，释放服务申请的资源
[2016-08-03 15:44:33 714 8fedb700] 成功连接行情服务器
[2016-08-03 15:44:33 714 8fedb700] 成功启动本地http客户端用于接收远程策略so以及ini
[2016-08-03 15:44:33 720 8fedb700] [22cb:2f5d43a0] (N=3, name=uemgr_ctp:role=proxy) 上线
[2016-08-03 15:44:34 269 8fedb700] [strategy manager] create strategy instance with library name `stg_ins/five_minute_kline_1/libfive_minute_kline_1.so` successfully!
[2016-08-03 15:44:34 280 8fedb700] [strategy manager] create strategy instance with library name `stg_ins/sideways_false_breakthrough/libsideways_false_breakthrough.so` successfully!
[2016-08-03 15:44:34 289 8fedb700] [strategy manager] create strategy instance with library name `stg_ins/strategy_demo1/libstrategy_demo1.so` successfully!
[2016-08-03 15:44:34 300 8fedb700] [strategy manager] create strategy instance with library name `stg_ins/strategy_demo2/libstrategy_demo2.so` successfully!
[2016-08-03 15:44:48 479 8fedb700] [strategy manager] create strategy instance with library name `stg_ins/strategy_demo4/libstrategy_demo4.so` successfully!
[2016-08-03 15:46:05 548 8fedb700] [strategy manager] unload strategy with library name `stg_ins/strategy_demo1/libstrategy_demo1.so` successfully!
[2016-08-03 15:47:21 453 8fedb700] [strategy manager] unload strategy with library name `stg_ins/five_minute_kline_1/libfive_minute_kline_1.so` successfully!
[2016-08-03 15:47:44 782 8fedb700] [strategy manager] create strategy instance with library name `stg_ins/strategy_demo1/libstrategy_demo1.so` successfully!
[2016-08-03 15:47:53 734 8fedb700] [strategy manager] create strategy instance with library name `stg_ins/five_minute_kline_1/libfive_minute_kline_1.so` successfully!
[2016-08-03 15:48:09 182 8fedb700] [strategy manager] unload strategy with library name `stg_ins/strategy_demo4/libstrategy_demo4.so` successfully!
[2016-08-03 15:48:21 766 8fedb700] [22cb:2f5d43a0] (N=3, name=uemgr_ctp:role=proxy) 下线
[2016-08-03 15:48:21 782 8fedb700] [strategy_manager::destroy]中断与行情服务器的连接，释放服务申请的资源
