[2016-08-03 15:18:21 387 74ffa700] 成功连接行情服务器
[2016-08-03 15:18:21 387 74ffa700] 成功启动本地http客户端用于接收远程策略so以及ini
[2016-08-03 15:18:21 394 74ffa700] [d741:5dd20dd9] (N=3, name=uemgr_ctp:role=proxy) 上线
[2016-08-03 15:18:34 409 74ffa700] [d741:5dd20dd9] (N=3, name=uemgr_ctp:role=proxy) 下线
[2016-08-03 15:18:34 414 74ffa700] [strategy_manager::destroy]中断与行情服务器的连接，释放服务申请的资源
[2016-08-03 15:18:52 964 f55cf700] 成功连接行情服务器
[2016-08-03 15:18:52 964 f55cf700] 成功启动本地http客户端用于接收远程策略so以及ini
[2016-08-03 15:18:52 970 f55cf700] [c00:8af1452] (N=3, name=uemgr_ctp:role=proxy) 上线
[2016-08-03 15:19:43 533 f55cf700] 成功连接行情服务器
[2016-08-03 15:19:43 534 f55cf700] 成功启动本地http客户端用于接收远程策略so以及ini
[2016-08-03 15:19:43 544 f55cf700] [4251:2b1e2e70] (N=3, name=uemgr_ctp:role=proxy) 上线
[2016-08-03 15:20:38 125 f55cf700] 成功连接行情服务器
[2016-08-03 15:20:38 126 f55cf700] 成功启动本地http客户端用于接收远程策略so以及ini
[2016-08-03 15:20:38 133 f55cf700] [2b8d:3d39b2c3] (N=3, name=uemgr_ctp:role=proxy) 上线
[2016-08-03 15:20:58 137 f55cf700] [2b8d:3d39b2c3] (N=3, name=uemgr_ctp:role=proxy) 下线
[2016-08-03 15:20:58 178 f55cf700] [strategy_manager::destroy]中断与行情服务器的连接，释放服务申请的资源
[2016-08-03 15:22:06 468 f55cf700] 成功连接行情服务器
[2016-08-03 15:22:06 468 f55cf700] 成功启动本地http客户端用于接收远程策略so以及ini
[2016-08-03 15:22:06 474 f55cf700] [9095:3576ef2e] (N=3, name=uemgr_ctp:role=proxy) 上线
[2016-08-03 15:22:11 474 f55cf700] [9095:3576ef2e] (N=3, name=uemgr_ctp:role=proxy) 下线
[2016-08-03 15:22:11 495 f55cf700] [strategy_manager::destroy]中断与行情服务器的连接，释放服务申请的资源
[2016-08-03 15:22:23 018 f55cf700] 成功连接行情服务器
[2016-08-03 15:22:23 018 f55cf700] 成功启动本地http客户端用于接收远程策略so以及ini
[2016-08-03 15:22:23 024 f55cf700] [34ad:791f8243] (N=3, name=uemgr_ctp:role=proxy) 上线
[2016-08-03 15:22:28 025 f55cf700] [34ad:791f8243] (N=3, name=uemgr_ctp:role=proxy) 下线
[2016-08-03 15:22:28 058 f55cf700] [strategy_manager::destroy]中断与行情服务器的连接，释放服务申请的资源
[2016-08-03 15:22:33 177 f55cf700] 成功连接行情服务器
[2016-08-03 15:22:33 177 f55cf700] 成功启动本地http客户端用于接收远程策略so以及ini
[2016-08-03 15:22:33 183 f55cf700] [5c13:6fbf5606] (N=3, name=uemgr_ctp:role=proxy) 上线
[2016-08-03 15:28:34 807 1c49b700] 成功连接行情服务器
[2016-08-03 15:28:34 807 1c49b700] 成功启动本地http客户端用于接收远程策略so以及ini
[2016-08-03 15:28:34 813 1c49b700] [e97f:bc6d2c4] (N=3, name=uemgr_ctp:role=proxy) 上线
[2016-08-03 15:28:37 813 1c49b700] [e97f:bc6d2c4] (N=3, name=uemgr_ctp:role=proxy) 下线
[2016-08-03 15:28:37 817 1c49b700] [strategy_manager::destroy]中断与行情服务器的连接，释放服务申请的资源
[2016-08-03 15:29:23 680 f55cf700] 成功连接行情服务器
[2016-08-03 15:29:23 680 f55cf700] 成功启动本地http客户端用于接收远程策略so以及ini
[2016-08-03 15:29:23 686 f55cf700] [a866:74d4c7b3] (N=3, name=uemgr_ctp:role=proxy) 上线
