[2016-08-03 15:30:44 287 33724700] 
###############################################################
当前正在运行的策略的全局信息如下：
	==>策略名称：strategy_demo1，
	==>策略版本：，
	==>策略作者：，
	==>策略开发者：，
	==>创建策略库的时间：0，
	==>策略配置名：stg_ins/strategy_demo1/libstrategy_demo1.ini，
	==>策略备注：
	==>当前这个策略主要关注的指标数据包括：1分钟kline（2）
###############################################################
[2016-08-03 15:33:20 449 f55cf700] 
###############################################################
当前正在运行的策略的全局信息如下：
	==>策略名称：strategy_demo1，
	==>策略版本：，
	==>策略作者：，
	==>策略开发者：，
	==>创建策略库的时间：0，
	==>策略配置名：stg_ins/strategy_demo1/libstrategy_demo1.ini，
	==>策略备注：
	==>当前这个策略主要关注的指标数据包括：1分钟kline（2）
###############################################################
[2016-08-03 15:36:58 379 f55cf700] 
###############################################################
当前正在运行的策略的全局信息如下：
	==>策略名称：strategy_demo1，
	==>策略版本：，
	==>策略作者：，
	==>策略开发者：，
	==>创建策略库的时间：0，
	==>策略配置名：stg_ins/strategy_demo1/libstrategy_demo1.ini，
	==>策略备注：
	==>当前这个策略主要关注的指标数据包括：1分钟kline（2）
###############################################################
[2016-08-03 15:39:18 421 cde97700] 
###############################################################
当前正在运行的策略的全局信息如下：
	==>策略名称：strategy_demo1，
	==>策略版本：，
	==>策略作者：，
	==>策略开发者：，
	==>创建策略库的时间：0，
	==>策略配置名：stg_ins/strategy_demo1/libstrategy_demo1.ini，
	==>策略备注：
	==>当前这个策略主要关注的指标数据包括：1分钟kline（2）
###############################################################
[2016-08-03 15:44:34 289 8fedb700] 
###############################################################
当前正在运行的策略的全局信息如下：
	==>策略名称：strategy_demo1，
	==>策略版本：，
	==>策略作者：，
	==>策略开发者：，
	==>创建策略库的时间：0，
	==>策略配置名：stg_ins/strategy_demo1/libstrategy_demo1.ini，
	==>策略备注：
	==>当前这个策略主要关注的指标数据包括：1分钟kline（2）
###############################################################
