[2016-08-03 15:48:40 352 60b1f700] 成功连接行情服务器
[2016-08-03 15:48:40 352 60b1f700] 成功启动本地http客户端用于接收远程策略so以及ini
[2016-08-03 15:48:40 358 60b1f700] [cbc3:33cb6df9] (N=3, name=uemgr_ctp:role=proxy) 上线
[2016-08-03 15:48:40 947 60b1f700] 收到子进程退出信号，回收子进程 pid = 22169, sts = 32512
[2016-08-03 15:48:50 360 60b1f700] [strategy_manager::destroy]中断与行情服务器的连接，释放服务申请的资源
[2016-08-03 15:49:21 048 37ce9700] 成功连接行情服务器
[2016-08-03 15:49:21 048 37ce9700] 成功启动本地http客户端用于接收远程策略so以及ini
[2016-08-03 15:49:21 055 37ce9700] [6286:7a730fdb] (N=3, name=uemgr_ctp:role=proxy) 上线
[2016-08-03 15:49:21 658 37ce9700] 父进程(23153)发送合约列表(bytes=35470)和指标描述信息(bytes=9142)完毕！
[2016-08-03 15:49:21 684 37ce9700] 父进程(23153)发送合约列表(bytes=35470)和指标描述信息(bytes=9142)完毕！
[2016-08-03 15:49:21 715 37ce9700] 父进程(23153)发送合约列表(bytes=35470)和指标描述信息(bytes=9142)完毕！
[2016-08-03 15:49:21 750 37ce9700] 父进程(23153)发送合约列表(bytes=35470)和指标描述信息(bytes=9142)完毕！
[2016-08-03 15:49:47 119 e15e700] 成功连接行情服务器
[2016-08-03 15:49:47 120 e15e700] 成功启动本地http客户端用于接收远程策略so以及ini
[2016-08-03 15:49:47 125 e15e700] [b1be:1916f7dd] (N=3, name=uemgr_ctp:role=proxy) 上线
[2016-08-03 15:49:47 696 e15e700] 父进程(23333)发送合约列表(bytes=35470)和指标描述信息(bytes=9142)完毕！
[2016-08-03 15:49:47 724 e15e700] 父进程(23333)发送合约列表(bytes=35470)和指标描述信息(bytes=9142)完毕！
[2016-08-03 15:49:47 764 e15e700] 父进程(23333)发送合约列表(bytes=35470)和指标描述信息(bytes=9142)完毕！
[2016-08-03 15:49:47 806 e15e700] 父进程(23333)发送合约列表(bytes=35470)和指标描述信息(bytes=9142)完毕！
[2016-08-03 15:53:08 162 60a5b700] 成功连接行情服务器
[2016-08-03 15:53:08 188 60a5b700] 成功启动本地http客户端用于接收远程策略so以及ini
[2016-08-03 15:53:08 188 60a5b700] [c4fd:b54d43e] (N=3, name=uemgr_ctp:role=proxy) 上线
[2016-08-03 15:53:08 734 60a5b700] 父进程(27691)发送合约列表(bytes=35470)和指标描述信息(bytes=9142)完毕！
[2016-08-03 15:53:08 771 60a5b700] 父进程(27691)发送合约列表(bytes=35470)和指标描述信息(bytes=9142)完毕！
[2016-08-03 15:53:08 806 60a5b700] 父进程(27691)发送合约列表(bytes=35470)和指标描述信息(bytes=9142)完毕！
[2016-08-03 15:53:08 834 60a5b700] 父进程(27691)发送合约列表(bytes=35470)和指标描述信息(bytes=9142)完毕！
[2016-08-03 15:53:25 169 60a5b700] [c4fd:b54d43e] (N=3, name=uemgr_ctp:role=proxy) 下线
[2016-08-03 15:53:25 174 60a5b700] [strategy_manager::destroy]中断与行情服务器的连接，释放服务申请的资源
[2016-08-03 15:54:04 898 54aa5700] 成功连接行情服务器
[2016-08-03 15:54:04 898 54aa5700] 成功启动本地http客户端用于接收远程策略so以及ini
[2016-08-03 15:54:47 337 3eab5700] 成功连接行情服务器
[2016-08-03 15:54:47 338 3eab5700] 成功启动本地http客户端用于接收远程策略so以及ini
[2016-08-03 15:54:47 344 3eab5700] [20f9:797cbe79] (N=3, name=uemgr_ctp:role=proxy) 上线
[2016-08-03 15:54:47 937 3eab5700] 父进程(30171)发送合约列表(bytes=35470)和指标描述信息(bytes=9142)完毕！
[2016-08-03 15:54:47 974 3eab5700] 父进程(30171)发送合约列表(bytes=35470)和指标描述信息(bytes=9142)完毕！
[2016-08-03 15:54:48 011 3eab5700] 父进程(30171)发送合约列表(bytes=35470)和指标描述信息(bytes=9142)完毕！
[2016-08-03 15:54:48 054 3eab5700] 父进程(30171)发送合约列表(bytes=35470)和指标描述信息(bytes=9142)完毕！
[2016-08-03 15:55:00 360 3eab5700] [strategy manager] unload strategy with library name `stg_ins/strategy_demo2/libstrategy_demo2.so` successfully!
[2016-08-03 15:55:00 385 3eab5700] 收到子进程退出信号，回收子进程 pid = 30223, sts = 0
[2016-08-03 15:55:10 381 3eab5700] 父进程(30171)发送合约列表(bytes=35470)和指标描述信息(bytes=9142)完毕！
[2016-08-03 15:55:14 347 3eab5700] [20f9:797cbe79] (N=3, name=uemgr_ctp:role=proxy) 下线
[2016-08-03 15:55:14 356 3eab5700] [strategy_manager::destroy]中断与行情服务器的连接，释放服务申请的资源
[2016-08-03 15:59:51 786 b5f1f700] 成功连接行情服务器
[2016-08-03 15:59:51 786 b5f1f700] 成功启动本地http客户端用于接收远程策略so以及ini
[2016-08-03 15:59:51 793 b5f1f700] [437e:4a63fc59] (N=3, name=uemgr_ctp:role=proxy) 上线
[2016-08-03 15:59:52 356 b5f1f700] 父进程(5391)发送合约列表(bytes=35470)和指标描述信息(bytes=9142)完毕！
[2016-08-03 15:59:52 385 b5f1f700] 父进程(5391)发送合约列表(bytes=35470)和指标描述信息(bytes=9142)完毕！
[2016-08-03 15:59:52 416 b5f1f700] 父进程(5391)发送合约列表(bytes=35470)和指标描述信息(bytes=9142)完毕！
[2016-08-03 15:59:52 459 b5f1f700] 父进程(5391)发送合约列表(bytes=35470)和指标描述信息(bytes=9142)完毕！
[2016-08-03 15:59:55 678 b5f1f700] [strategy manager] unload strategy with library name `stg_ins/five_minute_kline_1/libfive_minute_kline_1.so` successfully!
[2016-08-03 15:59:55 682 b5f1f700] [strategy manager] unload strategy with library name `stg_ins/sideways_false_breakthrough/libsideways_false_breakthrough.so` successfully!
[2016-08-03 15:59:55 687 b5f1f700] [strategy manager] unload strategy with library name `stg_ins/strategy_demo1/libstrategy_demo1.so` successfully!
[2016-08-03 15:59:55 692 b5f1f700] [strategy manager] unload strategy with library name `stg_ins/strategy_demo4/libstrategy_demo4.so` successfully!
[2016-08-03 15:59:55 712 b5f1f700] 收到子进程退出信号，回收子进程 pid = 5423, sts = 0
[2016-08-03 15:59:55 719 b5f1f700] 收到子进程退出信号，回收子进程 pid = 5430, sts = 0
[2016-08-03 15:59:55 720 b5f1f700] 收到子进程退出信号，回收子进程 pid = 5438, sts = 0
[2016-08-03 15:59:55 726 b5f1f700] 收到子进程退出信号，回收子进程 pid = 5442, sts = 0
[2016-08-03 15:59:55 789 b5f1f700] [437e:4a63fc59] (N=3, name=uemgr_ctp:role=proxy) 下线
[2016-08-03 15:59:55 796 b5f1f700] [strategy_manager::destroy]中断与行情服务器的连接，释放服务申请的资源
