[2016-08-03 15:18:22 405 59ffb700] 
当前策略服务的内存使用情况统计如下：
虚拟内存的峰值（VmPeak）：	777.18 MB 
虚拟内存的大小（VmSize）：	777.18 MB
物理内存的峰值（VmHWM）：	10.20 MB
物理内存的大小（VmRSS）：	10.20 MB
物理内存的占用量：	0.27%
物理内存占用量的峰值：	0.27%
CPU的占用量：	14.62%
CPU占用量的峰值：	14.62%
打开的文件句柄数：	9
当前进程的磁盘占用量：	0.00 GB

[2016-08-03 15:19:01 933 db7ee700] 
当前策略服务的内存使用情况统计如下：
虚拟内存的峰值（VmPeak）：	777.19 MB 
虚拟内存的大小（VmSize）：	777.19 MB
物理内存的峰值（VmHWM）：	6.21 MB
物理内存的大小（VmRSS）：	6.21 MB
物理内存的占用量：	0.16%
物理内存占用量的峰值：	0.16%
CPU的占用量：	3.45%
CPU占用量的峰值：	3.45%
打开的文件句柄数：	9
当前进程的磁盘占用量：	0.00 GB

[2016-08-03 15:19:51 496 da7f4700] 
当前策略服务的内存使用情况统计如下：
虚拟内存的峰值（VmPeak）：	777.19 MB 
虚拟内存的大小（VmSize）：	777.19 MB
物理内存的峰值（VmHWM）：	10.20 MB
物理内存的大小（VmRSS）：	10.20 MB
物理内存的占用量：	0.27%
物理内存占用量的峰值：	0.27%
CPU的占用量：	1.72%
CPU占用量的峰值：	1.72%
打开的文件句柄数：	9
当前进程的磁盘占用量：	0.00 GB

[2016-08-03 15:20:39 129 da7f4700] 
当前策略服务的内存使用情况统计如下：
虚拟内存的峰值（VmPeak）：	777.18 MB 
虚拟内存的大小（VmSize）：	777.18 MB
物理内存的峰值（VmHWM）：	10.20 MB
物理内存的大小（VmRSS）：	10.20 MB
物理内存的占用量：	0.27%
物理内存占用量的峰值：	0.27%
CPU的占用量：	14.54%
CPU占用量的峰值：	14.54%
打开的文件句柄数：	9
当前进程的磁盘占用量：	0.00 GB

[2016-08-03 15:20:54 132 da7f4700] 
当前策略服务的内存使用情况统计如下：
虚拟内存的峰值（VmPeak）：	1033.18 MB 
虚拟内存的大小（VmSize）：	969.19 MB
物理内存的峰值（VmHWM）：	221.17 MB
物理内存的大小（VmRSS）：	221.17 MB
物理内存的占用量：	5.76%
物理内存占用量的峰值：	5.76%
CPU的占用量：	0.93%
CPU占用量的峰值：	14.54%
打开的文件句柄数：	10
当前进程的磁盘占用量：	0.00 GB

[2016-08-03 15:22:07 470 db7ee700] 
当前策略服务的内存使用情况统计如下：
虚拟内存的峰值（VmPeak）：	777.19 MB 
虚拟内存的大小（VmSize）：	777.19 MB
物理内存的峰值（VmHWM）：	6.21 MB
物理内存的大小（VmRSS）：	6.21 MB
物理内存的占用量：	0.16%
物理内存占用量的峰值：	0.16%
CPU的占用量：	14.03%
CPU占用量的峰值：	14.03%
打开的文件句柄数：	9
当前进程的磁盘占用量：	0.00 GB

[2016-08-03 15:22:24 021 da7f4700] 
当前策略服务的内存使用情况统计如下：
虚拟内存的峰值（VmPeak）：	777.19 MB 
虚拟内存的大小（VmSize）：	777.19 MB
物理内存的峰值（VmHWM）：	8.20 MB
物理内存的大小（VmRSS）：	8.20 MB
物理内存的占用量：	0.21%
物理内存占用量的峰值：	0.21%
CPU的占用量：	15.06%
CPU占用量的峰值：	15.06%
打开的文件句柄数：	9
当前进程的磁盘占用量：	0.00 GB

[2016-08-03 15:22:35 595 [2016-08-03 15:28:35 811 27ec700] 
当前策略服务的内存使用情况统计如下：
虚拟内存的峰值（VmPeak）：	777.18 MB 
虚拟内存的大小（VmSize）：	777.18 MB
物理内存的峰值（VmHWM）：	6.21 MB
物理内存的大小（VmRSS）：	6.21 MB
物理内存的占用量：	0.16%
物理内存占用量的峰值：	0.16%
CPU的占用量：	14.21%
CPU占用量的峰值：	14.21%
打开的文件句柄数：	9
当前进程的磁盘占用量：	0.00 GB

[2016-08-03 15:29:42 295 da7f4700] 
当前策略服务的内存使用情况统计如下：
虚拟内存的峰值（VmPeak）：	777.19 MB 
虚拟内存的大小（VmSize）：	777.19 MB
物理内存的峰值（VmHWM）：	6.21 MB
物理内存的大小（VmRSS）：	6.21 MB
物理内存的占用量：	0.16%
物理内存占用量的峰值：	0.16%
CPU的占用量：	0.74%
CPU占用量的峰值：	0.74%
打开的文件句柄数：	9
当前进程的磁盘占用量：	0.00 GB

