[2016-08-03 15:30:44 113 bfff700] 
当前策略服务的内存使用情况统计如下：
虚拟内存的峰值（VmPeak）：	777.18 MB 
虚拟内存的大小（VmSize）：	777.18 MB
物理内存的峰值（VmHWM）：	12.20 MB
物理内存的大小（VmRSS）：	12.20 MB
物理内存的占用量：	0.32%
物理内存占用量的峰值：	0.32%
CPU的占用量：	19.61%
CPU占用量的峰值：	19.61%
打开的文件句柄数：	15
当前进程的磁盘占用量：	0.00 GB

[2016-08-03 15:30:59 115 bfff700] 
当前策略服务的内存使用情况统计如下：
虚拟内存的峰值（VmPeak）：	1033.18 MB 
虚拟内存的大小（VmSize）：	977.75 MB
物理内存的峰值（VmHWM）：	227.03 MB
物理内存的大小（VmRSS）：	227.03 MB
物理内存的占用量：	5.91%
物理内存占用量的峰值：	5.91%
CPU的占用量：	1.01%
CPU占用量的峰值：	19.61%
打开的文件句柄数：	18
当前进程的磁盘占用量：	0.00 GB

[2016-08-03 15:31:14 118 bfff700] 
当前策略服务的内存使用情况统计如下：
虚拟内存的峰值（VmPeak）：	1033.18 MB 
虚拟内存的大小（VmSize）：	977.75 MB
物理内存的峰值（VmHWM）：	227.06 MB
物理内存的大小（VmRSS）：	227.06 MB
物理内存的占用量：	5.91%
物理内存占用量的峰值：	5.91%
CPU的占用量：	1.01%
CPU占用量的峰值：	19.61%
打开的文件句柄数：	18
当前进程的磁盘占用量：	0.00 GB

[2016-08-03 15:31:29 121 bfff700] 
当前策略服务的内存使用情况统计如下：
虚拟内存的峰值（VmPeak）：	1033.18 MB 
虚拟内存的大小（VmSize）：	977.75 MB
物理内存的峰值（VmHWM）：	227.06 MB
物理内存的大小（VmRSS）：	227.06 MB
物理内存的占用量：	5.91%
物理内存占用量的峰值：	5.91%
CPU的占用量：	1.28%
CPU占用量的峰值：	19.61%
打开的文件句柄数：	18
当前进程的磁盘占用量：	0.00 GB

[2016-08-03 15:31:44 125 bfff700] 
当前策略服务的内存使用情况统计如下：
虚拟内存的峰值（VmPeak）：	1033.18 MB 
虚拟内存的大小（VmSize）：	977.75 MB
物理内存的峰值（VmHWM）：	227.06 MB
物理内存的大小（VmRSS）：	227.06 MB
物理内存的占用量：	5.91%
物理内存占用量的峰值：	5.91%
CPU的占用量：	1.01%
CPU占用量的峰值：	19.61%
打开的文件句柄数：	18
当前进程的磁盘占用量：	0.00 GB

[2016-08-03 15:33:20 741 da7f4700] 
当前策略服务的内存使用情况统计如下：
虚拟内存的峰值（VmPeak）：	777.18 MB 
虚拟内存的大小（VmSize）：	777.18 MB
物理内存的峰值（VmHWM）：	10.20 MB
物理内存的大小（VmRSS）：	10.20 MB
物理内存的占用量：	0.27%
物理内存占用量的峰值：	0.27%
CPU的占用量：	15.98%
CPU占用量的峰值：	15.98%
打开的文件句柄数：	17
当前进程的磁盘占用量：	0.00 GB

[2016-08-03 15:35:24 847 da7f4700] 
当前策略服务的内存使用情况统计如下：
虚拟内存的峰值（VmPeak）：	1169.76 MB 
虚拟内存的大小（VmSize）：	1169.76 MB
物理内存的峰值（VmHWM）：	405.36 MB
物理内存的大小（VmRSS）：	405.36 MB
物理内存的占用量：	10.55%
物理内存占用量的峰值：	10.55%
CPU的占用量：	1.29%
CPU占用量的峰值：	15.98%
打开的文件句柄数：	23
当前进程的磁盘占用量：	0.00 GB

[2016-08-03 15:36:58 646 d6ffd700] 
当前策略服务的内存使用情况统计如下：
虚拟内存的峰值（VmPeak）：	841.18 MB 
虚拟内存的大小（VmSize）：	777.19 MB
物理内存的峰值（VmHWM）：	8.20 MB
物理内存的大小（VmRSS）：	8.20 MB
物理内存的占用量：	0.21%
物理内存占用量的峰值：	0.21%
CPU的占用量：	16.15%
CPU占用量的峰值：	16.15%
打开的文件句柄数：	17
当前进程的磁盘占用量：	0.00 GB

[2016-08-03 15:39:18 846 b2ffd700] 
当前策略服务的内存使用情况统计如下：
虚拟内存的峰值（VmPeak）：	777.18 MB 
虚拟内存的大小（VmSize）：	777.18 MB
物理内存的峰值（VmHWM）：	10.20 MB
物理内存的大小（VmRSS）：	10.20 MB
物理内存的占用量：	0.27%
物理内存占用量的峰值：	0.27%
CPU的占用量：	15.86%
CPU占用量的峰值：	15.86%
打开的文件句柄数：	17
当前进程的磁盘占用量：	0.00 GB

[2016-08-03 15:39:33 849 b2ffd700] 
当前策略服务的内存使用情况统计如下：
虚拟内存的峰值（VmPeak）：	1033.18 MB 
虚拟内存的大小（VmSize）：	978.03 MB
物理内存的峰值（VmHWM）：	225.04 MB
物理内存的大小（VmRSS）：	225.04 MB
物理内存的占用量：	5.86%
物理内存占用量的峰值：	5.86%
CPU的占用量：	1.03%
CPU占用量的峰值：	15.86%
打开的文件句柄数：	30
当前进程的磁盘占用量：	0.00 GB

[2016-08-03 15:39:48 852 b2ffd700] 
当前策略服务的内存使用情况统计如下：
虚拟内存的峰值（VmPeak）：	1033.18 MB 
虚拟内存的大小（VmSize）：	978.18 MB
物理内存的峰值（VmHWM）：	225.07 MB
物理内存的大小（VmRSS）：	225.07 MB
物理内存的占用量：	5.86%
物理内存占用量的峰值：	5.86%
CPU的占用量：	1.20%
CPU占用量的峰值：	15.86%
打开的文件句柄数：	30
当前进程的磁盘占用量：	0.00 GB

[2016-08-03 15:40:03 856 b2ffd700] 
当前策略服务的内存使用情况统计如下：
虚拟内存的峰值（VmPeak）：	1033.18 MB 
虚拟内存的大小（VmSize）：	978.18 MB
物理内存的峰值（VmHWM）：	225.07 MB
物理内存的大小（VmRSS）：	225.07 MB
物理内存的占用量：	5.86%
物理内存占用量的峰值：	5.86%
CPU的占用量：	0.93%
CPU占用量的峰值：	15.86%
打开的文件句柄数：	31
当前进程的磁盘占用量：	0.00 GB

[2016-08-03 15:40:18 859 b2ffd700] 
当前策略服务的内存使用情况统计如下：
虚拟内存的峰值（VmPeak）：	1033.18 MB 
虚拟内存的大小（VmSize）：	976.38 MB
物理内存的峰值（VmHWM）：	225.20 MB
物理内存的大小（VmRSS）：	225.20 MB
物理内存的占用量：	5.86%
物理内存占用量的峰值：	5.86%
CPU的占用量：	1.31%
CPU占用量的峰值：	15.86%
打开的文件句柄数：	37
当前进程的磁盘占用量：	0.00 GB

[2016-08-03 15:40:33 863 b2ffd700] 
当前策略服务的内存使用情况统计如下：
虚拟内存的峰值（VmPeak）：	1033.18 MB 
虚拟内存的大小（VmSize）：	976.38 MB
物理内存的峰值（VmHWM）：	225.20 MB
物理内存的大小（VmRSS）：	225.20 MB
物理内存的占用量：	5.86%
物理内存占用量的峰值：	5.86%
CPU的占用量：	1.28%
CPU占用量的峰值：	15.86%
打开的文件句柄数：	37
当前进程的磁盘占用量：	0.00 GB

[2016-08-03 15:40:48 866 b2ffd700] 
当前策略服务的内存使用情况统计如下：
虚拟内存的峰值（VmPeak）：	1033.18 MB 
虚拟内存的大小（VmSize）：	979.27 MB
物理内存的峰值（VmHWM）：	225.96 MB
物理内存的大小（VmRSS）：	225.96 MB
物理内存的占用量：	5.88%
物理内存占用量的峰值：	5.88%
CPU的占用量：	1.02%
CPU占用量的峰值：	15.86%
打开的文件句柄数：	39
当前进程的磁盘占用量：	0.00 GB

[2016-08-03 15:41:03 869 b2ffd700] 
当前策略服务的内存使用情况统计如下：
虚拟内存的峰值（VmPeak）：	1033.18 MB 
虚拟内存的大小（VmSize）：	979.27 MB
物理内存的峰值（VmHWM）：	225.96 MB
物理内存的大小（VmRSS）：	225.96 MB
物理内存的占用量：	5.88%
物理内存占用量的峰值：	5.88%
CPU的占用量：	1.03%
CPU占用量的峰值：	15.86%
打开的文件句柄数：	39
当前进程的磁盘占用量：	0.00 GB

[2016-08-03 15:41:18 873 b2ffd700] 
当前策略服务的内存使用情况统计如下：
虚拟内存的峰值（VmPeak）：	1033.18 MB 
虚拟内存的大小（VmSize）：	979.58 MB
物理内存的峰值（VmHWM）：	226.13 MB
物理内存的大小（VmRSS）：	226.13 MB
物理内存的占用量：	5.89%
物理内存占用量的峰值：	5.89%
CPU的占用量：	1.02%
CPU占用量的峰值：	15.86%
打开的文件句柄数：	51
当前进程的磁盘占用量：	0.00 GB

[2016-08-03 15:41:33 877 b2ffd700] 
当前策略服务的内存使用情况统计如下：
虚拟内存的峰值（VmPeak）：	1033.18 MB 
虚拟内存的大小（VmSize）：	982.93 MB
物理内存的峰值（VmHWM）：	227.09 MB
物理内存的大小（VmRSS）：	227.09 MB
物理内存的占用量：	5.91%
物理内存占用量的峰值：	5.91%
CPU的占用量：	1.01%
CPU占用量的峰值：	15.86%
打开的文件句柄数：	65
当前进程的磁盘占用量：	0.00 GB

[2016-08-03 15:41:48 880 b2ffd700] 
当前策略服务的内存使用情况统计如下：
虚拟内存的峰值（VmPeak）：	1033.18 MB 
虚拟内存的大小（VmSize）：	982.93 MB
物理内存的峰值（VmHWM）：	227.09 MB
物理内存的大小（VmRSS）：	227.09 MB
物理内存的占用量：	5.91%
物理内存占用量的峰值：	5.91%
CPU的占用量：	1.02%
CPU占用量的峰值：	15.86%
打开的文件句柄数：	65
当前进程的磁盘占用量：	0.00 GB

[2016-08-03 15:42:03 884 b2ffd700] 
当前策略服务的内存使用情况统计如下：
虚拟内存的峰值（VmPeak）：	1033.18 MB 
虚拟内存的大小（VmSize）：	982.93 MB
物理内存的峰值（VmHWM）：	227.09 MB
物理内存的大小（VmRSS）：	227.09 MB
物理内存的占用量：	5.91%
物理内存占用量的峰值：	5.91%
CPU的占用量：	1.26%
CPU占用量的峰值：	15.86%
打开的文件句柄数：	65
当前进程的磁盘占用量：	0.00 GB

[2016-08-03 15:42:18 887 b2ffd700] 
当前策略服务的内存使用情况统计如下：
虚拟内存的峰值（VmPeak）：	1033.18 MB 
虚拟内存的大小（VmSize）：	983.08 MB
物理内存的峰值（VmHWM）：	227.11 MB
物理内存的大小（VmRSS）：	227.11 MB
物理内存的占用量：	5.91%
物理内存占用量的峰值：	5.91%
CPU的占用量：	0.76%
CPU占用量的峰值：	15.86%
打开的文件句柄数：	70
当前进程的磁盘占用量：	0.00 GB

[2016-08-03 15:42:33 890 b2ffd700] 
当前策略服务的内存使用情况统计如下：
虚拟内存的峰值（VmPeak）：	1033.18 MB 
虚拟内存的大小（VmSize）：	983.24 MB
物理内存的峰值（VmHWM）：	227.11 MB
物理内存的大小（VmRSS）：	227.11 MB
物理内存的占用量：	5.91%
物理内存占用量的峰值：	5.91%
CPU的占用量：	1.31%
CPU占用量的峰值：	15.86%
打开的文件句柄数：	75
当前进程的磁盘占用量：	0.00 GB

[2016-08-03 15:42:48 893 b2ffd700] 
当前策略服务的内存使用情况统计如下：
虚拟内存的峰值（VmPeak）：	1033.18 MB 
虚拟内存的大小（VmSize）：	983.24 MB
物理内存的峰值（VmHWM）：	227.11 MB
物理内存的大小（VmRSS）：	227.11 MB
物理内存的占用量：	5.91%
物理内存占用量的峰值：	5.91%
CPU的占用量：	0.77%
CPU占用量的峰值：	15.86%
打开的文件句柄数：	75
当前进程的磁盘占用量：	0.00 GB

[2016-08-03 15:43:03 896 b2ffd700] 
当前策略服务的内存使用情况统计如下：
虚拟内存的峰值（VmPeak）：	1033.18 MB 
虚拟内存的大小（VmSize）：	983.24 MB
物理内存的峰值（VmHWM）：	227.11 MB
物理内存的大小（VmRSS）：	227.11 MB
物理内存的占用量：	5.91%
物理内存占用量的峰值：	5.91%
CPU的占用量：	0.78%
CPU占用量的峰值：	15.86%
打开的文件句柄数：	75
当前进程的磁盘占用量：	0.00 GB

[2016-08-03 15:43:18 898 b2ffd700] 
当前策略服务的内存使用情况统计如下：
虚拟内存的峰值（VmPeak）：	1033.18 MB 
虚拟内存的大小（VmSize）：	983.24 MB
物理内存的峰值（VmHWM）：	227.11 MB
物理内存的大小（VmRSS）：	227.11 MB
物理内存的占用量：	5.91%
物理内存占用量的峰值：	5.91%
CPU的占用量：	1.02%
CPU占用量的峰值：	15.86%
打开的文件句柄数：	75
当前进程的磁盘占用量：	0.00 GB

[2016-08-03 15:43:33 901 b2ffd700] 
当前策略服务的内存使用情况统计如下：
虚拟内存的峰值（VmPeak）：	1033.18 MB 
虚拟内存的大小（VmSize）：	983.24 MB
物理内存的峰值（VmHWM）：	227.11 MB
物理内存的大小（VmRSS）：	227.11 MB
物理内存的占用量：	5.91%
物理内存占用量的峰值：	5.91%
CPU的占用量：	1.02%
CPU占用量的峰值：	15.86%
打开的文件句柄数：	75
当前进程的磁盘占用量：	0.00 GB

[2016-08-03 15:43:48 903 b2ffd700] 
当前策略服务的内存使用情况统计如下：
虚拟内存的峰值（VmPeak）：	1033.18 MB 
虚拟内存的大小（VmSize）：	983.24 MB
物理内存的峰值（VmHWM）：	227.11 MB
物理内存的大小（VmRSS）：	227.11 MB
物理内存的占用量：	5.91%
物理内存占用量的峰值：	5.91%
CPU的占用量：	1.04%
CPU占用量的峰值：	15.86%
打开的文件句柄数：	75
当前进程的磁盘占用量：	0.00 GB

[2016-08-03 15:44:03 906 b2ffd700] 
当前策略服务的内存使用情况统计如下：
虚拟内存的峰值（VmPeak）：	1033.18 MB 
虚拟内存的大小（VmSize）：	983.24 MB
物理内存的峰值（VmHWM）：	227.11 MB
物理内存的大小（VmRSS）：	227.11 MB
物理内存的占用量：	5.91%
物理内存占用量的峰值：	5.91%
CPU的占用量：	1.02%
CPU占用量的峰值：	15.86%
打开的文件句柄数：	75
当前进程的磁盘占用量：	0.00 GB

[2016-08-03 15:44:18 909 b2ffd700] 
当前策略服务的内存使用情况统计如下：
虚拟内存的峰值（VmPeak）：	1033.18 MB 
虚拟内存的大小（VmSize）：	983.24 MB
物理内存的峰值（VmHWM）：	227.11 MB
物理内存的大小（VmRSS）：	227.11 MB
物理内存的占用量：	5.91%
物理内存占用量的峰值：	5.91%
CPU的占用量：	0.96%
CPU占用量的峰值：	15.86%
打开的文件句柄数：	75
当前进程的磁盘占用量：	0.00 GB

[2016-08-03 15:44:34 716 75feb700] 
当前策略服务的内存使用情况统计如下：
虚拟内存的峰值（VmPeak）：	777.18 MB 
虚拟内存的大小（VmSize）：	777.18 MB
物理内存的峰值（VmHWM）：	6.21 MB
物理内存的大小（VmRSS）：	6.21 MB
物理内存的占用量：	0.16%
物理内存占用量的峰值：	0.16%
CPU的占用量：	15.48%
CPU占用量的峰值：	15.48%
打开的文件句柄数：	17
当前进程的磁盘占用量：	0.00 GB

[2016-08-03 15:44:49 719 75feb700] 
当前策略服务的内存使用情况统计如下：
虚拟内存的峰值（VmPeak）：	1033.18 MB 
虚拟内存的大小（VmSize）：	980.93 MB
物理内存的峰值（VmHWM）：	221.99 MB
物理内存的大小（VmRSS）：	221.99 MB
物理内存的占用量：	5.78%
物理内存占用量的峰值：	5.78%
CPU的占用量：	1.27%
CPU占用量的峰值：	15.48%
打开的文件句柄数：	26
当前进程的磁盘占用量：	0.00 GB

[2016-08-03 15:45:04 722 75feb700] 
当前策略服务的内存使用情况统计如下：
虚拟内存的峰值（VmPeak）：	1033.18 MB 
虚拟内存的大小（VmSize）：	981.39 MB
物理内存的峰值（VmHWM）：	222.21 MB
物理内存的大小（VmRSS）：	222.21 MB
物理内存的占用量：	5.78%
物理内存占用量的峰值：	5.78%
CPU的占用量：	0.78%
CPU占用量的峰值：	15.48%
打开的文件句柄数：	38
当前进程的磁盘占用量：	0.00 GB

[2016-08-03 15:45:19 726 75feb700] 
当前策略服务的内存使用情况统计如下：
虚拟内存的峰值（VmPeak）：	1033.18 MB 
虚拟内存的大小（VmSize）：	981.39 MB
物理内存的峰值（VmHWM）：	222.21 MB
物理内存的大小（VmRSS）：	222.21 MB
物理内存的占用量：	5.78%
物理内存占用量的峰值：	5.78%
CPU的占用量：	4.68%
CPU占用量的峰值：	15.48%
打开的文件句柄数：	38
当前进程的磁盘占用量：	0.00 GB

[2016-08-03 15:45:34 729 75feb700] 
当前策略服务的内存使用情况统计如下：
虚拟内存的峰值（VmPeak）：	1365.39 MB 
虚拟内存的大小（VmSize）：	1301.39 MB
物理内存的峰值（VmHWM）：	224.79 MB
物理内存的大小（VmRSS）：	224.79 MB
物理内存的占用量：	5.85%
物理内存占用量的峰值：	5.85%
CPU的占用量：	0.78%
CPU占用量的峰值：	15.48%
打开的文件句柄数：	38
当前进程的磁盘占用量：	0.00 GB

[2016-08-03 15:45:49 732 75feb700] 
当前策略服务的内存使用情况统计如下：
虚拟内存的峰值（VmPeak）：	1365.39 MB 
虚拟内存的大小（VmSize）：	1301.39 MB
物理内存的峰值（VmHWM）：	224.79 MB
物理内存的大小（VmRSS）：	224.79 MB
物理内存的占用量：	5.85%
物理内存占用量的峰值：	5.85%
CPU的占用量：	1.30%
CPU占用量的峰值：	15.48%
打开的文件句柄数：	38
当前进程的磁盘占用量：	0.00 GB

[2016-08-03 15:46:04 736 75feb700] 
当前策略服务的内存使用情况统计如下：
虚拟内存的峰值（VmPeak）：	1365.39 MB 
虚拟内存的大小（VmSize）：	1301.39 MB
物理内存的峰值（VmHWM）：	224.79 MB
物理内存的大小（VmRSS）：	224.79 MB
物理内存的占用量：	5.85%
物理内存占用量的峰值：	5.85%
CPU的占用量：	1.19%
CPU占用量的峰值：	15.48%
打开的文件句柄数：	38
当前进程的磁盘占用量：	0.00 GB

[2016-08-03 15:46:19 740 75feb700] 
当前策略服务的内存使用情况统计如下：
虚拟内存的峰值（VmPeak）：	1365.39 MB 
虚拟内存的大小（VmSize）：	1301.68 MB
物理内存的峰值（VmHWM）：	224.84 MB
物理内存的大小（VmRSS）：	224.84 MB
物理内存的占用量：	5.85%
物理内存占用量的峰值：	5.85%
CPU的占用量：	1.19%
CPU占用量的峰值：	15.48%
打开的文件句柄数：	51
当前进程的磁盘占用量：	0.00 GB

[2016-08-03 15:46:34 743 75feb700] 
当前策略服务的内存使用情况统计如下：
虚拟内存的峰值（VmPeak）：	1365.39 MB 
虚拟内存的大小（VmSize）：	1301.68 MB
物理内存的峰值（VmHWM）：	224.84 MB
物理内存的大小（VmRSS）：	224.84 MB
物理内存的占用量：	5.85%
物理内存占用量的峰值：	5.85%
CPU的占用量：	1.29%
CPU占用量的峰值：	15.48%
打开的文件句柄数：	51
当前进程的磁盘占用量：	0.00 GB

[2016-08-03 15:46:49 746 75feb700] 
当前策略服务的内存使用情况统计如下：
虚拟内存的峰值（VmPeak）：	1365.39 MB 
虚拟内存的大小（VmSize）：	1301.68 MB
物理内存的峰值（VmHWM）：	224.84 MB
物理内存的大小（VmRSS）：	224.84 MB
物理内存的占用量：	5.85%
物理内存占用量的峰值：	5.85%
CPU的占用量：	1.03%
CPU占用量的峰值：	15.48%
打开的文件句柄数：	51
当前进程的磁盘占用量：	0.00 GB

[2016-08-03 15:47:04 749 75feb700] 
当前策略服务的内存使用情况统计如下：
虚拟内存的峰值（VmPeak）：	1365.39 MB 
虚拟内存的大小（VmSize）：	1301.68 MB
物理内存的峰值（VmHWM）：	224.84 MB
物理内存的大小（VmRSS）：	224.84 MB
物理内存的占用量：	5.85%
物理内存占用量的峰值：	5.85%
CPU的占用量：	0.71%
CPU占用量的峰值：	15.48%
打开的文件句柄数：	51
当前进程的磁盘占用量：	0.00 GB

[2016-08-03 15:47:19 751 75feb700] 
当前策略服务的内存使用情况统计如下：
虚拟内存的峰值（VmPeak）：	1365.39 MB 
虚拟内存的大小（VmSize）：	1301.68 MB
物理内存的峰值（VmHWM）：	224.84 MB
物理内存的大小（VmRSS）：	224.84 MB
物理内存的占用量：	5.85%
物理内存占用量的峰值：	5.85%
CPU的占用量：	0.98%
CPU占用量的峰值：	15.48%
打开的文件句柄数：	51
当前进程的磁盘占用量：	0.00 GB

[2016-08-03 15:47:34 754 75feb700] 
当前策略服务的内存使用情况统计如下：
虚拟内存的峰值（VmPeak）：	1365.39 MB 
虚拟内存的大小（VmSize）：	1301.99 MB
物理内存的峰值（VmHWM）：	224.84 MB
物理内存的大小（VmRSS）：	224.84 MB
物理内存的占用量：	5.85%
物理内存占用量的峰值：	5.85%
CPU的占用量：	0.98%
CPU占用量的峰值：	15.48%
打开的文件句柄数：	58
当前进程的磁盘占用量：	0.00 GB

[2016-08-03 15:47:49 757 75feb700] 
当前策略服务的内存使用情况统计如下：
虚拟内存的峰值（VmPeak）：	1365.39 MB 
虚拟内存的大小（VmSize）：	1303.05 MB
物理内存的峰值（VmHWM）：	225.61 MB
物理内存的大小（VmRSS）：	225.61 MB
物理内存的占用量：	5.87%
物理内存占用量的峰值：	5.87%
CPU的占用量：	1.03%
CPU占用量的峰值：	15.48%
打开的文件句柄数：	67
当前进程的磁盘占用量：	0.00 GB

[2016-08-03 15:48:04 760 75feb700] 
当前策略服务的内存使用情况统计如下：
虚拟内存的峰值（VmPeak）：	1365.39 MB 
虚拟内存的大小（VmSize）：	1303.96 MB
物理内存的峰值（VmHWM）：	226.39 MB
物理内存的大小（VmRSS）：	226.39 MB
物理内存的占用量：	5.89%
物理内存占用量的峰值：	5.89%
CPU的占用量：	0.79%
CPU占用量的峰值：	15.48%
打开的文件句柄数：	76
当前进程的磁盘占用量：	0.00 GB

[2016-08-03 15:48:19 763 75feb700] 
当前策略服务的内存使用情况统计如下：
虚拟内存的峰值（VmPeak）：	1365.39 MB 
虚拟内存的大小（VmSize）：	1304.12 MB
物理内存的峰值（VmHWM）：	226.39 MB
物理内存的大小（VmRSS）：	226.39 MB
物理内存的占用量：	5.89%
物理内存占用量的峰值：	5.89%
CPU的占用量：	1.02%
CPU占用量的峰值：	15.48%
打开的文件句柄数：	77
当前进程的磁盘占用量：	0.00 GB

