[2016-08-03 15:48:41 354 467ec700] 
当前策略服务的内存使用情况统计如下：
虚拟内存的峰值（VmPeak）：	913.18 MB 
虚拟内存的大小（VmSize）：	849.19 MB
物理内存的峰值（VmHWM）：	6.23 MB
物理内存的大小（VmRSS）：	6.23 MB
物理内存的占用量：	0.16%
物理内存占用量的峰值：	0.16%
CPU的占用量：	14.21%
CPU占用量的峰值：	14.21%
打开的文件句柄数：	13
当前进程的磁盘占用量：	0.00 GB

[2016-08-03 15:49:22 050 1d7ea700] 
当前策略服务的内存使用情况统计如下：
虚拟内存的峰值（VmPeak）：	913.18 MB 
虚拟内存的大小（VmSize）：	849.19 MB
物理内存的峰值（VmHWM）：	6.23 MB
物理内存的大小（VmRSS）：	6.23 MB
物理内存的占用量：	0.16%
物理内存占用量的峰值：	0.16%
CPU的占用量：	16.03%
CPU占用量的峰值：	16.03%
打开的文件句柄数：	24
当前进程的磁盘占用量：	0.00 GB

[2016-08-03 15:49:40 009 1d7ea700] 
当前策略服务的内存使用情况统计如下：
虚拟内存的峰值（VmPeak）：	1041.19 MB 
虚拟内存的大小（VmSize）：	1041.19 MB
物理内存的峰值（VmHWM）：	219.31 MB
物理内存的大小（VmRSS）：	216.97 MB
物理内存的占用量：	5.65%
物理内存占用量的峰值：	5.65%
CPU的占用量：	33.33%
CPU占用量的峰值：	33.33%
打开的文件句柄数：	25
当前进程的磁盘占用量：	0.00 GB

[2016-08-03 15:49:48 121 ee7fc700] 
当前策略服务的内存使用情况统计如下：
虚拟内存的峰值（VmPeak）：	849.19 MB 
虚拟内存的大小（VmSize）：	849.19 MB
物理内存的峰值（VmHWM）：	12.21 MB
物理内存的大小（VmRSS）：	12.21 MB
物理内存的占用量：	0.32%
物理内存占用量的峰值：	0.32%
CPU的占用量：	16.46%
CPU占用量的峰值：	16.46%
打开的文件句柄数：	24
当前进程的磁盘占用量：	0.00 GB

[2016-08-03 15:50:03 124 ee7fc700] 
当前策略服务的内存使用情况统计如下：
虚拟内存的峰值（VmPeak）：	1105.18 MB 
虚拟内存的大小（VmSize）：	1041.49 MB
物理内存的峰值（VmHWM）：	225.39 MB
物理内存的大小（VmRSS）：	225.39 MB
物理内存的占用量：	5.87%
物理内存占用量的峰值：	5.87%
CPU的占用量：	1.10%
CPU占用量的峰值：	16.46%
打开的文件句柄数：	31
当前进程的磁盘占用量：	0.00 GB

[2016-08-03 15:50:18 127 ee7fc700] 
当前策略服务的内存使用情况统计如下：
虚拟内存的峰值（VmPeak）：	1105.18 MB 
虚拟内存的大小（VmSize）：	1041.49 MB
物理内存的峰值（VmHWM）：	225.41 MB
物理内存的大小（VmRSS）：	225.41 MB
物理内存的占用量：	5.87%
物理内存占用量的峰值：	5.87%
CPU的占用量：	1.04%
CPU占用量的峰值：	16.46%
打开的文件句柄数：	31
当前进程的磁盘占用量：	0.00 GB

[2016-08-03 15:50:33 130 ee7fc700] 
当前策略服务的内存使用情况统计如下：
虚拟内存的峰值（VmPeak）：	1105.18 MB 
虚拟内存的大小（VmSize）：	1041.49 MB
物理内存的峰值（VmHWM）：	225.41 MB
物理内存的大小（VmRSS）：	225.41 MB
物理内存的占用量：	5.87%
物理内存占用量的峰值：	5.87%
CPU的占用量：	1.31%
CPU占用量的峰值：	16.46%
打开的文件句柄数：	31
当前进程的磁盘占用量：	0.00 GB

[2016-08-03 15:50:48 133 ee7fc700] 
当前策略服务的内存使用情况统计如下：
虚拟内存的峰值（VmPeak）：	1105.18 MB 
虚拟内存的大小（VmSize）：	1041.49 MB
物理内存的峰值（VmHWM）：	225.41 MB
物理内存的大小（VmRSS）：	225.41 MB
物理内存的占用量：	5.87%
物理内存占用量的峰值：	5.87%
CPU的占用量：	1.05%
CPU占用量的峰值：	16.46%
打开的文件句柄数：	31
当前进程的磁盘占用量：	0.00 GB

[2016-08-03 15:51:03 137 ee7fc700] 
当前策略服务的内存使用情况统计如下：
虚拟内存的峰值（VmPeak）：	1105.18 MB 
虚拟内存的大小（VmSize）：	1041.49 MB
物理内存的峰值（VmHWM）：	225.41 MB
物理内存的大小（VmRSS）：	225.41 MB
物理内存的占用量：	5.87%
物理内存占用量的峰值：	5.87%
CPU的占用量：	1.07%
CPU占用量的峰值：	16.46%
打开的文件句柄数：	31
当前进程的磁盘占用量：	0.00 GB

[2016-08-03 15:51:18 140 ee7fc700] 
当前策略服务的内存使用情况统计如下：
虚拟内存的峰值（VmPeak）：	1105.18 MB 
虚拟内存的大小（VmSize）：	1041.49 MB
物理内存的峰值（VmHWM）：	225.41 MB
物理内存的大小（VmRSS）：	225.41 MB
物理内存的占用量：	5.87%
物理内存占用量的峰值：	5.87%
CPU的占用量：	1.05%
CPU占用量的峰值：	16.46%
打开的文件句柄数：	31
当前进程的磁盘占用量：	0.00 GB

[2016-08-03 15:51:33 142 ee7fc700] 
当前策略服务的内存使用情况统计如下：
虚拟内存的峰值（VmPeak）：	1105.18 MB 
虚拟内存的大小（VmSize）：	1041.49 MB
物理内存的峰值（VmHWM）：	225.41 MB
物理内存的大小（VmRSS）：	225.41 MB
物理内存的占用量：	5.87%
物理内存占用量的峰值：	5.87%
CPU的占用量：	0.57%
CPU占用量的峰值：	16.46%
打开的文件句柄数：	31
当前进程的磁盘占用量：	0.00 GB

[2016-08-03 15:51:48 145 ee7fc700] 
当前策略服务的内存使用情况统计如下：
虚拟内存的峰值（VmPeak）：	1105.18 MB 
虚拟内存的大小（VmSize）：	1041.49 MB
物理内存的峰值（VmHWM）：	225.41 MB
物理内存的大小（VmRSS）：	225.41 MB
物理内存的占用量：	5.87%
物理内存占用量的峰值：	5.87%
CPU的占用量：	0.80%
CPU占用量的峰值：	16.46%
打开的文件句柄数：	31
当前进程的磁盘占用量：	0.00 GB

[2016-08-03 15:52:03 148 ee7fc700] 
当前策略服务的内存使用情况统计如下：
虚拟内存的峰值（VmPeak）：	1105.18 MB 
虚拟内存的大小（VmSize）：	1041.49 MB
物理内存的峰值（VmHWM）：	225.41 MB
物理内存的大小（VmRSS）：	225.41 MB
物理内存的占用量：	5.87%
物理内存占用量的峰值：	5.87%
CPU的占用量：	1.02%
CPU占用量的峰值：	16.46%
打开的文件句柄数：	31
当前进程的磁盘占用量：	0.00 GB

[2016-08-03 15:52:18 150 ee7fc700] 
当前策略服务的内存使用情况统计如下：
虚拟内存的峰值（VmPeak）：	1105.18 MB 
虚拟内存的大小（VmSize）：	1041.49 MB
物理内存的峰值（VmHWM）：	225.41 MB
物理内存的大小（VmRSS）：	225.41 MB
物理内存的占用量：	5.87%
物理内存占用量的峰值：	5.87%
CPU的占用量：	0.66%
CPU占用量的峰值：	16.46%
打开的文件句柄数：	31
当前进程的磁盘占用量：	0.00 GB

[2016-08-03 15:52:34 672 ee7fc700] 
当前策略服务的内存使用情况统计如下：
虚拟内存的峰值（VmPeak）：	1105.18 MB 
虚拟内存的大小（VmSize）：	1041.49 MB
物理内存的峰值（VmHWM）：	225.41 MB
物理内存的大小（VmRSS）：	222.10 MB
物理内存的占用量：	5.78%
物理内存占用量的峰值：	5.87%
CPU的占用量：	1.03%
CPU占用量的峰值：	16.46%
打开的文件句柄数：	31
当前进程的磁盘占用量：	0.00 GB

[2016-08-03 15:53:09 165 467ec700] 
当前策略服务的内存使用情况统计如下：
虚拟内存的峰值（VmPeak）：	849.19 MB 
虚拟内存的大小（VmSize）：	849.19 MB
物理内存的峰值（VmHWM）：	6.22 MB
物理内存的大小（VmRSS）：	6.22 MB
物理内存的占用量：	0.16%
物理内存占用量的峰值：	0.16%
CPU的占用量：	15.70%
CPU占用量的峰值：	15.70%
打开的文件句柄数：	24
当前进程的磁盘占用量：	0.23 GB

[2016-08-03 15:53:24 168 467ec700] 
当前策略服务的内存使用情况统计如下：
虚拟内存的峰值（VmPeak）：	1105.18 MB 
虚拟内存的大小（VmSize）：	1041.19 MB
物理内存的峰值（VmHWM）：	219.44 MB
物理内存的大小（VmRSS）：	219.44 MB
物理内存的占用量：	5.71%
物理内存占用量的峰值：	5.71%
CPU的占用量：	0.77%
CPU占用量的峰值：	15.70%
打开的文件句柄数：	25
当前进程的磁盘占用量：	0.23 GB

[2016-08-03 15:54:05 899 3929e700] 
当前策略服务的内存使用情况统计如下：
虚拟内存的峰值（VmPeak）：	913.18 MB 
虚拟内存的大小（VmSize）：	849.19 MB
物理内存的峰值（VmHWM）：	10.20 MB
物理内存的大小（VmRSS）：	10.20 MB
物理内存的占用量：	0.27%
物理内存占用量的峰值：	0.27%
CPU的占用量：	0.34%
CPU占用量的峰值：	0.34%
打开的文件句柄数：	12
当前进程的磁盘占用量：	0.23 GB

[2016-08-03 15:54:48 340 13fff700] 
当前策略服务的内存使用情况统计如下：
虚拟内存的峰值（VmPeak）：	913.18 MB 
虚拟内存的大小（VmSize）：	849.19 MB
物理内存的峰值（VmHWM）：	8.22 MB
物理内存的大小（VmRSS）：	8.22 MB
物理内存的占用量：	0.21%
物理内存占用量的峰值：	0.21%
CPU的占用量：	16.41%
CPU占用量的峰值：	16.41%
打开的文件句柄数：	24
当前进程的磁盘占用量：	0.23 GB

[2016-08-03 15:55:03 343 13fff700] 
当前策略服务的内存使用情况统计如下：
虚拟内存的峰值（VmPeak）：	1041.49 MB 
虚拟内存的大小（VmSize）：	1041.49 MB
物理内存的峰值（VmHWM）：	221.48 MB
物理内存的大小（VmRSS）：	221.48 MB
物理内存的占用量：	5.77%
物理内存占用量的峰值：	5.77%
CPU的占用量：	1.07%
CPU占用量的峰值：	16.41%
打开的文件句柄数：	36
当前进程的磁盘占用量：	0.23 GB

[2016-08-03 15:59:52 788 96ffd700] 
当前策略服务的内存使用情况统计如下：
虚拟内存的峰值（VmPeak）：	849.17 MB 
虚拟内存的大小（VmSize）：	849.17 MB
物理内存的峰值（VmHWM）：	8.21 MB
物理内存的大小（VmRSS）：	8.21 MB
物理内存的占用量：	0.21%
物理内存占用量的峰值：	0.21%
CPU的占用量：	15.91%
CPU占用量的峰值：	15.91%
打开的文件句柄数：	24
当前进程的磁盘占用量：	0.23 GB

