[2016-08-03 15:18:21 387 5a7fc700] [00007a77:132bd5b9] 启动同步请求，时间戳=10
[2016-08-03 15:18:21 387 5a7fc700] [0x00007a77:132bd5b9] 在状态(),收到事件(0x00000008:1)
[2016-08-03 15:18:21 387 5a7fc700] [0x00007a77:132bd5b9] 状态迁移()---(0x00000008:1)-->(user_syn)
[2016-08-03 15:18:21 388 5a7fc700] [0x00007a77:132bd5b9] 在状态(user_syn),收到事件(0x00000009:2)
[2016-08-03 15:18:21 388 5a7fc700] [0x00007a77:132bd5b9] 状态迁移(user_syn)---(0x00000009:2)-->(data_master)
[2016-08-03 15:18:21 388 5a7fc700] [00007a77:132bd5b9] 192.168.1.110:3605 syn ok ,remoteid = [0000f160:191d1d28]，time dalay=0(ms),first(sendseq=492210ff:recvseq=3ef185ab),remote timestamp=511505370
[2016-08-03 15:18:21 391 5a7fc700] [00007a76:132bd5ba] 启动同步请求，时间戳=20
[2016-08-03 15:18:21 391 5a7fc700] [0x00007a76:132bd5ba] 在状态(),收到事件(0x00000008:1)
[2016-08-03 15:18:21 391 5a7fc700] [0x00007a76:132bd5ba] 状态迁移()---(0x00000008:1)-->(user_syn)
[2016-08-03 15:18:21 392 5a7fc700] [0x00007a76:132bd5ba] 在状态(user_syn),收到事件(0x00000009:2)
[2016-08-03 15:18:21 392 5a7fc700] [0x00007a76:132bd5ba] 状态迁移(user_syn)---(0x00000009:2)-->(data_master)
[2016-08-03 15:18:21 392 5a7fc700] [00007a76:132bd5ba] ::ffff:192.168.1.110:8001 syn ok ,remoteid = [00001b0f:5e705cc8]，time dalay=0(ms),first(sendseq=6c1dfda8:recvseq=cc3ac0f),remote timestamp=511503620
[2016-08-03 15:18:34 407 5a7fc700] [0x00007a77:132bd5b9] 在状态(data_master),收到事件(0x00000008:4)
[2016-08-03 15:18:34 408 5a7fc700] [0x00007a77:132bd5b9] 状态迁移(data_master)---(0x00000008:4)-->(user_rst)
[2016-08-03 15:18:34 408 5a7fc700] [0x00007a76:132bd5ba] 在状态(data_master),收到事件(0x00000008:4)
[2016-08-03 15:18:34 408 5a7fc700] [0x00007a76:132bd5ba] 状态迁移(data_master)---(0x00000008:4)-->(user_rst)
[2016-08-03 15:18:34 409 5a7fc700] [0x00007a77:132bd5b9] 在状态(user_rst),收到事件(0x00000009:5)
[2016-08-03 15:18:34 409 5a7fc700] [0x00007a77:132bd5b9] 状态迁移(user_rst)---(0x00000009:5)-->(exit_wait)
[2016-08-03 15:18:34 409 5a7fc700] [0x00007a76:132bd5ba] 在状态(user_rst),收到事件(0x00000009:5)
[2016-08-03 15:18:34 409 5a7fc700] [0x00007a76:132bd5ba] 状态迁移(user_rst)---(0x00000009:5)-->(exit_wait)
[2016-08-03 15:18:34 409 5a7fc700] [0x00007a77:132bd5b9] 在状态(exit_wait),收到事件(0x00000009:6)
[2016-08-03 15:18:34 410 5a7fc700] [0x00007a77:132bd5b9] 状态迁移(exit_wait)---(0x00000009:6)-->(exit)
[2016-08-03 15:18:34 410 5a7fc700] [ 7a77:132bd5b9] E15_udcp_item clean
[2016-08-03 15:18:34 410 5a7fc700] [0x00007a76:132bd5ba] 在状态(exit_wait),收到事件(0x00000009:6)
[2016-08-03 15:18:34 410 5a7fc700] [0x00007a76:132bd5ba] 状态迁移(exit_wait)---(0x00000009:6)-->(exit)
[2016-08-03 15:18:34 410 5a7fc700] [ 7a76:132bd5ba] E15_udcp_item clean
[2016-08-03 15:18:34 410 779f1780] udcp session exit normally
[2016-08-03 15:18:52 964 dbfef700] [00008248:0dbbe896] 启动同步请求，时间戳=0
[2016-08-03 15:18:52 964 dbfef700] [0x00008248:0dbbe896] 在状态(),收到事件(0x00000008:1)
[2016-08-03 15:18:52 964 dbfef700] [0x00008248:0dbbe896] 状态迁移()---(0x00000008:1)-->(user_syn)
[2016-08-03 15:18:52 965 dbfef700] [0x00008248:0dbbe896] 在状态(user_syn),收到事件(0x00000009:2)
[2016-08-03 15:18:52 965 dbfef700] [0x00008248:0dbbe896] 状态迁移(user_syn)---(0x00000009:2)-->(data_master)
[2016-08-03 15:18:52 965 dbfef700] [00008248:0dbbe896] 192.168.1.110:3605 syn ok ,remoteid = [0000f172:191d1d29]，time dalay=0(ms),first(sendseq=99b035f:recvseq=65c9adbd),remote timestamp=511536940
[2016-08-03 15:18:52 967 dbfef700] [00008249:0dbbe897] 启动同步请求，时间戳=0
[2016-08-03 15:18:52 967 dbfef700] [0x00008249:0dbbe897] 在状态(),收到事件(0x00000008:1)
[2016-08-03 15:18:52 967 dbfef700] [0x00008249:0dbbe897] 状态迁移()---(0x00000008:1)-->(user_syn)
[2016-08-03 15:18:52 968 dbfef700] [0x00008249:0dbbe897] 在状态(user_syn),收到事件(0x00000009:2)
[2016-08-03 15:18:52 968 dbfef700] [0x00008249:0dbbe897] 状态迁移(user_syn)---(0x00000009:2)-->(data_master)
[2016-08-03 15:18:52 968 dbfef700] [00008249:0dbbe897] ::ffff:192.168.1.110:8001 syn ok ,remoteid = [00001b0c:5e705cc9]，time dalay=0(ms),first(sendseq=3a153bc1:recvseq=24461d86),remote timestamp=511535200
[2016-08-03 15:19:43 533 daff5700] [0000c46e:591454ca] 启动同步请求，时间戳=0
[2016-08-03 15:19:43 533 daff5700] [0x0000c46e:591454ca] 在状态(),收到事件(0x00000008:1)
[2016-08-03 15:19:43 533 daff5700] [0x0000c46e:591454ca] 状态迁移()---(0x00000008:1)-->(user_syn)
[2016-08-03 15:19:43 538 daff5700] [0x0000c46e:591454ca] 在状态(user_syn),收到事件(0x00000009:2)
[2016-08-03 15:19:43 538 daff5700] [0x0000c46e:591454ca] 状态迁移(user_syn)---(0x00000009:2)-->(data_master)
[2016-08-03 15:19:43 538 daff5700] [0000c46e:591454ca] 192.168.1.110:3605 syn ok ,remoteid = [0000f177:191d1d2a]，time dalay=0(ms),first(sendseq=6bd1cbad:recvseq=771b70b2),remote timestamp=511587490
[2016-08-03 15:19:43 541 daff5700] [0000c46f:591454cb] 启动同步请求，时间戳=0
[2016-08-03 15:19:43 541 daff5700] [0x0000c46f:591454cb] 在状态(),收到事件(0x00000008:1)
[2016-08-03 15:19:43 541 daff5700] [0x0000c46f:591454cb] 状态迁移()---(0x00000008:1)-->(user_syn)
[2016-08-03 15:19:43 542 daff5700] [0x0000c46f:591454cb] 在状态(user_syn),收到事件(0x00000009:2)
[2016-08-03 15:19:43 542 daff5700] [0x0000c46f:591454cb] 状态迁移(user_syn)---(0x00000009:2)-->(data_master)
[2016-08-03 15:19:43 542 daff5700] [0000c46f:591454cb] ::ffff:192.168.1.110:8001 syn ok ,remoteid = [00001b05:5e705cca]，time dalay=0(ms),first(sendseq=1dabbd8b:recvseq=52267e45),remote timestamp=511585760
[2016-08-03 15:20:38 125 daff5700] [0000c130:3f320fd9] 启动同步请求，时间戳=0
[2016-08-03 15:20:38 125 daff5700] [0x0000c130:3f320fd9] 在状态(),收到事件(0x00000008:1)
[2016-08-03 15:20:38 125 daff5700] [0x0000c130:3f320fd9] 状态迁移()---(0x00000008:1)-->(user_syn)
[2016-08-03 15:20:38 127 daff5700] [0x0000c130:3f320fd9] 在状态(user_syn),收到事件(0x00000009:2)
[2016-08-03 15:20:38 127 daff5700] [0x0000c130:3f320fd9] 状态迁移(user_syn)---(0x00000009:2)-->(data_master)
[2016-08-03 15:20:38 127 daff5700] [0000c130:3f320fd9] 192.168.1.110:3605 syn ok ,remoteid = [0000f176:191d1d2b]，time dalay=0(ms),first(sendseq=5efaf59b:recvseq=6276eb27),remote timestamp=511642080
[2016-08-03 15:20:38 130 daff5700] [0000c131:3f320fda] 启动同步请求，时间戳=0
[2016-08-03 15:20:38 130 daff5700] [0x0000c131:3f320fda] 在状态(),收到事件(0x00000008:1)
[2016-08-03 15:20:38 130 daff5700] [0x0000c131:3f320fda] 状态迁移()---(0x00000008:1)-->(user_syn)
[2016-08-03 15:20:38 131 daff5700] [0x0000c131:3f320fda] 在状态(user_syn),收到事件(0x00000009:2)
[2016-08-03 15:20:38 131 daff5700] [0x0000c131:3f320fda] 状态迁移(user_syn)---(0x00000009:2)-->(data_master)
[2016-08-03 15:20:38 131 daff5700] [0000c131:3f320fda] ::ffff:192.168.1.110:8001 syn ok ,remoteid = [00001b0a:5e705ccd]，time dalay=0(ms),first(sendseq=5b18ca0e:recvseq=36e4968b),remote timestamp=511640340
[2016-08-03 15:20:58 136 daff5700] [0x0000c130:3f320fd9] 在状态(data_master),收到事件(0x00000008:4)
[2016-08-03 15:20:58 136 daff5700] [0x0000c130:3f320fd9] 状态迁移(data_master)---(0x00000008:4)-->(user_rst)
[2016-08-03 15:20:58 136 daff5700] [0x0000c131:3f320fda] 在状态(data_master),收到事件(0x00000008:4)
[2016-08-03 15:20:58 137 daff5700] [0x0000c131:3f320fda] 状态迁移(data_master)---(0x00000008:4)-->(user_rst)
[2016-08-03 15:20:58 137 daff5700] [0x0000c130:3f320fd9] 在状态(user_rst),收到事件(0x00000009:5)
[2016-08-03 15:20:58 137 daff5700] [0x0000c130:3f320fd9] 状态迁移(user_rst)---(0x00000009:5)-->(exit_wait)
[2016-08-03 15:20:58 138 daff5700] [0x0000c131:3f320fda] 在状态(user_rst),收到事件(0x00000009:5)
[2016-08-03 15:20:58 138 daff5700] [0x0000c131:3f320fda] 状态迁移(user_rst)---(0x00000009:5)-->(exit_wait)
[2016-08-03 15:20:58 138 daff5700] [0x0000c130:3f320fd9] 在状态(exit_wait),收到事件(0x00000009:6)
[2016-08-03 15:20:58 138 daff5700] [0x0000c130:3f320fd9] 状态迁移(exit_wait)---(0x00000009:6)-->(exit)
[2016-08-03 15:20:58 138 daff5700] [ c130:3f320fd9] E15_udcp_item clean
[2016-08-03 15:20:58 139 daff5700] [0x0000c131:3f320fda] 在状态(exit_wait),收到事件(0x00000009:6)
[2016-08-03 15:20:58 139 daff5700] [0x0000c131:3f320fda] 状态迁移(exit_wait)---(0x00000009:6)-->(exit)
[2016-08-03 15:20:58 139 daff5700] [ c131:3f320fda] E15_udcp_item clean
[2016-08-03 15:20:58 139 f7fc4780] udcp session exit normally
[2016-08-03 15:22:06 468 dbfef700] [0000a86d:314e761b] 启动同步请求，时间戳=0
[2016-08-03 15:22:06 468 dbfef700] [0x0000a86d:314e761b] 在状态(),收到事件(0x00000008:1)
[2016-08-03 15:22:06 468 dbfef700] [0x0000a86d:314e761b] 状态迁移()---(0x00000008:1)-->(user_syn)
[2016-08-03 15:22:06 469 dbfef700] [0x0000a86d:314e761b] 在状态(user_syn),收到事件(0x00000009:2)
[2016-08-03 15:22:06 469 dbfef700] [0x0000a86d:314e761b] 状态迁移(user_syn)---(0x00000009:2)-->(data_master)
[2016-08-03 15:22:06 469 dbfef700] [0000a86d:314e761b] 192.168.1.110:3605 syn ok ,remoteid = [0000f17a:191d1d2c]，time dalay=0(ms),first(sendseq=3fde176f:recvseq=6faf0900),remote timestamp=511730440
[2016-08-03 15:22:06 471 dbfef700] [0000a86c:314e761c] 启动同步请求，时间戳=0
[2016-08-03 15:22:06 471 dbfef700] [0x0000a86c:314e761c] 在状态(),收到事件(0x00000008:1)
[2016-08-03 15:22:06 471 dbfef700] [0x0000a86c:314e761c] 状态迁移()---(0x00000008:1)-->(user_syn)
[2016-08-03 15:22:06 472 dbfef700] [0x0000a86c:314e761c] 在状态(user_syn),收到事件(0x00000009:2)
[2016-08-03 15:22:06 472 dbfef700] [0x0000a86c:314e761c] 状态迁移(user_syn)---(0x00000009:2)-->(data_master)
[2016-08-03 15:22:06 472 dbfef700] [0000a86c:314e761c] ::ffff:192.168.1.110:8001 syn ok ,remoteid = [00001b0d:5e705ccf]，time dalay=0(ms),first(sendseq=1a75a391:recvseq=4c6c2a2d),remote timestamp=511728660
[2016-08-03 15:22:11 472 dbfef700] [0x0000a86d:314e761b] 在状态(data_master),收到事件(0x00000008:4)
[2016-08-03 15:22:11 473 dbfef700] [0x0000a86d:314e761b] 状态迁移(data_master)---(0x00000008:4)-->(user_rst)
[2016-08-03 15:22:11 473 dbfef700] [0x0000a86c:314e761c] 在状态(data_master),收到事件(0x00000008:4)
[2016-08-03 15:22:11 474 dbfef700] [0x0000a86c:314e761c] 状态迁移(data_master)---(0x00000008:4)-->(user_rst)
[2016-08-03 15:22:11 474 dbfef700] [0x0000a86d:314e761b] 在状态(user_rst),收到事件(0x00000009:5)
[2016-08-03 15:22:11 474 dbfef700] [0x0000a86d:314e761b] 状态迁移(user_rst)---(0x00000009:5)-->(exit_wait)
[2016-08-03 15:22:11 474 dbfef700] [0x0000a86c:314e761c] 在状态(user_rst),收到事件(0x00000009:5)
[2016-08-03 15:22:11 474 dbfef700] [0x0000a86c:314e761c] 状态迁移(user_rst)---(0x00000009:5)-->(exit_wait)
[2016-08-03 15:22:11 475 dbfef700] [0x0000a86d:314e761b] 在状态(exit_wait),收到事件(0x00000009:6)
[2016-08-03 15:22:11 475 dbfef700] [0x0000a86d:314e761b] 状态迁移(exit_wait)---(0x00000009:6)-->(exit)
[2016-08-03 15:22:11 475 dbfef700] [ a86d:314e761b] E15_udcp_item clean
[2016-08-03 15:22:11 475 dbfef700] [0x0000a86c:314e761c] 在状态(exit_wait),收到事件(0x00000009:6)
[2016-08-03 15:22:11 475 dbfef700] [0x0000a86c:314e761c] 状态迁移(exit_wait)---(0x00000009:6)-->(exit)
[2016-08-03 15:22:11 475 dbfef700] [ a86c:314e761c] E15_udcp_item clean
[2016-08-03 15:22:11 476 f7fc4780] udcp session exit normally
[2016-08-03 15:22:23 018 daff5700] [000033f8:224b4aea] 启动同步请求，时间戳=0
[2016-08-03 15:22:23 018 daff5700] [0x000033f8:224b4aea] 在状态(),收到事件(0x00000008:1)
[2016-08-03 15:22:23 018 daff5700] [0x000033f8:224b4aea] 状态迁移()---(0x00000008:1)-->(user_syn)
[2016-08-03 15:22:23 019 daff5700] [0x000033f8:224b4aea] 在状态(user_syn),收到事件(0x00000009:2)
[2016-08-03 15:22:23 019 daff5700] [0x000033f8:224b4aea] 状态迁移(user_syn)---(0x00000009:2)-->(data_master)
[2016-08-03 15:22:23 019 daff5700] [000033f8:224b4aea] 192.168.1.110:3605 syn ok ,remoteid = [0000f16b:191d1d2d]，time dalay=0(ms),first(sendseq=ab31aaf:recvseq=686ff2b2),remote timestamp=511746980
[2016-08-03 15:22:23 022 daff5700] [000033f9:224b4aeb] 启动同步请求，时间戳=0
[2016-08-03 15:22:23 022 daff5700] [0x000033f9:224b4aeb] 在状态(),收到事件(0x00000008:1)
[2016-08-03 15:22:23 022 daff5700] [0x000033f9:224b4aeb] 状态迁移()---(0x00000008:1)-->(user_syn)
[2016-08-03 15:22:23 023 daff5700] [0x000033f9:224b4aeb] 在状态(user_syn),收到事件(0x00000009:2)
[2016-08-03 15:22:23 023 daff5700] [0x000033f9:224b4aeb] 状态迁移(user_syn)---(0x00000009:2)-->(data_master)
[2016-08-03 15:22:23 023 daff5700] [000033f9:224b4aeb] ::ffff:192.168.1.110:8001 syn ok ,remoteid = [00001b01:5e705cd1]，time dalay=0(ms),first(sendseq=dae544f:recvseq=380ee16d),remote timestamp=511745200
[2016-08-03 15:22:28 024 daff5700] [0x000033f8:224b4aea] 在状态(data_master),收到事件(0x00000008:4)
[2016-08-03 15:22:28 024 daff5700] [0x000033f8:224b4aea] 状态迁移(data_master)---(0x00000008:4)-->(user_rst)
[2016-08-03 15:22:28 024 daff5700] [0x000033f9:224b4aeb] 在状态(data_master),收到事件(0x00000008:4)
[2016-08-03 15:22:28 025 daff5700] [0x000033f9:224b4aeb] 状态迁移(data_master)---(0x00000008:4)-->(user_rst)
[2016-08-03 15:22:28 025 daff5700] [0x000033f8:224b4aea] 在状态(user_rst),收到事件(0x00000009:5)
[2016-08-03 15:22:28 025 daff5700] [0x000033f8:224b4aea] 状态迁移(user_rst)---(0x00000009:5)-->(exit_wait)
[2016-08-03 15:22:28 025 daff5700] [0x000033f9:224b4aeb] 在状态(user_rst),收到事件(0x00000009:5)
[2016-08-03 15:22:28 025 daff5700] [0x000033f9:224b4aeb] 状态迁移(user_rst)---(0x00000009:5)-->(exit_wait)
[2016-08-03 15:22:28 025 daff5700] [0x000033f8:224b4aea] 在状态(exit_wait),收到事件(0x00000009:6)
[2016-08-03 15:22:28 025 daff5700] [0x000033f8:224b4aea] 状态迁移(exit_wait)---(0x00000009:6)-->(exit)
[2016-08-03 15:22:28 026 daff5700] [ 33f8:224b4aea] E15_udcp_item clean
[2016-08-03 15:22:28 026 daff5700] [0x000033f9:224b4aeb] 在状态(exit_wait),收到事件(0x00000009:6)
[2016-08-03 15:22:28 026 daff5700] [0x000033f9:224b4aeb] 状态迁移(exit_wait)---(0x00000009:6)-->(exit)
[2016-08-03 15:22:28 026 daff5700] [ 33f9:224b4aeb] E15_udcp_item clean
[2016-08-03 15:22:28 027 f7fc4780] udcp session exit normally
[2016-08-03 15:22:33 176 daff5700] [0000db35:50103370] 启动同步请求，时间戳=0
[2016-08-03 15:22:33 176 daff5700] [0x0000db35:50103370] 在状态(),收到事件(0x00000008:1)
[2016-08-03 15:22:33 177 daff5700] [0x0000db35:50103370] 状态迁移()---(0x00000008:1)-->(user_syn)
[2016-08-03 15:22:33 178 daff5700] [0x0000db35:50103370] 在状态(user_syn),收到事件(0x00000009:2)
[2016-08-03 15:22:33 178 daff5700] [0x0000db35:50103370] 状态迁移(user_syn)---(0x00000009:2)-->(data_master)
[2016-08-03 15:22:33 178 daff5700] [0000db35:50103370] 192.168.1.110:3605 syn ok ,remoteid = [0000f175:191d1d2e]，time dalay=0(ms),first(sendseq=2e353a27:recvseq=2e18f0ee),remote timestamp=511757130
[2016-08-03 15:22:33 181 daff5700] [0000db34:50103371] 启动同步请求，时间戳=0
[2016-08-03 15:22:33 181 daff5700] [0x0000db34:50103371] 在状态(),收到事件(0x00000008:1)
[2016-08-03 15:22:33 181 daff5700] [0x0000db34:50103371] 状态迁移()---(0x00000008:1)-->(user_syn)
[2016-08-03 15:22:33 181 daff5700] [0x0000db34:50103371] 在状态(user_syn),收到事件(0x00000009:2)
[2016-08-03 15:22:33 181 daff5700] [0x0000db34:50103371] 状态迁移(user_syn)---(0x00000009:2)-->(data_master)
[2016-08-03 15:22:33 181 daff5700] [0000db34:50103371] ::ffff:192.168.1.110:8001 syn ok ,remoteid = [00001b0f:5e705cd2]，time dalay=0(ms),first(sendseq=cbfe4a0:recvseq=2003abac),remote timestamp=511755370
[2016-08-03 15:28:34 806 2fed700] [00009f35:74a02b04] 启动同步请求，时间戳=0
[2016-08-03 15:28:34 806 2fed700] [0x00009f35:74a02b04] 在状态(),收到事件(0x00000008:1)
[2016-08-03 15:28:34 806 2fed700] [0x00009f35:74a02b04] 状态迁移()---(0x00000008:1)-->(user_syn)
[2016-08-03 15:28:34 807 2fed700] [0x00009f35:74a02b04] 在状态(user_syn),收到事件(0x00000009:2)
[2016-08-03 15:28:34 807 2fed700] [0x00009f35:74a02b04] 状态迁移(user_syn)---(0x00000009:2)-->(data_master)
[2016-08-03 15:28:34 807 2fed700] [00009f35:74a02b04] 192.168.1.110:3605 syn ok ,remoteid = [0000f179:191d1d2f]，time dalay=0(ms),first(sendseq=67e2b2e9:recvseq=741beea6),remote timestamp=512118820
[2016-08-03 15:28:34 810 2fed700] [00009f34:74a02b05] 启动同步请求，时间戳=0
[2016-08-03 15:28:34 810 2fed700] [0x00009f34:74a02b05] 在状态(),收到事件(0x00000008:1)
[2016-08-03 15:28:34 810 2fed700] [0x00009f34:74a02b05] 状态迁移()---(0x00000008:1)-->(user_syn)
[2016-08-03 15:28:34 811 2fed700] [0x00009f34:74a02b05] 在状态(user_syn),收到事件(0x00000009:2)
[2016-08-03 15:28:34 811 2fed700] [0x00009f34:74a02b05] 状态迁移(user_syn)---(0x00000009:2)-->(data_master)
[2016-08-03 15:28:34 811 2fed700] [00009f34:74a02b05] ::ffff:192.168.1.110:8001 syn ok ,remoteid = [00001b02:5e705cd4]，time dalay=0(ms),first(sendseq=15613ecf:recvseq=a16ae2b),remote timestamp=512117080
[2016-08-03 15:28:37 812 2fed700] [0x00009f35:74a02b04] 在状态(data_master),收到事件(0x00000008:4)
[2016-08-03 15:28:37 812 2fed700] [0x00009f35:74a02b04] 状态迁移(data_master)---(0x00000008:4)-->(user_rst)
[2016-08-03 15:28:37 812 2fed700] [0x00009f34:74a02b05] 在状态(data_master),收到事件(0x00000008:4)
[2016-08-03 15:28:37 813 2fed700] [0x00009f34:74a02b05] 状态迁移(data_master)---(0x00000008:4)-->(user_rst)
[2016-08-03 15:28:37 813 2fed700] [0x00009f35:74a02b04] 在状态(user_rst),收到事件(0x00000009:5)
[2016-08-03 15:28:37 813 2fed700] [0x00009f35:74a02b04] 状态迁移(user_rst)---(0x00000009:5)-->(exit_wait)
[2016-08-03 15:28:37 813 2fed700] [0x00009f34:74a02b05] 在状态(user_rst),收到事件(0x00000009:5)
[2016-08-03 15:28:37 813 2fed700] [0x00009f34:74a02b05] 状态迁移(user_rst)---(0x00000009:5)-->(exit_wait)
[2016-08-03 15:28:37 814 2fed700] [0x00009f35:74a02b04] 在状态(exit_wait),收到事件(0x00000009:6)
[2016-08-03 15:28:37 814 2fed700] [0x00009f35:74a02b04] 状态迁移(exit_wait)---(0x00000009:6)-->(exit)
[2016-08-03 15:28:37 814 2fed700] [ 9f35:74a02b04] E15_udcp_item clean
[2016-08-03 15:28:37 814 2fed700] [0x00009f34:74a02b05] 在状态(exit_wait),收到事件(0x00000009:6)
[2016-08-03 15:28:37 814 2fed700] [0x00009f34:74a02b05] 状态迁移(exit_wait)---(0x00000009:6)-->(exit)
[2016-08-03 15:28:37 814 2fed700] [ 9f34:74a02b05] E15_udcp_item clean
[2016-08-03 15:28:37 815 1ee92780] udcp session exit normally
[2016-08-03 15:29:23 680 daff5700] [0000ba1a:30c27245] 启动同步请求，时间戳=0
[2016-08-03 15:29:23 680 daff5700] [0x0000ba1a:30c27245] 在状态(),收到事件(0x00000008:1)
[2016-08-03 15:29:23 680 daff5700] [0x0000ba1a:30c27245] 状态迁移()---(0x00000008:1)-->(user_syn)
[2016-08-03 15:29:23 681 daff5700] [0x0000ba1a:30c27245] 在状态(user_syn),收到事件(0x00000009:2)
[2016-08-03 15:29:23 681 daff5700] [0x0000ba1a:30c27245] 状态迁移(user_syn)---(0x00000009:2)-->(data_master)
[2016-08-03 15:29:23 681 daff5700] [0000ba1a:30c27245] 192.168.1.110:3605 syn ok ,remoteid = [0000f17b:191d1d30]，time dalay=0(ms),first(sendseq=1f77481a:recvseq=71cb06ba),remote timestamp=512167700
[2016-08-03 15:29:23 683 daff5700] [0000ba1b:30c27246] 启动同步请求，时间戳=0
[2016-08-03 15:29:23 683 daff5700] [0x0000ba1b:30c27246] 在状态(),收到事件(0x00000008:1)
[2016-08-03 15:29:23 683 daff5700] [0x0000ba1b:30c27246] 状态迁移()---(0x00000008:1)-->(user_syn)
[2016-08-03 15:29:23 684 daff5700] [0x0000ba1b:30c27246] 在状态(user_syn),收到事件(0x00000009:2)
[2016-08-03 15:29:23 684 daff5700] [0x0000ba1b:30c27246] 状态迁移(user_syn)---(0x00000009:2)-->(data_master)
[2016-08-03 15:29:23 684 daff5700] [0000ba1b:30c27246] ::ffff:192.168.1.110:8001 syn ok ,remoteid = [00001b05:5e705cd5]，time dalay=0(ms),first(sendseq=4969c054:recvseq=2e05a884),remote timestamp=512165940
