[2016-08-03 15:30:43 111 18ff9700] [000085dc:2933cd54] 启动同步请求，时间戳=0
[2016-08-03 15:30:43 111 18ff9700] [0x000085dc:2933cd54] 在状态(),收到事件(0x00000008:1)
[2016-08-03 15:30:43 111 18ff9700] [0x000085dc:2933cd54] 状态迁移()---(0x00000008:1)-->(user_syn)
[2016-08-03 15:30:43 112 18ff9700] [0x000085dc:2933cd54] 在状态(user_syn),收到事件(0x00000009:2)
[2016-08-03 15:30:43 112 18ff9700] [0x000085dc:2933cd54] 状态迁移(user_syn)---(0x00000009:2)-->(data_master)
[2016-08-03 15:30:43 112 18ff9700] [000085dc:2933cd54] 192.168.1.110:3605 syn ok ,remoteid = [0000f174:191d1d31]，time dalay=0(ms),first(sendseq=1999157e:recvseq=11d109a3),remote timestamp=512247120
[2016-08-03 15:30:43 114 18ff9700] [000085dd:2933cd55] 启动同步请求，时间戳=0
[2016-08-03 15:30:43 114 18ff9700] [0x000085dd:2933cd55] 在状态(),收到事件(0x00000008:1)
[2016-08-03 15:30:43 114 18ff9700] [0x000085dd:2933cd55] 状态迁移()---(0x00000008:1)-->(user_syn)
[2016-08-03 15:30:43 115 18ff9700] [0x000085dd:2933cd55] 在状态(user_syn),收到事件(0x00000009:2)
[2016-08-03 15:30:43 115 18ff9700] [0x000085dd:2933cd55] 状态迁移(user_syn)---(0x00000009:2)-->(data_master)
[2016-08-03 15:30:43 115 18ff9700] [000085dd:2933cd55] ::ffff:192.168.1.110:8001 syn ok ,remoteid = [00001b07:5e705cd6]，time dalay=0(ms),first(sendseq=4cd778d9:recvseq=12417b2f),remote timestamp=512245390
[2016-08-03 15:31:56 127 18ff9700] [0x000085dc:2933cd54] 在状态(data_master),收到事件(0x00000008:4)
[2016-08-03 15:31:56 127 18ff9700] [0x000085dc:2933cd54] 状态迁移(data_master)---(0x00000008:4)-->(user_rst)
[2016-08-03 15:31:56 128 18ff9700] [0x000085dd:2933cd55] 在状态(data_master),收到事件(0x00000008:4)
[2016-08-03 15:31:56 128 18ff9700] [0x000085dd:2933cd55] 状态迁移(data_master)---(0x00000008:4)-->(user_rst)
[2016-08-03 15:31:56 129 18ff9700] [0x000085dc:2933cd54] 在状态(user_rst),收到事件(0x00000009:5)
[2016-08-03 15:31:56 129 18ff9700] [0x000085dc:2933cd54] 状态迁移(user_rst)---(0x00000009:5)-->(exit_wait)
[2016-08-03 15:31:56 129 18ff9700] [0x000085dd:2933cd55] 在状态(user_rst),收到事件(0x00000009:5)
[2016-08-03 15:31:56 129 18ff9700] [0x000085dd:2933cd55] 状态迁移(user_rst)---(0x00000009:5)-->(exit_wait)
[2016-08-03 15:31:56 129 18ff9700] [0x000085dc:2933cd54] 在状态(exit_wait),收到事件(0x00000009:6)
[2016-08-03 15:31:56 130 18ff9700] [0x000085dc:2933cd54] 状态迁移(exit_wait)---(0x00000009:6)-->(exit)
[2016-08-03 15:31:56 130 18ff9700] [ 85dc:2933cd54] E15_udcp_item clean
[2016-08-03 15:31:56 130 18ff9700] [0x000085dd:2933cd55] 在状态(exit_wait),收到事件(0x00000009:6)
[2016-08-03 15:31:56 130 18ff9700] [0x000085dd:2933cd55] 状态迁移(exit_wait)---(0x00000009:6)-->(exit)
[2016-08-03 15:31:56 130 18ff9700] [ 85dd:2933cd55] E15_udcp_item clean
[2016-08-03 15:31:56 130 3611b780] udcp session exit normally
[2016-08-03 15:33:19 738 daff5700] [0000a5cd:7d3b509e] 启动同步请求，时间戳=0
[2016-08-03 15:33:19 738 daff5700] [0x0000a5cd:7d3b509e] 在状态(),收到事件(0x00000008:1)
[2016-08-03 15:33:19 738 daff5700] [0x0000a5cd:7d3b509e] 状态迁移()---(0x00000008:1)-->(user_syn)
[2016-08-03 15:33:19 739 daff5700] [0x0000a5cd:7d3b509e] 在状态(user_syn),收到事件(0x00000009:2)
[2016-08-03 15:33:19 739 daff5700] [0x0000a5cd:7d3b509e] 状态迁移(user_syn)---(0x00000009:2)-->(data_master)
[2016-08-03 15:33:19 739 daff5700] [0000a5cd:7d3b509e] 192.168.1.110:3605 syn ok ,remoteid = [0000f17f:191d1d32]，time dalay=0(ms),first(sendseq=3a6c18c2:recvseq=327b5e52),remote timestamp=512403750
[2016-08-03 15:33:19 742 daff5700] [0000a5cc:7d3b509f] 启动同步请求，时间戳=0
[2016-08-03 15:33:19 742 daff5700] [0x0000a5cc:7d3b509f] 在状态(),收到事件(0x00000008:1)
[2016-08-03 15:33:19 742 daff5700] [0x0000a5cc:7d3b509f] 状态迁移()---(0x00000008:1)-->(user_syn)
[2016-08-03 15:33:19 743 daff5700] [0x0000a5cc:7d3b509f] 在状态(user_syn),收到事件(0x00000009:2)
[2016-08-03 15:33:19 743 daff5700] [0x0000a5cc:7d3b509f] 状态迁移(user_syn)---(0x00000009:2)-->(data_master)
[2016-08-03 15:33:19 743 daff5700] [0000a5cc:7d3b509f] ::ffff:192.168.1.110:8001 syn ok ,remoteid = [00001b01:5e705cda]，time dalay=0(ms),first(sendseq=77a9693b:recvseq=2122ded),remote timestamp=512402000
[2016-08-03 15:35:12 341 daff5700] [0x0000a5cc:7d3b509f] 在状态(data_master),收到事件(0x0000000e:1)
[2016-08-03 15:35:12 341 daff5700] [0x0000a5cc:7d3b509f] 状态迁移(data_master)---(0x0000000e:1)-->(reconnect?)
[2016-08-03 15:35:12 357 daff5700] [0000a5cc:7d3b509f] 激活定时检测触发,状态不符
[2016-08-03 15:35:12 358 daff5700] [0000a5cc:7d3b509f] 激活定时检测触发,状态不符
[2016-08-03 15:35:12 358 daff5700] [0000a5cc:7d3b509f] 激活定时检测触发,状态不符
[2016-08-03 15:35:12 359 daff5700] [0x0000a5cd:7d3b509e] 在状态(data_master),收到事件(0x0000000e:1)
[2016-08-03 15:35:12 359 daff5700] [0x0000a5cd:7d3b509e] 状态迁移(data_master)---(0x0000000e:1)-->(reconnect?)
[2016-08-03 15:35:12 359 daff5700] [0000a5cc:7d3b509f] 激活定时检测触发,状态不符
[2016-08-03 15:35:12 359 daff5700] [0000a5cc:7d3b509f] 激活定时检测触发,状态不符
[2016-08-03 15:35:12 360 daff5700] [0000a5cd:7d3b509e] 激活定时检测触发,状态不符
[2016-08-03 15:35:12 360 daff5700] [0000a5cc:7d3b509f] 激活定时检测触发,状态不符
[2016-08-03 15:35:12 360 daff5700] [0000a5cc:7d3b509f] 激活定时检测触发,状态不符
[2016-08-03 15:35:12 360 daff5700] [0000a5cd:7d3b509e] 激活定时检测触发,状态不符
[2016-08-03 15:35:12 360 daff5700] [0000a5cc:7d3b509f] 激活定时检测触发,状态不符
[2016-08-03 15:35:12 360 daff5700] [0000a5cc:7d3b509f] 激活定时检测触发,状态不符
[2016-08-03 15:35:12 361 daff5700] [0000a5cd:7d3b509e] 激活定时检测触发,状态不符
[2016-08-03 15:35:12 361 daff5700] [0000a5cc:7d3b509f] 激活定时检测触发,状态不符
[2016-08-03 15:35:12 361 daff5700] [0000a5cc:7d3b509f] 激活定时检测触发,状态不符
[2016-08-03 15:35:12 361 daff5700] [0000a5cd:7d3b509e] 激活定时检测触发,状态不符
[2016-08-03 15:35:12 361 daff5700] [0000a5cc:7d3b509f] 激活定时检测触发,状态不符
[2016-08-03 15:35:12 361 daff5700] [0000a5cc:7d3b509f] 激活定时检测触发,状态不符
[2016-08-03 15:35:12 361 daff5700] [0000a5cd:7d3b509e] 激活定时检测触发,状态不符
[2016-08-03 15:35:12 361 daff5700] [0000a5cc:7d3b509f] 激活定时检测触发,状态不符
[2016-08-03 15:35:12 362 daff5700] [0000a5cc:7d3b509f] 激活定时检测触发,状态不符
[2016-08-03 15:35:12 362 daff5700] [0000a5cd:7d3b509e] 激活定时检测触发,状态不符
[2016-08-03 15:35:12 362 daff5700] [0000a5cc:7d3b509f] 激活定时检测触发,状态不符
[2016-08-03 15:35:12 362 daff5700] [0000a5cc:7d3b509f] 激活定时检测触发,状态不符
[2016-08-03 15:35:12 362 daff5700] [0000a5cd:7d3b509e] 激活定时检测触发,状态不符
[2016-08-03 15:35:12 362 daff5700] [0000a5cc:7d3b509f] 激活定时检测触发,状态不符
[2016-08-03 15:35:12 362 daff5700] [0000a5cc:7d3b509f] 激活定时检测触发,状态不符
[2016-08-03 15:35:12 362 daff5700] [0000a5cd:7d3b509e] 激活定时检测触发,状态不符
[2016-08-03 15:35:12 362 daff5700] [0000a5cc:7d3b509f] 激活定时检测触发,状态不符
[2016-08-03 15:35:12 363 daff5700] [0000a5cc:7d3b509f] 激活定时检测触发,状态不符
[2016-08-03 15:35:12 363 daff5700] [0000a5cd:7d3b509e] 激活定时检测触发,状态不符
[2016-08-03 15:35:12 363 daff5700] [0000a5cc:7d3b509f] 激活定时检测触发,状态不符
[2016-08-03 15:35:12 363 daff5700] [0000a5cc:7d3b509f] 激活定时检测触发,状态不符
[2016-08-03 15:35:12 363 daff5700] [0000a5cd:7d3b509e] 激活定时检测触发,状态不符
[2016-08-03 15:35:12 363 daff5700] [0000a5cc:7d3b509f] 激活定时检测触发,状态不符
[2016-08-03 15:35:12 363 daff5700] [0000a5cc:7d3b509f] 激活定时检测触发,状态不符
[2016-08-03 15:35:12 364 daff5700] [0000a5cd:7d3b509e] 激活定时检测触发,状态不符
[2016-08-03 15:35:12 364 daff5700] [0000a5cc:7d3b509f] 激活定时检测触发,状态不符
[2016-08-03 15:35:12 364 daff5700] [0000a5cc:7d3b509f] 激活定时检测触发,状态不符
[2016-08-03 15:35:12 364 daff5700] [0000a5cd:7d3b509e] 激活定时检测触发,状态不符
[2016-08-03 15:35:12 364 daff5700] [0000a5cc:7d3b509f] 激活定时检测触发,状态不符
[2016-08-03 15:35:12 364 daff5700] [0000a5cc:7d3b509f] 激活定时检测触发,状态不符
[2016-08-03 15:35:12 364 daff5700] [0000a5cd:7d3b509e] 激活定时检测触发,状态不符
[2016-08-03 15:35:12 364 daff5700] [0000a5cc:7d3b509f] 激活定时检测触发,状态不符
[2016-08-03 15:35:12 365 daff5700] [0000a5cc:7d3b509f] 激活定时检测触发,状态不符
[2016-08-03 15:35:12 365 daff5700] [0000a5cd:7d3b509e] 激活定时检测触发,状态不符
[2016-08-03 15:35:12 365 daff5700] [0000a5cc:7d3b509f] 激活定时检测触发,状态不符
[2016-08-03 15:35:12 365 daff5700] [0000a5cc:7d3b509f] 激活定时检测触发,状态不符
[2016-08-03 15:35:12 365 daff5700] [0000a5cd:7d3b509e] 激活定时检测触发,状态不符
[2016-08-03 15:35:12 365 daff5700] [0000a5cc:7d3b509f] 激活定时检测触发,状态不符
[2016-08-03 15:35:12 366 daff5700] [0000a5cc:7d3b509f] 激活定时检测触发,状态不符
[2016-08-03 15:35:12 366 daff5700] [0000a5cd:7d3b509e] 激活定时检测触发,状态不符
[2016-08-03 15:35:12 366 daff5700] [0000a5cc:7d3b509f] 激活定时检测触发,状态不符
[2016-08-03 15:35:12 366 daff5700] [0000a5cc:7d3b509f] 激活定时检测触发,状态不符
[2016-08-03 15:35:12 366 daff5700] [0000a5cd:7d3b509e] 激活定时检测触发,状态不符
[2016-08-03 15:35:12 366 daff5700] [0000a5cc:7d3b509f] 激活定时检测触发,状态不符
[2016-08-03 15:35:12 366 daff5700] [0000a5cc:7d3b509f] 激活定时检测触发,状态不符
[2016-08-03 15:35:12 367 daff5700] [0000a5cd:7d3b509e] 激活定时检测触发,状态不符
[2016-08-03 15:35:12 367 daff5700] [0000a5cc:7d3b509f] 激活定时检测触发,状态不符
[2016-08-03 15:35:12 367 daff5700] [0000a5cc:7d3b509f] 激活定时检测触发,状态不符
[2016-08-03 15:35:12 367 daff5700] [0000a5cd:7d3b509e] 激活定时检测触发,状态不符
[2016-08-03 15:35:12 367 daff5700] [0000a5cc:7d3b509f] 激活定时检测触发,状态不符
[2016-08-03 15:35:12 367 daff5700] [0000a5cc:7d3b509f] 激活定时检测触发,状态不符
[2016-08-03 15:35:12 367 daff5700] [0000a5cd:7d3b509e] 激活定时检测触发,状态不符
[2016-08-03 15:35:12 367 daff5700] [0000a5cc:7d3b509f] 激活定时检测触发,状态不符
[2016-08-03 15:35:12 368 daff5700] [0000a5cc:7d3b509f] 激活定时检测触发,状态不符
[2016-08-03 15:35:12 368 daff5700] [0000a5cd:7d3b509e] 激活定时检测触发,状态不符
[2016-08-03 15:35:12 368 daff5700] [0000a5cc:7d3b509f] 激活定时检测触发,状态不符
[2016-08-03 15:35:12 368 daff5700] [0000a5cc:7d3b509f] 激活定时检测触发,状态不符
[2016-08-03 15:35:12 368 daff5700] [0000a5cd:7d3b509e] 激活定时检测触发,状态不符
[2016-08-03 15:35:12 368 daff5700] [0000a5cc:7d3b509f] 激活定时检测触发,状态不符
[2016-08-03 15:35:12 368 daff5700] [0000a5cc:7d3b509f] 激活定时检测触发,状态不符
[2016-08-03 15:35:12 369 daff5700] [0000a5cd:7d3b509e] 激活定时检测触发,状态不符
[2016-08-03 15:35:12 369 daff5700] [0000a5cc:7d3b509f] 激活定时检测触发,状态不符
[2016-08-03 15:35:13 363 daff5700] [0x0000a5cc:7d3b509f] 在状态(reconnect?),收到事件(0x0000000b:1)
[2016-08-03 15:35:13 364 daff5700] [0x0000a5cc:7d3b509f] 状态迁移(reconnect?)---(0x0000000b:1)-->(user_syn)
[2016-08-03 15:35:13 365 daff5700] [0x0000a5cc:7d3b509f] 在状态(user_syn),收到事件(0x00000009:2)
[2016-08-03 15:35:13 365 daff5700] [0x0000a5cc:7d3b509f] 状态迁移(user_syn)---(0x00000009:2)-->(data_master)
[2016-08-03 15:35:13 365 daff5700] [0000a5cc:7d3b509f] ::ffff:192.168.1.110:8001 syn ok ,remoteid = [00001b05:5e705cde]，time dalay=0(ms),first(sendseq=1698806d:recvseq=760caffa),remote timestamp=512515600
[2016-08-03 15:35:14 365 daff5700] [0x0000a5cd:7d3b509e] 在状态(reconnect?),收到事件(0x0000000b:1)
[2016-08-03 15:35:14 365 daff5700] [0x0000a5cd:7d3b509e] 状态迁移(reconnect?)---(0x0000000b:1)-->(user_syn)
[2016-08-03 15:35:14 366 daff5700] [0x0000a5cd:7d3b509e] 在状态(user_syn),收到事件(0x00000009:2)
[2016-08-03 15:35:14 366 daff5700] [0x0000a5cd:7d3b509e] 状态迁移(user_syn)---(0x00000009:2)-->(data_master)
[2016-08-03 15:35:14 366 daff5700] [0000a5cd:7d3b509e] ::ffff:192.168.1.110:3605 syn ok ,remoteid = [0000f17d:191d1d33]，time dalay=0(ms),first(sendseq=7b1ecb7:recvseq=3e958f63),remote timestamp=512518350
[2016-08-03 15:36:22 621 daff5700] [0x0000a5cc:7d3b509f] 在状态(data_master),收到事件(0x0000000e:1)
[2016-08-03 15:36:22 654 daff5700] [0x0000a5cc:7d3b509f] 状态迁移(data_master)---(0x0000000e:1)-->(reconnect?)
[2016-08-03 15:36:22 656 daff5700] [0000a5cc:7d3b509f] 激活定时检测触发,状态不符
[2016-08-03 15:36:22 658 daff5700] [0000a5cc:7d3b509f] 激活定时检测触发,状态不符
[2016-08-03 15:36:22 659 daff5700] [0000a5cc:7d3b509f] 激活定时检测触发,状态不符
[2016-08-03 15:36:22 660 daff5700] [0x0000a5cd:7d3b509e] 在状态(data_master),收到事件(0x0000000e:1)
[2016-08-03 15:36:22 660 daff5700] [0x0000a5cd:7d3b509e] 状态迁移(data_master)---(0x0000000e:1)-->(reconnect?)
[2016-08-03 15:36:22 661 daff5700] [0000a5cc:7d3b509f] 激活定时检测触发,状态不符
[2016-08-03 15:36:22 661 daff5700] [0000a5cc:7d3b509f] 激活定时检测触发,状态不符
[2016-08-03 15:36:22 662 daff5700] [0000a5cd:7d3b509e] 激活定时检测触发,状态不符
[2016-08-03 15:36:22 662 daff5700] [0000a5cc:7d3b509f] 激活定时检测触发,状态不符
[2016-08-03 15:36:22 663 daff5700] [0000a5cc:7d3b509f] 激活定时检测触发,状态不符
[2016-08-03 15:36:22 663 daff5700] [0000a5cd:7d3b509e] 激活定时检测触发,状态不符
[2016-08-03 15:36:22 663 daff5700] [0000a5cc:7d3b509f] 激活定时检测触发,状态不符
[2016-08-03 15:36:22 663 daff5700] [0000a5cc:7d3b509f] 激活定时检测触发,状态不符
[2016-08-03 15:36:22 664 daff5700] [0000a5cd:7d3b509e] 激活定时检测触发,状态不符
[2016-08-03 15:36:22 664 daff5700] [0000a5cc:7d3b509f] 激活定时检测触发,状态不符
[2016-08-03 15:36:22 664 daff5700] [0000a5cc:7d3b509f] 激活定时检测触发,状态不符
[2016-08-03 15:36:22 664 daff5700] [0000a5cd:7d3b509e] 激活定时检测触发,状态不符
[2016-08-03 15:36:22 664 daff5700] [0000a5cc:7d3b509f] 激活定时检测触发,状态不符
[2016-08-03 15:36:22 665 daff5700] [0000a5cc:7d3b509f] 激活定时检测触发,状态不符
[2016-08-03 15:36:22 665 daff5700] [0000a5cd:7d3b509e] 激活定时检测触发,状态不符
[2016-08-03 15:36:22 665 daff5700] [0000a5cc:7d3b509f] 激活定时检测触发,状态不符
[2016-08-03 15:36:22 665 daff5700] [0000a5cc:7d3b509f] 激活定时检测触发,状态不符
[2016-08-03 15:36:22 665 daff5700] [0000a5cd:7d3b509e] 激活定时检测触发,状态不符
[2016-08-03 15:36:22 665 daff5700] [0000a5cc:7d3b509f] 激活定时检测触发,状态不符
[2016-08-03 15:36:22 665 daff5700] [0000a5cc:7d3b509f] 激活定时检测触发,状态不符
[2016-08-03 15:36:22 666 daff5700] [0000a5cd:7d3b509e] 激活定时检测触发,状态不符
[2016-08-03 15:36:22 666 daff5700] [0000a5cc:7d3b509f] 激活定时检测触发,状态不符
[2016-08-03 15:36:22 666 daff5700] [0000a5cc:7d3b509f] 激活定时检测触发,状态不符
[2016-08-03 15:36:22 666 daff5700] [0000a5cd:7d3b509e] 激活定时检测触发,状态不符
[2016-08-03 15:36:22 666 daff5700] [0000a5cc:7d3b509f] 激活定时检测触发,状态不符
[2016-08-03 15:36:22 666 daff5700] [0000a5cc:7d3b509f] 激活定时检测触发,状态不符
[2016-08-03 15:36:22 666 daff5700] [0000a5cd:7d3b509e] 激活定时检测触发,状态不符
[2016-08-03 15:36:23 619 daff5700] [0x0000a5cd:7d3b509e] 在状态(reconnect?),收到事件(0x00000008:4)
[2016-08-03 15:36:23 620 daff5700] [0x0000a5cd:7d3b509e] 状态迁移(reconnect?)---(0x00000008:4)-->(user_rst)
[2016-08-03 15:36:23 620 daff5700] [0x0000a5cc:7d3b509f] 在状态(reconnect?),收到事件(0x00000008:4)
[2016-08-03 15:36:23 620 daff5700] [0x0000a5cc:7d3b509f] 状态迁移(reconnect?)---(0x00000008:4)-->(user_rst)
[2016-08-03 15:36:28 620 f7fc4780] udcp has 2 session to be force exit.
[2016-08-03 15:36:57 643 d77fe700] [00002f15:0a3100f0] 启动同步请求，时间戳=0
[2016-08-03 15:36:57 643 d77fe700] [0x00002f15:0a3100f0] 在状态(),收到事件(0x00000008:1)
[2016-08-03 15:36:57 643 d77fe700] [0x00002f15:0a3100f0] 状态迁移()---(0x00000008:1)-->(user_syn)
[2016-08-03 15:36:57 644 d77fe700] [0x00002f15:0a3100f0] 在状态(user_syn),收到事件(0x00000009:2)
[2016-08-03 15:36:57 644 d77fe700] [0x00002f15:0a3100f0] 状态迁移(user_syn)---(0x00000009:2)-->(data_master)
[2016-08-03 15:36:57 644 d77fe700] [00002f15:0a3100f0] 192.168.1.110:3605 syn ok ,remoteid = [0000f17e:191d1d34]，time dalay=0(ms),first(sendseq=20cd0147:recvseq=ca82a51),remote timestamp=512621620
[2016-08-03 15:36:57 646 d77fe700] [00002f14:0a3100f1] 启动同步请求，时间戳=0
[2016-08-03 15:36:57 646 d77fe700] [0x00002f14:0a3100f1] 在状态(),收到事件(0x00000008:1)
[2016-08-03 15:36:57 647 d77fe700] [0x00002f14:0a3100f1] 状态迁移()---(0x00000008:1)-->(user_syn)
[2016-08-03 15:36:57 647 d77fe700] [0x00002f14:0a3100f1] 在状态(user_syn),收到事件(0x00000009:2)
[2016-08-03 15:36:57 647 d77fe700] [0x00002f14:0a3100f1] 状态迁移(user_syn)---(0x00000009:2)-->(data_master)
[2016-08-03 15:36:57 648 d77fe700] [00002f14:0a3100f1] ::ffff:192.168.1.110:8001 syn ok ,remoteid = [00001b0a:5e705cdf]，time dalay=0(ms),first(sendseq=44450795:recvseq=6de87763),remote timestamp=512619880
[2016-08-03 15:39:17 844 b37fe700] [0000f22f:6c94ece4] 启动同步请求，时间戳=0
[2016-08-03 15:39:17 844 b37fe700] [0x0000f22f:6c94ece4] 在状态(),收到事件(0x00000008:1)
[2016-08-03 15:39:17 844 b37fe700] [0x0000f22f:6c94ece4] 状态迁移()---(0x00000008:1)-->(user_syn)
[2016-08-03 15:39:17 845 b37fe700] [0x0000f22f:6c94ece4] 在状态(user_syn),收到事件(0x00000009:2)
[2016-08-03 15:39:17 845 b37fe700] [0x0000f22f:6c94ece4] 状态迁移(user_syn)---(0x00000009:2)-->(data_master)
[2016-08-03 15:39:17 845 b37fe700] [0000f22f:6c94ece4] 192.168.1.110:3605 syn ok ,remoteid = [0000f17c:191d1d35]，time dalay=0(ms),first(sendseq=76122652:recvseq=5e5e6997),remote timestamp=512761790
[2016-08-03 15:39:17 847 b37fe700] [0000f22e:6c94ece5] 启动同步请求，时间戳=0
[2016-08-03 15:39:17 847 b37fe700] [0x0000f22e:6c94ece5] 在状态(),收到事件(0x00000008:1)
[2016-08-03 15:39:17 847 b37fe700] [0x0000f22e:6c94ece5] 状态迁移()---(0x00000008:1)-->(user_syn)
[2016-08-03 15:39:17 848 b37fe700] [0x0000f22e:6c94ece5] 在状态(user_syn),收到事件(0x00000009:2)
[2016-08-03 15:39:17 848 b37fe700] [0x0000f22e:6c94ece5] 状态迁移(user_syn)---(0x00000009:2)-->(data_master)
[2016-08-03 15:39:17 848 b37fe700] [0000f22e:6c94ece5] ::ffff:192.168.1.110:8001 syn ok ,remoteid = [00001b07:5e705ce1]，time dalay=0(ms),first(sendseq=3ae81a63:recvseq=26099872),remote timestamp=512760090
[2016-08-03 15:44:31 911 b37fe700] [0x0000f22f:6c94ece4] 在状态(data_master),收到事件(0x00000008:4)
[2016-08-03 15:44:31 911 b37fe700] [0x0000f22f:6c94ece4] 状态迁移(data_master)---(0x00000008:4)-->(user_rst)
[2016-08-03 15:44:31 912 b37fe700] [0x0000f22e:6c94ece5] 在状态(data_master),收到事件(0x00000008:4)
[2016-08-03 15:44:31 912 b37fe700] [0x0000f22e:6c94ece5] 状态迁移(data_master)---(0x00000008:4)-->(user_rst)
[2016-08-03 15:44:31 913 b37fe700] [0x0000f22f:6c94ece4] 在状态(user_rst),收到事件(0x00000009:5)
[2016-08-03 15:44:31 913 b37fe700] [0x0000f22f:6c94ece4] 状态迁移(user_rst)---(0x00000009:5)-->(exit_wait)
[2016-08-03 15:44:31 913 b37fe700] [0x0000f22e:6c94ece5] 在状态(user_rst),收到事件(0x00000009:5)
[2016-08-03 15:44:31 913 b37fe700] [0x0000f22e:6c94ece5] 状态迁移(user_rst)---(0x00000009:5)-->(exit_wait)
[2016-08-03 15:44:31 913 b37fe700] [0x0000f22f:6c94ece4] 在状态(exit_wait),收到事件(0x00000009:6)
[2016-08-03 15:44:31 914 b37fe700] [0x0000f22f:6c94ece4] 状态迁移(exit_wait)---(0x00000009:6)-->(exit)
[2016-08-03 15:44:31 914 b37fe700] [ f22f:6c94ece4] E15_udcp_item clean
[2016-08-03 15:44:31 914 b37fe700] [0x0000f22e:6c94ece5] 在状态(exit_wait),收到事件(0x00000009:6)
[2016-08-03 15:44:31 914 b37fe700] [0x0000f22e:6c94ece5] 状态迁移(exit_wait)---(0x00000009:6)-->(exit)
[2016-08-03 15:44:31 914 b37fe700] [ f22e:6c94ece5] E15_udcp_item clean
[2016-08-03 15:44:31 914 d088e780] udcp session exit normally
[2016-08-03 15:44:33 713 767ec700] [00006111:31ffa897] 启动同步请求，时间戳=0
[2016-08-03 15:44:33 714 767ec700] [0x00006111:31ffa897] 在状态(),收到事件(0x00000008:1)
[2016-08-03 15:44:33 714 767ec700] [0x00006111:31ffa897] 状态迁移()---(0x00000008:1)-->(user_syn)
[2016-08-03 15:44:33 714 767ec700] [0x00006111:31ffa897] 在状态(user_syn),收到事件(0x00000009:2)
[2016-08-03 15:44:33 715 767ec700] [0x00006111:31ffa897] 状态迁移(user_syn)---(0x00000009:2)-->(data_master)
[2016-08-03 15:44:33 715 767ec700] [00006111:31ffa897] 192.168.1.110:3605 syn ok ,remoteid = [0000f163:191d1d36]，time dalay=0(ms),first(sendseq=bc1510c:recvseq=704b2cc0),remote timestamp=513077630
[2016-08-03 15:44:33 717 767ec700] [00006110:31ffa898] 启动同步请求，时间戳=0
[2016-08-03 15:44:33 717 767ec700] [0x00006110:31ffa898] 在状态(),收到事件(0x00000008:1)
[2016-08-03 15:44:33 717 767ec700] [0x00006110:31ffa898] 状态迁移()---(0x00000008:1)-->(user_syn)
[2016-08-03 15:44:33 718 767ec700] [0x00006110:31ffa898] 在状态(user_syn),收到事件(0x00000009:2)
[2016-08-03 15:44:33 718 767ec700] [0x00006110:31ffa898] 状态迁移(user_syn)---(0x00000009:2)-->(data_master)
[2016-08-03 15:44:33 718 767ec700] [00006110:31ffa898] ::ffff:192.168.1.110:8001 syn ok ,remoteid = [00001b0d:5e705ce3]，time dalay=0(ms),first(sendseq=6e64e01b:recvseq=395355ee),remote timestamp=513075930
[2016-08-03 15:48:21 764 767ec700] [0x00006111:31ffa897] 在状态(data_master),收到事件(0x00000008:4)
[2016-08-03 15:48:21 765 767ec700] [0x00006111:31ffa897] 状态迁移(data_master)---(0x00000008:4)-->(user_rst)
[2016-08-03 15:48:21 765 767ec700] [0x00006110:31ffa898] 在状态(data_master),收到事件(0x00000008:4)
[2016-08-03 15:48:21 766 767ec700] [0x00006110:31ffa898] 状态迁移(data_master)---(0x00000008:4)-->(user_rst)
[2016-08-03 15:48:21 766 767ec700] [0x00006111:31ffa897] 在状态(user_rst),收到事件(0x00000009:5)
[2016-08-03 15:48:21 766 767ec700] [0x00006111:31ffa897] 状态迁移(user_rst)---(0x00000009:5)-->(exit_wait)
[2016-08-03 15:48:21 766 767ec700] [0x00006110:31ffa898] 在状态(user_rst),收到事件(0x00000009:5)
[2016-08-03 15:48:21 766 767ec700] [0x00006110:31ffa898] 状态迁移(user_rst)---(0x00000009:5)-->(exit_wait)
[2016-08-03 15:48:21 767 767ec700] [0x00006111:31ffa897] 在状态(exit_wait),收到事件(0x00000009:6)
[2016-08-03 15:48:21 767 767ec700] [0x00006111:31ffa897] 状态迁移(exit_wait)---(0x00000009:6)-->(exit)
[2016-08-03 15:48:21 767 767ec700] [ 6111:31ffa897] E15_udcp_item clean
[2016-08-03 15:48:21 767 767ec700] [0x00006110:31ffa898] 在状态(exit_wait),收到事件(0x00000009:6)
[2016-08-03 15:48:21 767 767ec700] [0x00006110:31ffa898] 状态迁移(exit_wait)---(0x00000009:6)-->(exit)
[2016-08-03 15:48:21 767 767ec700] [ 6110:31ffa898] E15_udcp_item clean
[2016-08-03 15:48:21 768 928d2780] udcp session exit normally
