[2016-07-15 09:00:16 180 da7fc700] [fa76:4ec41899] (N=2,name=md_cna:role=md_server) 上线
[2016-07-15 09:00:16 191 da7fc700] 注册data插件 input=(sys::def:tick:0) output=(kline:秒:12)
[2016-07-15 09:00:16 191 da7fc700] 注册data插件 input=(sys::def:tick:0) output=(kline:分钟:1)
[2016-07-15 09:00:16 191 da7fc700] 注册data插件 input=(sys::def:tick:0) output=(kline:分钟:5)
[2016-07-15 09:00:16 192 da7fc700] 注册data插件 input=(sys::def:tick:0) output=(kline:分钟:10)
[2016-07-15 09:00:16 192 da7fc700] 注册data插件 input=(sys::def:tick:0) output=(kline:分钟:15)
[2016-07-15 09:00:16 192 da7fc700] 注册data插件 input=(sys::def:tick:0) output=(kline:分钟:30)
[2016-07-15 09:00:16 192 da7fc700] 注册data插件 input=(sys::def:tick:0) output=(kline:小时:1)
[2016-07-15 09:00:16 192 da7fc700] 注册data插件 input=(sys::def:tick:0) output=(kline:日:1)
[2016-07-15 09:00:16 192 da7fc700] 注册data插件 input=(sys::def:tick:0) output=(kline:周:1)
[2016-07-15 09:00:16 193 da7fc700] 注册data插件 input=(sys::def:tick:0) output=(kline:月:1)
[2016-07-15 09:00:56 571 da7fc700] [fa77:4ec4189a] (N=12,name=strategy_proxy:role=proxy) 上线
[2016-07-15 09:00:56 571 da7fc700] strategy_proxy 订阅所有股票行情
[2016-07-15 09:00:56 574 d97fa700] E15_udcp_handler busy queue=8192
[2016-07-15 09:00:56 608 d97fa700] E15_udcp_handler busy queue=4096
[2016-07-15 09:00:56 619 da7fc700] [fa76:4ec41899] (N=2,name=md_cna:role=md_server) 下线
[2016-07-15 09:00:56 620 da7fc700] [fa77:4ec4189a] (N=12,name=strategy_proxy:role=proxy) 下线
[2016-07-15 09:00:57 617 da7fc700] [fa76:4ec4189b] (N=2,name=md_cna:role=md_server) 上线
[2016-07-15 09:00:59 601 fd36e700] ClearTimer Error: [0x00d93658:0x54ef4350] not found
[2016-07-15 09:00:59 611 fd36e700] ClearTimer Error: [0x00d93657:0x54ef4351] not found
[2016-07-15 09:01:02 579 da7fc700] [fa77:4ec4189c] (N=12,name=strategy_proxy:role=proxy) 上线
[2016-07-15 09:01:02 579 da7fc700] strategy_proxy 订阅所有股票行情
[2016-07-15 09:04:33 279 da7fc700] [fa77:4ec4189c] (N=12,name=strategy_proxy:role=proxy) 下线
[2016-07-15 09:04:39 255 da7fc700] [fa76:4ec4189b] (N=2,name=md_cna:role=md_server) 下线
