[2016-07-15 09:00:16 176 d97fa700] [0000f132:46d42fe0] 启动同步请求，时间戳=0
[2016-07-15 09:00:16 177 d97fa700] [0x0000f132:46d42fe0] 在状态(),收到事件(0x00000008:1)
[2016-07-15 09:00:16 177 d97fa700] [0x0000f132:46d42fe0] 状态迁移()---(0x00000008:1)-->(user_syn)
[2016-07-15 09:00:16 177 d97fa700] [0x0000f132:46d42fe0] 在状态(user_syn),收到事件(0x00000009:2)
[2016-07-15 09:00:16 177 d97fa700] [0x0000f132:46d42fe0] 状态迁移(user_syn)---(0x00000009:2)-->(data_master)
[2016-07-15 09:00:16 177 d97fa700] [0000f132:46d42fe0] 127.0.0.1:3606 syn ok ,remoteid = [000059b9:7cf2db2e]，time dalay=0(ms),first(sendseq=13637bbe:recvseq=682620ca),remote timestamp=25400
[2016-07-15 09:00:16 178 d97fa700] [0000f133:46d42fe1] 启动同步请求，时间戳=10
[2016-07-15 09:00:16 178 d97fa700] [0x0000f133:46d42fe1] 在状态(),收到事件(0x00000008:1)
[2016-07-15 09:00:16 178 d97fa700] [0x0000f133:46d42fe1] 状态迁移()---(0x00000008:1)-->(user_syn)
[2016-07-15 09:00:16 179 d97fa700] [0x0000f133:46d42fe1] 在状态(user_syn),收到事件(0x00000009:2)
[2016-07-15 09:00:16 179 d97fa700] [0x0000f133:46d42fe1] 状态迁移(user_syn)---(0x00000009:2)-->(data_master)
[2016-07-15 09:00:16 179 d97fa700] [0000f133:46d42fe1] ::ffff:127.0.0.1:52160 syn ok ,remoteid = [0000361b:4a81e232]，time dalay=0(ms),first(sendseq=4753dab:recvseq=98f989),remote timestamp=14780
[2016-07-15 09:00:27 181 d97fa700] [0x0000f130:46d42fe2] 在状态(),收到事件(0x00000009:1)
[2016-07-15 09:00:27 181 d97fa700] [0x0000f130:46d42fe2] 状态迁移()---(0x00000009:1)-->(net_syn)
[2016-07-15 09:00:27 181 d97fa700] [0x0000f130:46d42fe2] 在状态(net_syn),收到事件(0x00000009:3)
[2016-07-15 09:00:27 181 d97fa700] [0x0000f130:46d42fe2] 状态迁移(net_syn)---(0x00000009:3)-->(data_slave)
[2016-07-15 09:00:27 182 d97fa700] [0000f130:46d42fe2] ::ffff:127.0.0.1:10524 syn ok ,remoteid = [00004a97:42ff9b0c]，time dalay=0(ms),first(sendseq=52c2cb63:recvseq=25433357),remote timestamp=30
[2016-07-15 09:00:56 602 d97fa700] [0x0000f131:46d42fe3] 在状态(),收到事件(0x00000009:1)
[2016-07-15 09:00:56 602 d97fa700] [0x0000f131:46d42fe3] 状态迁移()---(0x00000009:1)-->(net_syn)
[2016-07-15 09:00:56 603 d97fa700] [0x0000f131:46d42fe3] 在状态(net_syn),收到事件(0x00000009:1)
[2016-07-15 09:00:56 603 d97fa700] [0x0000f131:46d42fe3] 在状态(net_syn),收到事件(0x00000009:1)
[2016-07-15 09:00:56 603 d97fa700] [0x0000f131:46d42fe3] 在状态(net_syn),收到事件(0x00000009:1)
[2016-07-15 09:00:56 604 d97fa700] [0x0000f131:46d42fe3] 在状态(net_syn),收到事件(0x00000009:1)
[2016-07-15 09:00:56 604 d97fa700] [0x0000f131:46d42fe3] 在状态(net_syn),收到事件(0x00000009:1)
[2016-07-15 09:00:56 605 d97fa700] [0x0000f131:46d42fe3] 在状态(net_syn),收到事件(0x00000009:1)
[2016-07-15 09:00:56 605 d97fa700] [0x0000f131:46d42fe3] 在状态(net_syn),收到事件(0x00000009:1)
[2016-07-15 09:00:56 605 d97fa700] [0x0000f131:46d42fe3] 在状态(net_syn),收到事件(0x00000009:1)
[2016-07-15 09:00:56 606 d97fa700] [0x0000f131:46d42fe3] 在状态(net_syn),收到事件(0x00000009:1)
[2016-07-15 09:00:56 606 d97fa700] [0x0000f131:46d42fe3] 在状态(net_syn),收到事件(0x00000009:1)
[2016-07-15 09:00:56 606 d97fa700] [0x0000f131:46d42fe3] 在状态(net_syn),收到事件(0x00000009:1)
[2016-07-15 09:00:56 607 d97fa700] [0x0000f131:46d42fe3] 在状态(net_syn),收到事件(0x00000009:1)
[2016-07-15 09:00:56 607 d97fa700] [0x0000f131:46d42fe3] 在状态(net_syn),收到事件(0x00000009:1)
[2016-07-15 09:00:56 608 d97fa700] [0x0000f131:46d42fe3] 在状态(net_syn),收到事件(0x00000009:1)
[2016-07-15 09:00:56 608 d97fa700] [0x0000f131:46d42fe3] 在状态(net_syn),收到事件(0x00000009:1)
[2016-07-15 09:00:56 615 d97fa700] [0x0000f136:46d42fe4] 在状态(),收到事件(0x00000009:1)
[2016-07-15 09:00:56 615 d97fa700] [0x0000f136:46d42fe4] 状态迁移()---(0x00000009:1)-->(net_syn)
[2016-07-15 09:00:56 616 d97fa700] [0x0000f136:46d42fe4] 在状态(net_syn),收到事件(0x00000009:1)
[2016-07-15 09:00:56 616 d97fa700] [0x0000f136:46d42fe4] 在状态(net_syn),收到事件(0x00000009:1)
[2016-07-15 09:00:56 617 d97fa700] [0x0000f136:46d42fe4] 在状态(net_syn),收到事件(0x00000009:1)
[2016-07-15 09:00:56 617 d97fa700] [0x0000f133:46d42fe1] 在状态(data_master),收到事件(0x0000000e:1)
[2016-07-15 09:00:56 619 d97fa700] [0x0000f133:46d42fe1] 状态迁移(data_master)---(0x0000000e:1)-->(reconnect?)
[2016-07-15 09:00:56 619 d97fa700] [0x0000f136:46d42fe4] 在状态(net_syn),收到事件(0x00000009:1)
[2016-07-15 09:00:56 619 d97fa700] [0x0000f136:46d42fe4] 在状态(net_syn),收到事件(0x00000009:1)
[2016-07-15 09:00:56 619 d97fa700] [0x0000f136:46d42fe4] 在状态(net_syn),收到事件(0x00000009:1)
[2016-07-15 09:00:56 620 d97fa700] [0x0000f136:46d42fe4] 在状态(net_syn),收到事件(0x00000009:1)
[2016-07-15 09:00:56 620 d97fa700] [0x0000f136:46d42fe4] 在状态(net_syn),收到事件(0x00000009:1)
[2016-07-15 09:00:56 620 d97fa700] [0x0000f130:46d42fe2] 在状态(data_slave),收到事件(0x0000000e:1)
[2016-07-15 09:00:56 620 d97fa700] [0x0000f130:46d42fe2] 状态迁移(data_slave)---(0x0000000e:1)-->(exit)
[2016-07-15 09:00:56 620 d97fa700] [ f130:46d42fe2] E15_udcp_item clean
[2016-07-15 09:00:56 621 d97fa700] [0x0000f136:46d42fe4] 在状态(net_syn),收到事件(0x00000009:1)
[2016-07-15 09:00:56 621 d97fa700] [0x0000f136:46d42fe4] 在状态(net_syn),收到事件(0x00000009:1)
[2016-07-15 09:00:56 621 d97fa700] [0x0000f136:46d42fe4] 在状态(net_syn),收到事件(0x00000009:1)
[2016-07-15 09:00:56 621 d97fa700] [0x0000f136:46d42fe4] 在状态(net_syn),收到事件(0x00000009:1)
[2016-07-15 09:00:56 621 d97fa700] [0x0000f136:46d42fe4] 在状态(net_syn),收到事件(0x00000009:1)
[2016-07-15 09:00:56 621 d97fa700] [0000f133:46d42fe1] 激活定时检测触发,状态不符
[2016-07-15 09:00:56 621 d97fa700] [0x0000f136:46d42fe4] 在状态(net_syn),收到事件(0x00000009:1)
[2016-07-15 09:00:56 622 d97fa700] [0x0000f136:46d42fe4] 在状态(net_syn),收到事件(0x00000009:1)
[2016-07-15 09:00:56 623 d97fa700] [0000f133:46d42fe1] 激活定时检测触发,状态不符
[2016-07-15 09:00:56 624 d97fa700] [0000f133:46d42fe1] 激活定时检测触发,状态不符
[2016-07-15 09:00:56 628 d97fa700] [0000f133:46d42fe1] 激活定时检测触发,状态不符
[2016-07-15 09:00:56 629 d97fa700] [0000f133:46d42fe1] 激活定时检测触发,状态不符
[2016-07-15 09:00:56 630 d97fa700] [0000f133:46d42fe1] 激活定时检测触发,状态不符
[2016-07-15 09:00:56 816 d97fa700] [0x0000f131:46d42fe3] 在状态(net_syn),收到事件(0x0000000a:1)
[2016-07-15 09:00:56 826 d97fa700] [0x0000f136:46d42fe4] 在状态(net_syn),收到事件(0x0000000a:1)
[2016-07-15 09:00:56 999 d97fa700] [0x0000f131:46d42fe3] 在状态(net_syn),收到事件(0x0000000a:2)
[2016-07-15 09:00:57 009 d97fa700] [0x0000f136:46d42fe4] 在状态(net_syn),收到事件(0x0000000a:2)
[2016-07-15 09:00:57 201 d97fa700] [0x0000f131:46d42fe3] 在状态(net_syn),收到事件(0x0000000a:3)
[2016-07-15 09:00:57 211 d97fa700] [0x0000f136:46d42fe4] 在状态(net_syn),收到事件(0x0000000a:3)
[2016-07-15 09:00:57 402 d97fa700] [0x0000f131:46d42fe3] 在状态(net_syn),收到事件(0x0000000a:4)
[2016-07-15 09:00:57 413 d97fa700] [0x0000f136:46d42fe4] 在状态(net_syn),收到事件(0x0000000a:4)
[2016-07-15 09:00:57 604 d97fa700] [0x0000f131:46d42fe3] 在状态(net_syn),收到事件(0x0000000a:5)
[2016-07-15 09:00:57 614 d97fa700] [0x0000f133:46d42fe1] 在状态(reconnect?),收到事件(0x0000000b:1)
[2016-07-15 09:00:57 615 d97fa700] [0x0000f133:46d42fe1] 状态迁移(reconnect?)---(0x0000000b:1)-->(user_syn)
[2016-07-15 09:00:57 615 d97fa700] [0x0000f136:46d42fe4] 在状态(net_syn),收到事件(0x0000000a:5)
[2016-07-15 09:00:57 615 d97fa700] [0x0000f133:46d42fe1] 在状态(user_syn),收到事件(0x00000009:2)
[2016-07-15 09:00:57 615 d97fa700] [0x0000f133:46d42fe1] 状态迁移(user_syn)---(0x00000009:2)-->(data_master)
[2016-07-15 09:00:57 615 d97fa700] [0000f133:46d42fe1] ::ffff:127.0.0.1:52160 syn ok ,remoteid = [0000361b:4a81e234]，time dalay=0(ms),first(sendseq=3c434de3:recvseq=192a4134),remote timestamp=56210
[2016-07-15 09:00:57 796 d97fa700] [0x0000f131:46d42fe3] 在状态(net_syn),收到事件(0x0000000a:6)
[2016-07-15 09:00:57 806 d97fa700] [0x0000f136:46d42fe4] 在状态(net_syn),收到事件(0x0000000a:6)
[2016-07-15 09:00:57 998 d97fa700] [0x0000f131:46d42fe3] 在状态(net_syn),收到事件(0x0000000a:7)
[2016-07-15 09:00:58 008 d97fa700] [0x0000f136:46d42fe4] 在状态(net_syn),收到事件(0x0000000a:7)
[2016-07-15 09:00:58 199 d97fa700] [0x0000f131:46d42fe3] 在状态(net_syn),收到事件(0x0000000a:8)
[2016-07-15 09:00:58 209 d97fa700] [0x0000f136:46d42fe4] 在状态(net_syn),收到事件(0x0000000a:8)
[2016-07-15 09:00:58 401 d97fa700] [0x0000f131:46d42fe3] 在状态(net_syn),收到事件(0x0000000a:9)
[2016-07-15 09:00:58 411 d97fa700] [0x0000f136:46d42fe4] 在状态(net_syn),收到事件(0x0000000a:9)
[2016-07-15 09:00:58 603 d97fa700] [0x0000f131:46d42fe3] 在状态(net_syn),收到事件(0x0000000a:10)
[2016-07-15 09:00:58 613 d97fa700] [0x0000f136:46d42fe4] 在状态(net_syn),收到事件(0x0000000a:10)
[2016-07-15 09:00:58 805 d97fa700] [0x0000f131:46d42fe3] 在状态(net_syn),收到事件(0x0000000a:11)
[2016-07-15 09:00:58 815 d97fa700] [0x0000f136:46d42fe4] 在状态(net_syn),收到事件(0x0000000a:11)
[2016-07-15 09:00:58 006 d97fa700] [0x0000f131:46d42fe3] 在状态(net_syn),收到事件(0x0000000a:12)
[2016-07-15 09:00:59 017 d97fa700] [0x0000f136:46d42fe4] 在状态(net_syn),收到事件(0x0000000a:12)
[2016-07-15 09:00:59 198 d97fa700] [0x0000f131:46d42fe3] 在状态(net_syn),收到事件(0x0000000a:13)
[2016-07-15 09:00:59 208 d97fa700] [0x0000f136:46d42fe4] 在状态(net_syn),收到事件(0x0000000a:13)
[2016-07-15 09:00:59 399 d97fa700] [0x0000f131:46d42fe3] 在状态(net_syn),收到事件(0x0000000a:14)
[2016-07-15 09:00:59 409 d97fa700] [0x0000f136:46d42fe4] 在状态(net_syn),收到事件(0x0000000a:14)
[2016-07-15 09:00:59 601 d97fa700] [0x0000f131:46d42fe3] 在状态(net_syn),收到事件(0x0000000a:15)
[2016-07-15 09:00:59 601 d97fa700] [0x0000f131:46d42fe3] 状态迁移(net_syn)---(0x0000000a:15)-->(exit)
[2016-07-15 09:00:59 601 d97fa700] [ f131:46d42fe3] E15_udcp_item clean
[2016-07-15 09:00:59 611 d97fa700] [0x0000f136:46d42fe4] 在状态(net_syn),收到事件(0x0000000a:15)
[2016-07-15 09:00:59 611 d97fa700] [0x0000f136:46d42fe4] 状态迁移(net_syn)---(0x0000000a:15)-->(exit)
[2016-07-15 09:00:59 611 d97fa700] [ f136:46d42fe4] E15_udcp_item clean
[2016-07-15 09:01:00 196 d97fa700] [0x0000f132:46d42fe0] 在状态(data_master),收到事件(0x0000000e:1)
[2016-07-15 09:01:00 196 d97fa700] [0x0000f132:46d42fe0] 状态迁移(data_master)---(0x0000000e:1)-->(reconnect?)
[2016-07-15 09:01:02 214 d97fa700] [0x0000f132:46d42fe0] 在状态(reconnect?),收到事件(0x0000000b:1)
[2016-07-15 09:01:02 214 d97fa700] [0x0000f132:46d42fe0] 状态迁移(reconnect?)---(0x0000000b:1)-->(user_syn)
[2016-07-15 09:01:02 214 d97fa700] [0x0000f132:46d42fe0] 在状态(user_syn),收到事件(0x00000009:2)
[2016-07-15 09:01:02 214 d97fa700] [0x0000f132:46d42fe0] 状态迁移(user_syn)---(0x00000009:2)-->(data_master)
[2016-07-15 09:01:02 215 d97fa700] [0000f132:46d42fe0] ::ffff:127.0.0.1:3606 syn ok ,remoteid = [000059b9:7cf2db30]，time dalay=0(ms),first(sendseq=3ab828fd:recvseq=2cf6226e),remote timestamp=71440
[2016-07-15 09:01:02 417 d97fa700] [0x0000f130:46d42fe5] 在状态(),收到事件(0x00000009:1)
[2016-07-15 09:01:02 577 d97fa700] [0x0000f130:46d42fe5] 状态迁移()---(0x00000009:1)-->(net_syn)
[2016-07-15 09:01:02 578 d97fa700] [0x0000f130:46d42fe5] 在状态(net_syn),收到事件(0x00000009:3)
[2016-07-15 09:01:02 578 d97fa700] [0x0000f130:46d42fe5] 状态迁移(net_syn)---(0x00000009:3)-->(data_slave)
[2016-07-15 09:01:02 578 d97fa700] [0000f130:46d42fe5] ::ffff:127.0.0.1:10524 syn ok ,remoteid = [00004a97:42ff9b0e]，time dalay=160(ms),first(sendseq=60f88a9b:recvseq=7a10941f),remote timestamp=35070
[2016-07-15 09:04:33 239 d97fa700] [0x0000f130:46d42fe5] 在状态(data_slave),收到事件(0x00000009:4)
[2016-07-15 09:04:33 241 d97fa700] [0x0000f130:46d42fe5] 状态迁移(data_slave)---(0x00000009:4)-->(net_rst)
[2016-07-15 09:04:33 241 d97fa700] [0x0000f130:46d42fe5] 在状态(net_rst),收到事件(0x00000009:6)
[2016-07-15 09:04:33 241 d97fa700] [0x0000f130:46d42fe5] 状态迁移(net_rst)---(0x00000009:6)-->(reconnect?)
[2016-07-15 09:04:33 241 d97fa700] [0x0000f130:46d42fe5] 在状态(reconnect?),收到事件(0x0000000c:0)
[2016-07-15 09:04:33 241 d97fa700] [0x0000f130:46d42fe5] 状态迁移(reconnect?)---(0x0000000c:0)-->(exit)
[2016-07-15 09:04:33 241 d97fa700] [ f130:46d42fe5] E15_udcp_item clean
[2016-07-15 09:04:39 254 d97fa700] [0x0000f132:46d42fe0] 在状态(data_master),收到事件(0x00000008:4)
[2016-07-15 09:04:39 254 d97fa700] [0x0000f132:46d42fe0] 状态迁移(data_master)---(0x00000008:4)-->(user_rst)
[2016-07-15 09:04:39 254 d97fa700] [0x0000f133:46d42fe1] 在状态(data_master),收到事件(0x00000008:4)
[2016-07-15 09:04:39 254 d97fa700] [0x0000f133:46d42fe1] 状态迁移(data_master)---(0x00000008:4)-->(user_rst)
[2016-07-15 09:04:39 255 d97fa700] [0x0000f132:46d42fe0] 在状态(user_rst),收到事件(0x00000009:5)
[2016-07-15 09:04:39 255 d97fa700] [0x0000f132:46d42fe0] 状态迁移(user_rst)---(0x00000009:5)-->(exit_wait)
[2016-07-15 09:04:39 255 d97fa700] [0x0000f133:46d42fe1] 在状态(user_rst),收到事件(0x00000009:5)
[2016-07-15 09:04:39 255 d97fa700] [0x0000f133:46d42fe1] 状态迁移(user_rst)---(0x00000009:5)-->(exit_wait)
[2016-07-15 09:04:39 256 d97fa700] [0x0000f132:46d42fe0] 在状态(exit_wait),收到事件(0x00000009:6)
[2016-07-15 09:04:39 256 d97fa700] [0x0000f132:46d42fe0] 状态迁移(exit_wait)---(0x00000009:6)-->(exit)
[2016-07-15 09:04:39 256 d97fa700] [ f132:46d42fe0] E15_udcp_item clean
[2016-07-15 09:04:39 256 d97fa700] [0x0000f133:46d42fe1] 在状态(exit_wait),收到事件(0x00000009:6)
[2016-07-15 09:04:39 256 d97fa700] [0x0000f133:46d42fe1] 状态迁移(exit_wait)---(0x00000009:6)-->(exit)
[2016-07-15 09:04:39 256 d97fa700] [ f133:46d42fe1] E15_udcp_item clean
[2016-07-15 09:04:39 256 fee6d780] udcp session exit normally
