[2016-07-05 10:49:51 318 6dffb700] [00001e9b:2d41820f] 启动同步请求，时间戳=0
[2016-07-05 10:49:51 318 6dffb700] [0x00001e9b:2d41820f] 在状态(),收到事件(0x00000008:1)
[2016-07-05 10:49:51 318 6dffb700] [0x00001e9b:2d41820f] 状态迁移()---(0x00000008:1)-->(user_syn)
[2016-07-05 10:49:51 318 6dffb700] [0x00001e9b:2d41820f] 在状态(user_syn),收到事件(0x00000009:2)
[2016-07-05 10:49:51 318 6dffb700] [0x00001e9b:2d41820f] 状态迁移(user_syn)---(0x00000009:2)-->(data_master)
[2016-07-05 10:49:51 318 6dffb700] [00001e9b:2d41820f] 127.0.0.1:3606 syn ok ,remoteid = [00001aea:266f31c9]，time dalay=0(ms),first(sendseq=63d29b42:recvseq=1dcfc48c),remote timestamp=73650
[2016-07-05 10:49:51 321 6dffb700] [00001e9a:2d418210] 启动同步请求，时间戳=0
[2016-07-05 10:49:51 321 6dffb700] [0x00001e9a:2d418210] 在状态(),收到事件(0x00000008:1)
[2016-07-05 10:49:51 321 6dffb700] [0x00001e9a:2d418210] 状态迁移()---(0x00000008:1)-->(user_syn)
[2016-07-05 10:49:51 321 6dffb700] [0x00001e9a:2d418210] 在状态(user_syn),收到事件(0x00000009:2)
[2016-07-05 10:49:51 321 6dffb700] [0x00001e9a:2d418210] 状态迁移(user_syn)---(0x00000009:2)-->(data_master)
[2016-07-05 10:49:51 321 6dffb700] [00001e9a:2d418210] ::ffff:127.0.0.1:46952 syn ok ,remoteid = [0000547c:10a59fdc]，time dalay=0(ms),first(sendseq=27fb4ccb:recvseq=1d0cb8a),remote timestamp=5980
[2016-07-05 10:51:31 708 6dffb700] [0x00001e99:2d418211] 在状态(),收到事件(0x00000009:1)
[2016-07-05 10:51:31 708 6dffb700] [0x00001e99:2d418211] 状态迁移()---(0x00000009:1)-->(net_syn)
[2016-07-05 10:51:31 708 6dffb700] [0x00001e99:2d418211] 在状态(net_syn),收到事件(0x00000009:3)
[2016-07-05 10:51:31 708 6dffb700] [0x00001e99:2d418211] 状态迁移(net_syn)---(0x00000009:3)-->(data_slave)
[2016-07-05 10:51:31 708 6dffb700] [00001e99:2d418211] ::ffff:127.0.0.1:8002 syn ok ,remoteid = [0000fd00:41260c06]，time dalay=0(ms),first(sendseq=7bf7c792:recvseq=4c8803a1),remote timestamp=0
[2016-07-05 10:53:43 780 6dffb700] [0x00001e98:2d418212] 在状态(),收到事件(0x00000009:1)
[2016-07-05 10:53:43 781 6dffb700] [0x00001e98:2d418212] 状态迁移()---(0x00000009:1)-->(net_syn)
[2016-07-05 10:53:43 781 6dffb700] [0x00001e98:2d418212] 在状态(net_syn),收到事件(0x00000009:3)
[2016-07-05 10:53:43 781 6dffb700] [0x00001e98:2d418212] 状态迁移(net_syn)---(0x00000009:3)-->(data_slave)
[2016-07-05 10:53:43 781 6dffb700] [00001e98:2d418212] ::ffff:127.0.0.1:10524 syn ok ,remoteid = [00001b43:6b728592]，time dalay=10(ms),first(sendseq=5c3277fd:recvseq=53dc5da1),remote timestamp=0
[2016-07-05 10:58:17 978 6dffb700] [0x00001e99:2d418211] 在状态(data_slave),收到事件(0x00000009:4)
[2016-07-05 10:58:17 978 6dffb700] [0x00001e99:2d418211] 状态迁移(data_slave)---(0x00000009:4)-->(net_rst)
[2016-07-05 10:58:17 978 6dffb700] [0x00001e99:2d418211] 在状态(net_rst),收到事件(0x00000009:6)
[2016-07-05 10:58:17 978 6dffb700] [0x00001e99:2d418211] 状态迁移(net_rst)---(0x00000009:6)-->(reconnect?)
[2016-07-05 10:58:17 979 6dffb700] [0x00001e99:2d418211] 在状态(reconnect?),收到事件(0x0000000c:0)
[2016-07-05 10:58:17 979 6dffb700] [0x00001e99:2d418211] 状态迁移(reconnect?)---(0x0000000c:0)-->(exit)
[2016-07-05 10:58:17 979 6dffb700] [ 1e99:2d418211] E15_udcp_item clean
