[2016-07-05 18:04:46 700 6dffb700] [00000000:a4297109] 收到时间同步消息，通信延迟约 0 ms
[2016-07-05 18:04:51 505 6dffb700] [0x00001e98:2d41821c] 在状态(data_slave),收到事件(0x00000009:4)
[2016-07-05 18:04:51 506 6dffb700] [0x00001e98:2d41821c] 状态迁移(data_slave)---(0x00000009:4)-->(net_rst)
[2016-07-05 18:04:51 508 6dffb700] [0x00001e98:2d41821c] 在状态(net_rst),收到事件(0x00000009:6)
[2016-07-05 18:04:51 508 6dffb700] [0x00001e98:2d41821c] 状态迁移(net_rst)---(0x00000009:6)-->(reconnect?)
[2016-07-05 18:04:51 508 6dffb700] [0x00001e98:2d41821c] 在状态(reconnect?),收到事件(0x0000000c:0)
[2016-07-05 18:04:51 508 6dffb700] [0x00001e98:2d41821c] 状态迁移(reconnect?)---(0x0000000c:0)-->(exit)
[2016-07-05 18:04:51 508 6dffb700] [ 1e98:2d41821c] E15_udcp_item clean
[2016-07-05 18:04:51 535 6dffb700] [00000000:a4297109] 收到时间同步消息，通信延迟约 0 ms
[2016-07-05 18:05:00 885 6dffb700] [0x00001e99:2d418213] 在状态(data_slave),收到事件(0x00000009:4)
[2016-07-05 18:05:00 886 6dffb700] [0x00001e99:2d418213] 状态迁移(data_slave)---(0x00000009:4)-->(net_rst)
[2016-07-05 18:05:00 887 6dffb700] [0x00001e99:2d418213] 在状态(net_rst),收到事件(0x00000009:6)
[2016-07-05 18:05:00 887 6dffb700] [0x00001e99:2d418213] 状态迁移(net_rst)---(0x00000009:6)-->(reconnect?)
[2016-07-05 18:05:00 887 6dffb700] [0x00001e99:2d418213] 在状态(reconnect?),收到事件(0x0000000c:0)
[2016-07-05 18:05:00 887 6dffb700] [0x00001e99:2d418213] 状态迁移(reconnect?)---(0x0000000c:0)-->(exit)
[2016-07-05 18:05:00 887 6dffb700] [ 1e99:2d418213] E15_udcp_item clean
[2016-07-05 18:05:04 198 6dffb700] [0x00001e9b:2d41820f] 在状态(data_master),收到事件(0x00000008:4)
[2016-07-05 18:05:04 198 6dffb700] [0x00001e9b:2d41820f] 状态迁移(data_master)---(0x00000008:4)-->(user_rst)
[2016-07-05 18:05:04 198 6dffb700] [0x00001e9a:2d41821d] 在状态(data_master),收到事件(0x00000008:4)
[2016-07-05 18:05:04 199 6dffb700] [0x00001e9a:2d41821d] 状态迁移(data_master)---(0x00000008:4)-->(user_rst)
[2016-07-05 18:05:04 199 6dffb700] [0x00001e9b:2d41820f] 在状态(user_rst),收到事件(0x00000009:5)
[2016-07-05 18:05:04 199 6dffb700] [0x00001e9b:2d41820f] 状态迁移(user_rst)---(0x00000009:5)-->(exit_wait)
[2016-07-05 18:05:04 200 6dffb700] [0x00001e9a:2d41821d] 在状态(user_rst),收到事件(0x00000009:5)
[2016-07-05 18:05:04 200 6dffb700] [0x00001e9a:2d41821d] 状态迁移(user_rst)---(0x00000009:5)-->(exit_wait)
[2016-07-05 18:05:04 200 6dffb700] [0x00001e9b:2d41820f] 在状态(exit_wait),收到事件(0x00000009:6)
[2016-07-05 18:05:04 200 6dffb700] [0x00001e9b:2d41820f] 状态迁移(exit_wait)---(0x00000009:6)-->(exit)
[2016-07-05 18:05:04 200 6dffb700] [ 1e9b:2d41820f] E15_udcp_item clean
[2016-07-05 18:05:04 200 6dffb700] [0x00001e9a:2d41821d] 在状态(exit_wait),收到事件(0x00000009:6)
[2016-07-05 18:05:04 200 6dffb700] [0x00001e9a:2d41821d] 状态迁移(exit_wait)---(0x00000009:6)-->(exit)
[2016-07-05 18:05:04 200 6dffb700] [ 1e9a:2d41821d] E15_udcp_item clean
[2016-07-05 18:05:04 210 a5d5d780] udcp session exit normally
