[2016-07-07 18:06:40 781 dffff700] [0x0000a7b3:19b9fd24] 在状态(data_slave),收到事件(0x00000009:4)
[2016-07-07 18:06:40 781 dffff700] [0x0000a7b3:19b9fd24] 状态迁移(data_slave)---(0x00000009:4)-->(net_rst)
[2016-07-07 18:06:40 782 dffff700] [0x0000a7b3:19b9fd24] 在状态(net_rst),收到事件(0x00000009:6)
[2016-07-07 18:06:40 782 dffff700] [0x0000a7b3:19b9fd24] 状态迁移(net_rst)---(0x00000009:6)-->(reconnect?)
[2016-07-07 18:06:40 782 dffff700] [0x0000a7b3:19b9fd24] 在状态(reconnect?),收到事件(0x0000000c:0)
[2016-07-07 18:06:40 782 dffff700] [0x0000a7b3:19b9fd24] 状态迁移(reconnect?)---(0x0000000c:0)-->(exit)
[2016-07-07 18:06:40 782 dffff700] [ a7b3:19b9fd24] E15_udcp_item clean
[2016-07-07 18:06:40 846 dffff700] [00000000:2aa89109] 收到时间同步消息，通信延迟约 0 ms
[2016-07-07 18:06:42 784 dffff700] [0x0000a7b1:19b9fd22] 在状态(data_master),收到事件(0x00000008:4)
[2016-07-07 18:06:42 785 dffff700] [0x0000a7b1:19b9fd22] 状态迁移(data_master)---(0x00000008:4)-->(user_rst)
[2016-07-07 18:06:42 785 dffff700] [0x0000a7b0:19b9fd23] 在状态(data_master),收到事件(0x00000008:4)
[2016-07-07 18:06:42 786 dffff700] [0x0000a7b0:19b9fd23] 状态迁移(data_master)---(0x00000008:4)-->(user_rst)
[2016-07-07 18:06:42 786 dffff700] [0x0000a7b1:19b9fd22] 在状态(user_rst),收到事件(0x00000009:5)
[2016-07-07 18:06:42 786 dffff700] [0x0000a7b1:19b9fd22] 状态迁移(user_rst)---(0x00000009:5)-->(exit_wait)
[2016-07-07 18:06:42 786 dffff700] [0x0000a7b0:19b9fd23] 在状态(user_rst),收到事件(0x00000009:5)
[2016-07-07 18:06:42 786 dffff700] [0x0000a7b0:19b9fd23] 状态迁移(user_rst)---(0x00000009:5)-->(exit_wait)
[2016-07-07 18:06:42 786 dffff700] [0x0000a7b1:19b9fd22] 在状态(exit_wait),收到事件(0x00000009:6)
[2016-07-07 18:06:42 786 dffff700] [0x0000a7b1:19b9fd22] 状态迁移(exit_wait)---(0x00000009:6)-->(exit)
[2016-07-07 18:06:42 786 dffff700] [ a7b1:19b9fd22] E15_udcp_item clean
[2016-07-07 18:06:42 786 dffff700] [0x0000a7b0:19b9fd23] 在状态(exit_wait),收到事件(0x00000009:6)
[2016-07-07 18:06:42 786 dffff700] [0x0000a7b0:19b9fd23] 状态迁移(exit_wait)---(0x00000009:6)-->(exit)
[2016-07-07 18:06:42 786 dffff700] [ a7b0:19b9fd23] E15_udcp_item clean
[2016-07-07 18:06:42 787 2c54f780] udcp session exit normally
