[2016-07-28 18:11:36 738 9a467780] 添加节点成功,name=md_ctp,N=1,role=md_server,group=ctp,id=[0:3f0b758b]
[2016-07-28 18:11:36 738 9a467780] 添加节点成功,name=md_cna,N=2,role=md_server,group=cna,id=[1:3f0b758c]
[2016-07-28 18:11:36 738 9a467780] 添加节点成功,name=data_001,N=6,role=data_factory,group=base,id=[5:3f0b758d]
[2016-07-28 18:11:36 738 9a467780] 添加节点成功,name=uemgr,N=7,role=proxy,group=ue,id=[6:3f0b758e]
[2016-07-28 18:11:36 738 9a467780] 添加节点成功,name=strategy_proxy,N=12,role=proxy,group=test,id=[b:3f0b758f]
[2016-07-28 18:11:36 738 9a467780] 添加节点成功,name=h001,N=9,role=history,group=test,id=[8:3f0b7590]
[2016-07-28 18:11:36 738 9a467780] 添加节点成功,name=strategy,N=10,role=strategy,group=test,id=[9:3f0b7591]
[2016-07-28 18:11:36 738 9a467780] 添加节点成功,name=strategy_01,N=11,role=strategy,group=test,id=[a:3f0b7592]
[2016-07-28 18:11:36 738 9a467780] 添加节点成功,name=snatch_ctp,N=3,role=,group=,id=[2:3f0b7593]
[2016-07-28 18:11:36 738 9a467780] [data_001<===>md_ctp]连接建立成功
[2016-07-28 18:11:36 739 9a467780] [data_001<===>md_cna]连接建立成功
[2016-07-28 18:11:36 739 9a467780] [uemgr<===>md_cna]连接建立成功
[2016-07-28 18:11:36 739 9a467780] [uemgr<===>md_ctp]连接建立成功
[2016-07-28 18:11:36 739 9a467780] [strategy<===>uemgr]连接建立成功
[2016-07-28 18:11:36 739 9a467780] [strategy_01<===>uemgr]连接建立成功
[2016-07-28 18:11:36 739 9a467780] [uemgr<===>data_001]连接建立成功
[2016-07-28 18:11:36 739 9a467780] [md_cna<===>strategy]连接建立成功
[2016-07-28 18:11:36 739 9a467780] [data_001<===>strategy]连接建立成功
[2016-07-28 18:11:36 739 9a467780] [strategy_proxy<===>data_001]连接建立成功
[2016-07-28 18:11:36 739 9a467780] [strategy_proxy<===>md_cna]连接建立成功
[2016-07-28 18:11:36 739 9a467780] E15_domain 在[0.0.0.0:3606] 启动
[2016-07-28 18:11:57 553 977bc700] 节点md_cna注册在线
[2016-07-28 18:12:29 486 977bc700] 节点data_001注册在线
[2016-07-28 18:12:29 500 977bc700] data_001 <<--------------- md_cna
[2016-07-28 18:12:29 501 977bc700] data_001 <<=============>> md_cna
[2016-07-28 18:14:25 404 977bc700] 节点strategy_proxy注册在线
[2016-07-28 18:14:25 407 977bc700] strategy_proxy <<--------------- data_001
[2016-07-28 18:14:25 407 977bc700] strategy_proxy <<=============>> data_001
[2016-07-28 18:14:25 407 977bc700] strategy_proxy <<--------------- md_cna
[2016-07-28 18:14:25 407 977bc700] strategy_proxy <<=============>> md_cna
[2016-07-28 18:15:25 578 977bc700] [127.0.0.1:10524] udp连接丢失
[2016-07-28 18:15:25 579 977bc700] strategy_proxy ------- x ------- data_001
[2016-07-28 18:15:25 580 977bc700] strategy_proxy ------- x ------- md_cna
[2016-07-28 18:15:57 047 977bc700] 节点strategy_proxy注册在线
[2016-07-28 18:15:57 050 977bc700] strategy_proxy <<--------------- data_001
[2016-07-28 18:15:57 050 977bc700] strategy_proxy <<--------------- md_cna
[2016-07-28 18:15:57 050 977bc700] strategy_proxy <<=============>> data_001
[2016-07-28 18:15:57 051 977bc700] strategy_proxy <<=============>> md_cna
[2016-07-28 18:20:20 556 977bc700] [127.0.0.1:36245] udp连接丢失
[2016-07-28 18:20:20 558 977bc700] data_001 ------- x ------- md_cna
[2016-07-28 18:20:20 560 977bc700] strategy_proxy ------- x ------- md_cna
[2016-07-28 18:20:35 808 977bc700] 节点md_cna注册在线
[2016-07-28 18:20:35 814 977bc700] data_001 <<--------------- md_cna
[2016-07-28 18:20:35 814 977bc700] strategy_proxy <<--------------- md_cna
[2016-07-28 18:20:35 814 977bc700] strategy_proxy <<=============>> md_cna
[2016-07-28 18:20:35 814 977bc700] data_001 <<=============>> md_cna
[2016-07-28 18:20:59 819 977bc700] data_001 <<--------------- md_cna
[2016-07-28 18:20:59 819 977bc700] strategy_proxy <<--------------- md_cna
[2016-07-28 18:21:23 999 977bc700] data_001 ------- x ------- md_cna
[2016-07-28 18:21:23 000 977bc700] strategy_proxy ------- x ------- md_cna
[2016-07-28 18:21:23 005 977bc700] strategy_proxy <<--------------- md_cna
[2016-07-28 18:21:23 005 977bc700] data_001 <<--------------- md_cna
[2016-07-28 18:21:23 005 977bc700] strategy_proxy <<=============>> md_cna
[2016-07-28 18:21:23 005 977bc700] data_001 <<=============>> md_cna
[2016-07-28 18:21:26 273 977bc700] [127.0.0.1:41454] udp连接丢失
[2016-07-28 18:21:26 276 977bc700] strategy_proxy ------- x ------- md_cna
[2016-07-28 18:21:26 276 977bc700] data_001 ------- x ------- md_cna
[2016-07-28 18:21:34 436 977bc700] 节点md_cna注册在线
[2016-07-28 18:21:34 439 977bc700] data_001 <<--------------- md_cna
[2016-07-28 18:21:34 439 977bc700] strategy_proxy <<--------------- md_cna
[2016-07-28 18:21:34 440 977bc700] strategy_proxy <<=============>> md_cna
[2016-07-28 18:21:34 440 977bc700] data_001 <<=============>> md_cna
[2016-07-28 18:22:41 029 977bc700] [127.0.0.1:54488] udp连接丢失
[2016-07-28 18:22:41 032 977bc700] strategy_proxy ------- x ------- md_cna
[2016-07-28 18:22:41 033 977bc700] data_001 ------- x ------- md_cna
[2016-07-28 18:22:42 956 977bc700] 节点md_cna注册在线
[2016-07-28 18:22:42 959 977bc700] strategy_proxy <<--------------- md_cna
[2016-07-28 18:22:42 960 977bc700] strategy_proxy <<=============>> md_cna
[2016-07-28 18:22:42 961 977bc700] data_001 <<--------------- md_cna
[2016-07-28 18:22:42 961 977bc700] data_001 <<=============>> md_cna
[2016-07-28 18:23:27 409 977bc700] [127.0.0.1:37548] udp连接丢失
[2016-07-28 18:23:27 410 977bc700] strategy_proxy ------- x ------- md_cna
[2016-07-28 18:23:27 411 977bc700] data_001 ------- x ------- md_cna
[2016-07-28 18:23:30 117 977bc700] 节点md_cna注册在线
[2016-07-28 18:23:30 121 977bc700] strategy_proxy <<--------------- md_cna
[2016-07-28 18:23:30 121 977bc700] data_001 <<--------------- md_cna
[2016-07-28 18:23:30 121 977bc700] strategy_proxy <<=============>> md_cna
[2016-07-28 18:23:30 122 977bc700] data_001 <<=============>> md_cna
[2016-07-28 18:28:16 875 977bc700] [127.0.0.1:46194] udp连接丢失
[2016-07-28 18:28:16 875 977bc700] strategy_proxy ------- x ------- md_cna
[2016-07-28 18:28:16 876 977bc700] data_001 ------- x ------- md_cna
[2016-07-28 18:28:18 620 977bc700] 节点md_cna注册在线
[2016-07-28 18:28:18 624 977bc700] data_001 <<--------------- md_cna
[2016-07-28 18:28:18 624 977bc700] strategy_proxy <<--------------- md_cna
[2016-07-28 18:28:18 624 977bc700] strategy_proxy <<=============>> md_cna
[2016-07-28 18:28:18 624 977bc700] data_001 <<=============>> md_cna
[2016-07-28 18:40:35 637 977bc700] [127.0.0.1:48919] udp连接丢失
[2016-07-28 18:40:35 640 977bc700] strategy_proxy ------- x ------- md_cna
[2016-07-28 18:40:35 640 977bc700] data_001 ------- x ------- md_cna
[2016-07-28 18:40:38 047 977bc700] [127.0.0.1:40452] udp连接丢失
[2016-07-28 18:40:38 049 977bc700] strategy_proxy ------- x ------- data_001
[2016-07-28 18:40:42 582 977bc700] [127.0.0.1:10524] udp连接丢失
