[2016-07-28 18:11:57 552 96fbb700] [0x000080a1:0e9fd946] 在状态(),收到事件(0x00000009:1)
[2016-07-28 18:11:57 553 96fbb700] [0x000080a1:0e9fd946] 状态迁移()---(0x00000009:1)-->(net_syn)
[2016-07-28 18:11:57 553 96fbb700] [0x000080a1:0e9fd946] 在状态(net_syn),收到事件(0x00000009:3)
[2016-07-28 18:11:57 553 96fbb700] [0x000080a1:0e9fd946] 状态迁移(net_syn)---(0x00000009:3)-->(data_slave)
[2016-07-28 18:11:57 553 96fbb700] [000080a1:0e9fd946] 127.0.0.1:36245 syn ok ,remoteid = [00008b3b:71489378]，time dalay=0(ms),first(sendseq=3be64677:recvseq=14eac319),remote timestamp=0
[2016-07-28 18:12:29 485 96fbb700] [0x000080a0:0e9fd947] 在状态(),收到事件(0x00000009:1)
[2016-07-28 18:12:29 485 96fbb700] [0x000080a0:0e9fd947] 状态迁移()---(0x00000009:1)-->(net_syn)
[2016-07-28 18:12:29 485 96fbb700] [0x000080a0:0e9fd947] 在状态(net_syn),收到事件(0x00000009:3)
[2016-07-28 18:12:29 485 96fbb700] [0x000080a0:0e9fd947] 状态迁移(net_syn)---(0x00000009:3)-->(data_slave)
[2016-07-28 18:12:29 485 96fbb700] [000080a0:0e9fd947] 127.0.0.1:40452 syn ok ,remoteid = [0000114d:46c8ed97]，time dalay=0(ms),first(sendseq=3b8b3b1:recvseq=63180537),remote timestamp=10
[2016-07-28 18:14:25 404 96fbb700] [0x000080a3:0e9fd948] 在状态(),收到事件(0x00000009:1)
[2016-07-28 18:14:25 404 96fbb700] [0x000080a3:0e9fd948] 状态迁移()---(0x00000009:1)-->(net_syn)
[2016-07-28 18:14:25 404 96fbb700] [0x000080a3:0e9fd948] 在状态(net_syn),收到事件(0x00000009:3)
[2016-07-28 18:14:25 404 96fbb700] [0x000080a3:0e9fd948] 状态迁移(net_syn)---(0x00000009:3)-->(data_slave)
[2016-07-28 18:14:25 404 96fbb700] [000080a3:0e9fd948] 127.0.0.1:10524 syn ok ,remoteid = [00007329:0d766b80]，time dalay=0(ms),first(sendseq=49ef51ae:recvseq=111fa026),remote timestamp=0
[2016-07-28 18:15:25 578 96fbb700] [0x000080a3:0e9fd948] 在状态(data_slave),收到事件(0x00000009:4)
[2016-07-28 18:15:25 578 96fbb700] [0x000080a3:0e9fd948] 状态迁移(data_slave)---(0x00000009:4)-->(net_rst)
[2016-07-28 18:15:25 580 96fbb700] [0x000080a3:0e9fd948] 在状态(net_rst),收到事件(0x00000009:6)
[2016-07-28 18:15:25 580 96fbb700] [0x000080a3:0e9fd948] 状态迁移(net_rst)---(0x00000009:6)-->(reconnect?)
[2016-07-28 18:15:25 580 96fbb700] [0x000080a3:0e9fd948] 在状态(reconnect?),收到事件(0x0000000c:0)
[2016-07-28 18:15:25 580 96fbb700] [0x000080a3:0e9fd948] 状态迁移(reconnect?)---(0x0000000c:0)-->(exit)
[2016-07-28 18:15:25 580 96fbb700] [ 80a3:e9fd948] E15_udcp_item clean
[2016-07-28 18:15:57 046 96fbb700] [0x000080a3:0e9fd949] 在状态(),收到事件(0x00000009:1)
[2016-07-28 18:15:57 046 96fbb700] [0x000080a3:0e9fd949] 状态迁移()---(0x00000009:1)-->(net_syn)
[2016-07-28 18:15:57 046 96fbb700] [0x000080a3:0e9fd949] 在状态(net_syn),收到事件(0x00000009:3)
[2016-07-28 18:15:57 046 96fbb700] [0x000080a3:0e9fd949] 状态迁移(net_syn)---(0x00000009:3)-->(data_slave)
[2016-07-28 18:15:57 046 96fbb700] [000080a3:0e9fd949] 127.0.0.1:10524 syn ok ,remoteid = [00008331:5adb361b]，time dalay=0(ms),first(sendseq=1bb5f227:recvseq=43969fa6),remote timestamp=0
[2016-07-28 18:20:20 555 96fbb700] [0x000080a1:0e9fd946] 在状态(data_slave),收到事件(0x00000009:4)
[2016-07-28 18:20:20 556 96fbb700] [0x000080a1:0e9fd946] 状态迁移(data_slave)---(0x00000009:4)-->(net_rst)
[2016-07-28 18:20:20 559 96fbb700] [0x000080a1:0e9fd946] 在状态(net_rst),收到事件(0x00000009:6)
[2016-07-28 18:20:20 559 96fbb700] [0x000080a1:0e9fd946] 状态迁移(net_rst)---(0x00000009:6)-->(reconnect?)
[2016-07-28 18:20:20 559 96fbb700] [0x000080a1:0e9fd946] 在状态(reconnect?),收到事件(0x0000000c:0)
[2016-07-28 18:20:20 559 96fbb700] [0x000080a1:0e9fd946] 状态迁移(reconnect?)---(0x0000000c:0)-->(exit)
[2016-07-28 18:20:20 559 96fbb700] [ 80a1:e9fd946] E15_udcp_item clean
[2016-07-28 18:20:35 807 96fbb700] [0x000080a1:0e9fd94a] 在状态(),收到事件(0x00000009:1)
[2016-07-28 18:20:35 807 96fbb700] [0x000080a1:0e9fd94a] 状态迁移()---(0x00000009:1)-->(net_syn)
[2016-07-28 18:20:35 808 96fbb700] [0x000080a1:0e9fd94a] 在状态(net_syn),收到事件(0x00000009:3)
[2016-07-28 18:20:35 808 96fbb700] [0x000080a1:0e9fd94a] 状态迁移(net_syn)---(0x00000009:3)-->(data_slave)
[2016-07-28 18:20:35 808 96fbb700] [000080a1:0e9fd94a] 127.0.0.1:41454 syn ok ,remoteid = [0000141b:511e620c]，time dalay=0(ms),first(sendseq=7b0d880a:recvseq=452f3ad),remote timestamp=0
[2016-07-28 18:21:26 273 96fbb700] [0x000080a1:0e9fd94a] 在状态(data_slave),收到事件(0x00000009:4)
[2016-07-28 18:21:26 273 96fbb700] [0x000080a1:0e9fd94a] 状态迁移(data_slave)---(0x00000009:4)-->(net_rst)
[2016-07-28 18:21:26 276 96fbb700] [0x000080a1:0e9fd94a] 在状态(net_rst),收到事件(0x00000009:6)
[2016-07-28 18:21:26 276 96fbb700] [0x000080a1:0e9fd94a] 状态迁移(net_rst)---(0x00000009:6)-->(reconnect?)
[2016-07-28 18:21:26 276 96fbb700] [0x000080a1:0e9fd94a] 在状态(reconnect?),收到事件(0x0000000c:0)
[2016-07-28 18:21:26 276 96fbb700] [0x000080a1:0e9fd94a] 状态迁移(reconnect?)---(0x0000000c:0)-->(exit)
[2016-07-28 18:21:26 276 96fbb700] [ 80a1:e9fd94a] E15_udcp_item clean
[2016-07-28 18:21:34 435 96fbb700] [0x000080a1:0e9fd94b] 在状态(),收到事件(0x00000009:1)
[2016-07-28 18:21:34 435 96fbb700] [0x000080a1:0e9fd94b] 状态迁移()---(0x00000009:1)-->(net_syn)
[2016-07-28 18:21:34 435 96fbb700] [0x000080a1:0e9fd94b] 在状态(net_syn),收到事件(0x00000009:3)
[2016-07-28 18:21:34 436 96fbb700] [0x000080a1:0e9fd94b] 状态迁移(net_syn)---(0x00000009:3)-->(data_slave)
[2016-07-28 18:21:34 436 96fbb700] [000080a1:0e9fd94b] 127.0.0.1:54488 syn ok ,remoteid = [0000fae1:54a00a0c]，time dalay=0(ms),first(sendseq=2a6d6000:recvseq=b8c0ad4),remote timestamp=0
[2016-07-28 18:22:41 029 96fbb700] [0x000080a1:0e9fd94b] 在状态(data_slave),收到事件(0x00000009:4)
[2016-07-28 18:22:41 029 96fbb700] [0x000080a1:0e9fd94b] 状态迁移(data_slave)---(0x00000009:4)-->(net_rst)
[2016-07-28 18:22:41 032 96fbb700] [0x000080a1:0e9fd94b] 在状态(net_rst),收到事件(0x00000009:6)
[2016-07-28 18:22:41 032 96fbb700] [0x000080a1:0e9fd94b] 状态迁移(net_rst)---(0x00000009:6)-->(reconnect?)
[2016-07-28 18:22:41 032 96fbb700] [0x000080a1:0e9fd94b] 在状态(reconnect?),收到事件(0x0000000c:0)
[2016-07-28 18:22:41 032 96fbb700] [0x000080a1:0e9fd94b] 状态迁移(reconnect?)---(0x0000000c:0)-->(exit)
[2016-07-28 18:22:41 032 96fbb700] [ 80a1:e9fd94b] E15_udcp_item clean
[2016-07-28 18:22:42 955 96fbb700] [0x000080a1:0e9fd94c] 在状态(),收到事件(0x00000009:1)
[2016-07-28 18:22:42 956 96fbb700] [0x000080a1:0e9fd94c] 状态迁移()---(0x00000009:1)-->(net_syn)
[2016-07-28 18:22:42 956 96fbb700] [0x000080a1:0e9fd94c] 在状态(net_syn),收到事件(0x00000009:3)
[2016-07-28 18:22:42 956 96fbb700] [0x000080a1:0e9fd94c] 状态迁移(net_syn)---(0x00000009:3)-->(data_slave)
[2016-07-28 18:22:42 956 96fbb700] [000080a1:0e9fd94c] 127.0.0.1:37548 syn ok ,remoteid = [0000a933:772648ec]，time dalay=0(ms),first(sendseq=37ebd73a:recvseq=4c2ae102),remote timestamp=0
[2016-07-28 18:23:27 409 96fbb700] [0x000080a1:0e9fd94c] 在状态(data_slave),收到事件(0x00000009:4)
[2016-07-28 18:23:27 409 96fbb700] [0x000080a1:0e9fd94c] 状态迁移(data_slave)---(0x00000009:4)-->(net_rst)
[2016-07-28 18:23:27 410 96fbb700] [0x000080a1:0e9fd94c] 在状态(net_rst),收到事件(0x00000009:6)
[2016-07-28 18:23:27 410 96fbb700] [0x000080a1:0e9fd94c] 状态迁移(net_rst)---(0x00000009:6)-->(reconnect?)
[2016-07-28 18:23:27 410 96fbb700] [0x000080a1:0e9fd94c] 在状态(reconnect?),收到事件(0x0000000c:0)
[2016-07-28 18:23:27 410 96fbb700] [0x000080a1:0e9fd94c] 状态迁移(reconnect?)---(0x0000000c:0)-->(exit)
[2016-07-28 18:23:27 410 96fbb700] [ 80a1:e9fd94c] E15_udcp_item clean
[2016-07-28 18:23:30 116 96fbb700] [0x000080a1:0e9fd94d] 在状态(),收到事件(0x00000009:1)
[2016-07-28 18:23:30 117 96fbb700] [0x000080a1:0e9fd94d] 状态迁移()---(0x00000009:1)-->(net_syn)
[2016-07-28 18:23:30 117 96fbb700] [0x000080a1:0e9fd94d] 在状态(net_syn),收到事件(0x00000009:3)
[2016-07-28 18:23:30 117 96fbb700] [0x000080a1:0e9fd94d] 状态迁移(net_syn)---(0x00000009:3)-->(data_slave)
[2016-07-28 18:23:30 117 96fbb700] [000080a1:0e9fd94d] 127.0.0.1:46194 syn ok ,remoteid = [0000c188:0cece6bf]，time dalay=0(ms),first(sendseq=63cffdc4:recvseq=6fe6c2f8),remote timestamp=0
[2016-07-28 18:28:16 875 96fbb700] [0x000080a1:0e9fd94d] 在状态(data_slave),收到事件(0x00000009:4)
[2016-07-28 18:28:16 875 96fbb700] [0x000080a1:0e9fd94d] 状态迁移(data_slave)---(0x00000009:4)-->(net_rst)
[2016-07-28 18:28:16 876 96fbb700] [0x000080a1:0e9fd94d] 在状态(net_rst),收到事件(0x00000009:6)
[2016-07-28 18:28:16 876 96fbb700] [0x000080a1:0e9fd94d] 状态迁移(net_rst)---(0x00000009:6)-->(reconnect?)
[2016-07-28 18:28:16 876 96fbb700] [0x000080a1:0e9fd94d] 在状态(reconnect?),收到事件(0x0000000c:0)
[2016-07-28 18:28:16 876 96fbb700] [0x000080a1:0e9fd94d] 状态迁移(reconnect?)---(0x0000000c:0)-->(exit)
[2016-07-28 18:28:16 876 96fbb700] [ 80a1:e9fd94d] E15_udcp_item clean
[2016-07-28 18:28:18 620 96fbb700] [0x000080a1:0e9fd94e] 在状态(),收到事件(0x00000009:1)
[2016-07-28 18:28:18 620 96fbb700] [0x000080a1:0e9fd94e] 状态迁移()---(0x00000009:1)-->(net_syn)
[2016-07-28 18:28:18 620 96fbb700] [0x000080a1:0e9fd94e] 在状态(net_syn),收到事件(0x00000009:3)
[2016-07-28 18:28:18 620 96fbb700] [0x000080a1:0e9fd94e] 状态迁移(net_syn)---(0x00000009:3)-->(data_slave)
[2016-07-28 18:28:18 620 96fbb700] [000080a1:0e9fd94e] 127.0.0.1:48919 syn ok ,remoteid = [0000623b:4aac3f19]，time dalay=0(ms),first(sendseq=7faf196b:recvseq=406a4ea4),remote timestamp=0
[2016-07-28 18:40:35 636 96fbb700] [0x000080a1:0e9fd94e] 在状态(data_slave),收到事件(0x00000009:4)
[2016-07-28 18:40:35 637 96fbb700] [0x000080a1:0e9fd94e] 状态迁移(data_slave)---(0x00000009:4)-->(net_rst)
[2016-07-28 18:40:35 641 96fbb700] [0x000080a1:0e9fd94e] 在状态(net_rst),收到事件(0x00000009:6)
[2016-07-28 18:40:35 641 96fbb700] [0x000080a1:0e9fd94e] 状态迁移(net_rst)---(0x00000009:6)-->(reconnect?)
[2016-07-28 18:40:35 641 96fbb700] [0x000080a1:0e9fd94e] 在状态(reconnect?),收到事件(0x0000000c:0)
[2016-07-28 18:40:35 641 96fbb700] [0x000080a1:0e9fd94e] 状态迁移(reconnect?)---(0x0000000c:0)-->(exit)
[2016-07-28 18:40:35 641 96fbb700] [ 80a1:e9fd94e] E15_udcp_item clean
[2016-07-28 18:40:38 047 96fbb700] [0x000080a0:0e9fd947] 在状态(data_slave),收到事件(0x00000009:4)
[2016-07-28 18:40:38 048 96fbb700] [0x000080a0:0e9fd947] 状态迁移(data_slave)---(0x00000009:4)-->(net_rst)
[2016-07-28 18:40:38 049 96fbb700] [0x000080a0:0e9fd947] 在状态(net_rst),收到事件(0x00000009:6)
[2016-07-28 18:40:38 049 96fbb700] [0x000080a0:0e9fd947] 状态迁移(net_rst)---(0x00000009:6)-->(reconnect?)
[2016-07-28 18:40:38 049 96fbb700] [0x000080a0:0e9fd947] 在状态(reconnect?),收到事件(0x0000000c:0)
[2016-07-28 18:40:38 049 96fbb700] [0x000080a0:0e9fd947] 状态迁移(reconnect?)---(0x0000000c:0)-->(exit)
[2016-07-28 18:40:38 049 96fbb700] [ 80a0:e9fd947] E15_udcp_item clean
[2016-07-28 18:40:42 581 96fbb700] [0x000080a3:0e9fd949] 在状态(data_slave),收到事件(0x00000009:4)
[2016-07-28 18:40:42 582 96fbb700] [0x000080a3:0e9fd949] 状态迁移(data_slave)---(0x00000009:4)-->(net_rst)
[2016-07-28 18:40:42 583 96fbb700] [0x000080a3:0e9fd949] 在状态(net_rst),收到事件(0x00000009:6)
[2016-07-28 18:40:42 583 96fbb700] [0x000080a3:0e9fd949] 状态迁移(net_rst)---(0x00000009:6)-->(reconnect?)
[2016-07-28 18:40:42 583 96fbb700] [0x000080a3:0e9fd949] 在状态(reconnect?),收到事件(0x0000000c:0)
[2016-07-28 18:40:42 583 96fbb700] [0x000080a3:0e9fd949] 状态迁移(reconnect?)---(0x0000000c:0)-->(exit)
[2016-07-28 18:40:42 583 96fbb700] [ 80a3:e9fd949] E15_udcp_item clean
[2016-07-28 18:41:57 224 9a467780] udcp session exit normally
