[2016-07-13 11:27:52 919 44ce3780] 添加节点成功,name=md_ctp,N=1,role=md_server,group=ctp,id=[0:12185b]
[2016-07-13 11:27:52 919 44ce3780] 添加节点成功,name=md_cna,N=2,role=md_server,group=cna,id=[1:12185c]
[2016-07-13 11:27:52 919 44ce3780] 添加节点成功,name=data_001,N=6,role=data_factory,group=base,id=[5:12185d]
[2016-07-13 11:27:52 919 44ce3780] 添加节点成功,name=uemgr,N=7,role=proxy,group=ue,id=[6:12185e]
[2016-07-13 11:27:52 919 44ce3780] 添加节点成功,name=strategy_proxy,N=12,role=proxy,group=test,id=[b:12185f]
[2016-07-13 11:27:52 919 44ce3780] 添加节点成功,name=store_dia,N=8,role=store,group=dia,id=[7:121860]
[2016-07-13 11:27:52 919 44ce3780] 添加节点成功,name=h001,N=9,role=history,group=test,id=[8:121861]
[2016-07-13 11:27:52 919 44ce3780] 添加节点成功,name=strategy,N=10,role=strategy,group=test,id=[9:121862]
[2016-07-13 11:27:52 920 44ce3780] 添加节点成功,name=strategy_01,N=11,role=strategy,group=test,id=[a:121863]
[2016-07-13 11:27:52 920 44ce3780] 添加节点成功,name=snatch_ctp,N=3,role=,group=,id=[2:121864]
[2016-07-13 11:27:52 920 44ce3780] [data_001<===>md_ctp]连接建立成功
[2016-07-13 11:27:52 920 44ce3780] [data_001<===>md_cna]连接建立成功
[2016-07-13 11:27:52 920 44ce3780] [uemgr<===>md_cna]连接建立成功
[2016-07-13 11:27:52 920 44ce3780] [uemgr<===>md_ctp]连接建立成功
[2016-07-13 11:27:52 920 44ce3780] [data_001<===>store_dia]连接建立成功
[2016-07-13 11:27:52 920 44ce3780] [strategy<===>uemgr]连接建立成功
[2016-07-13 11:27:52 920 44ce3780] [strategy_01<===>uemgr]连接建立成功
[2016-07-13 11:27:52 920 44ce3780] [uemgr<===>data_001]连接建立成功
[2016-07-13 11:27:52 920 44ce3780] [md_cna<===>strategy]连接建立成功
[2016-07-13 11:27:52 920 44ce3780] [data_001<===>strategy]连接建立成功
[2016-07-13 11:27:52 920 44ce3780] [strategy_proxy<===>data_001]连接建立成功
[2016-07-13 11:27:52 920 44ce3780] [strategy_proxy<===>md_cna]连接建立成功
[2016-07-13 11:27:52 920 44ce3780] E15_domain 在[0.0.0.0:3606] 启动
[2016-07-13 11:28:00 950 42039700] 节点md_cna注册在线
[2016-07-13 11:28:12 743 42039700] 节点data_001注册在线
[2016-07-13 11:28:12 747 42039700] data_001 <<--------------- md_cna
[2016-07-13 11:28:12 748 42039700] data_001 <<=============>> md_cna
[2016-07-13 11:28:22 137 42039700] 节点strategy_proxy注册在线
[2016-07-13 11:28:22 140 42039700] strategy_proxy <<--------------- md_cna
[2016-07-13 11:28:22 141 42039700] strategy_proxy <<=============>> md_cna
[2016-07-13 11:28:30 746 42039700] data_001 --------------->> md_cna
[2016-07-13 11:28:32 896 42039700] strategy_proxy <<--------------- data_001
[2016-07-13 11:28:33 161 42039700] strategy_proxy <<--------------- data_001
[2016-07-13 11:28:33 161 42039700] strategy_proxy <<=============>> data_001
[2016-07-13 11:28:38 742 42039700] data_001 ------- x ------- md_cna
[2016-07-13 11:28:39 767 42039700] data_001 <<--------------- md_cna
[2016-07-13 11:28:39 767 42039700] data_001 <<=============>> md_cna
