[2016-07-13 17:58:30 793 41838700] [0x00000931:1465e67e] 在状态(data_slave),收到事件(0x00000009:4)
[2016-07-13 17:58:30 793 41838700] [0x00000931:1465e67e] 状态迁移(data_slave)---(0x00000009:4)-->(net_rst)
[2016-07-13 17:58:30 794 41838700] [00000000:44878109] 收到时间同步消息，通信延迟约 0 ms
[2016-07-13 17:58:30 794 41838700] [0x00000931:1465e67e] 在状态(net_rst),收到事件(0x00000009:6)
[2016-07-13 17:58:30 794 41838700] [0x00000931:1465e67e] 状态迁移(net_rst)---(0x00000009:6)-->(reconnect?)
[2016-07-13 17:58:30 794 41838700] [0x00000931:1465e67e] 在状态(reconnect?),收到事件(0x0000000c:0)
[2016-07-13 17:58:30 794 41838700] [0x00000931:1465e67e] 状态迁移(reconnect?)---(0x0000000c:0)-->(exit)
[2016-07-13 17:58:30 794 41838700] [ 931:1465e67e] E15_udcp_item clean
[2016-07-13 17:58:30 795 41838700] [00000000:44878109] 收到时间同步消息，通信延迟约 0 ms
[2016-07-13 17:58:32 423 41838700] [0x00000932:1465e67c] 在状态(data_slave),收到事件(0x00000009:4)
[2016-07-13 17:58:32 424 41838700] [0x00000932:1465e67c] 状态迁移(data_slave)---(0x00000009:4)-->(net_rst)
[2016-07-13 17:58:32 424 41838700] [0x00000932:1465e67c] 在状态(net_rst),收到事件(0x00000009:6)
[2016-07-13 17:58:32 424 41838700] [0x00000932:1465e67c] 状态迁移(net_rst)---(0x00000009:6)-->(reconnect?)
[2016-07-13 17:58:32 424 41838700] [0x00000932:1465e67c] 在状态(reconnect?),收到事件(0x0000000c:0)
[2016-07-13 17:58:32 424 41838700] [0x00000932:1465e67c] 状态迁移(reconnect?)---(0x0000000c:0)-->(exit)
[2016-07-13 17:58:32 424 41838700] [ 932:1465e67c] E15_udcp_item clean
[2016-07-13 17:58:34 064 41838700] [0x00000933:1465e67b] 在状态(data_slave),收到事件(0x00000009:4)
[2016-07-13 17:58:34 064 41838700] [0x00000933:1465e67b] 状态迁移(data_slave)---(0x00000009:4)-->(net_rst)
[2016-07-13 17:58:34 065 41838700] [0x00000933:1465e67b] 在状态(net_rst),收到事件(0x00000009:6)
[2016-07-13 17:58:34 065 41838700] [0x00000933:1465e67b] 状态迁移(net_rst)---(0x00000009:6)-->(reconnect?)
[2016-07-13 17:58:34 065 41838700] [0x00000933:1465e67b] 在状态(reconnect?),收到事件(0x0000000c:0)
[2016-07-13 17:58:34 065 41838700] [0x00000933:1465e67b] 状态迁移(reconnect?)---(0x0000000c:0)-->(exit)
[2016-07-13 17:58:34 065 41838700] [ 933:1465e67b] E15_udcp_item clean
[2016-07-13 17:58:35 753 44ce3780] udcp session exit normally
