[2016-07-11 09:15:22 951 80710780] 添加节点成功,name=md_ctp,N=1,role=md_server,group=ctp,id=[0:2e75e4a7]
[2016-07-11 09:15:22 952 80710780] 添加节点成功,name=md_cna,N=2,role=md_server,group=cna,id=[1:2e75e4a8]
[2016-07-11 09:15:22 952 80710780] 添加节点成功,name=data_001,N=6,role=data_factory,group=base,id=[5:2e75e4a9]
[2016-07-11 09:15:22 952 80710780] 添加节点成功,name=uemgr,N=7,role=proxy,group=ue,id=[6:2e75e4aa]
[2016-07-11 09:15:22 952 80710780] 添加节点成功,name=strategy_proxy,N=12,role=proxy,group=test,id=[b:2e75e4ab]
[2016-07-11 09:15:22 952 80710780] 添加节点成功,name=store_dia,N=8,role=store,group=dia,id=[7:2e75e4ac]
[2016-07-11 09:15:22 952 80710780] 添加节点成功,name=h001,N=9,role=history,group=test,id=[8:2e75e4ad]
[2016-07-11 09:15:22 952 80710780] 添加节点成功,name=strategy,N=10,role=strategy,group=test,id=[9:2e75e4ae]
[2016-07-11 09:15:22 952 80710780] 添加节点成功,name=strategy_01,N=11,role=strategy,group=test,id=[a:2e75e4af]
[2016-07-11 09:15:22 952 80710780] 添加节点成功,name=snatch_ctp,N=3,role=,group=,id=[2:2e75e4b0]
[2016-07-11 09:15:22 952 80710780] [data_001<===>md_ctp]连接建立成功
[2016-07-11 09:15:22 952 80710780] [data_001<===>md_cna]连接建立成功
[2016-07-11 09:15:22 952 80710780] [uemgr<===>md_cna]连接建立成功
[2016-07-11 09:15:22 952 80710780] [uemgr<===>md_ctp]连接建立成功
[2016-07-11 09:15:22 952 80710780] [data_001<===>store_dia]连接建立成功
[2016-07-11 09:15:22 952 80710780] [strategy<===>uemgr]连接建立成功
[2016-07-11 09:15:22 952 80710780] [strategy_01<===>uemgr]连接建立成功
[2016-07-11 09:15:22 952 80710780] [uemgr<===>data_001]连接建立成功
[2016-07-11 09:15:22 952 80710780] [md_cna<===>strategy]连接建立成功
[2016-07-11 09:15:22 952 80710780] [data_001<===>strategy]连接建立成功
[2016-07-11 09:15:22 952 80710780] [strategy_proxy<===>data_001]连接建立成功
[2016-07-11 09:15:22 952 80710780] [strategy_proxy<===>md_cna]连接建立成功
[2016-07-11 09:15:22 952 80710780] E15_domain 在[0.0.0.0:3606] 启动
[2016-07-11 09:15:44 430 7da66700] 节点md_cna注册在线
[2016-07-11 09:15:46 418 7da66700] [127.0.0.1:40159] udp连接丢失
[2016-07-11 09:15:50 781 7da66700] 节点md_cna注册在线
[2016-07-11 09:16:02 866 7da66700] 节点data_001注册在线
[2016-07-11 09:16:02 872 7da66700] data_001 <<--------------- md_cna
[2016-07-11 09:16:02 873 7da66700] data_001 <<=============>> md_cna
[2016-07-11 09:16:12 014 7da66700] 节点strategy_proxy注册在线
[2016-07-11 09:16:12 017 7da66700] strategy_proxy <<--------------- md_cna
[2016-07-11 09:16:12 018 7da66700] strategy_proxy <<=============>> md_cna
[2016-07-11 09:16:20 881 7da66700] data_001 --------------->> md_cna
[2016-07-11 09:16:27 834 7da66700] strategy_proxy <<--------------- data_001
[2016-07-11 09:16:28 881 7da66700] data_001 ------- x ------- md_cna
[2016-07-11 09:16:29 895 7da66700] data_001 <<--------------- md_cna
[2016-07-11 09:16:29 897 7da66700] data_001 <<=============>> md_cna
[2016-07-11 09:16:30 024 7da66700] strategy_proxy ------- x ------- data_001
[2016-07-11 09:17:04 804 7da66700] strategy_proxy <<--------------- data_001
[2016-07-11 09:17:04 805 7da66700] strategy_proxy <<=============>> data_001
