[2016-07-11 17:40:01 057 7d265700] [0x00000c82:4fe6033a] 在状态(data_slave),收到事件(0x00000009:4)
[2016-07-11 17:40:01 071 7d265700] [0x00000c82:4fe6033a] 状态迁移(data_slave)---(0x00000009:4)-->(net_rst)
[2016-07-11 17:40:01 072 7d265700] [00000000:802a5109] 收到时间同步消息，通信延迟约 0 ms
[2016-07-11 17:40:01 072 7d265700] [00000000:802a5109] 收到时间同步消息，通信延迟约 0 ms
[2016-07-11 17:40:01 072 7d265700] [0x00000c82:4fe6033a] 在状态(net_rst),收到事件(0x00000009:6)
[2016-07-11 17:40:01 072 7d265700] [0x00000c82:4fe6033a] 状态迁移(net_rst)---(0x00000009:6)-->(reconnect?)
[2016-07-11 17:40:01 072 7d265700] [0x00000c82:4fe6033a] 在状态(reconnect?),收到事件(0x0000000c:0)
[2016-07-11 17:40:01 072 7d265700] [0x00000c82:4fe6033a] 状态迁移(reconnect?)---(0x0000000c:0)-->(exit)
[2016-07-11 17:40:01 072 7d265700] [ c82:4fe6033a] E15_udcp_item clean
[2016-07-11 17:40:02 800 7d265700] [0x00000c81:4fe60339] 在状态(data_slave),收到事件(0x00000009:4)
[2016-07-11 17:40:02 800 7d265700] [0x00000c81:4fe60339] 状态迁移(data_slave)---(0x00000009:4)-->(net_rst)
[2016-07-11 17:40:02 801 7d265700] [0x00000c81:4fe60339] 在状态(net_rst),收到事件(0x00000009:6)
[2016-07-11 17:40:02 801 7d265700] [0x00000c81:4fe60339] 状态迁移(net_rst)---(0x00000009:6)-->(reconnect?)
[2016-07-11 17:40:02 801 7d265700] [0x00000c81:4fe60339] 在状态(reconnect?),收到事件(0x0000000c:0)
[2016-07-11 17:40:02 801 7d265700] [0x00000c81:4fe60339] 状态迁移(reconnect?)---(0x0000000c:0)-->(exit)
[2016-07-11 17:40:02 801 7d265700] [ c81:4fe60339] E15_udcp_item clean
[2016-07-11 17:40:04 634 7d265700] [0x00000c80:4fe60338] 在状态(data_slave),收到事件(0x00000009:4)
[2016-07-11 17:40:04 634 7d265700] [0x00000c80:4fe60338] 状态迁移(data_slave)---(0x00000009:4)-->(net_rst)
[2016-07-11 17:40:04 635 7d265700] [0x00000c80:4fe60338] 在状态(net_rst),收到事件(0x00000009:6)
[2016-07-11 17:40:04 635 7d265700] [0x00000c80:4fe60338] 状态迁移(net_rst)---(0x00000009:6)-->(reconnect?)
[2016-07-11 17:40:04 635 7d265700] [0x00000c80:4fe60338] 在状态(reconnect?),收到事件(0x0000000c:0)
[2016-07-11 17:40:04 635 7d265700] [0x00000c80:4fe60338] 状态迁移(reconnect?)---(0x0000000c:0)-->(exit)
[2016-07-11 17:40:04 635 7d265700] [ c80:4fe60338] E15_udcp_item clean
[2016-07-11 17:40:06 540 80710780] udcp session exit normally
