[2016-07-11 09:15:44 429 7d265700] [0x00000c80:4fe60337] 在状态(),收到事件(0x00000009:1)
[2016-07-11 09:15:44 429 7d265700] [0x00000c80:4fe60337] 状态迁移()---(0x00000009:1)-->(net_syn)
[2016-07-11 09:15:44 430 7d265700] [0x00000c80:4fe60337] 在状态(net_syn),收到事件(0x00000009:3)
[2016-07-11 09:15:44 430 7d265700] [0x00000c80:4fe60337] 状态迁移(net_syn)---(0x00000009:3)-->(data_slave)
[2016-07-11 09:15:44 430 7d265700] [00000c80:4fe60337] 127.0.0.1:40159 syn ok ,remoteid = [0000bee0:1036f7ab]，time dalay=0(ms),first(sendseq=737ad5bc:recvseq=3ce266f5),remote timestamp=20
[2016-07-11 09:15:46 417 7d265700] [0x00000c80:4fe60337] 在状态(data_slave),收到事件(0x00000009:4)
[2016-07-11 09:15:46 418 7d265700] [0x00000c80:4fe60337] 状态迁移(data_slave)---(0x00000009:4)-->(net_rst)
[2016-07-11 09:15:46 418 7d265700] [0x00000c80:4fe60337] 在状态(net_rst),收到事件(0x00000009:6)
[2016-07-11 09:15:46 418 7d265700] [0x00000c80:4fe60337] 状态迁移(net_rst)---(0x00000009:6)-->(reconnect?)
[2016-07-11 09:15:46 418 7d265700] [0x00000c80:4fe60337] 在状态(reconnect?),收到事件(0x0000000c:0)
[2016-07-11 09:15:46 418 7d265700] [0x00000c80:4fe60337] 状态迁移(reconnect?)---(0x0000000c:0)-->(exit)
[2016-07-11 09:15:46 418 7d265700] [ c80:4fe60337] E15_udcp_item clean
[2016-07-11 09:15:50 780 7d265700] [0x00000c80:4fe60338] 在状态(),收到事件(0x00000009:1)
[2016-07-11 09:15:50 780 7d265700] [0x00000c80:4fe60338] 状态迁移()---(0x00000009:1)-->(net_syn)
[2016-07-11 09:15:50 781 7d265700] [0x00000c80:4fe60338] 在状态(net_syn),收到事件(0x00000009:3)
[2016-07-11 09:15:50 781 7d265700] [0x00000c80:4fe60338] 状态迁移(net_syn)---(0x00000009:3)-->(data_slave)
[2016-07-11 09:15:50 781 7d265700] [00000c80:4fe60338] 127.0.0.1:46115 syn ok ,remoteid = [0000a973:3b214fed]，time dalay=0(ms),first(sendseq=7ac866dc:recvseq=79943657),remote timestamp=0
[2016-07-11 09:16:02 864 7d265700] [0x00000c81:4fe60339] 在状态(),收到事件(0x00000009:1)
[2016-07-11 09:16:02 864 7d265700] [0x00000c81:4fe60339] 状态迁移()---(0x00000009:1)-->(net_syn)
[2016-07-11 09:16:02 865 7d265700] [0x00000c81:4fe60339] 在状态(net_syn),收到事件(0x00000009:3)
[2016-07-11 09:16:02 865 7d265700] [0x00000c81:4fe60339] 状态迁移(net_syn)---(0x00000009:3)-->(data_slave)
[2016-07-11 09:16:02 865 7d265700] [00000c81:4fe60339] 127.0.0.1:43492 syn ok ,remoteid = [0000becc:41dd090f]，time dalay=0(ms),first(sendseq=11b4dfc2:recvseq=38879609),remote timestamp=0
[2016-07-11 09:16:12 014 7d265700] [0x00000c82:4fe6033a] 在状态(),收到事件(0x00000009:1)
[2016-07-11 09:16:12 014 7d265700] [0x00000c82:4fe6033a] 状态迁移()---(0x00000009:1)-->(net_syn)
[2016-07-11 09:16:12 014 7d265700] [0x00000c82:4fe6033a] 在状态(net_syn),收到事件(0x00000009:3)
[2016-07-11 09:16:12 014 7d265700] [0x00000c82:4fe6033a] 状态迁移(net_syn)---(0x00000009:3)-->(data_slave)
[2016-07-11 09:16:12 014 7d265700] [00000c82:4fe6033a] 127.0.0.1:10524 syn ok ,remoteid = [0000ab13:70094fbe]，time dalay=0(ms),first(sendseq=48912068:recvseq=2c70b031),remote timestamp=0
