[2016-07-14 09:21:26 438 3f243780] 添加节点成功,name=md_ctp,N=1,role=md_server,group=ctp,id=[0:6ac52e46]
[2016-07-14 09:21:26 439 3f243780] 添加节点成功,name=md_cna,N=2,role=md_server,group=cna,id=[1:6ac52e47]
[2016-07-14 09:21:26 439 3f243780] 添加节点成功,name=data_001,N=6,role=data_factory,group=base,id=[5:6ac52e48]
[2016-07-14 09:21:26 439 3f243780] 添加节点成功,name=uemgr,N=7,role=proxy,group=ue,id=[6:6ac52e49]
[2016-07-14 09:21:26 439 3f243780] 添加节点成功,name=strategy_proxy,N=12,role=proxy,group=test,id=[b:6ac52e4a]
[2016-07-14 09:21:26 439 3f243780] 添加节点成功,name=h001,N=9,role=history,group=test,id=[8:6ac52e4b]
[2016-07-14 09:21:26 439 3f243780] 添加节点成功,name=strategy,N=10,role=strategy,group=test,id=[9:6ac52e4c]
[2016-07-14 09:21:26 439 3f243780] 添加节点成功,name=strategy_01,N=11,role=strategy,group=test,id=[a:6ac52e4d]
[2016-07-14 09:21:26 439 3f243780] 添加节点成功,name=snatch_ctp,N=3,role=,group=,id=[2:6ac52e4e]
[2016-07-14 09:21:26 439 3f243780] [data_001<===>md_ctp]连接建立成功
[2016-07-14 09:21:26 439 3f243780] [data_001<===>md_cna]连接建立成功
[2016-07-14 09:21:26 439 3f243780] [uemgr<===>md_cna]连接建立成功
[2016-07-14 09:21:26 439 3f243780] [uemgr<===>md_ctp]连接建立成功
[2016-07-14 09:21:26 439 3f243780] [strategy<===>uemgr]连接建立成功
[2016-07-14 09:21:26 439 3f243780] [strategy_01<===>uemgr]连接建立成功
[2016-07-14 09:21:26 439 3f243780] [uemgr<===>data_001]连接建立成功
[2016-07-14 09:21:26 440 3f243780] [md_cna<===>strategy]连接建立成功
[2016-07-14 09:21:26 440 3f243780] [data_001<===>strategy]连接建立成功
[2016-07-14 09:21:26 440 3f243780] [strategy_proxy<===>data_001]连接建立成功
[2016-07-14 09:21:26 440 3f243780] [strategy_proxy<===>md_cna]连接建立成功
[2016-07-14 09:21:26 440 3f243780] E15_domain 在[0.0.0.0:3606] 启动
[2016-07-14 09:21:36 511 2ffff700] 节点md_cna注册在线
[2016-07-14 09:21:45 863 2ffff700] 节点data_001注册在线
[2016-07-14 09:21:45 866 2ffff700] data_001 <<--------------- md_cna
[2016-07-14 09:21:45 866 2ffff700] data_001 <<=============>> md_cna
[2016-07-14 09:22:07 280 2ffff700] 节点strategy_proxy注册在线
[2016-07-14 09:22:07 283 2ffff700] strategy_proxy <<--------------- md_cna
[2016-07-14 09:22:07 283 2ffff700] strategy_proxy <<=============>> md_cna
[2016-07-14 09:22:15 868 2ffff700] data_001 --------------->> md_cna
[2016-07-14 09:22:17 377 2ffff700] 节点strategy注册在线
[2016-07-14 09:22:17 380 2ffff700] md_cna <<--------------- strategy
[2016-07-14 09:22:17 381 2ffff700] md_cna <<=============>> strategy
[2016-07-14 09:22:21 183 2ffff700] strategy_proxy <<--------------- data_001
[2016-07-14 09:22:21 227 2ffff700] data_001 <<--------------- strategy
[2016-07-14 09:22:21 230 2ffff700] data_001 <<=============>> strategy
[2016-07-14 09:22:21 247 2ffff700] strategy_proxy <<--------------- data_001
[2016-07-14 09:22:21 247 2ffff700] strategy_proxy <<=============>> data_001
[2016-07-14 09:22:21 380 2ffff700] [127.0.0.1:40694] udp连接丢失
[2016-07-14 09:22:21 385 2ffff700] data_001 ------- x ------- strategy
[2016-07-14 09:22:21 385 2ffff700] md_cna ------- x ------- strategy
[2016-07-14 09:22:23 864 2ffff700] data_001 ------- x ------- md_cna
[2016-07-14 09:22:24 877 2ffff700] data_001 <<--------------- md_cna
[2016-07-14 09:22:24 877 2ffff700] data_001 <<=============>> md_cna
[2016-07-14 09:22:36 148 2ffff700] 节点strategy注册在线
[2016-07-14 09:22:36 151 2ffff700] md_cna <<--------------- strategy
[2016-07-14 09:22:36 151 2ffff700] md_cna <<=============>> strategy
[2016-07-14 09:22:36 152 2ffff700] data_001 <<--------------- strategy
[2016-07-14 09:22:36 152 2ffff700] data_001 <<=============>> strategy
[2016-07-14 09:23:04 149 2ffff700] data_001 <<--------------- strategy
[2016-07-14 09:23:04 159 2ffff700] md_cna <<--------------- strategy
[2016-07-14 09:23:12 150 2ffff700] [127.0.0.1:43898] udp连接丢失
[2016-07-14 09:23:18 112 2ffff700] 节点strategy注册在线
[2016-07-14 09:23:18 116 2ffff700] data_001 <<--------------- strategy
[2016-07-14 09:23:18 116 2ffff700] md_cna <<--------------- strategy
[2016-07-14 09:23:18 116 2ffff700] data_001 <<=============>> strategy
[2016-07-14 09:23:18 117 2ffff700] md_cna <<=============>> strategy
[2016-07-14 09:23:34 124 2ffff700] md_cna <<--------------- strategy
[2016-07-14 09:23:34 125 2ffff700] data_001 <<--------------- strategy
[2016-07-14 09:23:41 689 2ffff700] 节点strategy注册在线
[2016-07-14 09:23:49 693 2ffff700] [127.0.0.1:46739] udp连接丢失
[2016-07-14 09:24:52 313 2ffff700] 节点strategy注册在线
[2016-07-14 09:24:52 315 2ffff700] md_cna <<--------------- strategy
[2016-07-14 09:24:52 315 2ffff700] data_001 <<--------------- strategy
[2016-07-14 09:24:52 316 2ffff700] data_001 <<=============>> strategy
[2016-07-14 09:24:52 316 2ffff700] md_cna <<=============>> strategy
[2016-07-14 09:25:30 317 2ffff700] data_001 <<--------------- strategy
[2016-07-14 09:25:30 317 2ffff700] md_cna <<--------------- strategy
[2016-07-14 09:25:40 323 2ffff700] [127.0.0.1:41450] udp连接丢失
[2016-07-14 09:25:54 618 2ffff700] 节点strategy注册在线
[2016-07-14 09:25:54 621 2ffff700] data_001 <<--------------- strategy
[2016-07-14 09:25:54 621 2ffff700] md_cna <<--------------- strategy
[2016-07-14 09:25:54 621 2ffff700] data_001 <<=============>> strategy
[2016-07-14 09:25:54 621 2ffff700] md_cna <<=============>> strategy
[2016-07-14 09:26:04 627 2ffff700] md_cna <<--------------- strategy
[2016-07-14 09:26:04 637 2ffff700] data_001 <<--------------- strategy
[2016-07-14 09:26:14 628 2ffff700] [127.0.0.1:46881] udp连接丢失
[2016-07-14 09:26:42 527 2ffff700] 节点strategy注册在线
[2016-07-14 09:26:42 529 2ffff700] md_cna <<--------------- strategy
[2016-07-14 09:26:42 529 2ffff700] data_001 <<--------------- strategy
[2016-07-14 09:26:42 529 2ffff700] md_cna <<=============>> strategy
[2016-07-14 09:26:42 529 2ffff700] data_001 <<=============>> strategy
[2016-07-14 09:27:04 534 2ffff700] md_cna <<--------------- strategy
[2016-07-14 09:27:04 543 2ffff700] data_001 <<--------------- strategy
[2016-07-14 09:27:14 533 2ffff700] [127.0.0.1:48711] udp连接丢失
[2016-07-14 09:27:34 939 2ffff700] 节点strategy注册在线
[2016-07-14 09:27:34 942 2ffff700] md_cna <<--------------- strategy
[2016-07-14 09:27:34 942 2ffff700] data_001 <<--------------- strategy
[2016-07-14 09:27:34 943 2ffff700] data_001 <<=============>> strategy
[2016-07-14 09:27:34 943 2ffff700] md_cna <<=============>> strategy
[2016-07-14 09:27:52 939 2ffff700] data_001 <<--------------- strategy
[2016-07-14 09:27:52 950 2ffff700] md_cna <<--------------- strategy
[2016-07-14 09:28:02 947 2ffff700] [127.0.0.1:57365] udp连接丢失
[2016-07-14 09:30:58 873 2ffff700] 节点strategy注册在线
[2016-07-14 09:30:58 876 2ffff700] data_001 <<--------------- strategy
[2016-07-14 09:30:58 876 2ffff700] md_cna <<--------------- strategy
[2016-07-14 09:30:58 877 2ffff700] data_001 <<=============>> strategy
[2016-07-14 09:30:58 877 2ffff700] md_cna <<=============>> strategy
[2016-07-14 09:31:16 896 2ffff700] data_001 <<--------------- strategy
[2016-07-14 09:31:16 896 2ffff700] md_cna <<--------------- strategy
[2016-07-14 09:31:26 883 2ffff700] [127.0.0.1:46604] udp连接丢失
[2016-07-14 09:35:55 987 2ffff700] 节点strategy注册在线
[2016-07-14 09:35:55 990 2ffff700] md_cna <<--------------- strategy
[2016-07-14 09:35:55 990 2ffff700] data_001 <<--------------- strategy
[2016-07-14 09:35:55 990 2ffff700] data_001 <<=============>> strategy
[2016-07-14 09:35:55 991 2ffff700] md_cna <<=============>> strategy
[2016-07-14 09:36:23 995 2ffff700] md_cna <<--------------- strategy
[2016-07-14 09:36:23 995 2ffff700] data_001 <<--------------- strategy
[2016-07-14 09:36:32 004 2ffff700] [127.0.0.1:56953] udp连接丢失
[2016-07-14 09:36:53 454 2ffff700] 节点strategy注册在线
[2016-07-14 09:36:53 460 2ffff700] md_cna <<--------------- strategy
[2016-07-14 09:36:53 460 2ffff700] md_cna <<=============>> strategy
[2016-07-14 09:36:53 461 2ffff700] data_001 <<--------------- strategy
[2016-07-14 09:36:53 462 2ffff700] data_001 <<=============>> strategy
[2016-07-14 09:37:07 461 2ffff700] data_001 <<--------------- strategy
[2016-07-14 09:37:07 471 2ffff700] md_cna <<--------------- strategy
[2016-07-14 09:37:29 462 2ffff700] [127.0.0.1:36586] udp连接丢失
[2016-07-14 09:39:22 876 2ffff700] 节点strategy注册在线
[2016-07-14 09:39:22 879 2ffff700] md_cna <<--------------- strategy
[2016-07-14 09:39:22 879 2ffff700] data_001 <<--------------- strategy
[2016-07-14 09:39:22 880 2ffff700] md_cna <<=============>> strategy
[2016-07-14 09:39:22 880 2ffff700] data_001 <<=============>> strategy
[2016-07-14 09:39:24 878 2ffff700] [127.0.0.1:50788] udp连接丢失
[2016-07-14 09:39:24 881 2ffff700] md_cna ------- x ------- strategy
[2016-07-14 09:39:24 882 2ffff700] data_001 ------- x ------- strategy
[2016-07-14 09:39:57 863 2ffff700] 节点strategy注册在线
[2016-07-14 09:39:57 867 2ffff700] data_001 <<--------------- strategy
[2016-07-14 09:39:57 868 2ffff700] data_001 <<=============>> strategy
[2016-07-14 09:39:57 868 2ffff700] md_cna <<--------------- strategy
[2016-07-14 09:39:57 869 2ffff700] md_cna <<=============>> strategy
[2016-07-14 09:39:59 865 2ffff700] [127.0.0.1:43908] udp连接丢失
[2016-07-14 09:39:59 866 2ffff700] md_cna ------- x ------- strategy
[2016-07-14 09:39:59 866 2ffff700] data_001 ------- x ------- strategy
[2016-07-14 09:40:45 281 2ffff700] 节点strategy注册在线
[2016-07-14 09:40:45 284 2ffff700] md_cna <<--------------- strategy
[2016-07-14 09:40:45 284 2ffff700] data_001 <<--------------- strategy
[2016-07-14 09:40:45 285 2ffff700] data_001 <<=============>> strategy
[2016-07-14 09:40:45 285 2ffff700] md_cna <<=============>> strategy
[2016-07-14 09:40:49 283 2ffff700] [127.0.0.1:48279] udp连接丢失
[2016-07-14 09:40:49 286 2ffff700] md_cna ------- x ------- strategy
[2016-07-14 09:40:49 287 2ffff700] data_001 ------- x ------- strategy
[2016-07-14 09:40:51 081 2ffff700] 节点strategy注册在线
[2016-07-14 09:40:51 086 2ffff700] md_cna <<--------------- strategy
[2016-07-14 09:40:51 086 2ffff700] data_001 <<--------------- strategy
[2016-07-14 09:40:51 087 2ffff700] md_cna <<=============>> strategy
[2016-07-14 09:40:51 087 2ffff700] data_001 <<=============>> strategy
[2016-07-14 09:40:53 084 2ffff700] [127.0.0.1:36908] udp连接丢失
[2016-07-14 09:40:53 086 2ffff700] data_001 ------- x ------- strategy
[2016-07-14 09:40:53 088 2ffff700] md_cna ------- x ------- strategy
[2016-07-14 09:42:33 140 2ffff700] [127.0.0.1:54901] udp连接丢失
[2016-07-14 09:42:33 142 2ffff700] strategy_proxy ------- x ------- md_cna
[2016-07-14 09:42:33 142 2ffff700] data_001 ------- x ------- md_cna
[2016-07-14 09:42:35 114 2ffff700] 节点md_cna注册在线
[2016-07-14 09:42:35 118 2ffff700] strategy_proxy <<--------------- md_cna
[2016-07-14 09:42:35 118 2ffff700] data_001 <<--------------- md_cna
[2016-07-14 09:42:35 119 2ffff700] strategy_proxy <<=============>> md_cna
[2016-07-14 09:42:35 119 2ffff700] data_001 <<=============>> md_cna
[2016-07-14 09:55:29 074 2ffff700] [127.0.0.1:10524] udp连接丢失
[2016-07-14 09:55:29 077 2ffff700] strategy_proxy ------- x ------- data_001
[2016-07-14 09:55:29 077 2ffff700] strategy_proxy ------- x ------- md_cna
[2016-07-14 09:56:49 190 2ffff700] 节点strategy_proxy注册在线
[2016-07-14 09:56:49 193 2ffff700] strategy_proxy <<--------------- data_001
[2016-07-14 09:56:49 193 2ffff700] strategy_proxy <<--------------- md_cna
[2016-07-14 09:56:49 193 2ffff700] strategy_proxy <<=============>> data_001
[2016-07-14 09:56:49 193 2ffff700] strategy_proxy <<=============>> md_cna
[2016-07-14 09:57:18 277 2ffff700] [127.0.0.1:10524] udp连接丢失
[2016-07-14 09:57:18 278 2ffff700] strategy_proxy ------- x ------- md_cna
[2016-07-14 09:57:18 279 2ffff700] strategy_proxy ------- x ------- data_001
