[2016-07-14 09:21:36 510 2f7fe700] [0x000055ec:53b42cbb] 在状态(),收到事件(0x00000009:1)
[2016-07-14 09:21:36 510 2f7fe700] [0x000055ec:53b42cbb] 状态迁移()---(0x00000009:1)-->(net_syn)
[2016-07-14 09:21:36 510 2f7fe700] [0x000055ec:53b42cbb] 在状态(net_syn),收到事件(0x00000009:3)
[2016-07-14 09:21:36 510 2f7fe700] [0x000055ec:53b42cbb] 状态迁移(net_syn)---(0x00000009:3)-->(data_slave)
[2016-07-14 09:21:36 510 2f7fe700] [000055ec:53b42cbb] 127.0.0.1:54901 syn ok ,remoteid = [0000e953:285066bd]，time dalay=0(ms),first(sendseq=20df5c8e:recvseq=516c3d5e),remote timestamp=20
[2016-07-14 09:21:45 862 2f7fe700] [0x000055ed:53b42cbc] 在状态(),收到事件(0x00000009:1)
[2016-07-14 09:21:45 862 2f7fe700] [0x000055ed:53b42cbc] 状态迁移()---(0x00000009:1)-->(net_syn)
[2016-07-14 09:21:45 862 2f7fe700] [0x000055ed:53b42cbc] 在状态(net_syn),收到事件(0x00000009:3)
[2016-07-14 09:21:45 862 2f7fe700] [0x000055ed:53b42cbc] 状态迁移(net_syn)---(0x00000009:3)-->(data_slave)
[2016-07-14 09:21:45 862 2f7fe700] [000055ed:53b42cbc] 127.0.0.1:52553 syn ok ,remoteid = [000085c2:79fffde2]，time dalay=0(ms),first(sendseq=755a1b6c:recvseq=7c8303f6),remote timestamp=0
[2016-07-14 09:22:07 279 2f7fe700] [0x000055ee:53b42cbd] 在状态(),收到事件(0x00000009:1)
[2016-07-14 09:22:07 279 2f7fe700] [0x000055ee:53b42cbd] 状态迁移()---(0x00000009:1)-->(net_syn)
[2016-07-14 09:22:07 279 2f7fe700] [0x000055ee:53b42cbd] 在状态(net_syn),收到事件(0x00000009:3)
[2016-07-14 09:22:07 279 2f7fe700] [0x000055ee:53b42cbd] 状态迁移(net_syn)---(0x00000009:3)-->(data_slave)
[2016-07-14 09:22:07 279 2f7fe700] [000055ee:53b42cbd] 127.0.0.1:10524 syn ok ,remoteid = [00003084:23d2f43f]，time dalay=0(ms),first(sendseq=4c100381:recvseq=530ceab4),remote timestamp=0
[2016-07-14 09:22:17 376 2f7fe700] [0x000055ef:53b42cbe] 在状态(),收到事件(0x00000009:1)
[2016-07-14 09:22:17 376 2f7fe700] [0x000055ef:53b42cbe] 状态迁移()---(0x00000009:1)-->(net_syn)
[2016-07-14 09:22:17 376 2f7fe700] [0x000055ef:53b42cbe] 在状态(net_syn),收到事件(0x00000009:3)
[2016-07-14 09:22:17 376 2f7fe700] [0x000055ef:53b42cbe] 状态迁移(net_syn)---(0x00000009:3)-->(data_slave)
[2016-07-14 09:22:17 376 2f7fe700] [000055ef:53b42cbe] 127.0.0.1:40694 syn ok ,remoteid = [0000e0f9:6bf8a0e7]，time dalay=0(ms),first(sendseq=60b8e1bd:recvseq=2398c8c5),remote timestamp=0
[2016-07-14 09:22:21 379 2f7fe700] [0x000055ef:53b42cbe] 在状态(data_slave),收到事件(0x00000009:4)
[2016-07-14 09:22:21 380 2f7fe700] [0x000055ef:53b42cbe] 状态迁移(data_slave)---(0x00000009:4)-->(net_rst)
[2016-07-14 09:22:21 383 2f7fe700] [000055ef:53b42cbe] 激活定时检测触发,状态不符
[2016-07-14 09:22:21 383 2f7fe700] [0x000055ef:53b42cbe] 在状态(net_rst),收到事件(0x00000009:6)
[2016-07-14 09:22:21 383 2f7fe700] [0x000055ef:53b42cbe] 状态迁移(net_rst)---(0x00000009:6)-->(reconnect?)
[2016-07-14 09:22:21 383 2f7fe700] [0x000055ef:53b42cbe] 在状态(reconnect?),收到事件(0x0000000c:0)
[2016-07-14 09:22:21 384 2f7fe700] [0x000055ef:53b42cbe] 状态迁移(reconnect?)---(0x0000000c:0)-->(exit)
[2016-07-14 09:22:21 384 2f7fe700] [ 55ef:53b42cbe] E15_udcp_item clean
[2016-07-14 09:22:36 147 2f7fe700] [0x000055ef:53b42cbf] 在状态(),收到事件(0x00000009:1)
[2016-07-14 09:22:36 147 2f7fe700] [0x000055ef:53b42cbf] 状态迁移()---(0x00000009:1)-->(net_syn)
[2016-07-14 09:22:36 147 2f7fe700] [0x000055ef:53b42cbf] 在状态(net_syn),收到事件(0x00000009:3)
[2016-07-14 09:22:36 147 2f7fe700] [0x000055ef:53b42cbf] 状态迁移(net_syn)---(0x00000009:3)-->(data_slave)
[2016-07-14 09:22:36 147 2f7fe700] [000055ef:53b42cbf] 127.0.0.1:43898 syn ok ,remoteid = [0000b60f:5232ce57]，time dalay=0(ms),first(sendseq=27060887:recvseq=2c7f6187),remote timestamp=0
[2016-07-14 09:23:12 150 2f7fe700] [0x000055ef:53b42cbf] 在状态(data_slave),收到事件(0x0000000e:1)
[2016-07-14 09:23:12 150 2f7fe700] [0x000055ef:53b42cbf] 状态迁移(data_slave)---(0x0000000e:1)-->(exit)
[2016-07-14 09:23:12 150 2f7fe700] [ 55ef:53b42cbf] E15_udcp_item clean
[2016-07-14 09:23:18 111 2f7fe700] [0x000055ef:53b42cc0] 在状态(),收到事件(0x00000009:1)
[2016-07-14 09:23:18 111 2f7fe700] [0x000055ef:53b42cc0] 状态迁移()---(0x00000009:1)-->(net_syn)
[2016-07-14 09:23:18 111 2f7fe700] [0x000055ef:53b42cc0] 在状态(net_syn),收到事件(0x00000009:3)
[2016-07-14 09:23:18 111 2f7fe700] [0x000055ef:53b42cc0] 状态迁移(net_syn)---(0x00000009:3)-->(data_slave)
[2016-07-14 09:23:18 112 2f7fe700] [000055ef:53b42cc0] 127.0.0.1:53859 syn ok ,remoteid = [0000ff22:7c5c26f0]，time dalay=0(ms),first(sendseq=16d10ab6:recvseq=12ad1275),remote timestamp=0
[2016-07-14 09:23:41 688 2f7fe700] [0x000055e8:53b42cc1] 在状态(),收到事件(0x00000009:1)
[2016-07-14 09:23:41 688 2f7fe700] [0x000055e8:53b42cc1] 状态迁移()---(0x00000009:1)-->(net_syn)
[2016-07-14 09:23:41 688 2f7fe700] [0x000055e8:53b42cc1] 在状态(net_syn),收到事件(0x00000009:3)
[2016-07-14 09:23:41 688 2f7fe700] [0x000055e8:53b42cc1] 状态迁移(net_syn)---(0x00000009:3)-->(data_slave)
[2016-07-14 09:23:41 688 2f7fe700] [000055e8:53b42cc1] 127.0.0.1:46739 syn ok ,remoteid = [0000c051:3f88d4da]，time dalay=0(ms),first(sendseq=2ee40329:recvseq=6f1cf3fa),remote timestamp=0
[2016-07-14 09:23:42 110 2f7fe700] [0x000055ef:53b42cc0] 在状态(data_slave),收到事件(0x0000000e:1)
[2016-07-14 09:23:42 111 2f7fe700] [0x000055ef:53b42cc0] 状态迁移(data_slave)---(0x0000000e:1)-->(exit)
[2016-07-14 09:23:42 111 2f7fe700] [ 55ef:53b42cc0] E15_udcp_item clean
[2016-07-14 09:23:49 692 2f7fe700] [0x000055e8:53b42cc1] 在状态(data_slave),收到事件(0x00000009:4)
[2016-07-14 09:23:49 693 2f7fe700] [0x000055e8:53b42cc1] 状态迁移(data_slave)---(0x00000009:4)-->(net_rst)
[2016-07-14 09:23:49 693 2f7fe700] [0x000055e8:53b42cc1] 在状态(net_rst),收到事件(0x00000009:6)
[2016-07-14 09:23:49 693 2f7fe700] [0x000055e8:53b42cc1] 状态迁移(net_rst)---(0x00000009:6)-->(reconnect?)
[2016-07-14 09:23:49 693 2f7fe700] [0x000055e8:53b42cc1] 在状态(reconnect?),收到事件(0x0000000c:0)
[2016-07-14 09:23:49 693 2f7fe700] [0x000055e8:53b42cc1] 状态迁移(reconnect?)---(0x0000000c:0)-->(exit)
[2016-07-14 09:23:49 693 2f7fe700] [ 55e8:53b42cc1] E15_udcp_item clean
[2016-07-14 09:24:52 311 2f7fe700] [0x000055ef:53b42cc2] 在状态(),收到事件(0x00000009:1)
[2016-07-14 09:24:52 311 2f7fe700] [0x000055ef:53b42cc2] 状态迁移()---(0x00000009:1)-->(net_syn)
[2016-07-14 09:24:52 312 2f7fe700] [0x000055ef:53b42cc2] 在状态(net_syn),收到事件(0x00000009:3)
[2016-07-14 09:24:52 312 2f7fe700] [0x000055ef:53b42cc2] 状态迁移(net_syn)---(0x00000009:3)-->(data_slave)
[2016-07-14 09:24:52 312 2f7fe700] [000055ef:53b42cc2] 127.0.0.1:41450 syn ok ,remoteid = [0000d0b1:183b301d]，time dalay=0(ms),first(sendseq=71069200:recvseq=6eefbab5),remote timestamp=0
[2016-07-14 09:25:40 323 2f7fe700] [0x000055ef:53b42cc2] 在状态(data_slave),收到事件(0x0000000e:1)
[2016-07-14 09:25:40 323 2f7fe700] [0x000055ef:53b42cc2] 状态迁移(data_slave)---(0x0000000e:1)-->(exit)
[2016-07-14 09:25:40 323 2f7fe700] [ 55ef:53b42cc2] E15_udcp_item clean
[2016-07-14 09:25:54 616 2f7fe700] [0x000055e8:53b42cc3] 在状态(),收到事件(0x00000009:1)
[2016-07-14 09:25:54 616 2f7fe700] [0x000055e8:53b42cc3] 状态迁移()---(0x00000009:1)-->(net_syn)
[2016-07-14 09:25:54 617 2f7fe700] [0x000055e8:53b42cc3] 在状态(net_syn),收到事件(0x00000009:3)
[2016-07-14 09:25:54 617 2f7fe700] [0x000055e8:53b42cc3] 状态迁移(net_syn)---(0x00000009:3)-->(data_slave)
[2016-07-14 09:25:54 617 2f7fe700] [000055e8:53b42cc3] 127.0.0.1:46881 syn ok ,remoteid = [0000f34c:118ec7c4]，time dalay=0(ms),first(sendseq=4fe61b80:recvseq=74eb2e22),remote timestamp=0
[2016-07-14 09:26:14 627 2f7fe700] [0x000055e8:53b42cc3] 在状态(data_slave),收到事件(0x0000000e:1)
[2016-07-14 09:26:14 628 2f7fe700] [0x000055e8:53b42cc3] 状态迁移(data_slave)---(0x0000000e:1)-->(exit)
[2016-07-14 09:26:14 628 2f7fe700] [ 55e8:53b42cc3] E15_udcp_item clean
[2016-07-14 09:26:42 526 2f7fe700] [0x000055ef:53b42cc4] 在状态(),收到事件(0x00000009:1)
[2016-07-14 09:26:42 526 2f7fe700] [0x000055ef:53b42cc4] 状态迁移()---(0x00000009:1)-->(net_syn)
[2016-07-14 09:26:42 526 2f7fe700] [0x000055ef:53b42cc4] 在状态(net_syn),收到事件(0x00000009:3)
[2016-07-14 09:26:42 526 2f7fe700] [0x000055ef:53b42cc4] 状态迁移(net_syn)---(0x00000009:3)-->(data_slave)
[2016-07-14 09:26:42 526 2f7fe700] [000055ef:53b42cc4] 127.0.0.1:48711 syn ok ,remoteid = [00004ef9:65afd7f0]，time dalay=0(ms),first(sendseq=29a14156:recvseq=16b4d512),remote timestamp=0
[2016-07-14 09:27:14 533 2f7fe700] [0x000055ef:53b42cc4] 在状态(data_slave),收到事件(0x0000000e:1)
[2016-07-14 09:27:14 533 2f7fe700] [0x000055ef:53b42cc4] 状态迁移(data_slave)---(0x0000000e:1)-->(exit)
[2016-07-14 09:27:14 533 2f7fe700] [ 55ef:53b42cc4] E15_udcp_item clean
[2016-07-14 09:27:34 939 2f7fe700] [0x000055e8:53b42cc5] 在状态(),收到事件(0x00000009:1)
[2016-07-14 09:27:34 939 2f7fe700] [0x000055e8:53b42cc5] 状态迁移()---(0x00000009:1)-->(net_syn)
[2016-07-14 09:27:34 939 2f7fe700] [0x000055e8:53b42cc5] 在状态(net_syn),收到事件(0x00000009:3)
[2016-07-14 09:27:34 939 2f7fe700] [0x000055e8:53b42cc5] 状态迁移(net_syn)---(0x00000009:3)-->(data_slave)
[2016-07-14 09:27:34 939 2f7fe700] [000055e8:53b42cc5] 127.0.0.1:57365 syn ok ,remoteid = [00001eb0:575bfe4d]，time dalay=0(ms),first(sendseq=398883a:recvseq=4cb31f99),remote timestamp=0
[2016-07-14 09:28:02 947 2f7fe700] [0x000055e8:53b42cc5] 在状态(data_slave),收到事件(0x0000000e:1)
[2016-07-14 09:28:02 947 2f7fe700] [0x000055e8:53b42cc5] 状态迁移(data_slave)---(0x0000000e:1)-->(exit)
[2016-07-14 09:28:02 947 2f7fe700] [ 55e8:53b42cc5] E15_udcp_item clean
[2016-07-14 09:30:58 872 2f7fe700] [0x000055ef:53b42cc6] 在状态(),收到事件(0x00000009:1)
[2016-07-14 09:30:58 872 2f7fe700] [0x000055ef:53b42cc6] 状态迁移()---(0x00000009:1)-->(net_syn)
[2016-07-14 09:30:58 872 2f7fe700] [0x000055ef:53b42cc6] 在状态(net_syn),收到事件(0x00000009:3)
[2016-07-14 09:30:58 872 2f7fe700] [0x000055ef:53b42cc6] 状态迁移(net_syn)---(0x00000009:3)-->(data_slave)
[2016-07-14 09:30:58 872 2f7fe700] [000055ef:53b42cc6] 127.0.0.1:46604 syn ok ,remoteid = [0000e4d5:7ff89560]，time dalay=0(ms),first(sendseq=601911e9:recvseq=4fd73be9),remote timestamp=0
[2016-07-14 09:31:26 883 2f7fe700] [0x000055ef:53b42cc6] 在状态(data_slave),收到事件(0x0000000e:1)
[2016-07-14 09:31:26 883 2f7fe700] [0x000055ef:53b42cc6] 状态迁移(data_slave)---(0x0000000e:1)-->(exit)
[2016-07-14 09:31:26 884 2f7fe700] [ 55ef:53b42cc6] E15_udcp_item clean
[2016-07-14 09:35:55 986 2f7fe700] [0x000055e8:53b42cc7] 在状态(),收到事件(0x00000009:1)
[2016-07-14 09:35:55 987 2f7fe700] [0x000055e8:53b42cc7] 状态迁移()---(0x00000009:1)-->(net_syn)
[2016-07-14 09:35:55 987 2f7fe700] [0x000055e8:53b42cc7] 在状态(net_syn),收到事件(0x00000009:3)
[2016-07-14 09:35:55 987 2f7fe700] [0x000055e8:53b42cc7] 状态迁移(net_syn)---(0x00000009:3)-->(data_slave)
[2016-07-14 09:35:55 987 2f7fe700] [000055e8:53b42cc7] 127.0.0.1:56953 syn ok ,remoteid = [000061fe:1df45f5a]，time dalay=0(ms),first(sendseq=600ee12c:recvseq=5b3ad7d6),remote timestamp=0
[2016-07-14 09:36:32 004 2f7fe700] [0x000055e8:53b42cc7] 在状态(data_slave),收到事件(0x0000000e:1)
[2016-07-14 09:36:32 004 2f7fe700] [0x000055e8:53b42cc7] 状态迁移(data_slave)---(0x0000000e:1)-->(exit)
[2016-07-14 09:36:32 004 2f7fe700] [ 55e8:53b42cc7] E15_udcp_item clean
[2016-07-14 09:36:53 452 2f7fe700] [0x000055ef:53b42cc8] 在状态(),收到事件(0x00000009:1)
[2016-07-14 09:36:53 453 2f7fe700] [0x000055ef:53b42cc8] 状态迁移()---(0x00000009:1)-->(net_syn)
[2016-07-14 09:36:53 453 2f7fe700] [0x000055ef:53b42cc8] 在状态(net_syn),收到事件(0x00000009:3)
[2016-07-14 09:36:53 453 2f7fe700] [0x000055ef:53b42cc8] 状态迁移(net_syn)---(0x00000009:3)-->(data_slave)
[2016-07-14 09:36:53 453 2f7fe700] [000055ef:53b42cc8] 127.0.0.1:36586 syn ok ,remoteid = [000000f9:3a0d6866]，time dalay=0(ms),first(sendseq=2d35b380:recvseq=4d5ae854),remote timestamp=0
[2016-07-14 09:37:29 462 2f7fe700] [0x000055ef:53b42cc8] 在状态(data_slave),收到事件(0x0000000e:1)
[2016-07-14 09:37:29 462 2f7fe700] [0x000055ef:53b42cc8] 状态迁移(data_slave)---(0x0000000e:1)-->(exit)
[2016-07-14 09:37:29 462 2f7fe700] [ 55ef:53b42cc8] E15_udcp_item clean
[2016-07-14 09:39:22 874 2f7fe700] [0x000055e8:53b42cc9] 在状态(),收到事件(0x00000009:1)
[2016-07-14 09:39:22 874 2f7fe700] [0x000055e8:53b42cc9] 状态迁移()---(0x00000009:1)-->(net_syn)
[2016-07-14 09:39:22 876 2f7fe700] [0x000055e8:53b42cc9] 在状态(net_syn),收到事件(0x00000009:3)
[2016-07-14 09:39:22 876 2f7fe700] [0x000055e8:53b42cc9] 状态迁移(net_syn)---(0x00000009:3)-->(data_slave)
[2016-07-14 09:39:22 876 2f7fe700] [000055e8:53b42cc9] 127.0.0.1:50788 syn ok ,remoteid = [0000f575:3c03a113]，time dalay=0(ms),first(sendseq=629427c8:recvseq=1cb4ba4b),remote timestamp=0
[2016-07-14 09:39:24 878 2f7fe700] [0x000055e8:53b42cc9] 在状态(data_slave),收到事件(0x00000009:4)
[2016-07-14 09:39:24 878 2f7fe700] [0x000055e8:53b42cc9] 状态迁移(data_slave)---(0x00000009:4)-->(net_rst)
[2016-07-14 09:39:24 881 2f7fe700] [0x000055e8:53b42cc9] 在状态(net_rst),收到事件(0x00000009:6)
[2016-07-14 09:39:24 881 2f7fe700] [0x000055e8:53b42cc9] 状态迁移(net_rst)---(0x00000009:6)-->(reconnect?)
[2016-07-14 09:39:24 881 2f7fe700] [0x000055e8:53b42cc9] 在状态(reconnect?),收到事件(0x0000000c:0)
[2016-07-14 09:39:24 881 2f7fe700] [0x000055e8:53b42cc9] 状态迁移(reconnect?)---(0x0000000c:0)-->(exit)
[2016-07-14 09:39:24 881 2f7fe700] [ 55e8:53b42cc9] E15_udcp_item clean
[2016-07-14 09:39:57 862 2f7fe700] [0x000055ef:53b42cca] 在状态(),收到事件(0x00000009:1)
[2016-07-14 09:39:57 862 2f7fe700] [0x000055ef:53b42cca] 状态迁移()---(0x00000009:1)-->(net_syn)
[2016-07-14 09:39:57 862 2f7fe700] [0x000055ef:53b42cca] 在状态(net_syn),收到事件(0x00000009:3)
[2016-07-14 09:39:57 862 2f7fe700] [0x000055ef:53b42cca] 状态迁移(net_syn)---(0x00000009:3)-->(data_slave)
[2016-07-14 09:39:57 862 2f7fe700] [000055ef:53b42cca] 127.0.0.1:43908 syn ok ,remoteid = [0000a74a:53ac631b]，time dalay=0(ms),first(sendseq=4090c104:recvseq=30ea7614),remote timestamp=0
[2016-07-14 09:39:59 865 2f7fe700] [0x000055ef:53b42cca] 在状态(data_slave),收到事件(0x00000009:4)
[2016-07-14 09:39:59 865 2f7fe700] [0x000055ef:53b42cca] 状态迁移(data_slave)---(0x00000009:4)-->(net_rst)
[2016-07-14 09:39:59 866 2f7fe700] [0x000055ef:53b42cca] 在状态(net_rst),收到事件(0x00000009:6)
[2016-07-14 09:39:59 866 2f7fe700] [0x000055ef:53b42cca] 状态迁移(net_rst)---(0x00000009:6)-->(reconnect?)
[2016-07-14 09:39:59 866 2f7fe700] [0x000055ef:53b42cca] 在状态(reconnect?),收到事件(0x0000000c:0)
[2016-07-14 09:39:59 866 2f7fe700] [0x000055ef:53b42cca] 状态迁移(reconnect?)---(0x0000000c:0)-->(exit)
[2016-07-14 09:39:59 866 2f7fe700] [ 55ef:53b42cca] E15_udcp_item clean
[2016-07-14 09:40:45 280 2f7fe700] [0x000055e8:53b42ccb] 在状态(),收到事件(0x00000009:1)
[2016-07-14 09:40:45 280 2f7fe700] [0x000055e8:53b42ccb] 状态迁移()---(0x00000009:1)-->(net_syn)
[2016-07-14 09:40:45 280 2f7fe700] [0x000055e8:53b42ccb] 在状态(net_syn),收到事件(0x00000009:3)
[2016-07-14 09:40:45 280 2f7fe700] [0x000055e8:53b42ccb] 状态迁移(net_syn)---(0x00000009:3)-->(data_slave)
[2016-07-14 09:40:45 280 2f7fe700] [000055e8:53b42ccb] 127.0.0.1:48279 syn ok ,remoteid = [000086e7:29b099a7]，time dalay=0(ms),first(sendseq=392fe25e:recvseq=54ec1d7d),remote timestamp=0
[2016-07-14 09:40:49 283 2f7fe700] [0x000055e8:53b42ccb] 在状态(data_slave),收到事件(0x00000009:4)
[2016-07-14 09:40:49 283 2f7fe700] [0x000055e8:53b42ccb] 状态迁移(data_slave)---(0x00000009:4)-->(net_rst)
[2016-07-14 09:40:49 285 2f7fe700] [0x000055e8:53b42ccb] 在状态(net_rst),收到事件(0x00000009:6)
[2016-07-14 09:40:49 285 2f7fe700] [0x000055e8:53b42ccb] 状态迁移(net_rst)---(0x00000009:6)-->(reconnect?)
[2016-07-14 09:40:49 285 2f7fe700] [0x000055e8:53b42ccb] 在状态(reconnect?),收到事件(0x0000000c:0)
[2016-07-14 09:40:49 285 2f7fe700] [0x000055e8:53b42ccb] 状态迁移(reconnect?)---(0x0000000c:0)-->(exit)
[2016-07-14 09:40:49 286 2f7fe700] [ 55e8:53b42ccb] E15_udcp_item clean
[2016-07-14 09:40:51 080 2f7fe700] [0x000055ef:53b42ccc] 在状态(),收到事件(0x00000009:1)
[2016-07-14 09:40:51 080 2f7fe700] [0x000055ef:53b42ccc] 状态迁移()---(0x00000009:1)-->(net_syn)
[2016-07-14 09:40:51 080 2f7fe700] [0x000055ef:53b42ccc] 在状态(net_syn),收到事件(0x00000009:3)
[2016-07-14 09:40:51 081 2f7fe700] [0x000055ef:53b42ccc] 状态迁移(net_syn)---(0x00000009:3)-->(data_slave)
[2016-07-14 09:40:51 081 2f7fe700] [000055ef:53b42ccc] 127.0.0.1:36908 syn ok ,remoteid = [00004e75:1457c498]，time dalay=0(ms),first(sendseq=526acff:recvseq=515229d1),remote timestamp=0
[2016-07-14 09:40:53 083 2f7fe700] [0x000055ef:53b42ccc] 在状态(data_slave),收到事件(0x00000009:4)
[2016-07-14 09:40:53 084 2f7fe700] [0x000055ef:53b42ccc] 状态迁移(data_slave)---(0x00000009:4)-->(net_rst)
[2016-07-14 09:40:53 086 2f7fe700] [0x000055ef:53b42ccc] 在状态(net_rst),收到事件(0x00000009:6)
[2016-07-14 09:40:53 086 2f7fe700] [0x000055ef:53b42ccc] 状态迁移(net_rst)---(0x00000009:6)-->(reconnect?)
[2016-07-14 09:40:53 086 2f7fe700] [0x000055ef:53b42ccc] 在状态(reconnect?),收到事件(0x0000000c:0)
[2016-07-14 09:40:53 086 2f7fe700] [0x000055ef:53b42ccc] 状态迁移(reconnect?)---(0x0000000c:0)-->(exit)
[2016-07-14 09:40:53 086 2f7fe700] [ 55ef:53b42ccc] E15_udcp_item clean
[2016-07-14 09:42:33 139 2f7fe700] [0x000055ec:53b42cbb] 在状态(data_slave),收到事件(0x00000009:4)
[2016-07-14 09:42:33 140 2f7fe700] [0x000055ec:53b42cbb] 状态迁移(data_slave)---(0x00000009:4)-->(net_rst)
[2016-07-14 09:42:33 141 2f7fe700] [0x000055ec:53b42cbb] 在状态(net_rst),收到事件(0x00000009:6)
[2016-07-14 09:42:33 141 2f7fe700] [0x000055ec:53b42cbb] 状态迁移(net_rst)---(0x00000009:6)-->(reconnect?)
[2016-07-14 09:42:33 142 2f7fe700] [0x000055ec:53b42cbb] 在状态(reconnect?),收到事件(0x0000000c:0)
[2016-07-14 09:42:33 142 2f7fe700] [0x000055ec:53b42cbb] 状态迁移(reconnect?)---(0x0000000c:0)-->(exit)
[2016-07-14 09:42:33 142 2f7fe700] [ 55ec:53b42cbb] E15_udcp_item clean
[2016-07-14 09:42:35 113 2f7fe700] [0x000055e8:53b42ccd] 在状态(),收到事件(0x00000009:1)
[2016-07-14 09:42:35 113 2f7fe700] [0x000055e8:53b42ccd] 状态迁移()---(0x00000009:1)-->(net_syn)
[2016-07-14 09:42:35 113 2f7fe700] [0x000055e8:53b42ccd] 在状态(net_syn),收到事件(0x00000009:3)
[2016-07-14 09:42:35 113 2f7fe700] [0x000055e8:53b42ccd] 状态迁移(net_syn)---(0x00000009:3)-->(data_slave)
[2016-07-14 09:42:35 113 2f7fe700] [000055e8:53b42ccd] 127.0.0.1:35412 syn ok ,remoteid = [0000dd69:78024580]，time dalay=0(ms),first(sendseq=410e22dd:recvseq=3db3c3cc),remote timestamp=0
[2016-07-14 09:55:29 074 2f7fe700] [0x000055ee:53b42cbd] 在状态(data_slave),收到事件(0x00000009:4)
[2016-07-14 09:55:29 074 2f7fe700] [0x000055ee:53b42cbd] 状态迁移(data_slave)---(0x00000009:4)-->(net_rst)
[2016-07-14 09:55:29 077 2f7fe700] [0x000055ee:53b42cbd] 在状态(net_rst),收到事件(0x00000009:6)
[2016-07-14 09:55:29 077 2f7fe700] [0x000055ee:53b42cbd] 状态迁移(net_rst)---(0x00000009:6)-->(reconnect?)
[2016-07-14 09:55:29 077 2f7fe700] [0x000055ee:53b42cbd] 在状态(reconnect?),收到事件(0x0000000c:0)
[2016-07-14 09:55:29 077 2f7fe700] [0x000055ee:53b42cbd] 状态迁移(reconnect?)---(0x0000000c:0)-->(exit)
[2016-07-14 09:55:29 077 2f7fe700] [ 55ee:53b42cbd] E15_udcp_item clean
[2016-07-14 09:56:49 189 2f7fe700] [0x000055ef:53b42cce] 在状态(),收到事件(0x00000009:1)
[2016-07-14 09:56:49 189 2f7fe700] [0x000055ef:53b42cce] 状态迁移()---(0x00000009:1)-->(net_syn)
[2016-07-14 09:56:49 189 2f7fe700] [0x000055ef:53b42cce] 在状态(net_syn),收到事件(0x00000009:3)
[2016-07-14 09:56:49 189 2f7fe700] [0x000055ef:53b42cce] 状态迁移(net_syn)---(0x00000009:3)-->(data_slave)
[2016-07-14 09:56:49 189 2f7fe700] [000055ef:53b42cce] 127.0.0.1:10524 syn ok ,remoteid = [0000df2b:6a5e702d]，time dalay=0(ms),first(sendseq=2c7c04d1:recvseq=202518ec),remote timestamp=0
[2016-07-14 09:57:18 276 2f7fe700] [0x000055ef:53b42cce] 在状态(data_slave),收到事件(0x00000009:4)
[2016-07-14 09:57:18 277 2f7fe700] [0x000055ef:53b42cce] 状态迁移(data_slave)---(0x00000009:4)-->(net_rst)
[2016-07-14 09:57:18 278 2f7fe700] [0x000055ef:53b42cce] 在状态(net_rst),收到事件(0x00000009:6)
[2016-07-14 09:57:18 278 2f7fe700] [0x000055ef:53b42cce] 状态迁移(net_rst)---(0x00000009:6)-->(reconnect?)
[2016-07-14 09:57:18 278 2f7fe700] [0x000055ef:53b42cce] 在状态(reconnect?),收到事件(0x0000000c:0)
[2016-07-14 09:57:18 278 2f7fe700] [0x000055ef:53b42cce] 状态迁移(reconnect?)---(0x0000000c:0)-->(exit)
[2016-07-14 09:57:18 278 2f7fe700] [ 55ef:53b42cce] E15_udcp_item clean
