[2016-07-12 08:55:01 728 5a637780] 添加节点成功,name=md_ctp,N=1,role=md_server,group=ctp,id=[0:24da0ed8]
[2016-07-12 08:55:01 728 5a637780] 添加节点成功,name=md_cna,N=2,role=md_server,group=cna,id=[1:24da0ed9]
[2016-07-12 08:55:01 729 5a637780] 添加节点成功,name=data_001,N=6,role=data_factory,group=base,id=[5:24da0eda]
[2016-07-12 08:55:01 729 5a637780] 添加节点成功,name=uemgr,N=7,role=proxy,group=ue,id=[6:24da0edb]
[2016-07-12 08:55:01 729 5a637780] 添加节点成功,name=strategy_proxy,N=12,role=proxy,group=test,id=[b:24da0edc]
[2016-07-12 08:55:01 729 5a637780] 添加节点成功,name=store_dia,N=8,role=store,group=dia,id=[7:24da0edd]
[2016-07-12 08:55:01 729 5a637780] 添加节点成功,name=h001,N=9,role=history,group=test,id=[8:24da0ede]
[2016-07-12 08:55:01 729 5a637780] 添加节点成功,name=strategy,N=10,role=strategy,group=test,id=[9:24da0edf]
[2016-07-12 08:55:01 729 5a637780] 添加节点成功,name=strategy_01,N=11,role=strategy,group=test,id=[a:24da0ee0]
[2016-07-12 08:55:01 729 5a637780] 添加节点成功,name=snatch_ctp,N=3,role=,group=,id=[2:24da0ee1]
[2016-07-12 08:55:01 729 5a637780] [data_001<===>md_ctp]连接建立成功
[2016-07-12 08:55:01 729 5a637780] [data_001<===>md_cna]连接建立成功
[2016-07-12 08:55:01 729 5a637780] [uemgr<===>md_cna]连接建立成功
[2016-07-12 08:55:01 729 5a637780] [uemgr<===>md_ctp]连接建立成功
[2016-07-12 08:55:01 729 5a637780] [data_001<===>store_dia]连接建立成功
[2016-07-12 08:55:01 729 5a637780] [strategy<===>uemgr]连接建立成功
[2016-07-12 08:55:01 729 5a637780] [strategy_01<===>uemgr]连接建立成功
[2016-07-12 08:55:01 730 5a637780] [uemgr<===>data_001]连接建立成功
[2016-07-12 08:55:01 730 5a637780] [md_cna<===>strategy]连接建立成功
[2016-07-12 08:55:01 730 5a637780] [data_001<===>strategy]连接建立成功
[2016-07-12 08:55:01 730 5a637780] [strategy_proxy<===>data_001]连接建立成功
[2016-07-12 08:55:01 730 5a637780] [strategy_proxy<===>md_cna]连接建立成功
[2016-07-12 08:55:01 730 5a637780] E15_domain 在[0.0.0.0:3606] 启动
[2016-07-12 08:55:11 181 5798d700] 节点md_cna注册在线
[2016-07-12 08:55:21 222 5798d700] 节点data_001注册在线
[2016-07-12 08:55:21 224 5798d700] data_001 <<--------------- md_cna
[2016-07-12 08:55:21 225 5798d700] data_001 <<=============>> md_cna
[2016-07-12 08:55:35 475 5798d700] 节点strategy_proxy注册在线
[2016-07-12 08:55:35 479 5798d700] strategy_proxy <<--------------- md_cna
[2016-07-12 08:55:35 479 5798d700] strategy_proxy <<=============>> md_cna
[2016-07-12 08:55:41 264 5798d700] strategy_proxy <<--------------- data_001
[2016-07-12 08:55:41 265 5798d700] strategy_proxy <<=============>> data_001
