[2016-07-12 17:50:36 785 5718c700] [0x0000284d:02f985c4] 在状态(data_slave),收到事件(0x00000009:4)
[2016-07-12 17:50:36 811 5718c700] [0x0000284d:02f985c4] 状态迁移(data_slave)---(0x00000009:4)-->(net_rst)
[2016-07-12 17:50:36 811 5718c700] [0023173e:5a1cc109] 收到时间同步消息，通信延迟约 0 ms
[2016-07-12 17:50:36 811 5718c700] [0022eca0:5a1cc109] 收到时间同步消息，通信延迟约 0 ms
[2016-07-12 17:50:36 811 5718c700] [0x0000284d:02f985c4] 在状态(net_rst),收到事件(0x00000009:6)
[2016-07-12 17:50:36 811 5718c700] [0x0000284d:02f985c4] 状态迁移(net_rst)---(0x00000009:6)-->(reconnect?)
[2016-07-12 17:50:36 811 5718c700] [0x0000284d:02f985c4] 在状态(reconnect?),收到事件(0x0000000c:0)
[2016-07-12 17:50:36 811 5718c700] [0x0000284d:02f985c4] 状态迁移(reconnect?)---(0x0000000c:0)-->(exit)
[2016-07-12 17:50:36 811 5718c700] [ 284d:2f985c4] E15_udcp_item clean
[2016-07-12 17:50:38 405 5718c700] [0x0000284e:02f985c2] 在状态(data_slave),收到事件(0x00000009:4)
[2016-07-12 17:50:38 405 5718c700] [0x0000284e:02f985c2] 状态迁移(data_slave)---(0x00000009:4)-->(net_rst)
[2016-07-12 17:50:38 405 5718c700] [0x0000284e:02f985c2] 在状态(net_rst),收到事件(0x00000009:6)
[2016-07-12 17:50:38 405 5718c700] [0x0000284e:02f985c2] 状态迁移(net_rst)---(0x00000009:6)-->(reconnect?)
[2016-07-12 17:50:38 405 5718c700] [0x0000284e:02f985c2] 在状态(reconnect?),收到事件(0x0000000c:0)
[2016-07-12 17:50:38 405 5718c700] [0x0000284e:02f985c2] 状态迁移(reconnect?)---(0x0000000c:0)-->(exit)
[2016-07-12 17:50:38 405 5718c700] [ 284e:2f985c2] E15_udcp_item clean
[2016-07-12 17:50:40 214 5718c700] [0x0000284f:02f985c1] 在状态(data_slave),收到事件(0x00000009:4)
[2016-07-12 17:50:40 214 5718c700] [0x0000284f:02f985c1] 状态迁移(data_slave)---(0x00000009:4)-->(net_rst)
[2016-07-12 17:50:40 214 5718c700] [0x0000284f:02f985c1] 在状态(net_rst),收到事件(0x00000009:6)
[2016-07-12 17:50:40 214 5718c700] [0x0000284f:02f985c1] 状态迁移(net_rst)---(0x00000009:6)-->(reconnect?)
[2016-07-12 17:50:40 214 5718c700] [0x0000284f:02f985c1] 在状态(reconnect?),收到事件(0x0000000c:0)
[2016-07-12 17:50:40 214 5718c700] [0x0000284f:02f985c1] 状态迁移(reconnect?)---(0x0000000c:0)-->(exit)
[2016-07-12 17:50:40 214 5718c700] [ 284f:2f985c1] E15_udcp_item clean
[2016-07-12 17:50:42 633 5a637780] udcp session exit normally
