[2016-07-06 11:13:33 617 ee346780] 添加节点成功,name=md_ctp,N=1,role=md_server,group=ctp,id=[0:d18fa7b]
[2016-07-06 11:13:33 617 ee346780] 添加节点成功,name=md_cna,N=2,role=md_server,group=cna,id=[1:d18fa7c]
[2016-07-06 11:13:33 617 ee346780] 添加节点成功,name=data_001,N=6,role=data_factory,group=base,id=[5:d18fa7d]
[2016-07-06 11:13:33 617 ee346780] 添加节点成功,name=uemgr,N=7,role=proxy,group=ue,id=[6:d18fa7e]
[2016-07-06 11:13:33 617 ee346780] 添加节点成功,name=strategy_proxy,N=12,role=proxy,group=test,id=[b:d18fa7f]
[2016-07-06 11:13:33 617 ee346780] 添加节点成功,name=store_dia,N=8,role=store,group=dia,id=[7:d18fa80]
[2016-07-06 11:13:33 617 ee346780] 添加节点成功,name=h001,N=9,role=history,group=test,id=[8:d18fa81]
[2016-07-06 11:13:33 618 ee346780] 添加节点成功,name=strategy,N=10,role=strategy,group=test,id=[9:d18fa82]
[2016-07-06 11:13:33 618 ee346780] 添加节点成功,name=strategy_01,N=11,role=strategy,group=test,id=[a:d18fa83]
[2016-07-06 11:13:33 618 ee346780] 添加节点成功,name=snatch_ctp,N=3,role=,group=,id=[2:d18fa84]
[2016-07-06 11:13:33 618 ee346780] [data_001<===>md_ctp]连接建立成功
[2016-07-06 11:13:33 618 ee346780] [data_001<===>md_cna]连接建立成功
[2016-07-06 11:13:33 618 ee346780] [uemgr<===>md_cna]连接建立成功
[2016-07-06 11:13:33 618 ee346780] [uemgr<===>md_ctp]连接建立成功
[2016-07-06 11:13:33 618 ee346780] [data_001<===>store_dia]连接建立成功
[2016-07-06 11:13:33 618 ee346780] [strategy<===>uemgr]连接建立成功
[2016-07-06 11:13:33 618 ee346780] [strategy_01<===>uemgr]连接建立成功
[2016-07-06 11:13:33 618 ee346780] [uemgr<===>data_001]连接建立成功
[2016-07-06 11:13:33 618 ee346780] [md_cna<===>strategy]连接建立成功
[2016-07-06 11:13:33 618 ee346780] [data_001<===>strategy]连接建立成功
[2016-07-06 11:13:33 618 ee346780] [strategy_proxy<===>data_001]连接建立成功
[2016-07-06 11:13:33 618 ee346780] [strategy_proxy<===>md_cna]连接建立成功
[2016-07-06 11:13:33 618 ee346780] E15_domain 在[0.0.0.0:3606] 启动
[2016-07-06 11:13:50 299 eb69c700] 节点md_cna注册在线
[2016-07-06 11:14:38 212 eb69c700] 节点data_001注册在线
[2016-07-06 11:14:38 215 eb69c700] data_001 <<--------------- md_cna
[2016-07-06 11:14:38 216 eb69c700] data_001 <<=============>> md_cna
[2016-07-06 11:15:09 323 eb69c700] 节点uemgr注册在线
[2016-07-06 11:15:09 327 eb69c700] uemgr <<--------------- data_001
[2016-07-06 11:15:09 327 eb69c700] uemgr <<--------------- md_cna
[2016-07-06 11:15:09 330 eb69c700] uemgr <<=============>> data_001
[2016-07-06 11:15:09 330 eb69c700] uemgr <<=============>> md_cna
[2016-07-06 11:17:08 251 eb69c700] 节点strategy_proxy注册在线
[2016-07-06 11:17:08 255 eb69c700] strategy_proxy <<--------------- data_001
[2016-07-06 11:17:08 255 eb69c700] strategy_proxy <<--------------- md_cna
[2016-07-06 11:17:08 255 eb69c700] strategy_proxy <<=============>> data_001
[2016-07-06 11:17:08 255 eb69c700] strategy_proxy <<=============>> md_cna
[2016-07-06 11:26:25 854 eb69c700] [127.0.0.1:59129] udp连接丢失
[2016-07-06 11:26:25 856 eb69c700] strategy_proxy ------- x ------- md_cna
[2016-07-06 11:26:25 856 eb69c700] uemgr ------- x ------- md_cna
[2016-07-06 11:26:25 856 eb69c700] data_001 ------- x ------- md_cna
[2016-07-06 11:32:39 264 eb69c700] 节点md_cna注册在线
[2016-07-06 11:32:39 275 eb69c700] data_001 <<--------------- md_cna
[2016-07-06 11:32:39 275 eb69c700] strategy_proxy <<--------------- md_cna
[2016-07-06 11:32:39 276 eb69c700] uemgr <<--------------- md_cna
[2016-07-06 11:32:39 276 eb69c700] strategy_proxy <<=============>> md_cna
[2016-07-06 11:32:39 276 eb69c700] uemgr <<=============>> md_cna
[2016-07-06 11:32:39 276 eb69c700] data_001 <<=============>> md_cna
[2016-07-06 11:35:23 280 eb69c700] [127.0.0.1:50323] udp连接丢失
[2016-07-06 11:35:23 284 eb69c700] data_001 ------- x ------- md_cna
[2016-07-06 11:35:23 285 eb69c700] uemgr ------- x ------- md_cna
[2016-07-06 11:35:23 286 eb69c700] strategy_proxy ------- x ------- md_cna
[2016-07-06 11:35:38 770 eb69c700] 节点md_cna注册在线
[2016-07-06 11:35:38 774 eb69c700] uemgr <<--------------- md_cna
[2016-07-06 11:35:38 774 eb69c700] uemgr <<=============>> md_cna
[2016-07-06 11:35:38 776 eb69c700] strategy_proxy <<--------------- md_cna
[2016-07-06 11:35:38 776 eb69c700] data_001 <<--------------- md_cna
[2016-07-06 11:35:38 776 eb69c700] strategy_proxy <<=============>> md_cna
[2016-07-06 11:35:38 776 eb69c700] data_001 <<=============>> md_cna
[2016-07-06 11:37:48 168 eb69c700] [127.0.0.1:38876] udp连接丢失
[2016-07-06 11:37:48 168 eb69c700] uemgr ------- x ------- md_cna
[2016-07-06 11:37:48 169 eb69c700] strategy_proxy ------- x ------- md_cna
[2016-07-06 11:37:48 170 eb69c700] data_001 ------- x ------- md_cna
[2016-07-06 11:37:49 458 eb69c700] 节点md_cna注册在线
[2016-07-06 11:37:49 461 eb69c700] uemgr <<--------------- md_cna
[2016-07-06 11:37:49 462 eb69c700] uemgr <<=============>> md_cna
[2016-07-06 11:37:49 462 eb69c700] strategy_proxy <<--------------- md_cna
[2016-07-06 11:37:49 462 eb69c700] strategy_proxy <<=============>> md_cna
[2016-07-06 11:37:49 463 eb69c700] data_001 <<--------------- md_cna
[2016-07-06 11:37:49 463 eb69c700] data_001 <<=============>> md_cna
[2016-07-06 11:45:31 775 eb69c700] [127.0.0.1:38406] udp连接丢失
[2016-07-06 11:45:31 777 eb69c700] uemgr ------- x ------- md_cna
[2016-07-06 11:45:31 778 eb69c700] strategy_proxy ------- x ------- md_cna
[2016-07-06 11:45:31 778 eb69c700] data_001 ------- x ------- md_cna
[2016-07-06 11:45:32 960 eb69c700] 节点md_cna注册在线
[2016-07-06 11:45:32 964 eb69c700] uemgr <<--------------- md_cna
[2016-07-06 11:45:32 965 eb69c700] strategy_proxy <<--------------- md_cna
[2016-07-06 11:45:32 965 eb69c700] data_001 <<--------------- md_cna
[2016-07-06 11:45:32 965 eb69c700] strategy_proxy <<=============>> md_cna
[2016-07-06 11:45:32 965 eb69c700] uemgr <<=============>> md_cna
[2016-07-06 11:45:32 966 eb69c700] data_001 <<=============>> md_cna
[2016-07-06 11:45:46 110 eb69c700] [127.0.0.1:59327] udp连接丢失
[2016-07-06 11:45:46 112 eb69c700] data_001 ------- x ------- md_cna
[2016-07-06 11:45:46 113 eb69c700] uemgr ------- x ------- md_cna
[2016-07-06 11:45:46 115 eb69c700] strategy_proxy ------- x ------- md_cna
[2016-07-06 11:46:26 084 eb69c700] 节点md_cna注册在线
[2016-07-06 11:46:26 090 eb69c700] strategy_proxy <<--------------- md_cna
[2016-07-06 11:46:26 090 eb69c700] data_001 <<--------------- md_cna
[2016-07-06 11:46:26 090 eb69c700] uemgr <<--------------- md_cna
[2016-07-06 11:46:26 091 eb69c700] strategy_proxy <<=============>> md_cna
[2016-07-06 11:46:26 091 eb69c700] uemgr <<=============>> md_cna
[2016-07-06 11:46:26 091 eb69c700] data_001 <<=============>> md_cna
[2016-07-06 11:50:24 002 eb69c700] [127.0.0.1:46429] udp连接丢失
[2016-07-06 11:50:25 006 eb69c700] strategy_proxy ------- x ------- md_cna
[2016-07-06 11:50:25 006 eb69c700] uemgr ------- x ------- md_cna
[2016-07-06 11:50:25 007 eb69c700] data_001 ------- x ------- md_cna
[2016-07-06 11:50:26 456 eb69c700] 节点md_cna注册在线
[2016-07-06 11:50:26 461 eb69c700] data_001 <<--------------- md_cna
[2016-07-06 11:50:26 461 eb69c700] uemgr <<--------------- md_cna
[2016-07-06 11:50:26 461 eb69c700] strategy_proxy <<--------------- md_cna
[2016-07-06 11:50:26 462 eb69c700] strategy_proxy <<=============>> md_cna
[2016-07-06 11:50:26 462 eb69c700] uemgr <<=============>> md_cna
[2016-07-06 11:50:26 462 eb69c700] data_001 <<=============>> md_cna
