[2016-07-06 11:13:50 298 eae9b700] [0x0000a799:4cbb4dcc] 在状态(),收到事件(0x00000009:1)
[2016-07-06 11:13:50 298 eae9b700] [0x0000a799:4cbb4dcc] 状态迁移()---(0x00000009:1)-->(net_syn)
[2016-07-06 11:13:50 299 eae9b700] [0x0000a799:4cbb4dcc] 在状态(net_syn),收到事件(0x00000009:3)
[2016-07-06 11:13:50 299 eae9b700] [0x0000a799:4cbb4dcc] 状态迁移(net_syn)---(0x00000009:3)-->(data_slave)
[2016-07-06 11:13:50 299 eae9b700] [0000a799:4cbb4dcc] 127.0.0.1:59129 syn ok ,remoteid = [0000e87d:7a494f12]，time dalay=0(ms),first(sendseq=61edd274:recvseq=287a3c19),remote timestamp=20
[2016-07-06 11:14:38 212 eae9b700] [0x0000a798:4cbb4dcd] 在状态(),收到事件(0x00000009:1)
[2016-07-06 11:14:38 212 eae9b700] [0x0000a798:4cbb4dcd] 状态迁移()---(0x00000009:1)-->(net_syn)
[2016-07-06 11:14:38 212 eae9b700] [0x0000a798:4cbb4dcd] 在状态(net_syn),收到事件(0x00000009:3)
[2016-07-06 11:14:38 212 eae9b700] [0x0000a798:4cbb4dcd] 状态迁移(net_syn)---(0x00000009:3)-->(data_slave)
[2016-07-06 11:14:38 212 eae9b700] [0000a798:4cbb4dcd] 127.0.0.1:36972 syn ok ,remoteid = [0000a0f0:40a36961]，time dalay=0(ms),first(sendseq=61a03de1:recvseq=4eb9e4d5),remote timestamp=0
[2016-07-06 11:15:09 322 eae9b700] [0x0000a79b:4cbb4dce] 在状态(),收到事件(0x00000009:1)
[2016-07-06 11:15:09 322 eae9b700] [0x0000a79b:4cbb4dce] 状态迁移()---(0x00000009:1)-->(net_syn)
[2016-07-06 11:15:09 322 eae9b700] [0x0000a79b:4cbb4dce] 在状态(net_syn),收到事件(0x00000009:3)
[2016-07-06 11:15:09 323 eae9b700] [0x0000a79b:4cbb4dce] 状态迁移(net_syn)---(0x00000009:3)-->(data_slave)
[2016-07-06 11:15:09 323 eae9b700] [0000a79b:4cbb4dce] 127.0.0.1:8002 syn ok ,remoteid = [0000e2f6:0cba4647]，time dalay=0(ms),first(sendseq=76a0c269:recvseq=4f349bf4),remote timestamp=10
[2016-07-06 11:17:08 251 eae9b700] [0x0000a79a:4cbb4dcf] 在状态(),收到事件(0x00000009:1)
[2016-07-06 11:17:08 251 eae9b700] [0x0000a79a:4cbb4dcf] 状态迁移()---(0x00000009:1)-->(net_syn)
[2016-07-06 11:17:08 251 eae9b700] [0x0000a79a:4cbb4dcf] 在状态(net_syn),收到事件(0x00000009:3)
[2016-07-06 11:17:08 251 eae9b700] [0x0000a79a:4cbb4dcf] 状态迁移(net_syn)---(0x00000009:3)-->(data_slave)
[2016-07-06 11:17:08 251 eae9b700] [0000a79a:4cbb4dcf] 127.0.0.1:10524 syn ok ,remoteid = [0000fa6e:38badb86]，time dalay=0(ms),first(sendseq=39fc0991:recvseq=6fd5eb45),remote timestamp=20
[2016-07-06 11:26:25 854 eae9b700] [0x0000a799:4cbb4dcc] 在状态(data_slave),收到事件(0x00000009:4)
[2016-07-06 11:26:25 854 eae9b700] [0x0000a799:4cbb4dcc] 状态迁移(data_slave)---(0x00000009:4)-->(net_rst)
[2016-07-06 11:26:25 856 eae9b700] [0x0000a799:4cbb4dcc] 在状态(net_rst),收到事件(0x00000009:6)
[2016-07-06 11:26:25 856 eae9b700] [0x0000a799:4cbb4dcc] 状态迁移(net_rst)---(0x00000009:6)-->(reconnect?)
[2016-07-06 11:26:25 856 eae9b700] [0x0000a799:4cbb4dcc] 在状态(reconnect?),收到事件(0x0000000c:0)
[2016-07-06 11:26:25 856 eae9b700] [0x0000a799:4cbb4dcc] 状态迁移(reconnect?)---(0x0000000c:0)-->(exit)
[2016-07-06 11:26:25 856 eae9b700] [ a799:4cbb4dcc] E15_udcp_item clean
[2016-07-06 11:32:39 263 eae9b700] [0x0000a799:4cbb4dd0] 在状态(),收到事件(0x00000009:1)
[2016-07-06 11:32:39 263 eae9b700] [0x0000a799:4cbb4dd0] 状态迁移()---(0x00000009:1)-->(net_syn)
[2016-07-06 11:32:39 263 eae9b700] [0x0000a799:4cbb4dd0] 在状态(net_syn),收到事件(0x00000009:3)
[2016-07-06 11:32:39 263 eae9b700] [0x0000a799:4cbb4dd0] 状态迁移(net_syn)---(0x00000009:3)-->(data_slave)
[2016-07-06 11:32:39 263 eae9b700] [0000a799:4cbb4dd0] 127.0.0.1:50323 syn ok ,remoteid = [00003d63:6dabf2b7]，time dalay=0(ms),first(sendseq=78809452:recvseq=74248040),remote timestamp=0
[2016-07-06 11:35:23 280 eae9b700] [0x0000a799:4cbb4dd0] 在状态(data_slave),收到事件(0x00000009:4)
[2016-07-06 11:35:23 280 eae9b700] [0x0000a799:4cbb4dd0] 状态迁移(data_slave)---(0x00000009:4)-->(net_rst)
[2016-07-06 11:35:23 283 eae9b700] [0x0000a799:4cbb4dd0] 在状态(net_rst),收到事件(0x00000009:6)
[2016-07-06 11:35:23 284 eae9b700] [0x0000a799:4cbb4dd0] 状态迁移(net_rst)---(0x00000009:6)-->(reconnect?)
[2016-07-06 11:35:23 284 eae9b700] [0x0000a799:4cbb4dd0] 在状态(reconnect?),收到事件(0x0000000c:0)
[2016-07-06 11:35:23 285 eae9b700] [0x0000a799:4cbb4dd0] 状态迁移(reconnect?)---(0x0000000c:0)-->(exit)
[2016-07-06 11:35:23 285 eae9b700] [ a799:4cbb4dd0] E15_udcp_item clean
[2016-07-06 11:35:38 769 eae9b700] [0x0000a799:4cbb4dd1] 在状态(),收到事件(0x00000009:1)
[2016-07-06 11:35:38 769 eae9b700] [0x0000a799:4cbb4dd1] 状态迁移()---(0x00000009:1)-->(net_syn)
[2016-07-06 11:35:38 770 eae9b700] [0x0000a799:4cbb4dd1] 在状态(net_syn),收到事件(0x00000009:3)
[2016-07-06 11:35:38 770 eae9b700] [0x0000a799:4cbb4dd1] 状态迁移(net_syn)---(0x00000009:3)-->(data_slave)
[2016-07-06 11:35:38 770 eae9b700] [0000a799:4cbb4dd1] 127.0.0.1:38876 syn ok ,remoteid = [0000fd56:466dad7b]，time dalay=10(ms),first(sendseq=275542f9:recvseq=4cb7bec8),remote timestamp=0
[2016-07-06 11:37:48 167 eae9b700] [0x0000a799:4cbb4dd1] 在状态(data_slave),收到事件(0x00000009:4)
[2016-07-06 11:37:48 167 eae9b700] [0x0000a799:4cbb4dd1] 状态迁移(data_slave)---(0x00000009:4)-->(net_rst)
[2016-07-06 11:37:48 169 eae9b700] [0x0000a799:4cbb4dd1] 在状态(net_rst),收到事件(0x00000009:6)
[2016-07-06 11:37:48 169 eae9b700] [0x0000a799:4cbb4dd1] 状态迁移(net_rst)---(0x00000009:6)-->(reconnect?)
[2016-07-06 11:37:48 169 eae9b700] [0x0000a799:4cbb4dd1] 在状态(reconnect?),收到事件(0x0000000c:0)
[2016-07-06 11:37:48 169 eae9b700] [0x0000a799:4cbb4dd1] 状态迁移(reconnect?)---(0x0000000c:0)-->(exit)
[2016-07-06 11:37:48 169 eae9b700] [ a799:4cbb4dd1] E15_udcp_item clean
[2016-07-06 11:37:49 456 eae9b700] [0x0000a799:4cbb4dd2] 在状态(),收到事件(0x00000009:1)
[2016-07-06 11:37:49 456 eae9b700] [0x0000a799:4cbb4dd2] 状态迁移()---(0x00000009:1)-->(net_syn)
[2016-07-06 11:37:49 457 eae9b700] [0x0000a799:4cbb4dd2] 在状态(net_syn),收到事件(0x00000009:3)
[2016-07-06 11:37:49 457 eae9b700] [0x0000a799:4cbb4dd2] 状态迁移(net_syn)---(0x00000009:3)-->(data_slave)
[2016-07-06 11:37:49 457 eae9b700] [0000a799:4cbb4dd2] 127.0.0.1:38406 syn ok ,remoteid = [0000ea67:47f1f6df]，time dalay=0(ms),first(sendseq=2c41a7a8:recvseq=6654b81c),remote timestamp=0
[2016-07-06 11:45:31 774 eae9b700] [0x0000a799:4cbb4dd2] 在状态(data_slave),收到事件(0x00000009:4)
[2016-07-06 11:45:31 775 eae9b700] [0x0000a799:4cbb4dd2] 状态迁移(data_slave)---(0x00000009:4)-->(net_rst)
[2016-07-06 11:45:31 778 eae9b700] [0x0000a799:4cbb4dd2] 在状态(net_rst),收到事件(0x00000009:6)
[2016-07-06 11:45:31 778 eae9b700] [0x0000a799:4cbb4dd2] 状态迁移(net_rst)---(0x00000009:6)-->(reconnect?)
[2016-07-06 11:45:31 778 eae9b700] [0x0000a799:4cbb4dd2] 在状态(reconnect?),收到事件(0x0000000c:0)
[2016-07-06 11:45:31 779 eae9b700] [0x0000a799:4cbb4dd2] 状态迁移(reconnect?)---(0x0000000c:0)-->(exit)
[2016-07-06 11:45:31 779 eae9b700] [ a799:4cbb4dd2] E15_udcp_item clean
[2016-07-06 11:45:32 959 eae9b700] [0x0000a799:4cbb4dd3] 在状态(),收到事件(0x00000009:1)
[2016-07-06 11:45:32 959 eae9b700] [0x0000a799:4cbb4dd3] 状态迁移()---(0x00000009:1)-->(net_syn)
[2016-07-06 11:45:32 960 eae9b700] [0x0000a799:4cbb4dd3] 在状态(net_syn),收到事件(0x00000009:3)
[2016-07-06 11:45:32 960 eae9b700] [0x0000a799:4cbb4dd3] 状态迁移(net_syn)---(0x00000009:3)-->(data_slave)
[2016-07-06 11:45:32 960 eae9b700] [0000a799:4cbb4dd3] 127.0.0.1:59327 syn ok ,remoteid = [0000c0b1:40ff5273]，time dalay=0(ms),first(sendseq=2b6fe018:recvseq=61d598d1),remote timestamp=0
[2016-07-06 11:45:46 109 eae9b700] [0x0000a799:4cbb4dd3] 在状态(data_slave),收到事件(0x00000009:4)
[2016-07-06 11:45:46 109 eae9b700] [0x0000a799:4cbb4dd3] 状态迁移(data_slave)---(0x00000009:4)-->(net_rst)
[2016-07-06 11:45:46 115 eae9b700] [0x0000a799:4cbb4dd3] 在状态(net_rst),收到事件(0x00000009:6)
[2016-07-06 11:45:46 115 eae9b700] [0x0000a799:4cbb4dd3] 状态迁移(net_rst)---(0x00000009:6)-->(reconnect?)
[2016-07-06 11:45:46 115 eae9b700] [0x0000a799:4cbb4dd3] 在状态(reconnect?),收到事件(0x0000000c:0)
[2016-07-06 11:45:46 115 eae9b700] [0x0000a799:4cbb4dd3] 状态迁移(reconnect?)---(0x0000000c:0)-->(exit)
[2016-07-06 11:45:46 115 eae9b700] [ a799:4cbb4dd3] E15_udcp_item clean
[2016-07-06 11:46:26 083 eae9b700] [0x0000a799:4cbb4dd4] 在状态(),收到事件(0x00000009:1)
[2016-07-06 11:46:26 083 eae9b700] [0x0000a799:4cbb4dd4] 状态迁移()---(0x00000009:1)-->(net_syn)
[2016-07-06 11:46:26 083 eae9b700] [0x0000a799:4cbb4dd4] 在状态(net_syn),收到事件(0x00000009:3)
[2016-07-06 11:46:26 083 eae9b700] [0x0000a799:4cbb4dd4] 状态迁移(net_syn)---(0x00000009:3)-->(data_slave)
[2016-07-06 11:46:26 083 eae9b700] [0000a799:4cbb4dd4] 127.0.0.1:46429 syn ok ,remoteid = [000093e7:00463953]，time dalay=0(ms),first(sendseq=5dee2faf:recvseq=89076d),remote timestamp=0
[2016-07-06 11:50:24 002 eae9b700] [0x0000a799:4cbb4dd4] 在状态(data_slave),收到事件(0x00000009:4)
[2016-07-06 11:50:24 002 eae9b700] [0x0000a799:4cbb4dd4] 状态迁移(data_slave)---(0x00000009:4)-->(net_rst)
[2016-07-06 11:50:25 007 eae9b700] [0x0000a799:4cbb4dd4] 在状态(net_rst),收到事件(0x00000009:6)
[2016-07-06 11:50:25 008 eae9b700] [0x0000a799:4cbb4dd4] 状态迁移(net_rst)---(0x00000009:6)-->(reconnect?)
[2016-07-06 11:50:25 008 eae9b700] [0x0000a799:4cbb4dd4] 在状态(reconnect?),收到事件(0x0000000c:0)
[2016-07-06 11:50:25 008 eae9b700] [0x0000a799:4cbb4dd4] 状态迁移(reconnect?)---(0x0000000c:0)-->(exit)
[2016-07-06 11:50:25 008 eae9b700] [ a799:4cbb4dd4] E15_udcp_item clean
[2016-07-06 11:50:26 455 eae9b700] [0x0000a799:4cbb4dd5] 在状态(),收到事件(0x00000009:1)
[2016-07-06 11:50:26 455 eae9b700] [0x0000a799:4cbb4dd5] 状态迁移()---(0x00000009:1)-->(net_syn)
[2016-07-06 11:50:26 455 eae9b700] [0x0000a799:4cbb4dd5] 在状态(net_syn),收到事件(0x00000009:3)
[2016-07-06 11:50:26 455 eae9b700] [0x0000a799:4cbb4dd5] 状态迁移(net_syn)---(0x00000009:3)-->(data_slave)
[2016-07-06 11:50:26 455 eae9b700] [0000a799:4cbb4dd5] 127.0.0.1:37635 syn ok ,remoteid = [000049d4:2988cc6c]，time dalay=0(ms),first(sendseq=198b34d2:recvseq=6ee1073a),remote timestamp=0
