[2016-07-06 18:19:36 803 eae9b700] [0x0000a79a:4cbb4dcf] 在状态(data_slave),收到事件(0x00000009:4)
[2016-07-06 18:19:36 803 eae9b700] [0x0000a79a:4cbb4dcf] 状态迁移(data_slave)---(0x00000009:4)-->(net_rst)
[2016-07-06 18:19:36 806 eae9b700] [0x0000a79a:4cbb4dcf] 在状态(net_rst),收到事件(0x00000009:6)
[2016-07-06 18:19:36 806 eae9b700] [0x0000a79a:4cbb4dcf] 状态迁移(net_rst)---(0x00000009:6)-->(reconnect?)
[2016-07-06 18:19:36 806 eae9b700] [0x0000a79a:4cbb4dcf] 在状态(reconnect?),收到事件(0x0000000c:0)
[2016-07-06 18:19:36 806 eae9b700] [0x0000a79a:4cbb4dcf] 状态迁移(reconnect?)---(0x0000000c:0)-->(exit)
[2016-07-06 18:19:36 807 eae9b700] [ a79a:4cbb4dcf] E15_udcp_item clean
[2016-07-06 18:19:39 260 eae9b700] [0x0000a798:4cbb4dcd] 在状态(data_slave),收到事件(0x00000009:4)
[2016-07-06 18:19:39 260 eae9b700] [0x0000a798:4cbb4dcd] 状态迁移(data_slave)---(0x00000009:4)-->(net_rst)
[2016-07-06 18:19:39 261 eae9b700] [0x0000a798:4cbb4dcd] 在状态(net_rst),收到事件(0x00000009:6)
[2016-07-06 18:19:39 261 eae9b700] [0x0000a798:4cbb4dcd] 状态迁移(net_rst)---(0x00000009:6)-->(reconnect?)
[2016-07-06 18:19:39 261 eae9b700] [0x0000a798:4cbb4dcd] 在状态(reconnect?),收到事件(0x0000000c:0)
[2016-07-06 18:19:39 261 eae9b700] [0x0000a798:4cbb4dcd] 状态迁移(reconnect?)---(0x0000000c:0)-->(exit)
[2016-07-06 18:19:39 261 eae9b700] [ a798:4cbb4dcd] E15_udcp_item clean
[2016-07-06 18:19:41 168 eae9b700] [0x0000a799:4cbb4dd5] 在状态(data_slave),收到事件(0x00000009:4)
[2016-07-06 18:19:41 168 eae9b700] [0x0000a799:4cbb4dd5] 状态迁移(data_slave)---(0x00000009:4)-->(net_rst)
[2016-07-06 18:19:41 168 eae9b700] [0x0000a799:4cbb4dd5] 在状态(net_rst),收到事件(0x00000009:6)
[2016-07-06 18:19:41 168 eae9b700] [0x0000a799:4cbb4dd5] 状态迁移(net_rst)---(0x00000009:6)-->(reconnect?)
[2016-07-06 18:19:41 168 eae9b700] [0x0000a799:4cbb4dd5] 在状态(reconnect?),收到事件(0x0000000c:0)
[2016-07-06 18:19:41 168 eae9b700] [0x0000a799:4cbb4dd5] 状态迁移(reconnect?)---(0x0000000c:0)-->(exit)
[2016-07-06 18:19:41 168 eae9b700] [ a799:4cbb4dd5] E15_udcp_item clean
[2016-07-06 18:19:42 975 ee346780] udcp session exit normally
