[2016-07-28 18:12:29 501 34ff9700] [87d0:3a72a970] (N=2,name=md_cna:role=md_server) 上线
[2016-07-28 18:12:29 543 34ff9700] 注册data插件 input=(sys::def:tick:0) output=(kline:秒:12)
[2016-07-28 18:12:29 543 34ff9700] 注册data插件 input=(sys::def:tick:0) output=(kline:分钟:1)
[2016-07-28 18:12:29 543 34ff9700] 注册data插件 input=(sys::def:tick:0) output=(kline:分钟:5)
[2016-07-28 18:12:29 543 34ff9700] 注册data插件 input=(sys::def:tick:0) output=(kline:分钟:10)
[2016-07-28 18:12:29 543 34ff9700] 注册data插件 input=(sys::def:tick:0) output=(kline:分钟:15)
[2016-07-28 18:12:29 544 34ff9700] 注册data插件 input=(sys::def:tick:0) output=(kline:分钟:30)
[2016-07-28 18:12:29 544 34ff9700] 注册data插件 input=(sys::def:tick:0) output=(kline:小时:1)
[2016-07-28 18:12:29 544 34ff9700] 注册data插件 input=(sys::def:tick:0) output=(kline:日:1)
[2016-07-28 18:12:29 544 34ff9700] 注册data插件 input=(sys::def:tick:0) output=(kline:周:1)
[2016-07-28 18:12:29 544 34ff9700] 注册data插件 input=(sys::def:tick:0) output=(kline:月:1)
[2016-07-28 18:14:25 406 34ff9700] [87d1:3a72a971] (N=12,name=strategy_proxy:role=proxy) 上线
[2016-07-28 18:14:25 406 34ff9700] strategy_proxy 订阅所有股票行情
[2016-07-28 18:15:25 579 34ff9700] [87d1:3a72a971] (N=12,name=strategy_proxy:role=proxy) 下线
[2016-07-28 18:15:57 049 34ff9700] [87d1:3a72a972] (N=12,name=strategy_proxy:role=proxy) 上线
[2016-07-28 18:15:57 049 34ff9700] strategy_proxy 订阅所有股票行情
[2016-07-28 18:20:20 557 34ff9700] [87d0:3a72a970] (N=2,name=md_cna:role=md_server) 下线
[2016-07-28 18:20:35 814 34ff9700] [87d0:3a72a973] (N=2,name=md_cna:role=md_server) 上线
[2016-07-28 18:20:59 818 34ff9700] [87d0:3a72a973] (N=2,name=md_cna:role=md_server) 下线
[2016-07-28 18:21:23 005 34ff9700] [87d0:3a72a974] (N=2,name=md_cna:role=md_server) 上线
[2016-07-28 18:21:26 276 34ff9700] [87d0:3a72a974] (N=2,name=md_cna:role=md_server) 下线
[2016-07-28 18:21:34 440 34ff9700] [87d0:3a72a975] (N=2,name=md_cna:role=md_server) 上线
[2016-07-28 18:22:41 032 34ff9700] [87d0:3a72a975] (N=2,name=md_cna:role=md_server) 下线
[2016-07-28 18:22:42 961 34ff9700] [87d0:3a72a976] (N=2,name=md_cna:role=md_server) 上线
[2016-07-28 18:23:27 411 34ff9700] [87d0:3a72a976] (N=2,name=md_cna:role=md_server) 下线
[2016-07-28 18:23:30 121 34ff9700] [87d0:3a72a977] (N=2,name=md_cna:role=md_server) 上线
[2016-07-28 18:28:16 876 34ff9700] [87d0:3a72a977] (N=2,name=md_cna:role=md_server) 下线
[2016-07-28 18:28:18 624 34ff9700] [87d0:3a72a978] (N=2,name=md_cna:role=md_server) 上线
[2016-07-28 18:40:35 639 34ff9700] [87d0:3a72a978] (N=2,name=md_cna:role=md_server) 下线
[2016-07-28 18:40:38 048 34ff9700] [87d1:3a72a972] (N=12,name=strategy_proxy:role=proxy) 下线
