[2016-07-11 09:16:02 864 5d7fa700] [0000becc:41dd090f] 启动同步请求，时间戳=0
[2016-07-11 09:16:02 864 5d7fa700] [0x0000becc:41dd090f] 在状态(),收到事件(0x00000008:1)
[2016-07-11 09:16:02 864 5d7fa700] [0x0000becc:41dd090f] 状态迁移()---(0x00000008:1)-->(user_syn)
[2016-07-11 09:16:02 864 5d7fa700] [0x0000becc:41dd090f] 在状态(user_syn),收到事件(0x00000009:2)
[2016-07-11 09:16:02 864 5d7fa700] [0x0000becc:41dd090f] 状态迁移(user_syn)---(0x00000009:2)-->(data_master)
[2016-07-11 09:16:02 865 5d7fa700] [0000becc:41dd090f] 127.0.0.1:3606 syn ok ,remoteid = [00000c81:4fe60339]，time dalay=0(ms),first(sendseq=38879609:recvseq=11b4dfc2),remote timestamp=39900
[2016-07-11 09:16:02 868 5d7fa700] [0000becd:41dd0910] 启动同步请求，时间戳=0
[2016-07-11 09:16:02 868 5d7fa700] [0x0000becd:41dd0910] 在状态(),收到事件(0x00000008:1)
[2016-07-11 09:16:02 869 5d7fa700] [0x0000becd:41dd0910] 状态迁移()---(0x00000008:1)-->(user_syn)
[2016-07-11 09:16:02 869 5d7fa700] [0x0000becd:41dd0910] 在状态(user_syn),收到事件(0x00000009:2)
[2016-07-11 09:16:02 869 5d7fa700] [0x0000becd:41dd0910] 状态迁移(user_syn)---(0x00000009:2)-->(data_master)
[2016-07-11 09:16:02 869 5d7fa700] [0000becd:41dd0910] ::ffff:127.0.0.1:46115 syn ok ,remoteid = [0000a972:3b214fee]，time dalay=0(ms),first(sendseq=38b495cd:recvseq=7701e178),remote timestamp=12070
[2016-07-11 09:16:12 015 5d7fa700] [0x0000bece:41dd0911] 在状态(),收到事件(0x00000009:1)
[2016-07-11 09:16:12 015 5d7fa700] [0x0000bece:41dd0911] 状态迁移()---(0x00000009:1)-->(net_syn)
[2016-07-11 09:16:12 016 5d7fa700] [0x0000bece:41dd0911] 在状态(net_syn),收到事件(0x00000009:3)
[2016-07-11 09:16:12 016 5d7fa700] [0x0000bece:41dd0911] 状态迁移(net_syn)---(0x00000009:3)-->(data_slave)
[2016-07-11 09:16:12 016 5d7fa700] [0000bece:41dd0911] ::ffff:127.0.0.1:10524 syn ok ,remoteid = [0000ab12:70094fbf]，time dalay=10(ms),first(sendseq=5d1bdb04:recvseq=132175b9),remote timestamp=0
[2016-07-11 09:16:27 853 5d7fa700] [0x0000becf:41dd0912] 在状态(),收到事件(0x00000009:1)
[2016-07-11 09:16:27 853 5d7fa700] [0x0000becf:41dd0912] 状态迁移()---(0x00000009:1)-->(net_syn)
[2016-07-11 09:16:27 853 5d7fa700] [0x0000becf:41dd0912] 在状态(net_syn),收到事件(0x00000009:1)
[2016-07-11 09:16:27 853 5d7fa700] [0x0000becf:41dd0912] 在状态(net_syn),收到事件(0x00000009:1)
[2016-07-11 09:16:27 854 5d7fa700] [0x0000becf:41dd0912] 在状态(net_syn),收到事件(0x00000009:1)
[2016-07-11 09:16:27 854 5d7fa700] [0x0000becf:41dd0912] 在状态(net_syn),收到事件(0x00000009:1)
[2016-07-11 09:16:27 854 5d7fa700] [0x0000becf:41dd0912] 在状态(net_syn),收到事件(0x00000009:1)
[2016-07-11 09:16:27 855 5d7fa700] [0x0000becf:41dd0912] 在状态(net_syn),收到事件(0x00000009:1)
[2016-07-11 09:16:27 856 5d7fa700] [0x0000becf:41dd0912] 在状态(net_syn),收到事件(0x00000009:1)
[2016-07-11 09:16:27 856 5d7fa700] [0x0000becf:41dd0912] 在状态(net_syn),收到事件(0x00000009:1)
[2016-07-11 09:16:27 856 5d7fa700] [0x0000becf:41dd0912] 在状态(net_syn),收到事件(0x00000009:1)
[2016-07-11 09:16:27 857 5d7fa700] [0x0000becf:41dd0912] 在状态(net_syn),收到事件(0x00000009:1)
[2016-07-11 09:16:27 857 5d7fa700] [0x0000becf:41dd0912] 在状态(net_syn),收到事件(0x00000009:1)
[2016-07-11 09:16:27 857 5d7fa700] [0x0000becf:41dd0912] 在状态(net_syn),收到事件(0x00000009:1)
[2016-07-11 09:16:27 858 5d7fa700] [0x0000becf:41dd0912] 在状态(net_syn),收到事件(0x00000009:1)
[2016-07-11 09:16:27 858 5d7fa700] [0x0000becf:41dd0912] 在状态(net_syn),收到事件(0x00000009:1)
[2016-07-11 09:16:27 859 5d7fa700] [0x0000becf:41dd0912] 在状态(net_syn),收到事件(0x00000009:1)
[2016-07-11 09:16:28 059 5d7fa700] [0x0000becf:41dd0912] 在状态(net_syn),收到事件(0x0000000a:1)
[2016-07-11 09:16:28 252 5d7fa700] [0x0000becf:41dd0912] 在状态(net_syn),收到事件(0x0000000a:2)
[2016-07-11 09:16:28 254 5d7fa700] [0x0000bec8:41dd0913] 在状态(),收到事件(0x00000009:1)
[2016-07-11 09:16:28 254 5d7fa700] [0x0000bec8:41dd0913] 状态迁移()---(0x00000009:1)-->(net_syn)
[2016-07-11 09:16:28 454 5d7fa700] [0x0000becf:41dd0912] 在状态(net_syn),收到事件(0x0000000a:3)
[2016-07-11 09:16:28 464 5d7fa700] [0x0000bec8:41dd0913] 在状态(net_syn),收到事件(0x0000000a:1)
[2016-07-11 09:16:28 473 5d7fa700] [0x0000bec8:41dd0913] 在状态(net_syn),收到事件(0x00000009:1)
[2016-07-11 09:16:28 657 5d7fa700] [0x0000becf:41dd0912] 在状态(net_syn),收到事件(0x0000000a:4)
[2016-07-11 09:16:28 667 5d7fa700] [0x0000bec8:41dd0913] 在状态(net_syn),收到事件(0x0000000a:2)
[2016-07-11 09:16:28 667 5d7fa700] [0x0000bec8:41dd0913] 在状态(net_syn),收到事件(0x00000009:1)
[2016-07-11 09:16:28 849 5d7fa700] [0x0000becf:41dd0912] 在状态(net_syn),收到事件(0x0000000a:5)
[2016-07-11 09:16:28 860 5d7fa700] [0x0000bec8:41dd0913] 在状态(net_syn),收到事件(0x0000000a:3)
[2016-07-11 09:16:28 877 5d7fa700] [0x0000bec8:41dd0913] 在状态(net_syn),收到事件(0x00000009:1)
[2016-07-11 09:16:28 880 5d7fa700] [0x0000becd:41dd0910] 在状态(data_master),收到事件(0x0000000e:1)
[2016-07-11 09:16:28 880 5d7fa700] [0x0000becd:41dd0910] 状态迁移(data_master)---(0x0000000e:1)-->(reconnect?)
[2016-07-11 09:16:29 052 5d7fa700] [0x0000becf:41dd0912] 在状态(net_syn),收到事件(0x0000000a:6)
[2016-07-11 09:16:29 062 5d7fa700] [0x0000bec8:41dd0913] 在状态(net_syn),收到事件(0x0000000a:4)
[2016-07-11 09:16:29 072 5d7fa700] [0x0000bec8:41dd0913] 在状态(net_syn),收到事件(0x00000009:1)
[2016-07-11 09:16:29 254 5d7fa700] [0x0000becf:41dd0912] 在状态(net_syn),收到事件(0x0000000a:7)
[2016-07-11 09:16:29 264 5d7fa700] [0x0000bec8:41dd0913] 在状态(net_syn),收到事件(0x0000000a:5)
[2016-07-11 09:16:29 275 5d7fa700] [0x0000bec8:41dd0913] 在状态(net_syn),收到事件(0x00000009:1)
[2016-07-11 09:16:29 457 5d7fa700] [0x0000becf:41dd0912] 在状态(net_syn),收到事件(0x0000000a:8)
[2016-07-11 09:16:29 467 5d7fa700] [0x0000bec8:41dd0913] 在状态(net_syn),收到事件(0x0000000a:6)
[2016-07-11 09:16:29 468 5d7fa700] [0x0000bec8:41dd0913] 在状态(net_syn),收到事件(0x00000009:1)
[2016-07-11 09:16:29 659 5d7fa700] [0x0000becf:41dd0912] 在状态(net_syn),收到事件(0x0000000a:9)
[2016-07-11 09:16:29 669 5d7fa700] [0x0000bec8:41dd0913] 在状态(net_syn),收到事件(0x0000000a:7)
[2016-07-11 09:16:29 670 5d7fa700] [0x0000bec8:41dd0913] 在状态(net_syn),收到事件(0x00000009:1)
[2016-07-11 09:16:29 851 5d7fa700] [0x0000becf:41dd0912] 在状态(net_syn),收到事件(0x0000000a:10)
[2016-07-11 09:16:29 861 5d7fa700] [0x0000bec8:41dd0913] 在状态(net_syn),收到事件(0x0000000a:8)
[2016-07-11 09:16:29 862 5d7fa700] [0x0000bec8:41dd0913] 在状态(net_syn),收到事件(0x00000009:1)
[2016-07-11 09:16:29 892 5d7fa700] [0x0000becd:41dd0910] 在状态(reconnect?),收到事件(0x0000000b:1)
[2016-07-11 09:16:29 892 5d7fa700] [0x0000becd:41dd0910] 状态迁移(reconnect?)---(0x0000000b:1)-->(user_syn)
[2016-07-11 09:16:29 892 5d7fa700] [0x0000becd:41dd0910] 在状态(user_syn),收到事件(0x00000009:2)
[2016-07-11 09:16:29 893 5d7fa700] [0x0000becd:41dd0910] 状态迁移(user_syn)---(0x00000009:2)-->(data_master)
[2016-07-11 09:16:29 893 5d7fa700] [0000becd:41dd0910] ::ffff:127.0.0.1:46115 syn ok ,remoteid = [0000a972:3b214ff0]，time dalay=0(ms),first(sendseq=45cf8c24:recvseq=7b4f886f),remote timestamp=39100
[2016-07-11 09:16:30 023 5d7fa700] [0x0000bece:41dd0911] 在状态(data_slave),收到事件(0x0000000e:1)
[2016-07-11 09:16:30 024 5d7fa700] [0x0000bece:41dd0911] 状态迁移(data_slave)---(0x0000000e:1)-->(exit)
[2016-07-11 09:16:30 024 5d7fa700] [ bece:41dd0911] E15_udcp_item clean
[2016-07-11 09:16:30 054 5d7fa700] [0x0000becf:41dd0912] 在状态(net_syn),收到事件(0x0000000a:11)
[2016-07-11 09:16:30 064 5d7fa700] [0x0000bec8:41dd0913] 在状态(net_syn),收到事件(0x0000000a:9)
[2016-07-11 09:16:30 064 5d7fa700] [0x0000bec8:41dd0913] 在状态(net_syn),收到事件(0x00000009:1)
[2016-07-11 09:16:30 257 5d7fa700] [0x0000becf:41dd0912] 在状态(net_syn),收到事件(0x0000000a:12)
[2016-07-11 09:16:30 267 5d7fa700] [0x0000bec8:41dd0913] 在状态(net_syn),收到事件(0x0000000a:10)
[2016-07-11 09:16:30 267 5d7fa700] [0x0000bec8:41dd0913] 在状态(net_syn),收到事件(0x00000009:1)
[2016-07-11 09:16:30 449 5d7fa700] [0x0000becf:41dd0912] 在状态(net_syn),收到事件(0x0000000a:13)
[2016-07-11 09:16:30 460 5d7fa700] [0x0000bec8:41dd0913] 在状态(net_syn),收到事件(0x0000000a:11)
[2016-07-11 09:16:30 470 5d7fa700] [0x0000bec8:41dd0913] 在状态(net_syn),收到事件(0x00000009:1)
[2016-07-11 09:16:30 652 5d7fa700] [0x0000becf:41dd0912] 在状态(net_syn),收到事件(0x0000000a:14)
[2016-07-11 09:16:30 662 5d7fa700] [0x0000bec8:41dd0913] 在状态(net_syn),收到事件(0x0000000a:12)
[2016-07-11 09:16:30 672 5d7fa700] [0x0000bec8:41dd0913] 在状态(net_syn),收到事件(0x00000009:1)
[2016-07-11 09:16:30 855 5d7fa700] [0x0000becf:41dd0912] 在状态(net_syn),收到事件(0x0000000a:15)
[2016-07-11 09:16:30 855 5d7fa700] [0x0000becf:41dd0912] 状态迁移(net_syn)---(0x0000000a:15)-->(exit)
[2016-07-11 09:16:30 856 5d7fa700] [ becf:41dd0912] E15_udcp_item clean
[2016-07-11 09:16:30 865 5d7fa700] [0x0000bec8:41dd0913] 在状态(net_syn),收到事件(0x0000000a:13)
[2016-07-11 09:16:30 876 5d7fa700] [0x0000bec8:41dd0913] 在状态(net_syn),收到事件(0x00000009:1)
[2016-07-11 09:16:31 068 5d7fa700] [0x0000bec8:41dd0913] 在状态(net_syn),收到事件(0x0000000a:14)
[2016-07-11 09:16:31 069 5d7fa700] [0x0000bec8:41dd0913] 在状态(net_syn),收到事件(0x00000009:1)
[2016-07-11 09:16:31 261 5d7fa700] [0x0000bec8:41dd0913] 在状态(net_syn),收到事件(0x0000000a:15)
[2016-07-11 09:16:31 261 5d7fa700] [0x0000bec8:41dd0913] 状态迁移(net_syn)---(0x0000000a:15)-->(exit)
[2016-07-11 09:16:31 261 5d7fa700] [ bec8:41dd0913] E15_udcp_item clean
[2016-07-11 09:16:31 271 5d7fa700] [0x0000bece:41dd0914] 在状态(),收到事件(0x00000009:1)
[2016-07-11 09:16:31 271 5d7fa700] [0x0000bece:41dd0914] 状态迁移()---(0x00000009:1)-->(net_syn)
[2016-07-11 09:16:31 483 5d7fa700] [0x0000bece:41dd0914] 在状态(net_syn),收到事件(0x0000000a:1)
[2016-07-11 09:16:31 685 5d7fa700] [0x0000bece:41dd0914] 在状态(net_syn),收到事件(0x0000000a:2)
[2016-07-11 09:16:31 878 5d7fa700] [0x0000bece:41dd0914] 在状态(net_syn),收到事件(0x0000000a:3)
[2016-07-11 09:16:32 082 5d7fa700] [0x0000bece:41dd0914] 在状态(net_syn),收到事件(0x0000000a:4)
[2016-07-11 09:16:32 284 5d7fa700] [0x0000bece:41dd0914] 在状态(net_syn),收到事件(0x0000000a:5)
[2016-07-11 09:16:32 487 5d7fa700] [0x0000bece:41dd0914] 在状态(net_syn),收到事件(0x0000000a:6)
[2016-07-11 09:16:32 689 5d7fa700] [0x0000bece:41dd0914] 在状态(net_syn),收到事件(0x0000000a:7)
[2016-07-11 09:16:32 882 5d7fa700] [0x0000bece:41dd0914] 在状态(net_syn),收到事件(0x0000000a:8)
[2016-07-11 09:16:33 084 5d7fa700] [0x0000bece:41dd0914] 在状态(net_syn),收到事件(0x0000000a:9)
[2016-07-11 09:16:33 286 5d7fa700] [0x0000bece:41dd0914] 在状态(net_syn),收到事件(0x0000000a:10)
[2016-07-11 09:16:33 479 5d7fa700] [0x0000bece:41dd0914] 在状态(net_syn),收到事件(0x0000000a:11)
[2016-07-11 09:16:33 479 5d7fa700] [0x0000becf:41dd0915] 在状态(),收到事件(0x00000009:1)
[2016-07-11 09:16:33 479 5d7fa700] [0x0000becf:41dd0915] 状态迁移()---(0x00000009:1)-->(net_syn)
[2016-07-11 09:16:33 681 5d7fa700] [0x0000bece:41dd0914] 在状态(net_syn),收到事件(0x0000000a:12)
[2016-07-11 09:16:33 691 5d7fa700] [0x0000becf:41dd0915] 在状态(net_syn),收到事件(0x0000000a:1)
[2016-07-11 09:16:33 692 5d7fa700] [0x0000becf:41dd0915] 在状态(net_syn),收到事件(0x00000009:1)
[2016-07-11 09:16:33 884 5d7fa700] [0x0000bece:41dd0914] 在状态(net_syn),收到事件(0x0000000a:13)
[2016-07-11 09:16:33 885 5d7fa700] [0x0000becf:41dd0915] 在状态(net_syn),收到事件(0x00000009:1)
[2016-07-11 09:16:33 894 5d7fa700] [0x0000becf:41dd0915] 在状态(net_syn),收到事件(0x0000000a:2)
[2016-07-11 09:16:34 087 5d7fa700] [0x0000bece:41dd0914] 在状态(net_syn),收到事件(0x0000000a:14)
[2016-07-11 09:16:34 088 5d7fa700] [0x0000becf:41dd0915] 在状态(net_syn),收到事件(0x00000009:1)
[2016-07-11 09:16:34 097 5d7fa700] [0x0000becf:41dd0915] 在状态(net_syn),收到事件(0x0000000a:3)
[2016-07-11 09:16:34 290 5d7fa700] [0x0000bece:41dd0914] 在状态(net_syn),收到事件(0x0000000a:15)
[2016-07-11 09:16:34 290 5d7fa700] [0x0000bece:41dd0914] 状态迁移(net_syn)---(0x0000000a:15)-->(exit)
[2016-07-11 09:16:34 290 5d7fa700] [ bece:41dd0914] E15_udcp_item clean
[2016-07-11 09:16:34 290 5d7fa700] [0x0000becf:41dd0915] 在状态(net_syn),收到事件(0x0000000a:4)
[2016-07-11 09:16:34 290 5d7fa700] [0x0000becf:41dd0915] 在状态(net_syn),收到事件(0x00000009:1)
[2016-07-11 09:16:34 483 5d7fa700] [0x0000becf:41dd0915] 在状态(net_syn),收到事件(0x00000009:1)
[2016-07-11 09:16:34 493 5d7fa700] [0x0000becf:41dd0915] 在状态(net_syn),收到事件(0x0000000a:5)
[2016-07-11 09:16:34 685 5d7fa700] [0x0000becf:41dd0915] 在状态(net_syn),收到事件(0x00000009:1)
[2016-07-11 09:16:34 695 5d7fa700] [0x0000becf:41dd0915] 在状态(net_syn),收到事件(0x0000000a:6)
[2016-07-11 09:16:34 887 5d7fa700] [0x0000becf:41dd0915] 在状态(net_syn),收到事件(0x0000000a:7)
[2016-07-11 09:16:34 887 5d7fa700] [0x0000becf:41dd0915] 在状态(net_syn),收到事件(0x00000009:1)
[2016-07-11 09:16:35 089 5d7fa700] [0x0000becf:41dd0915] 在状态(net_syn),收到事件(0x0000000a:8)
[2016-07-11 09:16:35 090 5d7fa700] [0x0000becf:41dd0915] 在状态(net_syn),收到事件(0x00000009:1)
[2016-07-11 09:16:35 292 5d7fa700] [0x0000becf:41dd0915] 在状态(net_syn),收到事件(0x0000000a:9)
[2016-07-11 09:16:35 292 5d7fa700] [0x0000becf:41dd0915] 在状态(net_syn),收到事件(0x00000009:1)
[2016-07-11 09:16:35 485 5d7fa700] [0x0000becf:41dd0915] 在状态(net_syn),收到事件(0x00000009:1)
[2016-07-11 09:16:35 495 5d7fa700] [0x0000becf:41dd0915] 在状态(net_syn),收到事件(0x0000000a:10)
[2016-07-11 09:16:35 688 5d7fa700] [0x0000becf:41dd0915] 在状态(net_syn),收到事件(0x00000009:1)
[2016-07-11 09:16:35 698 5d7fa700] [0x0000becf:41dd0915] 在状态(net_syn),收到事件(0x0000000a:11)
[2016-07-11 09:16:35 891 5d7fa700] [0x0000becf:41dd0915] 在状态(net_syn),收到事件(0x00000009:1)
[2016-07-11 09:16:35 901 5d7fa700] [0x0000becf:41dd0915] 在状态(net_syn),收到事件(0x0000000a:12)
[2016-07-11 09:16:36 084 5d7fa700] [0x0000becf:41dd0915] 在状态(net_syn),收到事件(0x00000009:1)
[2016-07-11 09:16:36 093 5d7fa700] [0x0000becf:41dd0915] 在状态(net_syn),收到事件(0x0000000a:13)
[2016-07-11 09:16:36 286 5d7fa700] [0x0000becf:41dd0915] 在状态(net_syn),收到事件(0x0000000a:14)
[2016-07-11 09:16:36 287 5d7fa700] [0x0000becf:41dd0915] 在状态(net_syn),收到事件(0x00000009:1)
[2016-07-11 09:16:36 489 5d7fa700] [0x0000becf:41dd0915] 在状态(net_syn),收到事件(0x0000000a:15)
[2016-07-11 09:16:36 489 5d7fa700] [0x0000becf:41dd0915] 状态迁移(net_syn)---(0x0000000a:15)-->(exit)
[2016-07-11 09:16:36 489 5d7fa700] [ becf:41dd0915] E15_udcp_item clean
[2016-07-11 09:16:36 489 5d7fa700] [0x0000bec8:41dd0916] 在状态(),收到事件(0x00000009:1)
[2016-07-11 09:16:36 489 5d7fa700] [0x0000bec8:41dd0916] 状态迁移()---(0x00000009:1)-->(net_syn)
[2016-07-11 09:16:36 702 5d7fa700] [0x0000bec8:41dd0916] 在状态(net_syn),收到事件(0x0000000a:1)
[2016-07-11 09:16:36 905 5d7fa700] [0x0000bec8:41dd0916] 在状态(net_syn),收到事件(0x0000000a:2)
[2016-07-11 09:16:37 108 5d7fa700] [0x0000bec8:41dd0916] 在状态(net_syn),收到事件(0x0000000a:3)
[2016-07-11 09:16:37 311 5d7fa700] [0x0000bec8:41dd0916] 在状态(net_syn),收到事件(0x0000000a:4)
[2016-07-11 09:16:37 504 5d7fa700] [0x0000bec8:41dd0916] 在状态(net_syn),收到事件(0x0000000a:5)
[2016-07-11 09:16:37 706 5d7fa700] [0x0000bec8:41dd0916] 在状态(net_syn),收到事件(0x0000000a:6)
[2016-07-11 09:16:37 900 5d7fa700] [0x0000bec8:41dd0916] 在状态(net_syn),收到事件(0x0000000a:7)
[2016-07-11 09:16:38 103 5d7fa700] [0x0000bec8:41dd0916] 在状态(net_syn),收到事件(0x0000000a:8)
[2016-07-11 09:16:38 306 5d7fa700] [0x0000bec8:41dd0916] 在状态(net_syn),收到事件(0x0000000a:9)
[2016-07-11 09:16:38 509 5d7fa700] [0x0000bec8:41dd0916] 在状态(net_syn),收到事件(0x0000000a:10)
[2016-07-11 09:16:38 701 5d7fa700] [0x0000bec8:41dd0916] 在状态(net_syn),收到事件(0x0000000a:11)
[2016-07-11 09:16:38 701 5d7fa700] [0x0000bece:41dd0917] 在状态(),收到事件(0x00000009:1)
[2016-07-11 09:16:38 701 5d7fa700] [0x0000bece:41dd0917] 状态迁移()---(0x00000009:1)-->(net_syn)
[2016-07-11 09:16:38 904 5d7fa700] [0x0000bec8:41dd0916] 在状态(net_syn),收到事件(0x0000000a:12)
[2016-07-11 09:16:38 905 5d7fa700] [0x0000bece:41dd0917] 在状态(net_syn),收到事件(0x00000009:1)
[2016-07-11 09:16:38 914 5d7fa700] [0x0000bece:41dd0917] 在状态(net_syn),收到事件(0x0000000a:1)
[2016-07-11 09:16:39 107 5d7fa700] [0x0000bec8:41dd0916] 在状态(net_syn),收到事件(0x0000000a:13)
[2016-07-11 09:16:39 107 5d7fa700] [0x0000bece:41dd0917] 在状态(net_syn),收到事件(0x00000009:1)
[2016-07-11 09:16:39 117 5d7fa700] [0x0000bece:41dd0917] 在状态(net_syn),收到事件(0x0000000a:2)
[2016-07-11 09:16:39 299 5d7fa700] [0x0000bec8:41dd0916] 在状态(net_syn),收到事件(0x0000000a:14)
[2016-07-11 09:16:39 309 5d7fa700] [0x0000bece:41dd0917] 在状态(net_syn),收到事件(0x0000000a:3)
[2016-07-11 09:16:39 310 5d7fa700] [0x0000bece:41dd0917] 在状态(net_syn),收到事件(0x00000009:1)
[2016-07-11 09:16:39 502 5d7fa700] [0x0000bec8:41dd0916] 在状态(net_syn),收到事件(0x0000000a:15)
[2016-07-11 09:16:39 502 5d7fa700] [0x0000bec8:41dd0916] 状态迁移(net_syn)---(0x0000000a:15)-->(exit)
[2016-07-11 09:16:39 503 5d7fa700] [ bec8:41dd0916] E15_udcp_item clean
[2016-07-11 09:16:39 512 5d7fa700] [0x0000bece:41dd0917] 在状态(net_syn),收到事件(0x0000000a:4)
[2016-07-11 09:16:39 513 5d7fa700] [0x0000bece:41dd0917] 在状态(net_syn),收到事件(0x00000009:1)
[2016-07-11 09:16:39 705 5d7fa700] [0x0000bece:41dd0917] 在状态(net_syn),收到事件(0x00000009:1)
[2016-07-11 09:16:39 715 5d7fa700] [0x0000bece:41dd0917] 在状态(net_syn),收到事件(0x0000000a:5)
[2016-07-11 09:16:39 909 5d7fa700] [0x0000bece:41dd0917] 在状态(net_syn),收到事件(0x00000009:1)
[2016-07-11 09:16:39 918 5d7fa700] [0x0000bece:41dd0917] 在状态(net_syn),收到事件(0x0000000a:6)
[2016-07-11 09:16:40 111 5d7fa700] [0x0000bece:41dd0917] 在状态(net_syn),收到事件(0x0000000a:7)
[2016-07-11 09:16:40 112 5d7fa700] [0x0000bece:41dd0917] 在状态(net_syn),收到事件(0x00000009:1)
[2016-07-11 09:16:40 304 5d7fa700] [0x0000bece:41dd0917] 在状态(net_syn),收到事件(0x00000009:1)
[2016-07-11 09:16:40 314 5d7fa700] [0x0000bece:41dd0917] 在状态(net_syn),收到事件(0x0000000a:8)
[2016-07-11 09:16:40 507 5d7fa700] [0x0000bece:41dd0917] 在状态(net_syn),收到事件(0x00000009:1)
[2016-07-11 09:16:40 517 5d7fa700] [0x0000bece:41dd0917] 在状态(net_syn),收到事件(0x0000000a:9)
[2016-07-11 09:16:40 709 5d7fa700] [0x0000bece:41dd0917] 在状态(net_syn),收到事件(0x0000000a:10)
[2016-07-11 09:16:40 710 5d7fa700] [0x0000bece:41dd0917] 在状态(net_syn),收到事件(0x00000009:1)
[2016-07-11 09:16:40 911 5d7fa700] [0x0000bece:41dd0917] 在状态(net_syn),收到事件(0x0000000a:11)
[2016-07-11 09:16:40 912 5d7fa700] [0x0000bece:41dd0917] 在状态(net_syn),收到事件(0x00000009:1)
[2016-07-11 09:16:41 105 5d7fa700] [0x0000bece:41dd0917] 在状态(net_syn),收到事件(0x00000009:1)
[2016-07-11 09:16:41 114 5d7fa700] [0x0000bece:41dd0917] 在状态(net_syn),收到事件(0x0000000a:12)
[2016-07-11 09:16:41 308 5d7fa700] [0x0000bece:41dd0917] 在状态(net_syn),收到事件(0x00000009:1)
[2016-07-11 09:16:41 318 5d7fa700] [0x0000bece:41dd0917] 在状态(net_syn),收到事件(0x0000000a:13)
[2016-07-11 09:16:41 510 5d7fa700] [0x0000bece:41dd0917] 在状态(net_syn),收到事件(0x0000000a:14)
[2016-07-11 09:16:41 511 5d7fa700] [0x0000bece:41dd0917] 在状态(net_syn),收到事件(0x00000009:1)
[2016-07-11 09:16:41 712 5d7fa700] [0x0000bece:41dd0917] 在状态(net_syn),收到事件(0x0000000a:15)
[2016-07-11 09:16:41 712 5d7fa700] [0x0000bece:41dd0917] 状态迁移(net_syn)---(0x0000000a:15)-->(exit)
[2016-07-11 09:16:41 712 5d7fa700] [ bece:41dd0917] E15_udcp_item clean
[2016-07-11 09:16:41 713 5d7fa700] [0x0000becf:41dd0918] 在状态(),收到事件(0x00000009:1)
[2016-07-11 09:16:41 713 5d7fa700] [0x0000becf:41dd0918] 状态迁移()---(0x00000009:1)-->(net_syn)
[2016-07-11 09:16:41 925 5d7fa700] [0x0000becf:41dd0918] 在状态(net_syn),收到事件(0x0000000a:1)
[2016-07-11 09:16:42 128 5d7fa700] [0x0000becf:41dd0918] 在状态(net_syn),收到事件(0x0000000a:2)
[2016-07-11 09:16:42 321 5d7fa700] [0x0000becf:41dd0918] 在状态(net_syn),收到事件(0x0000000a:3)
[2016-07-11 09:16:42 524 5d7fa700] [0x0000becf:41dd0918] 在状态(net_syn),收到事件(0x0000000a:4)
[2016-07-11 09:16:42 726 5d7fa700] [0x0000becf:41dd0918] 在状态(net_syn),收到事件(0x0000000a:5)
[2016-07-11 09:16:42 920 5d7fa700] [0x0000becf:41dd0918] 在状态(net_syn),收到事件(0x0000000a:6)
[2016-07-11 09:16:43 123 5d7fa700] [0x0000becf:41dd0918] 在状态(net_syn),收到事件(0x0000000a:7)
[2016-07-11 09:16:43 326 5d7fa700] [0x0000becf:41dd0918] 在状态(net_syn),收到事件(0x0000000a:8)
[2016-07-11 09:16:43 517 5d7fa700] [0x0000becf:41dd0918] 在状态(net_syn),收到事件(0x0000000a:9)
[2016-07-11 09:16:43 719 5d7fa700] [0x0000becf:41dd0918] 在状态(net_syn),收到事件(0x0000000a:10)
[2016-07-11 09:16:43 912 5d7fa700] [0x0000bec8:41dd0919] 在状态(),收到事件(0x00000009:1)
[2016-07-11 09:16:43 912 5d7fa700] [0x0000bec8:41dd0919] 状态迁移()---(0x00000009:1)-->(net_syn)
[2016-07-11 09:16:43 922 5d7fa700] [0x0000becf:41dd0918] 在状态(net_syn),收到事件(0x0000000a:11)
[2016-07-11 09:16:44 125 5d7fa700] [0x0000bec8:41dd0919] 在状态(net_syn),收到事件(0x0000000a:1)
[2016-07-11 09:16:44 125 5d7fa700] [0x0000becf:41dd0918] 在状态(net_syn),收到事件(0x0000000a:12)
[2016-07-11 09:16:44 126 5d7fa700] [0x0000bec8:41dd0919] 在状态(net_syn),收到事件(0x00000009:1)
[2016-07-11 09:16:44 327 5d7fa700] [0x0000bec8:41dd0919] 在状态(net_syn),收到事件(0x0000000a:2)
[2016-07-11 09:16:44 327 5d7fa700] [0x0000becf:41dd0918] 在状态(net_syn),收到事件(0x0000000a:13)
[2016-07-11 09:16:44 328 5d7fa700] [0x0000bec8:41dd0919] 在状态(net_syn),收到事件(0x00000009:1)
[2016-07-11 09:16:44 519 5d7fa700] [0x0000bec8:41dd0919] 在状态(net_syn),收到事件(0x0000000a:3)
[2016-07-11 09:16:44 520 5d7fa700] [0x0000becf:41dd0918] 在状态(net_syn),收到事件(0x0000000a:14)
[2016-07-11 09:16:44 530 5d7fa700] [0x0000bec8:41dd0919] 在状态(net_syn),收到事件(0x00000009:1)
[2016-07-11 09:16:44 724 5d7fa700] [0x0000bec8:41dd0919] 在状态(net_syn),收到事件(0x0000000a:4)
[2016-07-11 09:16:44 724 5d7fa700] [0x0000becf:41dd0918] 在状态(net_syn),收到事件(0x0000000a:15)
[2016-07-11 09:16:44 724 5d7fa700] [0x0000becf:41dd0918] 状态迁移(net_syn)---(0x0000000a:15)-->(exit)
[2016-07-11 09:16:44 724 5d7fa700] [ becf:41dd0918] E15_udcp_item clean
[2016-07-11 09:16:44 724 5d7fa700] [0x0000bec8:41dd0919] 在状态(net_syn),收到事件(0x00000009:1)
[2016-07-11 09:16:44 925 5d7fa700] [0x0000bec8:41dd0919] 在状态(net_syn),收到事件(0x0000000a:5)
[2016-07-11 09:16:44 926 5d7fa700] [0x0000bec8:41dd0919] 在状态(net_syn),收到事件(0x00000009:1)
[2016-07-11 09:16:45 117 5d7fa700] [0x0000bec8:41dd0919] 在状态(net_syn),收到事件(0x0000000a:6)
[2016-07-11 09:16:45 128 5d7fa700] [0x0000bec8:41dd0919] 在状态(net_syn),收到事件(0x00000009:1)
[2016-07-11 09:16:45 319 5d7fa700] [0x0000bec8:41dd0919] 在状态(net_syn),收到事件(0x0000000a:7)
[2016-07-11 09:16:45 330 5d7fa700] [0x0000bec8:41dd0919] 在状态(net_syn),收到事件(0x00000009:1)
[2016-07-11 09:16:45 522 5d7fa700] [0x0000bec8:41dd0919] 在状态(net_syn),收到事件(0x00000009:1)
[2016-07-11 09:16:45 523 5d7fa700] [0x0000bec8:41dd0919] 在状态(net_syn),收到事件(0x0000000a:8)
[2016-07-11 09:16:45 724 5d7fa700] [0x0000bec8:41dd0919] 在状态(net_syn),收到事件(0x00000009:1)
[2016-07-11 09:16:45 725 5d7fa700] [0x0000bec8:41dd0919] 在状态(net_syn),收到事件(0x0000000a:9)
[2016-07-11 09:16:45 927 5d7fa700] [0x0000bec8:41dd0919] 在状态(net_syn),收到事件(0x0000000a:10)
[2016-07-11 09:16:45 927 5d7fa700] [0x0000bec8:41dd0919] 在状态(net_syn),收到事件(0x00000009:1)
[2016-07-11 09:16:46 129 5d7fa700] [0x0000bec8:41dd0919] 在状态(net_syn),收到事件(0x0000000a:11)
[2016-07-11 09:16:46 130 5d7fa700] [0x0000bec8:41dd0919] 在状态(net_syn),收到事件(0x00000009:1)
[2016-07-11 09:16:46 321 5d7fa700] [0x0000bec8:41dd0919] 在状态(net_syn),收到事件(0x0000000a:12)
[2016-07-11 09:16:46 332 5d7fa700] [0x0000bec8:41dd0919] 在状态(net_syn),收到事件(0x00000009:1)
[2016-07-11 09:16:46 524 5d7fa700] [0x0000bec8:41dd0919] 在状态(net_syn),收到事件(0x0000000a:13)
[2016-07-11 09:16:46 525 5d7fa700] [0x0000bec8:41dd0919] 在状态(net_syn),收到事件(0x00000009:1)
[2016-07-11 09:16:46 726 5d7fa700] [0x0000bec8:41dd0919] 在状态(net_syn),收到事件(0x0000000a:14)
[2016-07-11 09:16:46 726 5d7fa700] [0x0000bec8:41dd0919] 在状态(net_syn),收到事件(0x00000009:1)
[2016-07-11 09:16:46 918 5d7fa700] [0x0000bec8:41dd0919] 在状态(net_syn),收到事件(0x0000000a:15)
[2016-07-11 09:16:46 918 5d7fa700] [0x0000bec8:41dd0919] 状态迁移(net_syn)---(0x0000000a:15)-->(exit)
[2016-07-11 09:16:46 918 5d7fa700] [ bec8:41dd0919] E15_udcp_item clean
[2016-07-11 09:16:46 928 5d7fa700] [0x0000bece:41dd091a] 在状态(),收到事件(0x00000009:1)
[2016-07-11 09:16:46 928 5d7fa700] [0x0000bece:41dd091a] 状态迁移()---(0x00000009:1)-->(net_syn)
[2016-07-11 09:16:47 141 5d7fa700] [0x0000bece:41dd091a] 在状态(net_syn),收到事件(0x0000000a:1)
[2016-07-11 09:16:47 344 5d7fa700] [0x0000bece:41dd091a] 在状态(net_syn),收到事件(0x0000000a:2)
[2016-07-11 09:16:47 546 5d7fa700] [0x0000bece:41dd091a] 在状态(net_syn),收到事件(0x0000000a:3)
[2016-07-11 09:16:47 739 5d7fa700] [0x0000bece:41dd091a] 在状态(net_syn),收到事件(0x0000000a:4)
[2016-07-11 09:16:47 942 5d7fa700] [0x0000bece:41dd091a] 在状态(net_syn),收到事件(0x0000000a:5)
[2016-07-11 09:16:48 145 5d7fa700] [0x0000bece:41dd091a] 在状态(net_syn),收到事件(0x0000000a:6)
[2016-07-11 09:16:48 347 5d7fa700] [0x0000bece:41dd091a] 在状态(net_syn),收到事件(0x0000000a:7)
[2016-07-11 09:16:48 539 5d7fa700] [0x0000bece:41dd091a] 在状态(net_syn),收到事件(0x0000000a:8)
[2016-07-11 09:16:48 742 5d7fa700] [0x0000bece:41dd091a] 在状态(net_syn),收到事件(0x0000000a:9)
[2016-07-11 09:16:48 945 5d7fa700] [0x0000bece:41dd091a] 在状态(net_syn),收到事件(0x0000000a:10)
[2016-07-11 09:16:49 138 5d7fa700] [0x0000becf:41dd091b] 在状态(),收到事件(0x00000009:1)
[2016-07-11 09:16:49 138 5d7fa700] [0x0000becf:41dd091b] 状态迁移()---(0x00000009:1)-->(net_syn)
[2016-07-11 09:16:49 148 5d7fa700] [0x0000bece:41dd091a] 在状态(net_syn),收到事件(0x0000000a:11)
[2016-07-11 09:16:49 340 5d7fa700] [0x0000becf:41dd091b] 在状态(net_syn),收到事件(0x0000000a:1)
[2016-07-11 09:16:49 340 5d7fa700] [0x0000bece:41dd091a] 在状态(net_syn),收到事件(0x0000000a:12)
[2016-07-11 09:16:49 352 5d7fa700] [0x0000becf:41dd091b] 在状态(net_syn),收到事件(0x00000009:1)
[2016-07-11 09:16:49 543 5d7fa700] [0x0000becf:41dd091b] 在状态(net_syn),收到事件(0x0000000a:2)
[2016-07-11 09:16:49 543 5d7fa700] [0x0000bece:41dd091a] 在状态(net_syn),收到事件(0x0000000a:13)
[2016-07-11 09:16:49 544 5d7fa700] [0x0000becf:41dd091b] 在状态(net_syn),收到事件(0x00000009:1)
[2016-07-11 09:16:49 746 5d7fa700] [0x0000becf:41dd091b] 在状态(net_syn),收到事件(0x0000000a:3)
[2016-07-11 09:16:49 746 5d7fa700] [0x0000bece:41dd091a] 在状态(net_syn),收到事件(0x0000000a:14)
[2016-07-11 09:16:49 746 5d7fa700] [0x0000becf:41dd091b] 在状态(net_syn),收到事件(0x00000009:1)
[2016-07-11 09:16:49 939 5d7fa700] [0x0000becf:41dd091b] 在状态(net_syn),收到事件(0x0000000a:4)
[2016-07-11 09:16:49 939 5d7fa700] [0x0000bece:41dd091a] 在状态(net_syn),收到事件(0x0000000a:15)
[2016-07-11 09:16:49 939 5d7fa700] [0x0000bece:41dd091a] 状态迁移(net_syn)---(0x0000000a:15)-->(exit)
[2016-07-11 09:16:49 939 5d7fa700] [ bece:41dd091a] E15_udcp_item clean
[2016-07-11 09:16:49 949 5d7fa700] [0x0000becf:41dd091b] 在状态(net_syn),收到事件(0x00000009:1)
[2016-07-11 09:16:50 142 5d7fa700] [0x0000becf:41dd091b] 在状态(net_syn),收到事件(0x0000000a:5)
[2016-07-11 09:16:50 142 5d7fa700] [0x0000becf:41dd091b] 在状态(net_syn),收到事件(0x00000009:1)
[2016-07-11 09:16:50 345 5d7fa700] [0x0000becf:41dd091b] 在状态(net_syn),收到事件(0x0000000a:6)
[2016-07-11 09:16:50 346 5d7fa700] [0x0000becf:41dd091b] 在状态(net_syn),收到事件(0x00000009:1)
[2016-07-11 09:16:50 538 5d7fa700] [0x0000becf:41dd091b] 在状态(net_syn),收到事件(0x0000000a:7)
[2016-07-11 09:16:50 548 5d7fa700] [0x0000becf:41dd091b] 在状态(net_syn),收到事件(0x00000009:1)
[2016-07-11 09:16:50 740 5d7fa700] [0x0000becf:41dd091b] 在状态(net_syn),收到事件(0x0000000a:8)
[2016-07-11 09:16:50 751 5d7fa700] [0x0000becf:41dd091b] 在状态(net_syn),收到事件(0x00000009:1)
[2016-07-11 09:16:50 943 5d7fa700] [0x0000becf:41dd091b] 在状态(net_syn),收到事件(0x0000000a:9)
[2016-07-11 09:16:50 954 5d7fa700] [0x0000becf:41dd091b] 在状态(net_syn),收到事件(0x00000009:1)
[2016-07-11 09:16:51 146 5d7fa700] [0x0000becf:41dd091b] 在状态(net_syn),收到事件(0x0000000a:10)
[2016-07-11 09:16:51 147 5d7fa700] [0x0000becf:41dd091b] 在状态(net_syn),收到事件(0x00000009:1)
[2016-07-11 09:16:51 339 5d7fa700] [0x0000becf:41dd091b] 在状态(net_syn),收到事件(0x0000000a:11)
[2016-07-11 09:16:51 350 5d7fa700] [0x0000becf:41dd091b] 在状态(net_syn),收到事件(0x00000009:1)
[2016-07-11 09:16:51 542 5d7fa700] [0x0000becf:41dd091b] 在状态(net_syn),收到事件(0x0000000a:12)
[2016-07-11 09:16:51 542 5d7fa700] [0x0000becf:41dd091b] 在状态(net_syn),收到事件(0x00000009:1)
[2016-07-11 09:16:51 744 5d7fa700] [0x0000becf:41dd091b] 在状态(net_syn),收到事件(0x0000000a:13)
[2016-07-11 09:16:51 744 5d7fa700] [0x0000becf:41dd091b] 在状态(net_syn),收到事件(0x00000009:1)
[2016-07-11 09:16:51 947 5d7fa700] [0x0000becf:41dd091b] 在状态(net_syn),收到事件(0x0000000a:14)
[2016-07-11 09:16:51 948 5d7fa700] [0x0000becf:41dd091b] 在状态(net_syn),收到事件(0x00000009:1)
[2016-07-11 09:16:52 141 5d7fa700] [0x0000becf:41dd091b] 在状态(net_syn),收到事件(0x0000000a:15)
[2016-07-11 09:16:52 141 5d7fa700] [0x0000becf:41dd091b] 状态迁移(net_syn)---(0x0000000a:15)-->(exit)
[2016-07-11 09:16:52 141 5d7fa700] [ becf:41dd091b] E15_udcp_item clean
[2016-07-11 09:16:52 151 5d7fa700] [0x0000bec8:41dd091c] 在状态(),收到事件(0x00000009:1)
[2016-07-11 09:16:52 151 5d7fa700] [0x0000bec8:41dd091c] 状态迁移()---(0x00000009:1)-->(net_syn)
[2016-07-11 09:16:52 364 5d7fa700] [0x0000bec8:41dd091c] 在状态(net_syn),收到事件(0x0000000a:1)
[2016-07-11 09:16:52 567 5d7fa700] [0x0000bec8:41dd091c] 在状态(net_syn),收到事件(0x0000000a:2)
[2016-07-11 09:16:52 769 5d7fa700] [0x0000bec8:41dd091c] 在状态(net_syn),收到事件(0x0000000a:3)
[2016-07-11 09:16:52 972 5d7fa700] [0x0000bec8:41dd091c] 在状态(net_syn),收到事件(0x0000000a:4)
[2016-07-11 09:16:53 175 5d7fa700] [0x0000bec8:41dd091c] 在状态(net_syn),收到事件(0x0000000a:5)
[2016-07-11 09:16:53 378 5d7fa700] [0x0000bec8:41dd091c] 在状态(net_syn),收到事件(0x0000000a:6)
[2016-07-11 09:16:53 571 5d7fa700] [0x0000bec8:41dd091c] 在状态(net_syn),收到事件(0x0000000a:7)
[2016-07-11 09:16:53 763 5d7fa700] [0x0000bec8:41dd091c] 在状态(net_syn),收到事件(0x0000000a:8)
[2016-07-11 09:16:53 967 5d7fa700] [0x0000bec8:41dd091c] 在状态(net_syn),收到事件(0x0000000a:9)
[2016-07-11 09:16:54 170 5d7fa700] [0x0000bec8:41dd091c] 在状态(net_syn),收到事件(0x0000000a:10)
[2016-07-11 09:16:54 354 5d7fa700] [0x0000bece:41dd091d] 在状态(),收到事件(0x00000009:1)
[2016-07-11 09:16:54 354 5d7fa700] [0x0000bece:41dd091d] 状态迁移()---(0x00000009:1)-->(net_syn)
[2016-07-11 09:16:54 373 5d7fa700] [0x0000bec8:41dd091c] 在状态(net_syn),收到事件(0x0000000a:11)
[2016-07-11 09:16:54 565 5d7fa700] [0x0000bece:41dd091d] 在状态(net_syn),收到事件(0x0000000a:1)
[2016-07-11 09:16:54 567 5d7fa700] [0x0000bece:41dd091d] 在状态(net_syn),收到事件(0x00000009:1)
[2016-07-11 09:16:54 576 5d7fa700] [0x0000bec8:41dd091c] 在状态(net_syn),收到事件(0x0000000a:12)
[2016-07-11 09:16:54 758 5d7fa700] [0x0000bece:41dd091d] 在状态(net_syn),收到事件(0x0000000a:2)
[2016-07-11 09:16:54 758 5d7fa700] [0x0000bece:41dd091d] 在状态(net_syn),收到事件(0x00000009:1)
[2016-07-11 09:16:54 768 5d7fa700] [0x0000bec8:41dd091c] 在状态(net_syn),收到事件(0x0000000a:13)
[2016-07-11 09:16:54 961 5d7fa700] [0x0000bece:41dd091d] 在状态(net_syn),收到事件(0x0000000a:3)
[2016-07-11 09:16:54 962 5d7fa700] [0x0000bece:41dd091d] 在状态(net_syn),收到事件(0x00000009:1)
[2016-07-11 09:16:54 971 5d7fa700] [0x0000bec8:41dd091c] 在状态(net_syn),收到事件(0x0000000a:14)
[2016-07-11 09:16:55 154 5d7fa700] [0x0000bece:41dd091d] 在状态(net_syn),收到事件(0x0000000a:4)
[2016-07-11 09:16:55 164 5d7fa700] [0x0000bec8:41dd091c] 在状态(net_syn),收到事件(0x0000000a:15)
[2016-07-11 09:16:55 164 5d7fa700] [0x0000bec8:41dd091c] 状态迁移(net_syn)---(0x0000000a:15)-->(exit)
[2016-07-11 09:16:55 164 5d7fa700] [ bec8:41dd091c] E15_udcp_item clean
[2016-07-11 09:16:55 164 5d7fa700] [0x0000bece:41dd091d] 在状态(net_syn),收到事件(0x00000009:1)
[2016-07-11 09:16:55 357 5d7fa700] [0x0000bece:41dd091d] 在状态(net_syn),收到事件(0x0000000a:5)
[2016-07-11 09:16:55 367 5d7fa700] [0x0000bece:41dd091d] 在状态(net_syn),收到事件(0x00000009:1)
[2016-07-11 09:16:55 560 5d7fa700] [0x0000bece:41dd091d] 在状态(net_syn),收到事件(0x0000000a:6)
[2016-07-11 09:16:55 560 5d7fa700] [0x0000bece:41dd091d] 在状态(net_syn),收到事件(0x00000009:1)
[2016-07-11 09:16:55 763 5d7fa700] [0x0000bece:41dd091d] 在状态(net_syn),收到事件(0x0000000a:7)
[2016-07-11 09:16:55 763 5d7fa700] [0x0000bece:41dd091d] 在状态(net_syn),收到事件(0x00000009:1)
[2016-07-11 09:16:55 956 5d7fa700] [0x0000bece:41dd091d] 在状态(net_syn),收到事件(0x0000000a:8)
[2016-07-11 09:16:55 967 5d7fa700] [0x0000bece:41dd091d] 在状态(net_syn),收到事件(0x00000009:1)
[2016-07-11 09:16:56 159 5d7fa700] [0x0000bece:41dd091d] 在状态(net_syn),收到事件(0x0000000a:9)
[2016-07-11 09:16:56 159 5d7fa700] [0x0000bece:41dd091d] 在状态(net_syn),收到事件(0x00000009:1)
[2016-07-11 09:16:56 362 5d7fa700] [0x0000bece:41dd091d] 在状态(net_syn),收到事件(0x0000000a:10)
[2016-07-11 09:16:56 362 5d7fa700] [0x0000bece:41dd091d] 在状态(net_syn),收到事件(0x00000009:1)
[2016-07-11 09:16:56 554 5d7fa700] [0x0000bece:41dd091d] 在状态(net_syn),收到事件(0x0000000a:11)
[2016-07-11 09:16:56 565 5d7fa700] [0x0000bece:41dd091d] 在状态(net_syn),收到事件(0x00000009:1)
[2016-07-11 09:16:56 757 5d7fa700] [0x0000bece:41dd091d] 在状态(net_syn),收到事件(0x0000000a:12)
[2016-07-11 09:16:56 768 5d7fa700] [0x0000bece:41dd091d] 在状态(net_syn),收到事件(0x00000009:1)
[2016-07-11 09:16:56 960 5d7fa700] [0x0000bece:41dd091d] 在状态(net_syn),收到事件(0x0000000a:13)
[2016-07-11 09:16:56 960 5d7fa700] [0x0000bece:41dd091d] 在状态(net_syn),收到事件(0x00000009:1)
[2016-07-11 09:16:57 163 5d7fa700] [0x0000bece:41dd091d] 在状态(net_syn),收到事件(0x0000000a:14)
[2016-07-11 09:16:57 163 5d7fa700] [0x0000bece:41dd091d] 在状态(net_syn),收到事件(0x00000009:1)
[2016-07-11 09:16:57 356 5d7fa700] [0x0000bece:41dd091d] 在状态(net_syn),收到事件(0x0000000a:15)
[2016-07-11 09:16:57 356 5d7fa700] [0x0000bece:41dd091d] 状态迁移(net_syn)---(0x0000000a:15)-->(exit)
[2016-07-11 09:16:57 356 5d7fa700] [ bece:41dd091d] E15_udcp_item clean
[2016-07-11 09:16:57 367 5d7fa700] [0x0000becf:41dd091e] 在状态(),收到事件(0x00000009:1)
[2016-07-11 09:16:57 367 5d7fa700] [0x0000becf:41dd091e] 状态迁移()---(0x00000009:1)-->(net_syn)
[2016-07-11 09:16:57 579 5d7fa700] [0x0000becf:41dd091e] 在状态(net_syn),收到事件(0x0000000a:1)
[2016-07-11 09:16:57 782 5d7fa700] [0x0000becf:41dd091e] 在状态(net_syn),收到事件(0x0000000a:2)
[2016-07-11 09:16:57 975 5d7fa700] [0x0000becf:41dd091e] 在状态(net_syn),收到事件(0x0000000a:3)
[2016-07-11 09:16:58 177 5d7fa700] [0x0000becf:41dd091e] 在状态(net_syn),收到事件(0x0000000a:4)
[2016-07-11 09:16:58 380 5d7fa700] [0x0000becf:41dd091e] 在状态(net_syn),收到事件(0x0000000a:5)
[2016-07-11 09:16:58 583 5d7fa700] [0x0000becf:41dd091e] 在状态(net_syn),收到事件(0x0000000a:6)
[2016-07-11 09:16:58 776 5d7fa700] [0x0000becf:41dd091e] 在状态(net_syn),收到事件(0x0000000a:7)
[2016-07-11 09:16:58 979 5d7fa700] [0x0000becf:41dd091e] 在状态(net_syn),收到事件(0x0000000a:8)
[2016-07-11 09:16:59 182 5d7fa700] [0x0000becf:41dd091e] 在状态(net_syn),收到事件(0x0000000a:9)
[2016-07-11 09:16:59 375 5d7fa700] [0x0000becf:41dd091e] 在状态(net_syn),收到事件(0x0000000a:10)
[2016-07-11 09:16:59 568 5d7fa700] [0x0000bec8:41dd091f] 在状态(),收到事件(0x00000009:1)
[2016-07-11 09:16:59 568 5d7fa700] [0x0000bec8:41dd091f] 状态迁移()---(0x00000009:1)-->(net_syn)
[2016-07-11 09:16:59 577 5d7fa700] [0x0000becf:41dd091e] 在状态(net_syn),收到事件(0x0000000a:11)
[2016-07-11 09:16:59 780 5d7fa700] [0x0000bec8:41dd091f] 在状态(net_syn),收到事件(0x0000000a:1)
[2016-07-11 09:16:59 781 5d7fa700] [0x0000becf:41dd091e] 在状态(net_syn),收到事件(0x0000000a:12)
[2016-07-11 09:16:59 781 5d7fa700] [0x0000bec8:41dd091f] 在状态(net_syn),收到事件(0x00000009:1)
[2016-07-11 09:16:59 973 5d7fa700] [0x0000bec8:41dd091f] 在状态(net_syn),收到事件(0x0000000a:2)
[2016-07-11 09:16:59 974 5d7fa700] [0x0000becf:41dd091e] 在状态(net_syn),收到事件(0x0000000a:13)
[2016-07-11 09:16:59 984 5d7fa700] [0x0000bec8:41dd091f] 在状态(net_syn),收到事件(0x00000009:1)
[2016-07-11 09:17:00 176 5d7fa700] [0x0000bec8:41dd091f] 在状态(net_syn),收到事件(0x0000000a:3)
[2016-07-11 09:17:00 176 5d7fa700] [0x0000becf:41dd091e] 在状态(net_syn),收到事件(0x0000000a:14)
[2016-07-11 09:17:00 187 5d7fa700] [0x0000bec8:41dd091f] 在状态(net_syn),收到事件(0x00000009:1)
[2016-07-11 09:17:00 379 5d7fa700] [0x0000bec8:41dd091f] 在状态(net_syn),收到事件(0x0000000a:4)
[2016-07-11 09:17:00 380 5d7fa700] [0x0000becf:41dd091e] 在状态(net_syn),收到事件(0x0000000a:15)
[2016-07-11 09:17:00 380 5d7fa700] [0x0000becf:41dd091e] 状态迁移(net_syn)---(0x0000000a:15)-->(exit)
[2016-07-11 09:17:00 380 5d7fa700] [ becf:41dd091e] E15_udcp_item clean
[2016-07-11 09:17:00 390 5d7fa700] [0x0000bec8:41dd091f] 在状态(net_syn),收到事件(0x00000009:1)
[2016-07-11 09:17:00 582 5d7fa700] [0x0000bec8:41dd091f] 在状态(net_syn),收到事件(0x0000000a:5)
[2016-07-11 09:17:00 583 5d7fa700] [0x0000bec8:41dd091f] 在状态(net_syn),收到事件(0x00000009:1)
[2016-07-11 09:17:00 775 5d7fa700] [0x0000bec8:41dd091f] 在状态(net_syn),收到事件(0x0000000a:6)
[2016-07-11 09:17:00 785 5d7fa700] [0x0000bec8:41dd091f] 在状态(net_syn),收到事件(0x00000009:1)
[2016-07-11 09:17:00 977 5d7fa700] [0x0000bec8:41dd091f] 在状态(net_syn),收到事件(0x0000000a:7)
[2016-07-11 09:17:00 978 5d7fa700] [0x0000bec8:41dd091f] 在状态(net_syn),收到事件(0x00000009:1)
[2016-07-11 09:17:01 180 5d7fa700] [0x0000bec8:41dd091f] 在状态(net_syn),收到事件(0x0000000a:8)
[2016-07-11 09:17:01 180 5d7fa700] [0x0000bec8:41dd091f] 在状态(net_syn),收到事件(0x00000009:1)
[2016-07-11 09:17:01 372 5d7fa700] [0x0000bec8:41dd091f] 在状态(net_syn),收到事件(0x0000000a:9)
[2016-07-11 09:17:01 382 5d7fa700] [0x0000bec8:41dd091f] 在状态(net_syn),收到事件(0x00000009:1)
[2016-07-11 09:17:01 573 5d7fa700] [0x0000bec8:41dd091f] 在状态(net_syn),收到事件(0x0000000a:10)
[2016-07-11 09:17:01 584 5d7fa700] [0x0000bec8:41dd091f] 在状态(net_syn),收到事件(0x00000009:1)
[2016-07-11 09:17:01 778 5d7fa700] [0x0000bec8:41dd091f] 在状态(net_syn),收到事件(0x0000000a:11)
[2016-07-11 09:17:01 788 5d7fa700] [0x0000bec8:41dd091f] 在状态(net_syn),收到事件(0x00000009:1)
[2016-07-11 09:17:01 981 5d7fa700] [0x0000bec8:41dd091f] 在状态(net_syn),收到事件(0x0000000a:12)
[2016-07-11 09:17:01 981 5d7fa700] [0x0000bec8:41dd091f] 在状态(net_syn),收到事件(0x00000009:1)
[2016-07-11 09:17:02 183 5d7fa700] [0x0000bec8:41dd091f] 在状态(net_syn),收到事件(0x0000000a:13)
[2016-07-11 09:17:02 184 5d7fa700] [0x0000bec8:41dd091f] 在状态(net_syn),收到事件(0x00000009:1)
[2016-07-11 09:17:02 387 5d7fa700] [0x0000bec8:41dd091f] 在状态(net_syn),收到事件(0x0000000a:14)
[2016-07-11 09:17:02 387 5d7fa700] [0x0000bec8:41dd091f] 在状态(net_syn),收到事件(0x00000009:1)
[2016-07-11 09:17:02 579 5d7fa700] [0x0000bec8:41dd091f] 在状态(net_syn),收到事件(0x00000009:1)
[2016-07-11 09:17:02 589 5d7fa700] [0x0000bec8:41dd091f] 在状态(net_syn),收到事件(0x0000000a:15)
[2016-07-11 09:17:02 589 5d7fa700] [0x0000bec8:41dd091f] 状态迁移(net_syn)---(0x0000000a:15)-->(exit)
[2016-07-11 09:17:02 589 5d7fa700] [ bec8:41dd091f] E15_udcp_item clean
[2016-07-11 09:17:04 802 5d7fa700] [0x0000bece:41dd0920] 在状态(),收到事件(0x00000009:1)
[2016-07-11 09:17:04 802 5d7fa700] [0x0000bece:41dd0920] 状态迁移()---(0x00000009:1)-->(net_syn)
[2016-07-11 09:17:04 802 5d7fa700] [0x0000bece:41dd0920] 在状态(net_syn),收到事件(0x00000009:3)
[2016-07-11 09:17:04 802 5d7fa700] [0x0000bece:41dd0920] 状态迁移(net_syn)---(0x00000009:3)-->(data_slave)
[2016-07-11 09:17:04 802 5d7fa700] [0000bece:41dd0920] ::ffff:127.0.0.1:10524 syn ok ,remoteid = [0000ab12:70094fbf]，time dalay=0(ms),first(sendseq=2c8e10b6:recvseq=5c8e3de6),remote timestamp=0
