[2016-07-11 17:40:01 057 5d7fa700] [0x0000bece:41dd0920] 在状态(data_slave),收到事件(0x00000009:4)
[2016-07-11 17:40:01 058 5d7fa700] [0x0000bece:41dd0920] 状态迁移(data_slave)---(0x00000009:4)-->(net_rst)
[2016-07-11 17:40:01 058 5d7fa700] [0x0000bece:41dd0920] 在状态(net_rst),收到事件(0x00000009:6)
[2016-07-11 17:40:01 058 5d7fa700] [0x0000bece:41dd0920] 状态迁移(net_rst)---(0x00000009:6)-->(reconnect?)
[2016-07-11 17:40:01 058 5d7fa700] [0x0000bece:41dd0920] 在状态(reconnect?),收到事件(0x0000000c:0)
[2016-07-11 17:40:01 058 5d7fa700] [0x0000bece:41dd0920] 状态迁移(reconnect?)---(0x0000000c:0)-->(exit)
[2016-07-11 17:40:01 058 5d7fa700] [ bece:41dd0920] E15_udcp_item clean
[2016-07-11 17:40:01 073 5d7fa700] [00000000:8fc18109] 收到时间同步消息，通信延迟约 0 ms
[2016-07-11 17:40:02 800 5d7fa700] [0x0000becc:41dd090f] 在状态(data_master),收到事件(0x00000008:4)
[2016-07-11 17:40:02 800 5d7fa700] [0x0000becc:41dd090f] 状态迁移(data_master)---(0x00000008:4)-->(user_rst)
[2016-07-11 17:40:02 800 5d7fa700] [0x0000becd:41dd0910] 在状态(data_master),收到事件(0x00000008:4)
[2016-07-11 17:40:02 800 5d7fa700] [0x0000becd:41dd0910] 状态迁移(data_master)---(0x00000008:4)-->(user_rst)
[2016-07-11 17:40:02 801 5d7fa700] [0x0000becc:41dd090f] 在状态(user_rst),收到事件(0x00000009:5)
[2016-07-11 17:40:02 801 5d7fa700] [0x0000becc:41dd090f] 状态迁移(user_rst)---(0x00000009:5)-->(exit_wait)
[2016-07-11 17:40:02 801 5d7fa700] [0x0000becd:41dd0910] 在状态(user_rst),收到事件(0x00000009:5)
[2016-07-11 17:40:02 801 5d7fa700] [0x0000becd:41dd0910] 状态迁移(user_rst)---(0x00000009:5)-->(exit_wait)
[2016-07-11 17:40:02 801 5d7fa700] [0x0000becc:41dd090f] 在状态(exit_wait),收到事件(0x00000009:6)
[2016-07-11 17:40:02 801 5d7fa700] [0x0000becc:41dd090f] 状态迁移(exit_wait)---(0x00000009:6)-->(exit)
[2016-07-11 17:40:02 801 5d7fa700] [ becc:41dd090f] E15_udcp_item clean
[2016-07-11 17:40:02 801 5d7fa700] [0x0000becd:41dd0910] 在状态(exit_wait),收到事件(0x00000009:6)
[2016-07-11 17:40:02 801 5d7fa700] [0x0000becd:41dd0910] 状态迁移(exit_wait)---(0x00000009:6)-->(exit)
[2016-07-11 17:40:02 801 5d7fa700] [ becd:41dd0910] E15_udcp_item clean
[2016-07-11 17:40:02 952 916de780] udcp session exit normally
