[2016-07-15 08:59:50 771 58ffd780] 添加节点成功,name=md_ctp,N=1,role=md_server,group=ctp,id=[0:30c14781]
[2016-07-15 08:59:50 771 58ffd780] 添加节点成功,name=md_cna,N=2,role=md_server,group=cna,id=[1:30c14782]
[2016-07-15 08:59:50 771 58ffd780] 添加节点成功,name=data_001,N=6,role=data_factory,group=base,id=[5:30c14783]
[2016-07-15 08:59:50 771 58ffd780] 添加节点成功,name=uemgr,N=7,role=proxy,group=ue,id=[6:30c14784]
[2016-07-15 08:59:50 771 58ffd780] 添加节点成功,name=strategy_proxy,N=12,role=proxy,group=test,id=[b:30c14785]
[2016-07-15 08:59:50 771 58ffd780] 添加节点成功,name=h001,N=9,role=history,group=test,id=[8:30c14786]
[2016-07-15 08:59:50 771 58ffd780] 添加节点成功,name=strategy,N=10,role=strategy,group=test,id=[9:30c14787]
[2016-07-15 08:59:50 771 58ffd780] 添加节点成功,name=strategy_01,N=11,role=strategy,group=test,id=[a:30c14788]
[2016-07-15 08:59:50 771 58ffd780] 添加节点成功,name=snatch_ctp,N=3,role=,group=,id=[2:30c14789]
[2016-07-15 08:59:50 771 58ffd780] [data_001<===>md_ctp]连接建立成功
[2016-07-15 08:59:50 771 58ffd780] [data_001<===>md_cna]连接建立成功
[2016-07-15 08:59:50 772 58ffd780] [uemgr<===>md_cna]连接建立成功
[2016-07-15 08:59:50 772 58ffd780] [uemgr<===>md_ctp]连接建立成功
[2016-07-15 08:59:50 772 58ffd780] [strategy<===>uemgr]连接建立成功
[2016-07-15 08:59:50 772 58ffd780] [strategy_01<===>uemgr]连接建立成功
[2016-07-15 08:59:50 772 58ffd780] [uemgr<===>data_001]连接建立成功
[2016-07-15 08:59:50 772 58ffd780] [md_cna<===>strategy]连接建立成功
[2016-07-15 08:59:50 772 58ffd780] [data_001<===>strategy]连接建立成功
[2016-07-15 08:59:50 772 58ffd780] [strategy_proxy<===>data_001]连接建立成功
[2016-07-15 08:59:50 772 58ffd780] [strategy_proxy<===>md_cna]连接建立成功
[2016-07-15 08:59:50 772 58ffd780] E15_domain 在[0.0.0.0:3606] 启动
