[2016-07-14 09:21:45 866 77fff700] [ed2e:40ddc637] (N=2,name=md_cna:role=md_server) 上线
[2016-07-14 09:21:45 881 77fff700] 注册data插件 input=(sys::def:tick:0) output=(kline:秒:12)
[2016-07-14 09:21:45 881 77fff700] 注册data插件 input=(sys::def:tick:0) output=(kline:分钟:1)
[2016-07-14 09:21:45 881 77fff700] 注册data插件 input=(sys::def:tick:0) output=(kline:分钟:5)
[2016-07-14 09:21:45 881 77fff700] 注册data插件 input=(sys::def:tick:0) output=(kline:分钟:10)
[2016-07-14 09:21:45 881 77fff700] 注册data插件 input=(sys::def:tick:0) output=(kline:分钟:15)
[2016-07-14 09:21:45 881 77fff700] 注册data插件 input=(sys::def:tick:0) output=(kline:分钟:30)
[2016-07-14 09:21:45 881 77fff700] 注册data插件 input=(sys::def:tick:0) output=(kline:小时:1)
[2016-07-14 09:21:45 881 77fff700] 注册data插件 input=(sys::def:tick:0) output=(kline:日:1)
[2016-07-14 09:21:45 881 77fff700] 注册data插件 input=(sys::def:tick:0) output=(kline:周:1)
[2016-07-14 09:21:45 881 77fff700] 注册data插件 input=(sys::def:tick:0) output=(kline:月:1)
[2016-07-14 09:22:21 182 77fff700] [ed2f:40ddc638] (N=12,name=strategy_proxy:role=proxy) 上线
[2016-07-14 09:22:21 182 77fff700] strategy_proxy 订阅所有股票行情
[2016-07-14 09:22:21 186 76ffd700] E15_udcp_handler busy queue=4096
[2016-07-14 09:22:21 228 77fff700] [ed2c:40ddc639] (N=10,name=strategy:role=strategy) 上线
[2016-07-14 09:22:21 247 77fff700] [ed2d:40ddc63a] (N=12,name=strategy_proxy:role=proxy) 上线
[2016-07-14 09:22:21 247 77fff700] strategy_proxy 订阅所有股票行情
[2016-07-14 09:22:21 383 77fff700] [ed2c:40ddc639] (N=10,name=strategy:role=strategy) 下线
[2016-07-14 09:22:23 863 77fff700] [ed2e:40ddc637] (N=2,name=md_cna:role=md_server) 下线
[2016-07-14 09:22:24 877 77fff700] [ed2c:40ddc63b] (N=2,name=md_cna:role=md_server) 上线
[2016-07-14 09:22:36 152 77fff700] [ed2e:40ddc63c] (N=10,name=strategy:role=strategy) 上线
[2016-07-14 09:23:04 149 77fff700] [ed2e:40ddc63c] (N=10,name=strategy:role=strategy) 下线
[2016-07-14 09:23:18 116 77fff700] [ed2e:40ddc63d] (N=10,name=strategy:role=strategy) 上线
[2016-07-14 09:23:34 124 77fff700] [ed2e:40ddc63d] (N=10,name=strategy:role=strategy) 下线
[2016-07-14 09:24:52 315 77fff700] [ed2e:40ddc63e] (N=10,name=strategy:role=strategy) 上线
[2016-07-14 09:25:30 316 77fff700] [ed2e:40ddc63e] (N=10,name=strategy:role=strategy) 下线
[2016-07-14 09:25:54 621 77fff700] [ed2e:40ddc63f] (N=10,name=strategy:role=strategy) 上线
[2016-07-14 09:26:04 637 77fff700] [ed2e:40ddc63f] (N=10,name=strategy:role=strategy) 下线
[2016-07-14 09:26:42 529 77fff700] [ed2e:40ddc640] (N=10,name=strategy:role=strategy) 上线
[2016-07-14 09:27:04 543 77fff700] [ed2e:40ddc640] (N=10,name=strategy:role=strategy) 下线
[2016-07-14 09:27:34 942 77fff700] [ed2e:40ddc641] (N=10,name=strategy:role=strategy) 上线
[2016-07-14 09:27:52 939 77fff700] [ed2e:40ddc641] (N=10,name=strategy:role=strategy) 下线
[2016-07-14 09:30:58 876 77fff700] [ed2e:40ddc642] (N=10,name=strategy:role=strategy) 上线
[2016-07-14 09:31:16 895 77fff700] [ed2e:40ddc642] (N=10,name=strategy:role=strategy) 下线
[2016-07-14 09:35:55 990 77fff700] [ed2e:40ddc643] (N=10,name=strategy:role=strategy) 上线
[2016-07-14 09:36:23 994 77fff700] [ed2e:40ddc643] (N=10,name=strategy:role=strategy) 下线
[2016-07-14 09:36:53 461 77fff700] [ed2e:40ddc644] (N=10,name=strategy:role=strategy) 上线
[2016-07-14 09:37:07 460 77fff700] [ed2e:40ddc644] (N=10,name=strategy:role=strategy) 下线
[2016-07-14 09:39:22 880 77fff700] [ed2e:40ddc645] (N=10,name=strategy:role=strategy) 上线
[2016-07-14 09:39:24 880 77fff700] [ed2e:40ddc645] (N=10,name=strategy:role=strategy) 下线
[2016-07-14 09:39:57 867 77fff700] [ed2e:40ddc646] (N=10,name=strategy:role=strategy) 上线
[2016-07-14 09:39:59 866 77fff700] [ed2e:40ddc646] (N=10,name=strategy:role=strategy) 下线
[2016-07-14 09:40:45 284 77fff700] [ed2e:40ddc647] (N=10,name=strategy:role=strategy) 上线
[2016-07-14 09:40:49 285 77fff700] [ed2e:40ddc647] (N=10,name=strategy:role=strategy) 下线
[2016-07-14 09:40:51 087 77fff700] [ed2e:40ddc648] (N=10,name=strategy:role=strategy) 上线
[2016-07-14 09:40:53 086 77fff700] [ed2e:40ddc648] (N=10,name=strategy:role=strategy) 下线
[2016-07-14 09:42:33 141 77fff700] [ed2c:40ddc63b] (N=2,name=md_cna:role=md_server) 下线
[2016-07-14 09:42:35 118 77fff700] [ed2e:40ddc649] (N=2,name=md_cna:role=md_server) 上线
[2016-07-14 09:55:29 075 77fff700] [ed2d:40ddc63a] (N=12,name=strategy_proxy:role=proxy) 下线
[2016-07-14 09:56:49 193 77fff700] [ed2c:40ddc64a] (N=12,name=strategy_proxy:role=proxy) 上线
[2016-07-14 09:56:49 193 77fff700] strategy_proxy 订阅所有股票行情
[2016-07-14 09:57:18 278 77fff700] [ed2c:40ddc64a] (N=12,name=strategy_proxy:role=proxy) 下线
