[2016-07-14 09:21:45 862 76ffd700] [000085c2:79fffde2] 启动同步请求，时间戳=0
[2016-07-14 09:21:45 862 76ffd700] [0x000085c2:79fffde2] 在状态(),收到事件(0x00000008:1)
[2016-07-14 09:21:45 862 76ffd700] [0x000085c2:79fffde2] 状态迁移()---(0x00000008:1)-->(user_syn)
[2016-07-14 09:21:45 862 76ffd700] [0x000085c2:79fffde2] 在状态(user_syn),收到事件(0x00000009:2)
[2016-07-14 09:21:45 862 76ffd700] [0x000085c2:79fffde2] 状态迁移(user_syn)---(0x00000009:2)-->(data_master)
[2016-07-14 09:21:45 862 76ffd700] [000085c2:79fffde2] 127.0.0.1:3606 syn ok ,remoteid = [000055ed:53b42cbc]，time dalay=0(ms),first(sendseq=7c8303f6:recvseq=755a1b6c),remote timestamp=19410
[2016-07-14 09:21:45 864 76ffd700] [000085c3:79fffde3] 启动同步请求，时间戳=0
[2016-07-14 09:21:45 864 76ffd700] [0x000085c3:79fffde3] 在状态(),收到事件(0x00000008:1)
[2016-07-14 09:21:45 864 76ffd700] [0x000085c3:79fffde3] 状态迁移()---(0x00000008:1)-->(user_syn)
[2016-07-14 09:21:45 864 76ffd700] [0x000085c3:79fffde3] 在状态(user_syn),收到事件(0x00000009:2)
[2016-07-14 09:21:45 864 76ffd700] [0x000085c3:79fffde3] 状态迁移(user_syn)---(0x00000009:2)-->(data_master)
[2016-07-14 09:21:45 864 76ffd700] [000085c3:79fffde3] ::ffff:127.0.0.1:54901 syn ok ,remoteid = [0000e952:285066be]，time dalay=0(ms),first(sendseq=7c6a8df6:recvseq=3444aeda),remote timestamp=9380
[2016-07-14 09:22:07 280 76ffd700] [0x000085c0:79fffde4] 在状态(),收到事件(0x00000009:1)
[2016-07-14 09:22:07 280 76ffd700] [0x000085c0:79fffde4] 状态迁移()---(0x00000009:1)-->(net_syn)
[2016-07-14 09:22:07 281 76ffd700] [0x000085c0:79fffde4] 在状态(net_syn),收到事件(0x00000009:3)
[2016-07-14 09:22:07 281 76ffd700] [0x000085c0:79fffde4] 状态迁移(net_syn)---(0x00000009:3)-->(data_slave)
[2016-07-14 09:22:07 281 76ffd700] [000085c0:79fffde4] ::ffff:127.0.0.1:10524 syn ok ,remoteid = [00003085:23d2f440]，time dalay=0(ms),first(sendseq=1a212d9f:recvseq=600f2808),remote timestamp=0
[2016-07-14 09:22:21 209 76ffd700] [000085c1:79fffde5] 启动同步请求，时间戳=31500
[2016-07-14 09:22:21 209 76ffd700] [0x000085c1:79fffde5] 在状态(),收到事件(0x00000008:1)
[2016-07-14 09:22:21 209 76ffd700] [0x000085c1:79fffde5] 状态迁移()---(0x00000008:1)-->(user_syn)
[2016-07-14 09:22:21 215 76ffd700] [0x000085c6:79fffde6] 在状态(),收到事件(0x00000009:1)
[2016-07-14 09:22:21 215 76ffd700] [0x000085c6:79fffde6] 状态迁移()---(0x00000009:1)-->(net_syn)
[2016-07-14 09:22:21 216 76ffd700] [0x000085c6:79fffde6] 在状态(net_syn),收到事件(0x00000009:1)
[2016-07-14 09:22:21 216 76ffd700] [0x000085c6:79fffde6] 在状态(net_syn),收到事件(0x00000009:1)
[2016-07-14 09:22:21 217 76ffd700] [0x000085c6:79fffde6] 在状态(net_syn),收到事件(0x00000009:1)
[2016-07-14 09:22:21 217 76ffd700] [0x000085c6:79fffde6] 在状态(net_syn),收到事件(0x00000009:1)
[2016-07-14 09:22:21 218 76ffd700] [0x000085c6:79fffde6] 在状态(net_syn),收到事件(0x00000009:1)
[2016-07-14 09:22:21 218 76ffd700] [0x000085c6:79fffde6] 在状态(net_syn),收到事件(0x00000009:1)
[2016-07-14 09:22:21 219 76ffd700] [0x000085c6:79fffde6] 在状态(net_syn),收到事件(0x00000009:1)
[2016-07-14 09:22:21 220 76ffd700] [0x000085c6:79fffde6] 在状态(net_syn),收到事件(0x00000009:1)
[2016-07-14 09:22:21 220 76ffd700] [0x000085c6:79fffde6] 在状态(net_syn),收到事件(0x00000009:1)
[2016-07-14 09:22:21 221 76ffd700] [0x000085c6:79fffde6] 在状态(net_syn),收到事件(0x00000009:1)
[2016-07-14 09:22:21 221 76ffd700] [0x000085c6:79fffde6] 在状态(net_syn),收到事件(0x00000009:1)
[2016-07-14 09:22:21 222 76ffd700] [0x000085c6:79fffde6] 在状态(net_syn),收到事件(0x00000009:1)
[2016-07-14 09:22:21 223 76ffd700] [0x000085c6:79fffde6] 在状态(net_syn),收到事件(0x00000009:1)
[2016-07-14 09:22:21 223 76ffd700] [0x000085c6:79fffde6] 在状态(net_syn),收到事件(0x00000009:1)
[2016-07-14 09:22:21 224 76ffd700] [0x000085c1:79fffde5] 在状态(user_syn),收到事件(0x00000009:2)
[2016-07-14 09:22:21 225 76ffd700] [0x000085c1:79fffde5] 状态迁移(user_syn)---(0x00000009:2)-->(data_master)
[2016-07-14 09:22:21 225 76ffd700] [000085c1:79fffde5] ::ffff:127.0.0.1:40694 syn ok ,remoteid = [0000e0fb:6bf8a0e9]，time dalay=0(ms),first(sendseq=73400e77:recvseq=48eed82f),remote timestamp=3820
[2016-07-14 09:22:21 226 76ffd700] [0x000085c6:79fffde6] 在状态(net_syn),收到事件(0x00000009:3)
[2016-07-14 09:22:21 226 76ffd700] [0x000085c6:79fffde6] 状态迁移(net_syn)---(0x00000009:3)-->(data_slave)
[2016-07-14 09:22:21 226 76ffd700] [000085c6:79fffde6] ::ffff:127.0.0.1:10524 syn ok ,remoteid = [00003085:23d2f440]，time dalay=2920(ms),first(sendseq=5ed74610:recvseq=4518a8c3),remote timestamp=0
[2016-07-14 09:22:21 227 76ffd700] [0x000085c6:79fffde6] 在状态(data_slave),收到事件(0x00000009:3)
[2016-07-14 09:22:21 227 76ffd700] [0x000085c6:79fffde6] 在状态(data_slave),收到事件(0x00000009:3),没有对应处理规则，事件被丢弃
[2016-07-14 09:22:21 227 76ffd700] [0x000085c6:79fffde6] 在状态(data_slave),收到事件(0x00000009:3)
[2016-07-14 09:22:21 227 76ffd700] [0x000085c6:79fffde6] 在状态(data_slave),收到事件(0x00000009:3),没有对应处理规则，事件被丢弃
[2016-07-14 09:22:21 228 76ffd700] [0x000085c6:79fffde6] 在状态(data_slave),收到事件(0x00000009:3)
[2016-07-14 09:22:21 228 76ffd700] [0x000085c6:79fffde6] 在状态(data_slave),收到事件(0x00000009:3),没有对应处理规则，事件被丢弃
[2016-07-14 09:22:21 229 76ffd700] [0x000085c6:79fffde6] 在状态(data_slave),收到事件(0x00000009:3)
[2016-07-14 09:22:21 229 76ffd700] [0x000085c6:79fffde6] 在状态(data_slave),收到事件(0x00000009:3),没有对应处理规则，事件被丢弃
[2016-07-14 09:22:21 229 76ffd700] [0x000085c6:79fffde6] 在状态(data_slave),收到事件(0x00000009:3)
[2016-07-14 09:22:21 229 76ffd700] [0x000085c6:79fffde6] 在状态(data_slave),收到事件(0x00000009:3),没有对应处理规则，事件被丢弃
[2016-07-14 09:22:21 229 76ffd700] [0x000085c6:79fffde6] 在状态(data_slave),收到事件(0x00000009:3)
[2016-07-14 09:22:21 229 76ffd700] [0x000085c6:79fffde6] 在状态(data_slave),收到事件(0x00000009:3),没有对应处理规则，事件被丢弃
[2016-07-14 09:22:21 230 76ffd700] [0x000085c6:79fffde6] 在状态(data_slave),收到事件(0x00000009:3)
[2016-07-14 09:22:21 230 76ffd700] [0x000085c6:79fffde6] 在状态(data_slave),收到事件(0x00000009:3),没有对应处理规则，事件被丢弃
[2016-07-14 09:22:21 231 76ffd700] [0x000085c6:79fffde6] 在状态(data_slave),收到事件(0x00000009:3)
[2016-07-14 09:22:21 231 76ffd700] [0x000085c6:79fffde6] 在状态(data_slave),收到事件(0x00000009:3),没有对应处理规则，事件被丢弃
[2016-07-14 09:22:21 231 76ffd700] [0x000085c6:79fffde6] 在状态(data_slave),收到事件(0x00000009:3)
[2016-07-14 09:22:21 231 76ffd700] [0x000085c6:79fffde6] 在状态(data_slave),收到事件(0x00000009:3),没有对应处理规则，事件被丢弃
[2016-07-14 09:22:21 232 76ffd700] [0x000085c6:79fffde6] 在状态(data_slave),收到事件(0x00000009:3)
[2016-07-14 09:22:21 232 76ffd700] [0x000085c6:79fffde6] 在状态(data_slave),收到事件(0x00000009:3),没有对应处理规则，事件被丢弃
[2016-07-14 09:22:21 232 76ffd700] [0x000085c6:79fffde6] 在状态(data_slave),收到事件(0x00000009:3)
[2016-07-14 09:22:21 232 76ffd700] [0x000085c6:79fffde6] 在状态(data_slave),收到事件(0x00000009:3),没有对应处理规则，事件被丢弃
[2016-07-14 09:22:21 233 76ffd700] [0x000085c6:79fffde6] 在状态(data_slave),收到事件(0x00000009:3)
[2016-07-14 09:22:21 233 76ffd700] [0x000085c6:79fffde6] 在状态(data_slave),收到事件(0x00000009:3),没有对应处理规则，事件被丢弃
[2016-07-14 09:22:21 233 76ffd700] [0x000085c6:79fffde6] 在状态(data_slave),收到事件(0x00000009:3)
[2016-07-14 09:22:21 233 76ffd700] [0x000085c6:79fffde6] 在状态(data_slave),收到事件(0x00000009:3),没有对应处理规则，事件被丢弃
[2016-07-14 09:22:21 234 76ffd700] [0x000085c6:79fffde6] 在状态(data_slave),收到事件(0x00000009:3)
[2016-07-14 09:22:21 234 76ffd700] [0x000085c6:79fffde6] 在状态(data_slave),收到事件(0x00000009:3),没有对应处理规则，事件被丢弃
[2016-07-14 09:22:21 382 76ffd700] [0x000085c1:79fffde5] 在状态(data_master),收到事件(0x00000009:4)
[2016-07-14 09:22:21 383 76ffd700] [0x000085c1:79fffde5] 状态迁移(data_master)---(0x00000009:4)-->(net_rst)
[2016-07-14 09:22:21 384 76ffd700] [0x000085c1:79fffde5] 在状态(net_rst),收到事件(0x00000009:6)
[2016-07-14 09:22:21 384 76ffd700] [0x000085c1:79fffde5] 状态迁移(net_rst)---(0x00000009:6)-->(reconnect?)
[2016-07-14 09:22:21 384 76ffd700] [0x000085c1:79fffde5] 在状态(reconnect?),收到事件(0x0000000c:0)
[2016-07-14 09:22:21 384 76ffd700] [0x000085c1:79fffde5] 状态迁移(reconnect?)---(0x0000000c:0)-->(exit)
[2016-07-14 09:22:21 384 76ffd700] [ 85c1:79fffde5] E15_udcp_item clean
[2016-07-14 09:22:23 863 76ffd700] [0x000085c3:79fffde3] 在状态(data_master),收到事件(0x0000000e:1)
[2016-07-14 09:22:23 863 76ffd700] [0x000085c3:79fffde3] 状态迁移(data_master)---(0x0000000e:1)-->(reconnect?)
[2016-07-14 09:22:24 875 76ffd700] [0x000085c3:79fffde3] 在状态(reconnect?),收到事件(0x0000000b:1)
[2016-07-14 09:22:24 876 76ffd700] [0x000085c3:79fffde3] 状态迁移(reconnect?)---(0x0000000b:1)-->(user_syn)
[2016-07-14 09:22:24 876 76ffd700] [0x000085c3:79fffde3] 在状态(user_syn),收到事件(0x00000009:2)
[2016-07-14 09:22:24 876 76ffd700] [0x000085c3:79fffde3] 状态迁移(user_syn)---(0x00000009:2)-->(data_master)
[2016-07-14 09:22:24 876 76ffd700] [000085c3:79fffde3] ::ffff:127.0.0.1:54901 syn ok ,remoteid = [0000e952:285066c1]，time dalay=0(ms),first(sendseq=61b1971:recvseq=371db639),remote timestamp=48400
[2016-07-14 09:22:25 281 76ffd700] [0x000085c0:79fffde4] 在状态(data_slave),收到事件(0x0000000e:1)
[2016-07-14 09:22:25 281 76ffd700] [0x000085c0:79fffde4] 状态迁移(data_slave)---(0x0000000e:1)-->(exit)
[2016-07-14 09:22:25 281 76ffd700] [ 85c0:79fffde4] E15_udcp_item clean
[2016-07-14 09:22:36 149 76ffd700] [000085c1:79fffde7] 启动同步请求，时间戳=50280
[2016-07-14 09:22:36 149 76ffd700] [0x000085c1:79fffde7] 在状态(),收到事件(0x00000008:1)
[2016-07-14 09:22:36 149 76ffd700] [0x000085c1:79fffde7] 状态迁移()---(0x00000008:1)-->(user_syn)
[2016-07-14 09:22:36 151 76ffd700] [0x000085c1:79fffde7] 在状态(user_syn),收到事件(0x00000009:2)
[2016-07-14 09:22:36 151 76ffd700] [0x000085c1:79fffde7] 状态迁移(user_syn)---(0x00000009:2)-->(data_master)
[2016-07-14 09:22:36 151 76ffd700] [000085c1:79fffde7] ::ffff:127.0.0.1:43898 syn ok ,remoteid = [0000b60d:5232ce59]，time dalay=0(ms),first(sendseq=14fc626d:recvseq=4a8c896a),remote timestamp=0
[2016-07-14 09:23:04 148 76ffd700] [0x000085c1:79fffde7] 在状态(data_master),收到事件(0x0000000e:1)
[2016-07-14 09:23:04 148 76ffd700] [0x000085c1:79fffde7] 状态迁移(data_master)---(0x0000000e:1)-->(reconnect?)
[2016-07-14 09:23:05 163 76ffd700] [0x000085c1:79fffde7] 在状态(reconnect?),收到事件(0x0000000b:1)
[2016-07-14 09:23:05 163 76ffd700] [0x000085c1:79fffde7] 状态迁移(reconnect?)---(0x0000000b:1)-->(user_syn)
[2016-07-14 09:23:05 376 76ffd700] [0x000085c1:79fffde7] 在状态(user_syn),收到事件(0x0000000a:1)
[2016-07-14 09:23:05 568 76ffd700] [0x000085c1:79fffde7] 在状态(user_syn),收到事件(0x0000000a:2)
[2016-07-14 09:23:05 771 76ffd700] [0x000085c1:79fffde7] 在状态(user_syn),收到事件(0x0000000a:3)
[2016-07-14 09:23:05 974 76ffd700] [0x000085c1:79fffde7] 在状态(user_syn),收到事件(0x0000000a:4)
[2016-07-14 09:23:06 167 76ffd700] [0x000085c1:79fffde7] 在状态(user_syn),收到事件(0x0000000a:5)
[2016-07-14 09:23:06 370 76ffd700] [0x000085c1:79fffde7] 在状态(user_syn),收到事件(0x0000000a:6)
[2016-07-14 09:23:06 572 76ffd700] [0x000085c1:79fffde7] 在状态(user_syn),收到事件(0x0000000a:7)
[2016-07-14 09:23:06 775 76ffd700] [0x000085c1:79fffde7] 在状态(user_syn),收到事件(0x0000000a:8)
[2016-07-14 09:23:06 967 76ffd700] [0x000085c1:79fffde7] 在状态(user_syn),收到事件(0x0000000a:9)
[2016-07-14 09:23:07 170 76ffd700] [0x000085c1:79fffde7] 在状态(user_syn),收到事件(0x0000000a:10)
[2016-07-14 09:23:07 373 76ffd700] [0x000085c1:79fffde7] 在状态(user_syn),收到事件(0x0000000a:11)
[2016-07-14 09:23:07 576 76ffd700] [0x000085c1:79fffde7] 在状态(user_syn),收到事件(0x0000000a:12)
[2016-07-14 09:23:07 768 76ffd700] [0x000085c1:79fffde7] 在状态(user_syn),收到事件(0x0000000a:13)
[2016-07-14 09:23:07 972 76ffd700] [0x000085c1:79fffde7] 在状态(user_syn),收到事件(0x0000000a:14)
[2016-07-14 09:23:08 174 76ffd700] [0x000085c1:79fffde7] 在状态(user_syn),收到事件(0x0000000a:15)
[2016-07-14 09:23:08 367 76ffd700] [0x000085c1:79fffde7] 在状态(user_syn),收到事件(0x0000000a:16)
[2016-07-14 09:23:08 368 76ffd700] [0x000085c1:79fffde7] 状态迁移(user_syn)---(0x0000000a:16)-->(reconnect?)
[2016-07-14 09:23:10 376 76ffd700] [0x000085c1:79fffde7] 在状态(reconnect?),收到事件(0x0000000b:1)
[2016-07-14 09:23:10 376 76ffd700] [0x000085c1:79fffde7] 状态迁移(reconnect?)---(0x0000000b:1)-->(user_syn)
[2016-07-14 09:23:10 588 76ffd700] [0x000085c1:79fffde7] 在状态(user_syn),收到事件(0x0000000a:1)
[2016-07-14 09:23:10 791 76ffd700] [0x000085c1:79fffde7] 在状态(user_syn),收到事件(0x0000000a:2)
[2016-07-14 09:23:10 994 76ffd700] [0x000085c1:79fffde7] 在状态(user_syn),收到事件(0x0000000a:3)
[2016-07-14 09:23:11 198 76ffd700] [0x000085c1:79fffde7] 在状态(user_syn),收到事件(0x0000000a:4)
[2016-07-14 09:23:11 390 76ffd700] [0x000085c1:79fffde7] 在状态(user_syn),收到事件(0x0000000a:5)
[2016-07-14 09:23:11 593 76ffd700] [0x000085c1:79fffde7] 在状态(user_syn),收到事件(0x0000000a:6)
[2016-07-14 09:23:11 785 76ffd700] [0x000085c1:79fffde7] 在状态(user_syn),收到事件(0x0000000a:7)
[2016-07-14 09:23:11 988 76ffd700] [0x000085c1:79fffde7] 在状态(user_syn),收到事件(0x0000000a:8)
[2016-07-14 09:23:12 191 76ffd700] [0x000085c1:79fffde7] 在状态(user_syn),收到事件(0x0000000a:9)
[2016-07-14 09:23:12 394 76ffd700] [0x000085c1:79fffde7] 在状态(user_syn),收到事件(0x0000000a:10)
[2016-07-14 09:23:12 597 76ffd700] [0x000085c1:79fffde7] 在状态(user_syn),收到事件(0x0000000a:11)
[2016-07-14 09:23:12 789 76ffd700] [0x000085c1:79fffde7] 在状态(user_syn),收到事件(0x0000000a:12)
[2016-07-14 09:23:12 992 76ffd700] [0x000085c1:79fffde7] 在状态(user_syn),收到事件(0x0000000a:13)
[2016-07-14 09:23:13 194 76ffd700] [0x000085c1:79fffde7] 在状态(user_syn),收到事件(0x0000000a:14)
[2016-07-14 09:23:13 387 76ffd700] [0x000085c1:79fffde7] 在状态(user_syn),收到事件(0x0000000a:15)
[2016-07-14 09:23:13 590 76ffd700] [0x000085c1:79fffde7] 在状态(user_syn),收到事件(0x0000000a:16)
[2016-07-14 09:23:13 590 76ffd700] [0x000085c1:79fffde7] 状态迁移(user_syn)---(0x0000000a:16)-->(reconnect?)
[2016-07-14 09:23:13 590 76ffd700] [0x000085c1:79fffde7] 在状态(reconnect?),收到事件(0x0000000c:0)
[2016-07-14 09:23:13 590 76ffd700] [0x000085c1:79fffde7] 状态迁移(reconnect?)---(0x0000000c:0)-->(exit)
[2016-07-14 09:23:13 590 76ffd700] [ 85c1:79fffde7] E15_udcp_item clean
[2016-07-14 09:23:18 112 76ffd700] [000085c0:79fffde8] 启动同步请求，时间戳=92240
[2016-07-14 09:23:18 112 76ffd700] [0x000085c0:79fffde8] 在状态(),收到事件(0x00000008:1)
[2016-07-14 09:23:18 113 76ffd700] [0x000085c0:79fffde8] 状态迁移()---(0x00000008:1)-->(user_syn)
[2016-07-14 09:23:18 113 76ffd700] [0x000085c0:79fffde8] 在状态(user_syn),收到事件(0x00000009:2)
[2016-07-14 09:23:18 113 76ffd700] [0x000085c0:79fffde8] 状态迁移(user_syn)---(0x00000009:2)-->(data_master)
[2016-07-14 09:23:18 113 76ffd700] [000085c0:79fffde8] ::ffff:127.0.0.1:53859 syn ok ,remoteid = [0000ff23:7c5c26f1]，time dalay=0(ms),first(sendseq=5d6b72c6:recvseq=64d9ddff),remote timestamp=0
[2016-07-14 09:23:34 123 76ffd700] [0x000085c0:79fffde8] 在状态(data_master),收到事件(0x0000000e:1)
[2016-07-14 09:23:34 124 76ffd700] [0x000085c0:79fffde8] 状态迁移(data_master)---(0x0000000e:1)-->(reconnect?)
[2016-07-14 09:23:35 127 76ffd700] [0x000085c0:79fffde8] 在状态(reconnect?),收到事件(0x0000000b:1)
[2016-07-14 09:23:35 128 76ffd700] [0x000085c0:79fffde8] 状态迁移(reconnect?)---(0x0000000b:1)-->(user_syn)
[2016-07-14 09:23:35 340 76ffd700] [0x000085c0:79fffde8] 在状态(user_syn),收到事件(0x0000000a:1)
[2016-07-14 09:23:35 543 76ffd700] [0x000085c0:79fffde8] 在状态(user_syn),收到事件(0x0000000a:2)
[2016-07-14 09:23:35 735 76ffd700] [0x000085c0:79fffde8] 在状态(user_syn),收到事件(0x0000000a:3)
[2016-07-14 09:23:35 938 76ffd700] [0x000085c0:79fffde8] 在状态(user_syn),收到事件(0x0000000a:4)
[2016-07-14 09:23:36 141 76ffd700] [0x000085c0:79fffde8] 在状态(user_syn),收到事件(0x0000000a:5)
[2016-07-14 09:23:36 344 76ffd700] [0x000085c0:79fffde8] 在状态(user_syn),收到事件(0x0000000a:6)
[2016-07-14 09:23:36 546 76ffd700] [0x000085c0:79fffde8] 在状态(user_syn),收到事件(0x0000000a:7)
[2016-07-14 09:23:36 748 76ffd700] [0x000085c0:79fffde8] 在状态(user_syn),收到事件(0x0000000a:8)
[2016-07-14 09:23:36 941 76ffd700] [0x000085c0:79fffde8] 在状态(user_syn),收到事件(0x0000000a:9)
[2016-07-14 09:23:37 143 76ffd700] [0x000085c0:79fffde8] 在状态(user_syn),收到事件(0x0000000a:10)
[2016-07-14 09:23:37 344 76ffd700] [0x000085c0:79fffde8] 在状态(user_syn),收到事件(0x0000000a:11)
[2016-07-14 09:23:37 546 76ffd700] [0x000085c0:79fffde8] 在状态(user_syn),收到事件(0x0000000a:12)
[2016-07-14 09:23:37 749 76ffd700] [0x000085c0:79fffde8] 在状态(user_syn),收到事件(0x0000000a:13)
[2016-07-14 09:23:37 951 76ffd700] [0x000085c0:79fffde8] 在状态(user_syn),收到事件(0x0000000a:14)
[2016-07-14 09:23:38 144 76ffd700] [0x000085c0:79fffde8] 在状态(user_syn),收到事件(0x0000000a:15)
[2016-07-14 09:23:38 347 76ffd700] [0x000085c0:79fffde8] 在状态(user_syn),收到事件(0x0000000a:16)
[2016-07-14 09:23:38 347 76ffd700] [0x000085c0:79fffde8] 状态迁移(user_syn)---(0x0000000a:16)-->(reconnect?)
[2016-07-14 09:23:40 362 76ffd700] [0x000085c0:79fffde8] 在状态(reconnect?),收到事件(0x0000000b:1)
[2016-07-14 09:23:40 362 76ffd700] [0x000085c0:79fffde8] 状态迁移(reconnect?)---(0x0000000b:1)-->(user_syn)
[2016-07-14 09:23:40 565 76ffd700] [0x000085c0:79fffde8] 在状态(user_syn),收到事件(0x0000000a:1)
[2016-07-14 09:23:40 768 76ffd700] [0x000085c0:79fffde8] 在状态(user_syn),收到事件(0x0000000a:2)
[2016-07-14 09:23:40 959 76ffd700] [0x000085c0:79fffde8] 在状态(user_syn),收到事件(0x0000000a:3)
[2016-07-14 09:23:41 161 76ffd700] [0x000085c0:79fffde8] 在状态(user_syn),收到事件(0x0000000a:4)
[2016-07-14 09:23:41 363 76ffd700] [0x000085c0:79fffde8] 在状态(user_syn),收到事件(0x0000000a:5)
[2016-07-14 09:23:41 565 76ffd700] [0x000085c0:79fffde8] 在状态(user_syn),收到事件(0x0000000a:6)
[2016-07-14 09:23:41 766 76ffd700] [0x000085c0:79fffde8] 在状态(user_syn),收到事件(0x0000000a:7)
[2016-07-14 09:23:41 767 76ffd700] [0x000085c0:79fffde8] 在状态(user_syn),收到事件(0x00000009:2)
[2016-07-14 09:23:41 767 76ffd700] [0x000085c0:79fffde8] 状态迁移(user_syn)---(0x00000009:2)-->(data_master)
[2016-07-14 09:23:41 767 76ffd700] [000085c0:79fffde8] ::ffff:127.0.0.1:46739 syn ok ,remoteid = [0000c050:3f88d4dc]，time dalay=0(ms),first(sendseq=7473524a:recvseq=60d33eb5),remote timestamp=70
[2016-07-14 09:23:41 768 76ffd700] [0x000085c0:79fffde8] 在状态(data_master),收到事件(0x00000008:4)
[2016-07-14 09:23:41 768 76ffd700] [0x000085c0:79fffde8] 状态迁移(data_master)---(0x00000008:4)-->(user_rst)
[2016-07-14 09:23:41 768 76ffd700] [0x000085c0:79fffde8] 在状态(user_rst),收到事件(0x00000009:5)
[2016-07-14 09:23:41 768 76ffd700] [0x000085c0:79fffde8] 状态迁移(user_rst)---(0x00000009:5)-->(exit_wait)
[2016-07-14 09:23:41 769 76ffd700] [0x000085c0:79fffde8] 在状态(exit_wait),收到事件(0x00000009:6)
[2016-07-14 09:23:41 769 76ffd700] [0x000085c0:79fffde8] 状态迁移(exit_wait)---(0x00000009:6)-->(exit)
[2016-07-14 09:23:41 769 76ffd700] [ 85c0:79fffde8] E15_udcp_item clean
[2016-07-14 09:24:52 314 76ffd700] [000085c1:79fffde9] 启动同步请求，时间戳=186420
[2016-07-14 09:24:52 314 76ffd700] [0x000085c1:79fffde9] 在状态(),收到事件(0x00000008:1)
[2016-07-14 09:24:52 314 76ffd700] [0x000085c1:79fffde9] 状态迁移()---(0x00000008:1)-->(user_syn)
[2016-07-14 09:24:52 314 76ffd700] [0x000085c1:79fffde9] 在状态(user_syn),收到事件(0x00000009:2)
[2016-07-14 09:24:52 314 76ffd700] [0x000085c1:79fffde9] 状态迁移(user_syn)---(0x00000009:2)-->(data_master)
[2016-07-14 09:24:52 314 76ffd700] [000085c1:79fffde9] ::ffff:127.0.0.1:41450 syn ok ,remoteid = [0000d0b3:183b301f]，time dalay=0(ms),first(sendseq=52f3eec9:recvseq=434578b0),remote timestamp=0
[2016-07-14 09:25:30 315 76ffd700] [0x000085c1:79fffde9] 在状态(data_master),收到事件(0x0000000e:1)
[2016-07-14 09:25:30 316 76ffd700] [0x000085c1:79fffde9] 状态迁移(data_master)---(0x0000000e:1)-->(reconnect?)
[2016-07-14 09:25:31 319 76ffd700] [0x000085c1:79fffde9] 在状态(reconnect?),收到事件(0x0000000b:1)
[2016-07-14 09:25:31 319 76ffd700] [0x000085c1:79fffde9] 状态迁移(reconnect?)---(0x0000000b:1)-->(user_syn)
[2016-07-14 09:25:31 531 76ffd700] [0x000085c1:79fffde9] 在状态(user_syn),收到事件(0x0000000a:1)
[2016-07-14 09:25:31 735 76ffd700] [0x000085c1:79fffde9] 在状态(user_syn),收到事件(0x0000000a:2)
[2016-07-14 09:25:31 927 76ffd700] [0x000085c1:79fffde9] 在状态(user_syn),收到事件(0x0000000a:3)
[2016-07-14 09:25:32 130 76ffd700] [0x000085c1:79fffde9] 在状态(user_syn),收到事件(0x0000000a:4)
[2016-07-14 09:25:32 333 76ffd700] [0x000085c1:79fffde9] 在状态(user_syn),收到事件(0x0000000a:5)
[2016-07-14 09:25:32 526 76ffd700] [0x000085c1:79fffde9] 在状态(user_syn),收到事件(0x0000000a:6)
[2016-07-14 09:25:32 729 76ffd700] [0x000085c1:79fffde9] 在状态(user_syn),收到事件(0x0000000a:7)
[2016-07-14 09:25:32 932 76ffd700] [0x000085c1:79fffde9] 在状态(user_syn),收到事件(0x0000000a:8)
[2016-07-14 09:25:33 124 76ffd700] [0x000085c1:79fffde9] 在状态(user_syn),收到事件(0x0000000a:9)
[2016-07-14 09:25:33 327 76ffd700] [0x000085c1:79fffde9] 在状态(user_syn),收到事件(0x0000000a:10)
[2016-07-14 09:25:33 530 76ffd700] [0x000085c1:79fffde9] 在状态(user_syn),收到事件(0x0000000a:11)
[2016-07-14 09:25:33 733 76ffd700] [0x000085c1:79fffde9] 在状态(user_syn),收到事件(0x0000000a:12)
[2016-07-14 09:25:33 925 76ffd700] [0x000085c1:79fffde9] 在状态(user_syn),收到事件(0x0000000a:13)
[2016-07-14 09:25:34 127 76ffd700] [0x000085c1:79fffde9] 在状态(user_syn),收到事件(0x0000000a:14)
[2016-07-14 09:25:34 330 76ffd700] [0x000085c1:79fffde9] 在状态(user_syn),收到事件(0x0000000a:15)
[2016-07-14 09:25:34 532 76ffd700] [0x000085c1:79fffde9] 在状态(user_syn),收到事件(0x0000000a:16)
[2016-07-14 09:25:34 533 76ffd700] [0x000085c1:79fffde9] 状态迁移(user_syn)---(0x0000000a:16)-->(reconnect?)
[2016-07-14 09:25:36 541 76ffd700] [0x000085c1:79fffde9] 在状态(reconnect?),收到事件(0x0000000b:1)
[2016-07-14 09:25:36 541 76ffd700] [0x000085c1:79fffde9] 状态迁移(reconnect?)---(0x0000000b:1)-->(user_syn)
[2016-07-14 09:25:36 753 76ffd700] [0x000085c1:79fffde9] 在状态(user_syn),收到事件(0x0000000a:1)
[2016-07-14 09:25:36 946 76ffd700] [0x000085c1:79fffde9] 在状态(user_syn),收到事件(0x0000000a:2)
[2016-07-14 09:25:37 149 76ffd700] [0x000085c1:79fffde9] 在状态(user_syn),收到事件(0x0000000a:3)
[2016-07-14 09:25:37 352 76ffd700] [0x000085c1:79fffde9] 在状态(user_syn),收到事件(0x0000000a:4)
[2016-07-14 09:25:37 545 76ffd700] [0x000085c1:79fffde9] 在状态(user_syn),收到事件(0x0000000a:5)
[2016-07-14 09:25:37 748 76ffd700] [0x000085c1:79fffde9] 在状态(user_syn),收到事件(0x0000000a:6)
[2016-07-14 09:25:37 950 76ffd700] [0x000085c1:79fffde9] 在状态(user_syn),收到事件(0x0000000a:7)
[2016-07-14 09:25:38 143 76ffd700] [0x000085c1:79fffde9] 在状态(user_syn),收到事件(0x0000000a:8)
[2016-07-14 09:25:38 346 76ffd700] [0x000085c1:79fffde9] 在状态(user_syn),收到事件(0x0000000a:9)
[2016-07-14 09:25:38 549 76ffd700] [0x000085c1:79fffde9] 在状态(user_syn),收到事件(0x0000000a:10)
[2016-07-14 09:25:38 752 76ffd700] [0x000085c1:79fffde9] 在状态(user_syn),收到事件(0x0000000a:11)
[2016-07-14 09:25:38 944 76ffd700] [0x000085c1:79fffde9] 在状态(user_syn),收到事件(0x0000000a:12)
[2016-07-14 09:25:39 147 76ffd700] [0x000085c1:79fffde9] 在状态(user_syn),收到事件(0x0000000a:13)
[2016-07-14 09:25:39 350 76ffd700] [0x000085c1:79fffde9] 在状态(user_syn),收到事件(0x0000000a:14)
[2016-07-14 09:25:39 553 76ffd700] [0x000085c1:79fffde9] 在状态(user_syn),收到事件(0x0000000a:15)
[2016-07-14 09:25:39 745 76ffd700] [0x000085c1:79fffde9] 在状态(user_syn),收到事件(0x0000000a:16)
[2016-07-14 09:25:39 745 76ffd700] [0x000085c1:79fffde9] 状态迁移(user_syn)---(0x0000000a:16)-->(reconnect?)
[2016-07-14 09:25:41 762 76ffd700] [0x000085c1:79fffde9] 在状态(reconnect?),收到事件(0x0000000b:1)
[2016-07-14 09:25:41 762 76ffd700] [0x000085c1:79fffde9] 状态迁移(reconnect?)---(0x0000000b:1)-->(user_syn)
[2016-07-14 09:25:41 975 76ffd700] [0x000085c1:79fffde9] 在状态(user_syn),收到事件(0x0000000a:1)
[2016-07-14 09:25:42 167 76ffd700] [0x000085c1:79fffde9] 在状态(user_syn),收到事件(0x0000000a:2)
[2016-07-14 09:25:42 370 76ffd700] [0x000085c1:79fffde9] 在状态(user_syn),收到事件(0x0000000a:3)
[2016-07-14 09:25:42 572 76ffd700] [0x000085c1:79fffde9] 在状态(user_syn),收到事件(0x0000000a:4)
[2016-07-14 09:25:42 774 76ffd700] [0x000085c1:79fffde9] 在状态(user_syn),收到事件(0x0000000a:5)
[2016-07-14 09:25:42 967 76ffd700] [0x000085c1:79fffde9] 在状态(user_syn),收到事件(0x0000000a:6)
[2016-07-14 09:25:43 170 76ffd700] [0x000085c1:79fffde9] 在状态(user_syn),收到事件(0x0000000a:7)
[2016-07-14 09:25:43 373 76ffd700] [0x000085c1:79fffde9] 在状态(user_syn),收到事件(0x0000000a:8)
[2016-07-14 09:25:43 576 76ffd700] [0x000085c1:79fffde9] 在状态(user_syn),收到事件(0x0000000a:9)
[2016-07-14 09:25:43 769 76ffd700] [0x000085c1:79fffde9] 在状态(user_syn),收到事件(0x0000000a:10)
[2016-07-14 09:25:43 971 76ffd700] [0x000085c1:79fffde9] 在状态(user_syn),收到事件(0x0000000a:11)
[2016-07-14 09:25:44 174 76ffd700] [0x000085c1:79fffde9] 在状态(user_syn),收到事件(0x0000000a:12)
[2016-07-14 09:25:44 367 76ffd700] [0x000085c1:79fffde9] 在状态(user_syn),收到事件(0x0000000a:13)
[2016-07-14 09:25:44 569 76ffd700] [0x000085c1:79fffde9] 在状态(user_syn),收到事件(0x0000000a:14)
[2016-07-14 09:25:44 772 76ffd700] [0x000085c1:79fffde9] 在状态(user_syn),收到事件(0x0000000a:15)
[2016-07-14 09:25:44 975 76ffd700] [0x000085c1:79fffde9] 在状态(user_syn),收到事件(0x0000000a:16)
[2016-07-14 09:25:44 975 76ffd700] [0x000085c1:79fffde9] 状态迁移(user_syn)---(0x0000000a:16)-->(reconnect?)
[2016-07-14 09:25:44 975 76ffd700] [0x000085c1:79fffde9] 在状态(reconnect?),收到事件(0x0000000c:0)
[2016-07-14 09:25:44 976 76ffd700] [0x000085c1:79fffde9] 状态迁移(reconnect?)---(0x0000000c:0)-->(exit)
[2016-07-14 09:25:44 976 76ffd700] [ 85c1:79fffde9] E15_udcp_item clean
[2016-07-14 09:25:54 619 76ffd700] [000085c0:79fffdea] 启动同步请求，时间戳=248740
[2016-07-14 09:25:54 619 76ffd700] [0x000085c0:79fffdea] 在状态(),收到事件(0x00000008:1)
[2016-07-14 09:25:54 619 76ffd700] [0x000085c0:79fffdea] 状态迁移()---(0x00000008:1)-->(user_syn)
[2016-07-14 09:25:54 619 76ffd700] [0x000085c0:79fffdea] 在状态(user_syn),收到事件(0x00000009:2)
[2016-07-14 09:25:54 619 76ffd700] [0x000085c0:79fffdea] 状态迁移(user_syn)---(0x00000009:2)-->(data_master)
[2016-07-14 09:25:54 619 76ffd700] [000085c0:79fffdea] ::ffff:127.0.0.1:46881 syn ok ,remoteid = [0000f34d:118ec7c5]，time dalay=0(ms),first(sendseq=1fb2677e:recvseq=40ef7e81),remote timestamp=0
[2016-07-14 09:26:04 636 76ffd700] [0x000085c0:79fffdea] 在状态(data_master),收到事件(0x0000000e:1)
[2016-07-14 09:26:04 637 76ffd700] [0x000085c0:79fffdea] 状态迁移(data_master)---(0x0000000e:1)-->(reconnect?)
[2016-07-14 09:26:05 650 76ffd700] [0x000085c0:79fffdea] 在状态(reconnect?),收到事件(0x0000000b:1)
[2016-07-14 09:26:05 650 76ffd700] [0x000085c0:79fffdea] 状态迁移(reconnect?)---(0x0000000b:1)-->(user_syn)
[2016-07-14 09:26:05 853 76ffd700] [0x000085c0:79fffdea] 在状态(user_syn),收到事件(0x0000000a:1)
[2016-07-14 09:26:06 056 76ffd700] [0x000085c0:79fffdea] 在状态(user_syn),收到事件(0x0000000a:2)
[2016-07-14 09:26:06 249 76ffd700] [0x000085c0:79fffdea] 在状态(user_syn),收到事件(0x0000000a:3)
[2016-07-14 09:26:06 452 76ffd700] [0x000085c0:79fffdea] 在状态(user_syn),收到事件(0x0000000a:4)
[2016-07-14 09:26:06 655 76ffd700] [0x000085c0:79fffdea] 在状态(user_syn),收到事件(0x0000000a:5)
[2016-07-14 09:26:06 857 76ffd700] [0x000085c0:79fffdea] 在状态(user_syn),收到事件(0x0000000a:6)
[2016-07-14 09:26:07 059 76ffd700] [0x000085c0:79fffdea] 在状态(user_syn),收到事件(0x0000000a:7)
[2016-07-14 09:26:07 252 76ffd700] [0x000085c0:79fffdea] 在状态(user_syn),收到事件(0x0000000a:8)
[2016-07-14 09:26:07 456 76ffd700] [0x000085c0:79fffdea] 在状态(user_syn),收到事件(0x0000000a:9)
[2016-07-14 09:26:07 648 76ffd700] [0x000085c0:79fffdea] 在状态(user_syn),收到事件(0x0000000a:10)
[2016-07-14 09:26:07 851 76ffd700] [0x000085c0:79fffdea] 在状态(user_syn),收到事件(0x0000000a:11)
[2016-07-14 09:26:08 053 76ffd700] [0x000085c0:79fffdea] 在状态(user_syn),收到事件(0x0000000a:12)
[2016-07-14 09:26:08 256 76ffd700] [0x000085c0:79fffdea] 在状态(user_syn),收到事件(0x0000000a:13)
[2016-07-14 09:26:08 459 76ffd700] [0x000085c0:79fffdea] 在状态(user_syn),收到事件(0x0000000a:14)
[2016-07-14 09:26:08 652 76ffd700] [0x000085c0:79fffdea] 在状态(user_syn),收到事件(0x0000000a:15)
[2016-07-14 09:26:08 854 76ffd700] [0x000085c0:79fffdea] 在状态(user_syn),收到事件(0x0000000a:16)
[2016-07-14 09:26:08 854 76ffd700] [0x000085c0:79fffdea] 状态迁移(user_syn)---(0x0000000a:16)-->(reconnect?)
[2016-07-14 09:26:10 871 76ffd700] [0x000085c0:79fffdea] 在状态(reconnect?),收到事件(0x0000000b:1)
[2016-07-14 09:26:10 871 76ffd700] [0x000085c0:79fffdea] 状态迁移(reconnect?)---(0x0000000b:1)-->(user_syn)
[2016-07-14 09:26:11 083 76ffd700] [0x000085c0:79fffdea] 在状态(user_syn),收到事件(0x0000000a:1)
[2016-07-14 09:26:11 285 76ffd700] [0x000085c0:79fffdea] 在状态(user_syn),收到事件(0x0000000a:2)
[2016-07-14 09:26:11 488 76ffd700] [0x000085c0:79fffdea] 在状态(user_syn),收到事件(0x0000000a:3)
[2016-07-14 09:26:11 671 76ffd700] [0x000085c0:79fffdea] 在状态(user_syn),收到事件(0x0000000a:4)
[2016-07-14 09:26:11 873 76ffd700] [0x000085c0:79fffdea] 在状态(user_syn),收到事件(0x0000000a:5)
[2016-07-14 09:26:12 075 76ffd700] [0x000085c0:79fffdea] 在状态(user_syn),收到事件(0x0000000a:6)
[2016-07-14 09:26:12 278 76ffd700] [0x000085c0:79fffdea] 在状态(user_syn),收到事件(0x0000000a:7)
[2016-07-14 09:26:12 480 76ffd700] [0x000085c0:79fffdea] 在状态(user_syn),收到事件(0x0000000a:8)
[2016-07-14 09:26:12 682 76ffd700] [0x000085c0:79fffdea] 在状态(user_syn),收到事件(0x0000000a:9)
[2016-07-14 09:26:12 884 76ffd700] [0x000085c0:79fffdea] 在状态(user_syn),收到事件(0x0000000a:10)
[2016-07-14 09:26:13 086 76ffd700] [0x000085c0:79fffdea] 在状态(user_syn),收到事件(0x0000000a:11)
[2016-07-14 09:26:13 289 76ffd700] [0x000085c0:79fffdea] 在状态(user_syn),收到事件(0x0000000a:12)
[2016-07-14 09:26:13 472 76ffd700] [0x000085c0:79fffdea] 在状态(user_syn),收到事件(0x0000000a:13)
[2016-07-14 09:26:13 674 76ffd700] [0x000085c0:79fffdea] 在状态(user_syn),收到事件(0x0000000a:14)
[2016-07-14 09:26:13 877 76ffd700] [0x000085c0:79fffdea] 在状态(user_syn),收到事件(0x0000000a:15)
[2016-07-14 09:26:14 080 76ffd700] [0x000085c0:79fffdea] 在状态(user_syn),收到事件(0x0000000a:16)
[2016-07-14 09:26:14 080 76ffd700] [0x000085c0:79fffdea] 状态迁移(user_syn)---(0x0000000a:16)-->(reconnect?)
[2016-07-14 09:26:16 088 76ffd700] [0x000085c0:79fffdea] 在状态(reconnect?),收到事件(0x0000000b:1)
[2016-07-14 09:26:16 088 76ffd700] [0x000085c0:79fffdea] 状态迁移(reconnect?)---(0x0000000b:1)-->(user_syn)
[2016-07-14 09:26:16 301 76ffd700] [0x000085c0:79fffdea] 在状态(user_syn),收到事件(0x0000000a:1)
[2016-07-14 09:26:16 504 76ffd700] [0x000085c0:79fffdea] 在状态(user_syn),收到事件(0x0000000a:2)
[2016-07-14 09:26:16 697 76ffd700] [0x000085c0:79fffdea] 在状态(user_syn),收到事件(0x0000000a:3)
[2016-07-14 09:26:16 900 76ffd700] [0x000085c0:79fffdea] 在状态(user_syn),收到事件(0x0000000a:4)
[2016-07-14 09:26:17 103 76ffd700] [0x000085c0:79fffdea] 在状态(user_syn),收到事件(0x0000000a:5)
[2016-07-14 09:26:17 296 76ffd700] [0x000085c0:79fffdea] 在状态(user_syn),收到事件(0x0000000a:6)
[2016-07-14 09:26:17 499 76ffd700] [0x000085c0:79fffdea] 在状态(user_syn),收到事件(0x0000000a:7)
[2016-07-14 09:26:17 702 76ffd700] [0x000085c0:79fffdea] 在状态(user_syn),收到事件(0x0000000a:8)
[2016-07-14 09:26:17 905 76ffd700] [0x000085c0:79fffdea] 在状态(user_syn),收到事件(0x0000000a:9)
[2016-07-14 09:26:18 098 76ffd700] [0x000085c0:79fffdea] 在状态(user_syn),收到事件(0x0000000a:10)
[2016-07-14 09:26:18 300 76ffd700] [0x000085c0:79fffdea] 在状态(user_syn),收到事件(0x0000000a:11)
[2016-07-14 09:26:18 503 76ffd700] [0x000085c0:79fffdea] 在状态(user_syn),收到事件(0x0000000a:12)
[2016-07-14 09:26:18 705 76ffd700] [0x000085c0:79fffdea] 在状态(user_syn),收到事件(0x0000000a:13)
[2016-07-14 09:26:18 897 76ffd700] [0x000085c0:79fffdea] 在状态(user_syn),收到事件(0x0000000a:14)
[2016-07-14 09:26:19 100 76ffd700] [0x000085c0:79fffdea] 在状态(user_syn),收到事件(0x0000000a:15)
[2016-07-14 09:26:19 303 76ffd700] [0x000085c0:79fffdea] 在状态(user_syn),收到事件(0x0000000a:16)
[2016-07-14 09:26:19 304 76ffd700] [0x000085c0:79fffdea] 状态迁移(user_syn)---(0x0000000a:16)-->(reconnect?)
[2016-07-14 09:26:19 304 76ffd700] [0x000085c0:79fffdea] 在状态(reconnect?),收到事件(0x0000000c:0)
[2016-07-14 09:26:19 304 76ffd700] [0x000085c0:79fffdea] 状态迁移(reconnect?)---(0x0000000c:0)-->(exit)
[2016-07-14 09:26:19 304 76ffd700] [ 85c0:79fffdea] E15_udcp_item clean
[2016-07-14 09:26:42 528 76ffd700] [000085c1:79fffdeb] 启动同步请求，时间戳=296620
[2016-07-14 09:26:42 528 76ffd700] [0x000085c1:79fffdeb] 在状态(),收到事件(0x00000008:1)
[2016-07-14 09:26:42 528 76ffd700] [0x000085c1:79fffdeb] 状态迁移()---(0x00000008:1)-->(user_syn)
[2016-07-14 09:26:42 528 76ffd700] [0x000085c1:79fffdeb] 在状态(user_syn),收到事件(0x00000009:2)
[2016-07-14 09:26:42 528 76ffd700] [0x000085c1:79fffdeb] 状态迁移(user_syn)---(0x00000009:2)-->(data_master)
[2016-07-14 09:26:42 528 76ffd700] [000085c1:79fffdeb] ::ffff:127.0.0.1:48711 syn ok ,remoteid = [00004efb:65afd7f2]，time dalay=0(ms),first(sendseq=bd8a963:recvseq=4cb25bee),remote timestamp=0
[2016-07-14 09:27:04 543 76ffd700] [0x000085c1:79fffdeb] 在状态(data_master),收到事件(0x0000000e:1)
[2016-07-14 09:27:04 543 76ffd700] [0x000085c1:79fffdeb] 状态迁移(data_master)---(0x0000000e:1)-->(reconnect?)
[2016-07-14 09:27:05 555 76ffd700] [0x000085c1:79fffdeb] 在状态(reconnect?),收到事件(0x0000000b:1)
[2016-07-14 09:27:05 555 76ffd700] [0x000085c1:79fffdeb] 状态迁移(reconnect?)---(0x0000000b:1)-->(user_syn)
[2016-07-14 09:27:05 768 76ffd700] [0x000085c1:79fffdeb] 在状态(user_syn),收到事件(0x0000000a:1)
[2016-07-14 09:27:05 961 76ffd700] [0x000085c1:79fffdeb] 在状态(user_syn),收到事件(0x0000000a:2)
[2016-07-14 09:27:06 163 76ffd700] [0x000085c1:79fffdeb] 在状态(user_syn),收到事件(0x0000000a:3)
[2016-07-14 09:27:06 356 76ffd700] [0x000085c1:79fffdeb] 在状态(user_syn),收到事件(0x0000000a:4)
[2016-07-14 09:27:06 559 76ffd700] [0x000085c1:79fffdeb] 在状态(user_syn),收到事件(0x0000000a:5)
[2016-07-14 09:27:06 761 76ffd700] [0x000085c1:79fffdeb] 在状态(user_syn),收到事件(0x0000000a:6)
[2016-07-14 09:27:06 963 76ffd700] [0x000085c1:79fffdeb] 在状态(user_syn),收到事件(0x0000000a:7)
[2016-07-14 09:27:07 166 76ffd700] [0x000085c1:79fffdeb] 在状态(user_syn),收到事件(0x0000000a:8)
[2016-07-14 09:27:07 358 76ffd700] [0x000085c1:79fffdeb] 在状态(user_syn),收到事件(0x0000000a:9)
[2016-07-14 09:27:07 561 76ffd700] [0x000085c1:79fffdeb] 在状态(user_syn),收到事件(0x0000000a:10)
[2016-07-14 09:27:07 765 76ffd700] [0x000085c1:79fffdeb] 在状态(user_syn),收到事件(0x0000000a:11)
[2016-07-14 09:27:07 957 76ffd700] [0x000085c1:79fffdeb] 在状态(user_syn),收到事件(0x0000000a:12)
[2016-07-14 09:27:08 159 76ffd700] [0x000085c1:79fffdeb] 在状态(user_syn),收到事件(0x0000000a:13)
[2016-07-14 09:27:08 362 76ffd700] [0x000085c1:79fffdeb] 在状态(user_syn),收到事件(0x0000000a:14)
[2016-07-14 09:27:08 563 76ffd700] [0x000085c1:79fffdeb] 在状态(user_syn),收到事件(0x0000000a:15)
[2016-07-14 09:27:08 766 76ffd700] [0x000085c1:79fffdeb] 在状态(user_syn),收到事件(0x0000000a:16)
[2016-07-14 09:27:08 766 76ffd700] [0x000085c1:79fffdeb] 状态迁移(user_syn)---(0x0000000a:16)-->(reconnect?)
[2016-07-14 09:27:10 773 76ffd700] [0x000085c1:79fffdeb] 在状态(reconnect?),收到事件(0x0000000b:1)
[2016-07-14 09:27:10 773 76ffd700] [0x000085c1:79fffdeb] 状态迁移(reconnect?)---(0x0000000b:1)-->(user_syn)
[2016-07-14 09:27:10 976 76ffd700] [0x000085c1:79fffdeb] 在状态(user_syn),收到事件(0x0000000a:1)
[2016-07-14 09:27:11 178 76ffd700] [0x000085c1:79fffdeb] 在状态(user_syn),收到事件(0x0000000a:2)
[2016-07-14 09:27:11 381 76ffd700] [0x000085c1:79fffdeb] 在状态(user_syn),收到事件(0x0000000a:3)
[2016-07-14 09:27:11 584 76ffd700] [0x000085c1:79fffdeb] 在状态(user_syn),收到事件(0x0000000a:4)
[2016-07-14 09:27:11 787 76ffd700] [0x000085c1:79fffdeb] 在状态(user_syn),收到事件(0x0000000a:5)
[2016-07-14 09:27:11 980 76ffd700] [0x000085c1:79fffdeb] 在状态(user_syn),收到事件(0x0000000a:6)
[2016-07-14 09:27:12 182 76ffd700] [0x000085c1:79fffdeb] 在状态(user_syn),收到事件(0x0000000a:7)
[2016-07-14 09:27:12 385 76ffd700] [0x000085c1:79fffdeb] 在状态(user_syn),收到事件(0x0000000a:8)
[2016-07-14 09:27:12 587 76ffd700] [0x000085c1:79fffdeb] 在状态(user_syn),收到事件(0x0000000a:9)
[2016-07-14 09:27:12 780 76ffd700] [0x000085c1:79fffdeb] 在状态(user_syn),收到事件(0x0000000a:10)
[2016-07-14 09:27:12 983 76ffd700] [0x000085c1:79fffdeb] 在状态(user_syn),收到事件(0x0000000a:11)
[2016-07-14 09:27:13 185 76ffd700] [0x000085c1:79fffdeb] 在状态(user_syn),收到事件(0x0000000a:12)
[2016-07-14 09:27:13 378 76ffd700] [0x000085c1:79fffdeb] 在状态(user_syn),收到事件(0x0000000a:13)
[2016-07-14 09:27:13 580 76ffd700] [0x000085c1:79fffdeb] 在状态(user_syn),收到事件(0x0000000a:14)
[2016-07-14 09:27:13 783 76ffd700] [0x000085c1:79fffdeb] 在状态(user_syn),收到事件(0x0000000a:15)
[2016-07-14 09:27:13 985 76ffd700] [0x000085c1:79fffdeb] 在状态(user_syn),收到事件(0x0000000a:16)
[2016-07-14 09:27:13 985 76ffd700] [0x000085c1:79fffdeb] 状态迁移(user_syn)---(0x0000000a:16)-->(reconnect?)
[2016-07-14 09:27:15 992 76ffd700] [0x000085c1:79fffdeb] 在状态(reconnect?),收到事件(0x0000000b:1)
[2016-07-14 09:27:15 993 76ffd700] [0x000085c1:79fffdeb] 状态迁移(reconnect?)---(0x0000000b:1)-->(user_syn)
[2016-07-14 09:27:16 205 76ffd700] [0x000085c1:79fffdeb] 在状态(user_syn),收到事件(0x0000000a:1)
[2016-07-14 09:27:16 398 76ffd700] [0x000085c1:79fffdeb] 在状态(user_syn),收到事件(0x0000000a:2)
[2016-07-14 09:27:16 601 76ffd700] [0x000085c1:79fffdeb] 在状态(user_syn),收到事件(0x0000000a:3)
[2016-07-14 09:27:16 804 76ffd700] [0x000085c1:79fffdeb] 在状态(user_syn),收到事件(0x0000000a:4)
[2016-07-14 09:27:17 006 76ffd700] [0x000085c1:79fffdeb] 在状态(user_syn),收到事件(0x0000000a:5)
[2016-07-14 09:27:17 210 76ffd700] [0x000085c1:79fffdeb] 在状态(user_syn),收到事件(0x0000000a:6)
[2016-07-14 09:27:17 402 76ffd700] [0x000085c1:79fffdeb] 在状态(user_syn),收到事件(0x0000000a:7)
[2016-07-14 09:27:17 605 76ffd700] [0x000085c1:79fffdeb] 在状态(user_syn),收到事件(0x0000000a:8)
[2016-07-14 09:27:17 798 76ffd700] [0x000085c1:79fffdeb] 在状态(user_syn),收到事件(0x0000000a:9)
[2016-07-14 09:27:17 000 76ffd700] [0x000085c1:79fffdeb] 在状态(user_syn),收到事件(0x0000000a:10)
[2016-07-14 09:27:18 203 76ffd700] [0x000085c1:79fffdeb] 在状态(user_syn),收到事件(0x0000000a:11)
[2016-07-14 09:27:18 406 76ffd700] [0x000085c1:79fffdeb] 在状态(user_syn),收到事件(0x0000000a:12)
[2016-07-14 09:27:18 609 76ffd700] [0x000085c1:79fffdeb] 在状态(user_syn),收到事件(0x0000000a:13)
[2016-07-14 09:27:18 801 76ffd700] [0x000085c1:79fffdeb] 在状态(user_syn),收到事件(0x0000000a:14)
[2016-07-14 09:27:19 004 76ffd700] [0x000085c1:79fffdeb] 在状态(user_syn),收到事件(0x0000000a:15)
[2016-07-14 09:27:19 207 76ffd700] [0x000085c1:79fffdeb] 在状态(user_syn),收到事件(0x0000000a:16)
[2016-07-14 09:27:19 207 76ffd700] [0x000085c1:79fffdeb] 状态迁移(user_syn)---(0x0000000a:16)-->(reconnect?)
[2016-07-14 09:27:19 207 76ffd700] [0x000085c1:79fffdeb] 在状态(reconnect?),收到事件(0x0000000c:0)
[2016-07-14 09:27:19 207 76ffd700] [0x000085c1:79fffdeb] 状态迁移(reconnect?)---(0x0000000c:0)-->(exit)
[2016-07-14 09:27:19 207 76ffd700] [ 85c1:79fffdeb] E15_udcp_item clean
[2016-07-14 09:27:34 940 76ffd700] [000085c0:79fffdec] 启动同步请求，时间戳=349020
[2016-07-14 09:27:34 940 76ffd700] [0x000085c0:79fffdec] 在状态(),收到事件(0x00000008:1)
[2016-07-14 09:27:34 940 76ffd700] [0x000085c0:79fffdec] 状态迁移()---(0x00000008:1)-->(user_syn)
[2016-07-14 09:27:34 941 76ffd700] [0x000085c0:79fffdec] 在状态(user_syn),收到事件(0x00000009:2)
[2016-07-14 09:27:34 941 76ffd700] [0x000085c0:79fffdec] 状态迁移(user_syn)---(0x00000009:2)-->(data_master)
[2016-07-14 09:27:34 941 76ffd700] [000085c0:79fffdec] ::ffff:127.0.0.1:57365 syn ok ,remoteid = [00001eb2:575bfe4f]，time dalay=0(ms),first(sendseq=260758b5:recvseq=2c42f43a),remote timestamp=0
[2016-07-14 09:27:52 938 76ffd700] [0x000085c0:79fffdec] 在状态(data_master),收到事件(0x0000000e:1)
[2016-07-14 09:27:52 939 76ffd700] [0x000085c0:79fffdec] 状态迁移(data_master)---(0x0000000e:1)-->(reconnect?)
[2016-07-14 09:27:53 952 76ffd700] [0x000085c0:79fffdec] 在状态(reconnect?),收到事件(0x0000000b:1)
[2016-07-14 09:27:53 952 76ffd700] [0x000085c0:79fffdec] 状态迁移(reconnect?)---(0x0000000b:1)-->(user_syn)
[2016-07-14 09:27:54 165 76ffd700] [0x000085c0:79fffdec] 在状态(user_syn),收到事件(0x0000000a:1)
[2016-07-14 09:27:54 357 76ffd700] [0x000085c0:79fffdec] 在状态(user_syn),收到事件(0x0000000a:2)
[2016-07-14 09:27:54 560 76ffd700] [0x000085c0:79fffdec] 在状态(user_syn),收到事件(0x0000000a:3)
[2016-07-14 09:27:54 762 76ffd700] [0x000085c0:79fffdec] 在状态(user_syn),收到事件(0x0000000a:4)
[2016-07-14 09:27:54 965 76ffd700] [0x000085c0:79fffdec] 在状态(user_syn),收到事件(0x0000000a:5)
[2016-07-14 09:27:55 167 76ffd700] [0x000085c0:79fffdec] 在状态(user_syn),收到事件(0x0000000a:6)
[2016-07-14 09:27:55 359 76ffd700] [0x000085c0:79fffdec] 在状态(user_syn),收到事件(0x0000000a:7)
[2016-07-14 09:27:55 562 76ffd700] [0x000085c0:79fffdec] 在状态(user_syn),收到事件(0x0000000a:8)
[2016-07-14 09:27:55 764 76ffd700] [0x000085c0:79fffdec] 在状态(user_syn),收到事件(0x0000000a:9)
[2016-07-14 09:27:55 968 76ffd700] [0x000085c0:79fffdec] 在状态(user_syn),收到事件(0x0000000a:10)
[2016-07-14 09:27:56 160 76ffd700] [0x000085c0:79fffdec] 在状态(user_syn),收到事件(0x0000000a:11)
[2016-07-14 09:27:56 363 76ffd700] [0x000085c0:79fffdec] 在状态(user_syn),收到事件(0x0000000a:12)
[2016-07-14 09:27:56 566 76ffd700] [0x000085c0:79fffdec] 在状态(user_syn),收到事件(0x0000000a:13)
[2016-07-14 09:27:56 759 76ffd700] [0x000085c0:79fffdec] 在状态(user_syn),收到事件(0x0000000a:14)
[2016-07-14 09:27:56 961 76ffd700] [0x000085c0:79fffdec] 在状态(user_syn),收到事件(0x0000000a:15)
[2016-07-14 09:27:57 164 76ffd700] [0x000085c0:79fffdec] 在状态(user_syn),收到事件(0x0000000a:16)
[2016-07-14 09:27:57 164 76ffd700] [0x000085c0:79fffdec] 状态迁移(user_syn)---(0x0000000a:16)-->(reconnect?)
[2016-07-14 09:27:59 171 76ffd700] [0x000085c0:79fffdec] 在状态(reconnect?),收到事件(0x0000000b:1)
[2016-07-14 09:27:59 171 76ffd700] [0x000085c0:79fffdec] 状态迁移(reconnect?)---(0x0000000b:1)-->(user_syn)
[2016-07-14 09:27:59 384 76ffd700] [0x000085c0:79fffdec] 在状态(user_syn),收到事件(0x0000000a:1)
[2016-07-14 09:27:59 587 76ffd700] [0x000085c0:79fffdec] 在状态(user_syn),收到事件(0x0000000a:2)
[2016-07-14 09:27:59 779 76ffd700] [0x000085c0:79fffdec] 在状态(user_syn),收到事件(0x0000000a:3)
[2016-07-14 09:27:59 981 76ffd700] [0x000085c0:79fffdec] 在状态(user_syn),收到事件(0x0000000a:4)
[2016-07-14 09:28:00 185 76ffd700] [0x000085c0:79fffdec] 在状态(user_syn),收到事件(0x0000000a:5)
[2016-07-14 09:28:00 388 76ffd700] [0x000085c0:79fffdec] 在状态(user_syn),收到事件(0x0000000a:6)
[2016-07-14 09:28:00 580 76ffd700] [0x000085c0:79fffdec] 在状态(user_syn),收到事件(0x0000000a:7)
[2016-07-14 09:28:00 783 76ffd700] [0x000085c0:79fffdec] 在状态(user_syn),收到事件(0x0000000a:8)
[2016-07-14 09:28:00 986 76ffd700] [0x000085c0:79fffdec] 在状态(user_syn),收到事件(0x0000000a:9)
[2016-07-14 09:28:01 178 76ffd700] [0x000085c0:79fffdec] 在状态(user_syn),收到事件(0x0000000a:10)
[2016-07-14 09:28:01 381 76ffd700] [0x000085c0:79fffdec] 在状态(user_syn),收到事件(0x0000000a:11)
[2016-07-14 09:28:01 584 76ffd700] [0x000085c0:79fffdec] 在状态(user_syn),收到事件(0x0000000a:12)
[2016-07-14 09:28:01 787 76ffd700] [0x000085c0:79fffdec] 在状态(user_syn),收到事件(0x0000000a:13)
[2016-07-14 09:28:01 979 76ffd700] [0x000085c0:79fffdec] 在状态(user_syn),收到事件(0x0000000a:14)
[2016-07-14 09:28:02 182 76ffd700] [0x000085c0:79fffdec] 在状态(user_syn),收到事件(0x0000000a:15)
[2016-07-14 09:28:02 385 76ffd700] [0x000085c0:79fffdec] 在状态(user_syn),收到事件(0x0000000a:16)
[2016-07-14 09:28:02 385 76ffd700] [0x000085c0:79fffdec] 状态迁移(user_syn)---(0x0000000a:16)-->(reconnect?)
[2016-07-14 09:28:04 393 76ffd700] [0x000085c0:79fffdec] 在状态(reconnect?),收到事件(0x0000000b:1)
[2016-07-14 09:28:04 393 76ffd700] [0x000085c0:79fffdec] 状态迁移(reconnect?)---(0x0000000b:1)-->(user_syn)
[2016-07-14 09:28:04 606 76ffd700] [0x000085c0:79fffdec] 在状态(user_syn),收到事件(0x0000000a:1)
[2016-07-14 09:28:04 798 76ffd700] [0x000085c0:79fffdec] 在状态(user_syn),收到事件(0x0000000a:2)
[2016-07-14 09:28:04 001 76ffd700] [0x000085c0:79fffdec] 在状态(user_syn),收到事件(0x0000000a:3)
[2016-07-14 09:28:05 204 76ffd700] [0x000085c0:79fffdec] 在状态(user_syn),收到事件(0x0000000a:4)
[2016-07-14 09:28:05 396 76ffd700] [0x000085c0:79fffdec] 在状态(user_syn),收到事件(0x0000000a:5)
[2016-07-14 09:28:05 599 76ffd700] [0x000085c0:79fffdec] 在状态(user_syn),收到事件(0x0000000a:6)
[2016-07-14 09:28:05 802 76ffd700] [0x000085c0:79fffdec] 在状态(user_syn),收到事件(0x0000000a:7)
[2016-07-14 09:28:06 004 76ffd700] [0x000085c0:79fffdec] 在状态(user_syn),收到事件(0x0000000a:8)
[2016-07-14 09:28:06 197 76ffd700] [0x000085c0:79fffdec] 在状态(user_syn),收到事件(0x0000000a:9)
[2016-07-14 09:28:06 400 76ffd700] [0x000085c0:79fffdec] 在状态(user_syn),收到事件(0x0000000a:10)
[2016-07-14 09:28:06 604 76ffd700] [0x000085c0:79fffdec] 在状态(user_syn),收到事件(0x0000000a:11)
[2016-07-14 09:28:06 796 76ffd700] [0x000085c0:79fffdec] 在状态(user_syn),收到事件(0x0000000a:12)
[2016-07-14 09:28:06 999 76ffd700] [0x000085c0:79fffdec] 在状态(user_syn),收到事件(0x0000000a:13)
[2016-07-14 09:28:07 202 76ffd700] [0x000085c0:79fffdec] 在状态(user_syn),收到事件(0x0000000a:14)
[2016-07-14 09:28:07 405 76ffd700] [0x000085c0:79fffdec] 在状态(user_syn),收到事件(0x0000000a:15)
[2016-07-14 09:28:07 598 76ffd700] [0x000085c0:79fffdec] 在状态(user_syn),收到事件(0x0000000a:16)
[2016-07-14 09:28:07 598 76ffd700] [0x000085c0:79fffdec] 状态迁移(user_syn)---(0x0000000a:16)-->(reconnect?)
[2016-07-14 09:28:07 598 76ffd700] [0x000085c0:79fffdec] 在状态(reconnect?),收到事件(0x0000000c:0)
[2016-07-14 09:28:07 598 76ffd700] [0x000085c0:79fffdec] 状态迁移(reconnect?)---(0x0000000c:0)-->(exit)
[2016-07-14 09:28:07 598 76ffd700] [ 85c0:79fffdec] E15_udcp_item clean
[2016-07-14 09:30:58 874 76ffd700] [000085c1:79fffded] 启动同步请求，时间戳=552960
[2016-07-14 09:30:58 874 76ffd700] [0x000085c1:79fffded] 在状态(),收到事件(0x00000008:1)
[2016-07-14 09:30:58 874 76ffd700] [0x000085c1:79fffded] 状态迁移()---(0x00000008:1)-->(user_syn)
[2016-07-14 09:30:58 874 76ffd700] [0x000085c1:79fffded] 在状态(user_syn),收到事件(0x00000009:2)
[2016-07-14 09:30:58 874 76ffd700] [0x000085c1:79fffded] 状态迁移(user_syn)---(0x00000009:2)-->(data_master)
[2016-07-14 09:30:58 874 76ffd700] [000085c1:79fffded] ::ffff:127.0.0.1:46604 syn ok ,remoteid = [0000e4d7:7ff89562]，time dalay=0(ms),first(sendseq=1b18b69c:recvseq=20a0ff03),remote timestamp=0
[2016-07-14 09:31:16 894 76ffd700] [0x000085c1:79fffded] 在状态(data_master),收到事件(0x0000000e:1)
[2016-07-14 09:31:16 895 76ffd700] [0x000085c1:79fffded] 状态迁移(data_master)---(0x0000000e:1)-->(reconnect?)
[2016-07-14 09:31:17 898 76ffd700] [0x000085c1:79fffded] 在状态(reconnect?),收到事件(0x0000000b:1)
[2016-07-14 09:31:17 899 76ffd700] [0x000085c1:79fffded] 状态迁移(reconnect?)---(0x0000000b:1)-->(user_syn)
[2016-07-14 09:31:18 111 76ffd700] [0x000085c1:79fffded] 在状态(user_syn),收到事件(0x0000000a:1)
[2016-07-14 09:31:18 314 76ffd700] [0x000085c1:79fffded] 在状态(user_syn),收到事件(0x0000000a:2)
[2016-07-14 09:31:18 517 76ffd700] [0x000085c1:79fffded] 在状态(user_syn),收到事件(0x0000000a:3)
[2016-07-14 09:31:18 700 76ffd700] [0x000085c1:79fffded] 在状态(user_syn),收到事件(0x0000000a:4)
[2016-07-14 09:31:18 903 76ffd700] [0x000085c1:79fffded] 在状态(user_syn),收到事件(0x0000000a:5)
[2016-07-14 09:31:19 105 76ffd700] [0x000085c1:79fffded] 在状态(user_syn),收到事件(0x0000000a:6)
[2016-07-14 09:31:19 307 76ffd700] [0x000085c1:79fffded] 在状态(user_syn),收到事件(0x0000000a:7)
[2016-07-14 09:31:19 511 76ffd700] [0x000085c1:79fffded] 在状态(user_syn),收到事件(0x0000000a:8)
[2016-07-14 09:31:19 714 76ffd700] [0x000085c1:79fffded] 在状态(user_syn),收到事件(0x0000000a:9)
[2016-07-14 09:31:19 916 76ffd700] [0x000085c1:79fffded] 在状态(user_syn),收到事件(0x0000000a:10)
[2016-07-14 09:31:20 119 76ffd700] [0x000085c1:79fffded] 在状态(user_syn),收到事件(0x0000000a:11)
[2016-07-14 09:31:20 301 76ffd700] [0x000085c1:79fffded] 在状态(user_syn),收到事件(0x0000000a:12)
[2016-07-14 09:31:20 505 76ffd700] [0x000085c1:79fffded] 在状态(user_syn),收到事件(0x0000000a:13)
[2016-07-14 09:31:20 708 76ffd700] [0x000085c1:79fffded] 在状态(user_syn),收到事件(0x0000000a:14)
[2016-07-14 09:31:20 911 76ffd700] [0x000085c1:79fffded] 在状态(user_syn),收到事件(0x0000000a:15)
[2016-07-14 09:31:21 113 76ffd700] [0x000085c1:79fffded] 在状态(user_syn),收到事件(0x0000000a:16)
[2016-07-14 09:31:21 113 76ffd700] [0x000085c1:79fffded] 状态迁移(user_syn)---(0x0000000a:16)-->(reconnect?)
[2016-07-14 09:31:23 119 76ffd700] [0x000085c1:79fffded] 在状态(reconnect?),收到事件(0x0000000b:1)
[2016-07-14 09:31:23 119 76ffd700] [0x000085c1:79fffded] 状态迁移(reconnect?)---(0x0000000b:1)-->(user_syn)
[2016-07-14 09:31:23 331 76ffd700] [0x000085c1:79fffded] 在状态(user_syn),收到事件(0x0000000a:1)
[2016-07-14 09:31:23 534 76ffd700] [0x000085c1:79fffded] 在状态(user_syn),收到事件(0x0000000a:2)
[2016-07-14 09:31:23 727 76ffd700] [0x000085c1:79fffded] 在状态(user_syn),收到事件(0x0000000a:3)
[2016-07-14 09:31:23 930 76ffd700] [0x000085c1:79fffded] 在状态(user_syn),收到事件(0x0000000a:4)
[2016-07-14 09:31:24 132 76ffd700] [0x000085c1:79fffded] 在状态(user_syn),收到事件(0x0000000a:5)
[2016-07-14 09:31:24 324 76ffd700] [0x000085c1:79fffded] 在状态(user_syn),收到事件(0x0000000a:6)
[2016-07-14 09:31:24 530 76ffd700] [0x000085c1:79fffded] 在状态(user_syn),收到事件(0x0000000a:7)
[2016-07-14 09:31:24 732 76ffd700] [0x000085c1:79fffded] 在状态(user_syn),收到事件(0x0000000a:8)
[2016-07-14 09:31:24 924 76ffd700] [0x000085c1:79fffded] 在状态(user_syn),收到事件(0x0000000a:9)
[2016-07-14 09:31:25 127 76ffd700] [0x000085c1:79fffded] 在状态(user_syn),收到事件(0x0000000a:10)
[2016-07-14 09:31:25 329 76ffd700] [0x000085c1:79fffded] 在状态(user_syn),收到事件(0x0000000a:11)
[2016-07-14 09:31:25 531 76ffd700] [0x000085c1:79fffded] 在状态(user_syn),收到事件(0x0000000a:12)
[2016-07-14 09:31:25 734 76ffd700] [0x000085c1:79fffded] 在状态(user_syn),收到事件(0x0000000a:13)
[2016-07-14 09:31:25 926 76ffd700] [0x000085c1:79fffded] 在状态(user_syn),收到事件(0x0000000a:14)
[2016-07-14 09:31:26 129 76ffd700] [0x000085c1:79fffded] 在状态(user_syn),收到事件(0x0000000a:15)
[2016-07-14 09:31:26 331 76ffd700] [0x000085c1:79fffded] 在状态(user_syn),收到事件(0x0000000a:16)
[2016-07-14 09:31:26 332 76ffd700] [0x000085c1:79fffded] 状态迁移(user_syn)---(0x0000000a:16)-->(reconnect?)
[2016-07-14 09:31:28 340 76ffd700] [0x000085c1:79fffded] 在状态(reconnect?),收到事件(0x0000000b:1)
[2016-07-14 09:31:28 340 76ffd700] [0x000085c1:79fffded] 状态迁移(reconnect?)---(0x0000000b:1)-->(user_syn)
[2016-07-14 09:31:28 553 76ffd700] [0x000085c1:79fffded] 在状态(user_syn),收到事件(0x0000000a:1)
[2016-07-14 09:31:28 746 76ffd700] [0x000085c1:79fffded] 在状态(user_syn),收到事件(0x0000000a:2)
[2016-07-14 09:31:28 949 76ffd700] [0x000085c1:79fffded] 在状态(user_syn),收到事件(0x0000000a:3)
[2016-07-14 09:31:29 152 76ffd700] [0x000085c1:79fffded] 在状态(user_syn),收到事件(0x0000000a:4)
[2016-07-14 09:31:29 344 76ffd700] [0x000085c1:79fffded] 在状态(user_syn),收到事件(0x0000000a:5)
[2016-07-14 09:31:29 547 76ffd700] [0x000085c1:79fffded] 在状态(user_syn),收到事件(0x0000000a:6)
[2016-07-14 09:31:29 750 76ffd700] [0x000085c1:79fffded] 在状态(user_syn),收到事件(0x0000000a:7)
[2016-07-14 09:31:29 953 76ffd700] [0x000085c1:79fffded] 在状态(user_syn),收到事件(0x0000000a:8)
[2016-07-14 09:31:30 145 76ffd700] [0x000085c1:79fffded] 在状态(user_syn),收到事件(0x0000000a:9)
[2016-07-14 09:31:30 348 76ffd700] [0x000085c1:79fffded] 在状态(user_syn),收到事件(0x0000000a:10)
[2016-07-14 09:31:30 551 76ffd700] [0x000085c1:79fffded] 在状态(user_syn),收到事件(0x0000000a:11)
[2016-07-14 09:31:30 744 76ffd700] [0x000085c1:79fffded] 在状态(user_syn),收到事件(0x0000000a:12)
[2016-07-14 09:31:30 947 76ffd700] [0x000085c1:79fffded] 在状态(user_syn),收到事件(0x0000000a:13)
[2016-07-14 09:31:31 149 76ffd700] [0x000085c1:79fffded] 在状态(user_syn),收到事件(0x0000000a:14)
[2016-07-14 09:31:31 352 76ffd700] [0x000085c1:79fffded] 在状态(user_syn),收到事件(0x0000000a:15)
[2016-07-14 09:31:31 545 76ffd700] [0x000085c1:79fffded] 在状态(user_syn),收到事件(0x0000000a:16)
[2016-07-14 09:31:31 546 76ffd700] [0x000085c1:79fffded] 状态迁移(user_syn)---(0x0000000a:16)-->(reconnect?)
[2016-07-14 09:31:31 546 76ffd700] [0x000085c1:79fffded] 在状态(reconnect?),收到事件(0x0000000c:0)
[2016-07-14 09:31:31 546 76ffd700] [0x000085c1:79fffded] 状态迁移(reconnect?)---(0x0000000c:0)-->(exit)
[2016-07-14 09:31:31 546 76ffd700] [ 85c1:79fffded] E15_udcp_item clean
[2016-07-14 09:35:55 988 76ffd700] [000085c0:79fffdee] 启动同步请求，时间戳=850050
[2016-07-14 09:35:55 988 76ffd700] [0x000085c0:79fffdee] 在状态(),收到事件(0x00000008:1)
[2016-07-14 09:35:55 988 76ffd700] [0x000085c0:79fffdee] 状态迁移()---(0x00000008:1)-->(user_syn)
[2016-07-14 09:35:55 988 76ffd700] [0x000085c0:79fffdee] 在状态(user_syn),收到事件(0x00000009:2)
[2016-07-14 09:35:55 989 76ffd700] [0x000085c0:79fffdee] 状态迁移(user_syn)---(0x00000009:2)-->(data_master)
[2016-07-14 09:35:55 989 76ffd700] [000085c0:79fffdee] ::ffff:127.0.0.1:56953 syn ok ,remoteid = [000061fc:1df45f5c]，time dalay=0(ms),first(sendseq=495da0d0:recvseq=605f8cfb),remote timestamp=0
[2016-07-14 09:36:23 994 76ffd700] [0x000085c0:79fffdee] 在状态(data_master),收到事件(0x0000000e:1)
[2016-07-14 09:36:23 994 76ffd700] [0x000085c0:79fffdee] 状态迁移(data_master)---(0x0000000e:1)-->(reconnect?)
[2016-07-14 09:36:25 006 76ffd700] [0x000085c0:79fffdee] 在状态(reconnect?),收到事件(0x0000000b:1)
[2016-07-14 09:36:25 006 76ffd700] [0x000085c0:79fffdee] 状态迁移(reconnect?)---(0x0000000b:1)-->(user_syn)
[2016-07-14 09:36:25 218 76ffd700] [0x000085c0:79fffdee] 在状态(user_syn),收到事件(0x0000000a:1)
[2016-07-14 09:36:25 421 76ffd700] [0x000085c0:79fffdee] 在状态(user_syn),收到事件(0x0000000a:2)
[2016-07-14 09:36:25 622 76ffd700] [0x000085c0:79fffdee] 在状态(user_syn),收到事件(0x0000000a:3)
[2016-07-14 09:36:25 824 76ffd700] [0x000085c0:79fffdee] 在状态(user_syn),收到事件(0x0000000a:4)
[2016-07-14 09:36:26 027 76ffd700] [0x000085c0:79fffdee] 在状态(user_syn),收到事件(0x0000000a:5)
[2016-07-14 09:36:26 219 76ffd700] [0x000085c0:79fffdee] 在状态(user_syn),收到事件(0x0000000a:6)
[2016-07-14 09:36:26 422 76ffd700] [0x000085c0:79fffdee] 在状态(user_syn),收到事件(0x0000000a:7)
[2016-07-14 09:36:26 613 76ffd700] [0x000085c0:79fffdee] 在状态(user_syn),收到事件(0x0000000a:8)
[2016-07-14 09:36:26 816 76ffd700] [0x000085c0:79fffdee] 在状态(user_syn),收到事件(0x0000000a:9)
[2016-07-14 09:36:27 018 76ffd700] [0x000085c0:79fffdee] 在状态(user_syn),收到事件(0x0000000a:10)
[2016-07-14 09:36:27 222 76ffd700] [0x000085c0:79fffdee] 在状态(user_syn),收到事件(0x0000000a:11)
[2016-07-14 09:36:27 424 76ffd700] [0x000085c0:79fffdee] 在状态(user_syn),收到事件(0x0000000a:12)
[2016-07-14 09:36:27 617 76ffd700] [0x000085c0:79fffdee] 在状态(user_syn),收到事件(0x0000000a:13)
[2016-07-14 09:36:27 820 76ffd700] [0x000085c0:79fffdee] 在状态(user_syn),收到事件(0x0000000a:14)
[2016-07-14 09:36:28 023 76ffd700] [0x000085c0:79fffdee] 在状态(user_syn),收到事件(0x0000000a:15)
[2016-07-14 09:36:28 215 76ffd700] [0x000085c0:79fffdee] 在状态(user_syn),收到事件(0x0000000a:16)
[2016-07-14 09:36:28 215 76ffd700] [0x000085c0:79fffdee] 状态迁移(user_syn)---(0x0000000a:16)-->(reconnect?)
[2016-07-14 09:36:30 233 76ffd700] [0x000085c0:79fffdee] 在状态(reconnect?),收到事件(0x0000000b:1)
[2016-07-14 09:36:30 233 76ffd700] [0x000085c0:79fffdee] 状态迁移(reconnect?)---(0x0000000b:1)-->(user_syn)
[2016-07-14 09:36:30 435 76ffd700] [0x000085c0:79fffdee] 在状态(user_syn),收到事件(0x0000000a:1)
[2016-07-14 09:36:30 637 76ffd700] [0x000085c0:79fffdee] 在状态(user_syn),收到事件(0x0000000a:2)
[2016-07-14 09:36:30 839 76ffd700] [0x000085c0:79fffdee] 在状态(user_syn),收到事件(0x0000000a:3)
[2016-07-14 09:36:31 041 76ffd700] [0x000085c0:79fffdee] 在状态(user_syn),收到事件(0x0000000a:4)
[2016-07-14 09:36:31 243 76ffd700] [0x000085c0:79fffdee] 在状态(user_syn),收到事件(0x0000000a:5)
[2016-07-14 09:36:31 436 76ffd700] [0x000085c0:79fffdee] 在状态(user_syn),收到事件(0x0000000a:6)
[2016-07-14 09:36:31 639 76ffd700] [0x000085c0:79fffdee] 在状态(user_syn),收到事件(0x0000000a:7)
[2016-07-14 09:36:31 841 76ffd700] [0x000085c0:79fffdee] 在状态(user_syn),收到事件(0x0000000a:8)
[2016-07-14 09:36:32 044 76ffd700] [0x000085c0:79fffdee] 在状态(user_syn),收到事件(0x0000000a:9)
[2016-07-14 09:36:32 236 76ffd700] [0x000085c0:79fffdee] 在状态(user_syn),收到事件(0x0000000a:10)
[2016-07-14 09:36:32 438 76ffd700] [0x000085c0:79fffdee] 在状态(user_syn),收到事件(0x0000000a:11)
[2016-07-14 09:36:32 641 76ffd700] [0x000085c0:79fffdee] 在状态(user_syn),收到事件(0x0000000a:12)
[2016-07-14 09:36:32 844 76ffd700] [0x000085c0:79fffdee] 在状态(user_syn),收到事件(0x0000000a:13)
[2016-07-14 09:36:33 037 76ffd700] [0x000085c0:79fffdee] 在状态(user_syn),收到事件(0x0000000a:14)
[2016-07-14 09:36:33 240 76ffd700] [0x000085c0:79fffdee] 在状态(user_syn),收到事件(0x0000000a:15)
[2016-07-14 09:36:33 431 76ffd700] [0x000085c0:79fffdee] 在状态(user_syn),收到事件(0x0000000a:16)
[2016-07-14 09:36:33 432 76ffd700] [0x000085c0:79fffdee] 状态迁移(user_syn)---(0x0000000a:16)-->(reconnect?)
[2016-07-14 09:36:33 432 76ffd700] [0x000085c0:79fffdee] 在状态(reconnect?),收到事件(0x0000000c:0)
[2016-07-14 09:36:33 432 76ffd700] [0x000085c0:79fffdee] 状态迁移(reconnect?)---(0x0000000c:0)-->(exit)
[2016-07-14 09:36:33 432 76ffd700] [ 85c0:79fffdee] E15_udcp_item clean
[2016-07-14 09:36:53 457 76ffd700] [000085c1:79fffdef] 启动同步请求，时间戳=907500
[2016-07-14 09:36:53 457 76ffd700] [0x000085c1:79fffdef] 在状态(),收到事件(0x00000008:1)
[2016-07-14 09:36:53 457 76ffd700] [0x000085c1:79fffdef] 状态迁移()---(0x00000008:1)-->(user_syn)
[2016-07-14 09:36:53 458 76ffd700] [0x000085c1:79fffdef] 在状态(user_syn),收到事件(0x00000009:2)
[2016-07-14 09:36:53 458 76ffd700] [0x000085c1:79fffdef] 状态迁移(user_syn)---(0x00000009:2)-->(data_master)
[2016-07-14 09:36:53 458 76ffd700] [000085c1:79fffdef] ::ffff:127.0.0.1:36586 syn ok ,remoteid = [000000fb:3a0d6868]，time dalay=0(ms),first(sendseq=5cdf990c:recvseq=ab38280),remote timestamp=0
[2016-07-14 09:37:07 459 76ffd700] [0x000085c1:79fffdef] 在状态(data_master),收到事件(0x0000000e:1)
[2016-07-14 09:37:07 460 76ffd700] [0x000085c1:79fffdef] 状态迁移(data_master)---(0x0000000e:1)-->(reconnect?)
[2016-07-14 09:37:08 474 76ffd700] [0x000085c1:79fffdef] 在状态(reconnect?),收到事件(0x0000000b:1)
[2016-07-14 09:37:08 474 76ffd700] [0x000085c1:79fffdef] 状态迁移(reconnect?)---(0x0000000b:1)-->(user_syn)
[2016-07-14 09:37:08 677 76ffd700] [0x000085c1:79fffdef] 在状态(user_syn),收到事件(0x0000000a:1)
[2016-07-14 09:37:08 880 76ffd700] [0x000085c1:79fffdef] 在状态(user_syn),收到事件(0x0000000a:2)
[2016-07-14 09:37:09 083 76ffd700] [0x000085c1:79fffdef] 在状态(user_syn),收到事件(0x0000000a:3)
[2016-07-14 09:37:09 285 76ffd700] [0x000085c1:79fffdef] 在状态(user_syn),收到事件(0x0000000a:4)
[2016-07-14 09:37:09 478 76ffd700] [0x000085c1:79fffdef] 在状态(user_syn),收到事件(0x0000000a:5)
[2016-07-14 09:37:09 681 76ffd700] [0x000085c1:79fffdef] 在状态(user_syn),收到事件(0x0000000a:6)
[2016-07-14 09:37:09 884 76ffd700] [0x000085c1:79fffdef] 在状态(user_syn),收到事件(0x0000000a:7)
[2016-07-14 09:37:09 000 76ffd700] [000085c1:79fffdef] 收到[::ffff:127.0.0.1:36586] 包,cmd=a,验证码不正确


[2016-07-14 09:37:09 000 76ffd700] [000085c1:79fffdef] 收到[::ffff:127.0.0.1:36586] 包,cmd=a,验证码不正确


[2016-07-14 09:37:09 001 76ffd700] [000085c1:79fffdef] 收到[::ffff:127.0.0.1:36586] 包,cmd=a,验证码不正确


[2016-07-14 09:37:09 002 76ffd700] [000085c1:79fffdef] 收到[::ffff:127.0.0.1:36586] 包,cmd=a,验证码不正确


[2016-07-14 09:37:09 002 76ffd700] [000085c1:79fffdef] 收到[::ffff:127.0.0.1:36586] 包,cmd=a,验证码不正确


[2016-07-14 09:37:09 002 76ffd700] [000085c1:79fffdef] 收到[::ffff:127.0.0.1:36586] 包,cmd=a,验证码不正确


[2016-07-14 09:37:09 002 76ffd700] [000085c1:79fffdef] 收到[::ffff:127.0.0.1:36586] 包,cmd=a,验证码不正确


[2016-07-14 09:37:09 002 76ffd700] [000085c1:79fffdef] 收到[::ffff:127.0.0.1:36586] 包,cmd=a,验证码不正确


[2016-07-14 09:37:09 002 76ffd700] [000085c1:79fffdef] 收到[::ffff:127.0.0.1:36586] 包,cmd=a,验证码不正确


[2016-07-14 09:37:09 002 76ffd700] [000085c1:79fffdef] 收到[::ffff:127.0.0.1:36586] 包,cmd=a,验证码不正确


[2016-07-14 09:37:09 003 76ffd700] [000085c1:79fffdef] 收到[::ffff:127.0.0.1:36586] 包,cmd=a,验证码不正确


[2016-07-14 09:37:09 003 76ffd700] [000085c1:79fffdef] 收到[::ffff:127.0.0.1:36586] 包,cmd=a,验证码不正确


[2016-07-14 09:37:10 087 76ffd700] [0x000085c1:79fffdef] 在状态(user_syn),收到事件(0x0000000a:8)
[2016-07-14 09:37:10 279 76ffd700] [0x000085c1:79fffdef] 在状态(user_syn),收到事件(0x0000000a:9)
[2016-07-14 09:37:10 482 76ffd700] [0x000085c1:79fffdef] 在状态(user_syn),收到事件(0x0000000a:10)
[2016-07-14 09:37:10 685 76ffd700] [0x000085c1:79fffdef] 在状态(user_syn),收到事件(0x0000000a:11)
[2016-07-14 09:37:10 878 76ffd700] [0x000085c1:79fffdef] 在状态(user_syn),收到事件(0x0000000a:12)
[2016-07-14 09:37:11 081 76ffd700] [0x000085c1:79fffdef] 在状态(user_syn),收到事件(0x0000000a:13)
[2016-07-14 09:37:11 284 76ffd700] [0x000085c1:79fffdef] 在状态(user_syn),收到事件(0x0000000a:14)
[2016-07-14 09:37:11 486 76ffd700] [0x000085c1:79fffdef] 在状态(user_syn),收到事件(0x0000000a:15)
[2016-07-14 09:37:11 679 76ffd700] [0x000085c1:79fffdef] 在状态(user_syn),收到事件(0x0000000a:16)
[2016-07-14 09:37:11 679 76ffd700] [0x000085c1:79fffdef] 状态迁移(user_syn)---(0x0000000a:16)-->(reconnect?)
[2016-07-14 09:37:13 687 76ffd700] [0x000085c1:79fffdef] 在状态(reconnect?),收到事件(0x0000000b:1)
[2016-07-14 09:37:13 687 76ffd700] [0x000085c1:79fffdef] 状态迁移(reconnect?)---(0x0000000b:1)-->(user_syn)
[2016-07-14 09:37:13 901 76ffd700] [0x000085c1:79fffdef] 在状态(user_syn),收到事件(0x0000000a:1)
[2016-07-14 09:37:14 104 76ffd700] [0x000085c1:79fffdef] 在状态(user_syn),收到事件(0x0000000a:2)
[2016-07-14 09:37:14 307 76ffd700] [0x000085c1:79fffdef] 在状态(user_syn),收到事件(0x0000000a:3)
[2016-07-14 09:37:14 499 76ffd700] [0x000085c1:79fffdef] 在状态(user_syn),收到事件(0x0000000a:4)
[2016-07-14 09:37:14 702 76ffd700] [0x000085c1:79fffdef] 在状态(user_syn),收到事件(0x0000000a:5)
[2016-07-14 09:37:14 906 76ffd700] [0x000085c1:79fffdef] 在状态(user_syn),收到事件(0x0000000a:6)
[2016-07-14 09:37:15 098 76ffd700] [0x000085c1:79fffdef] 在状态(user_syn),收到事件(0x0000000a:7)
[2016-07-14 09:37:15 301 76ffd700] [0x000085c1:79fffdef] 在状态(user_syn),收到事件(0x0000000a:8)
[2016-07-14 09:37:15 504 76ffd700] [0x000085c1:79fffdef] 在状态(user_syn),收到事件(0x0000000a:9)
[2016-07-14 09:37:15 707 76ffd700] [0x000085c1:79fffdef] 在状态(user_syn),收到事件(0x0000000a:10)
[2016-07-14 09:37:15 900 76ffd700] [0x000085c1:79fffdef] 在状态(user_syn),收到事件(0x0000000a:11)
[2016-07-14 09:37:16 102 76ffd700] [0x000085c1:79fffdef] 在状态(user_syn),收到事件(0x0000000a:12)
[2016-07-14 09:37:16 305 76ffd700] [0x000085c1:79fffdef] 在状态(user_syn),收到事件(0x0000000a:13)
[2016-07-14 09:37:16 509 76ffd700] [0x000085c1:79fffdef] 在状态(user_syn),收到事件(0x0000000a:14)
[2016-07-14 09:37:16 711 76ffd700] [0x000085c1:79fffdef] 在状态(user_syn),收到事件(0x0000000a:15)
[2016-07-14 09:37:16 914 76ffd700] [0x000085c1:79fffdef] 在状态(user_syn),收到事件(0x0000000a:16)
[2016-07-14 09:37:16 914 76ffd700] [0x000085c1:79fffdef] 状态迁移(user_syn)---(0x0000000a:16)-->(reconnect?)
[2016-07-14 09:37:18 913 76ffd700] [0x000085c1:79fffdef] 在状态(reconnect?),收到事件(0x0000000b:1)
[2016-07-14 09:37:18 914 76ffd700] [0x000085c1:79fffdef] 状态迁移(reconnect?)---(0x0000000b:1)-->(user_syn)
[2016-07-14 09:37:19 126 76ffd700] [0x000085c1:79fffdef] 在状态(user_syn),收到事件(0x0000000a:1)
[2016-07-14 09:37:19 329 76ffd700] [0x000085c1:79fffdef] 在状态(user_syn),收到事件(0x0000000a:2)
[2016-07-14 09:37:19 532 76ffd700] [0x000085c1:79fffdef] 在状态(user_syn),收到事件(0x0000000a:3)
[2016-07-14 09:37:19 734 76ffd700] [0x000085c1:79fffdef] 在状态(user_syn),收到事件(0x0000000a:4)
[2016-07-14 09:37:19 927 76ffd700] [0x000085c1:79fffdef] 在状态(user_syn),收到事件(0x0000000a:5)
[2016-07-14 09:37:20 130 76ffd700] [0x000085c1:79fffdef] 在状态(user_syn),收到事件(0x0000000a:6)
[2016-07-14 09:37:20 322 76ffd700] [0x000085c1:79fffdef] 在状态(user_syn),收到事件(0x0000000a:7)
[2016-07-14 09:37:20 525 76ffd700] [0x000085c1:79fffdef] 在状态(user_syn),收到事件(0x0000000a:8)
[2016-07-14 09:37:20 728 76ffd700] [0x000085c1:79fffdef] 在状态(user_syn),收到事件(0x0000000a:9)
[2016-07-14 09:37:20 931 76ffd700] [0x000085c1:79fffdef] 在状态(user_syn),收到事件(0x0000000a:10)
[2016-07-14 09:37:21 134 76ffd700] [0x000085c1:79fffdef] 在状态(user_syn),收到事件(0x0000000a:11)
[2016-07-14 09:37:21 327 76ffd700] [0x000085c1:79fffdef] 在状态(user_syn),收到事件(0x0000000a:12)
[2016-07-14 09:37:21 529 76ffd700] [0x000085c1:79fffdef] 在状态(user_syn),收到事件(0x0000000a:13)
[2016-07-14 09:37:21 732 76ffd700] [0x000085c1:79fffdef] 在状态(user_syn),收到事件(0x0000000a:14)
[2016-07-14 09:37:21 925 76ffd700] [0x000085c1:79fffdef] 在状态(user_syn),收到事件(0x0000000a:15)
[2016-07-14 09:37:22 128 76ffd700] [0x000085c1:79fffdef] 在状态(user_syn),收到事件(0x0000000a:16)
[2016-07-14 09:37:22 128 76ffd700] [0x000085c1:79fffdef] 状态迁移(user_syn)---(0x0000000a:16)-->(reconnect?)
[2016-07-14 09:37:24 136 76ffd700] [0x000085c1:79fffdef] 在状态(reconnect?),收到事件(0x0000000b:1)
[2016-07-14 09:37:24 136 76ffd700] [0x000085c1:79fffdef] 状态迁移(reconnect?)---(0x0000000b:1)-->(user_syn)
[2016-07-14 09:37:24 349 76ffd700] [0x000085c1:79fffdef] 在状态(user_syn),收到事件(0x0000000a:1)
[2016-07-14 09:37:24 552 76ffd700] [0x000085c1:79fffdef] 在状态(user_syn),收到事件(0x0000000a:2)
[2016-07-14 09:37:24 745 76ffd700] [0x000085c1:79fffdef] 在状态(user_syn),收到事件(0x0000000a:3)
[2016-07-14 09:37:24 948 76ffd700] [0x000085c1:79fffdef] 在状态(user_syn),收到事件(0x0000000a:4)
[2016-07-14 09:37:25 151 76ffd700] [0x000085c1:79fffdef] 在状态(user_syn),收到事件(0x0000000a:5)
[2016-07-14 09:37:25 344 76ffd700] [0x000085c1:79fffdef] 在状态(user_syn),收到事件(0x0000000a:6)
[2016-07-14 09:37:25 547 76ffd700] [0x000085c1:79fffdef] 在状态(user_syn),收到事件(0x0000000a:7)
[2016-07-14 09:37:25 749 76ffd700] [0x000085c1:79fffdef] 在状态(user_syn),收到事件(0x0000000a:8)
[2016-07-14 09:37:25 953 76ffd700] [0x000085c1:79fffdef] 在状态(user_syn),收到事件(0x0000000a:9)
[2016-07-14 09:37:26 145 76ffd700] [0x000085c1:79fffdef] 在状态(user_syn),收到事件(0x0000000a:10)
[2016-07-14 09:37:26 348 76ffd700] [0x000085c1:79fffdef] 在状态(user_syn),收到事件(0x0000000a:11)
[2016-07-14 09:37:26 550 76ffd700] [0x000085c1:79fffdef] 在状态(user_syn),收到事件(0x0000000a:12)
[2016-07-14 09:37:26 754 76ffd700] [0x000085c1:79fffdef] 在状态(user_syn),收到事件(0x0000000a:13)
[2016-07-14 09:37:26 957 76ffd700] [0x000085c1:79fffdef] 在状态(user_syn),收到事件(0x0000000a:14)
[2016-07-14 09:37:27 160 76ffd700] [0x000085c1:79fffdef] 在状态(user_syn),收到事件(0x0000000a:15)
[2016-07-14 09:37:27 352 76ffd700] [0x000085c1:79fffdef] 在状态(user_syn),收到事件(0x0000000a:16)
[2016-07-14 09:37:27 353 76ffd700] [0x000085c1:79fffdef] 状态迁移(user_syn)---(0x0000000a:16)-->(reconnect?)
[2016-07-14 09:37:29 361 76ffd700] [0x000085c1:79fffdef] 在状态(reconnect?),收到事件(0x0000000b:1)
[2016-07-14 09:37:29 361 76ffd700] [0x000085c1:79fffdef] 状态迁移(reconnect?)---(0x0000000b:1)-->(user_syn)
[2016-07-14 09:37:29 573 76ffd700] [0x000085c1:79fffdef] 在状态(user_syn),收到事件(0x0000000a:1)
[2016-07-14 09:37:29 776 76ffd700] [0x000085c1:79fffdef] 在状态(user_syn),收到事件(0x0000000a:2)
[2016-07-14 09:37:29 979 76ffd700] [0x000085c1:79fffdef] 在状态(user_syn),收到事件(0x0000000a:3)
[2016-07-14 09:37:30 172 76ffd700] [0x000085c1:79fffdef] 在状态(user_syn),收到事件(0x0000000a:4)
[2016-07-14 09:37:30 375 76ffd700] [0x000085c1:79fffdef] 在状态(user_syn),收到事件(0x0000000a:5)
[2016-07-14 09:37:30 578 76ffd700] [0x000085c1:79fffdef] 在状态(user_syn),收到事件(0x0000000a:6)
[2016-07-14 09:37:30 770 76ffd700] [0x000085c1:79fffdef] 在状态(user_syn),收到事件(0x0000000a:7)
[2016-07-14 09:37:30 973 76ffd700] [0x000085c1:79fffdef] 在状态(user_syn),收到事件(0x0000000a:8)
[2016-07-14 09:37:31 176 76ffd700] [0x000085c1:79fffdef] 在状态(user_syn),收到事件(0x0000000a:9)
[2016-07-14 09:37:31 369 76ffd700] [0x000085c1:79fffdef] 在状态(user_syn),收到事件(0x0000000a:10)
[2016-07-14 09:37:31 571 76ffd700] [0x000085c1:79fffdef] 在状态(user_syn),收到事件(0x0000000a:11)
[2016-07-14 09:37:31 774 76ffd700] [0x000085c1:79fffdef] 在状态(user_syn),收到事件(0x0000000a:12)
[2016-07-14 09:37:31 978 76ffd700] [0x000085c1:79fffdef] 在状态(user_syn),收到事件(0x0000000a:13)
[2016-07-14 09:37:32 171 76ffd700] [0x000085c1:79fffdef] 在状态(user_syn),收到事件(0x0000000a:14)
[2016-07-14 09:37:32 373 76ffd700] [0x000085c1:79fffdef] 在状态(user_syn),收到事件(0x0000000a:15)
[2016-07-14 09:37:32 576 76ffd700] [0x000085c1:79fffdef] 在状态(user_syn),收到事件(0x0000000a:16)
[2016-07-14 09:37:32 576 76ffd700] [0x000085c1:79fffdef] 状态迁移(user_syn)---(0x0000000a:16)-->(reconnect?)
[2016-07-14 09:37:32 576 76ffd700] [0x000085c1:79fffdef] 在状态(reconnect?),收到事件(0x0000000c:0)
[2016-07-14 09:37:32 576 76ffd700] [0x000085c1:79fffdef] 状态迁移(reconnect?)---(0x0000000c:0)-->(exit)
[2016-07-14 09:37:32 577 76ffd700] [ 85c1:79fffdef] E15_udcp_item clean
[2016-07-14 09:39:22 877 76ffd700] [000085c0:79fffdf0] 启动同步请求，时间戳=1056900
[2016-07-14 09:39:22 877 76ffd700] [0x000085c0:79fffdf0] 在状态(),收到事件(0x00000008:1)
[2016-07-14 09:39:22 877 76ffd700] [0x000085c0:79fffdf0] 状态迁移()---(0x00000008:1)-->(user_syn)
[2016-07-14 09:39:22 878 76ffd700] [0x000085c0:79fffdf0] 在状态(user_syn),收到事件(0x00000009:2)
[2016-07-14 09:39:22 878 76ffd700] [0x000085c0:79fffdf0] 状态迁移(user_syn)---(0x00000009:2)-->(data_master)
[2016-07-14 09:39:22 878 76ffd700] [000085c0:79fffdf0] ::ffff:127.0.0.1:50788 syn ok ,remoteid = [0000f577:3c03a115]，time dalay=0(ms),first(sendseq=6017d73a:recvseq=3a7487b3),remote timestamp=0
[2016-07-14 09:39:24 880 76ffd700] [0x000085c0:79fffdf0] 在状态(data_master),收到事件(0x00000009:4)
[2016-07-14 09:39:24 880 76ffd700] [0x000085c0:79fffdf0] 状态迁移(data_master)---(0x00000009:4)-->(net_rst)
[2016-07-14 09:39:24 882 76ffd700] [0x000085c0:79fffdf0] 在状态(net_rst),收到事件(0x00000009:6)
[2016-07-14 09:39:24 882 76ffd700] [0x000085c0:79fffdf0] 状态迁移(net_rst)---(0x00000009:6)-->(reconnect?)
[2016-07-14 09:39:24 882 76ffd700] [0x000085c0:79fffdf0] 在状态(reconnect?),收到事件(0x0000000c:0)
[2016-07-14 09:39:24 883 76ffd700] [0x000085c0:79fffdf0] 状态迁移(reconnect?)---(0x0000000c:0)-->(exit)
[2016-07-14 09:39:24 883 76ffd700] [ 85c0:79fffdf0] E15_udcp_item clean
[2016-07-14 09:39:57 864 76ffd700] [000085c1:79fffdf1] 启动同步请求，时间戳=1091890
[2016-07-14 09:39:57 865 76ffd700] [0x000085c1:79fffdf1] 在状态(),收到事件(0x00000008:1)
[2016-07-14 09:39:57 865 76ffd700] [0x000085c1:79fffdf1] 状态迁移()---(0x00000008:1)-->(user_syn)
[2016-07-14 09:39:57 865 76ffd700] [0x000085c1:79fffdf1] 在状态(user_syn),收到事件(0x00000009:2)
[2016-07-14 09:39:57 865 76ffd700] [0x000085c1:79fffdf1] 状态迁移(user_syn)---(0x00000009:2)-->(data_master)
[2016-07-14 09:39:57 865 76ffd700] [000085c1:79fffdf1] ::ffff:127.0.0.1:43908 syn ok ,remoteid = [0000a748:53ac631d]，time dalay=0(ms),first(sendseq=31df1c2e:recvseq=18e6bd08),remote timestamp=0
[2016-07-14 09:39:59 866 76ffd700] [0x000085c1:79fffdf1] 在状态(data_master),收到事件(0x00000009:4)
[2016-07-14 09:39:59 866 76ffd700] [0x000085c1:79fffdf1] 状态迁移(data_master)---(0x00000009:4)-->(net_rst)
[2016-07-14 09:39:59 867 76ffd700] [0x000085c1:79fffdf1] 在状态(net_rst),收到事件(0x00000009:6)
[2016-07-14 09:39:59 867 76ffd700] [0x000085c1:79fffdf1] 状态迁移(net_rst)---(0x00000009:6)-->(reconnect?)
[2016-07-14 09:39:59 867 76ffd700] [0x000085c1:79fffdf1] 在状态(reconnect?),收到事件(0x0000000c:0)
[2016-07-14 09:39:59 867 76ffd700] [0x000085c1:79fffdf1] 状态迁移(reconnect?)---(0x0000000c:0)-->(exit)
[2016-07-14 09:39:59 867 76ffd700] [ 85c1:79fffdf1] E15_udcp_item clean
[2016-07-14 09:40:45 281 76ffd700] [000085c0:79fffdf2] 启动同步请求，时间戳=1139320
[2016-07-14 09:40:45 281 76ffd700] [0x000085c0:79fffdf2] 在状态(),收到事件(0x00000008:1)
[2016-07-14 09:40:45 282 76ffd700] [0x000085c0:79fffdf2] 状态迁移()---(0x00000008:1)-->(user_syn)
[2016-07-14 09:40:45 282 76ffd700] [0x000085c0:79fffdf2] 在状态(user_syn),收到事件(0x00000009:2)
[2016-07-14 09:40:45 282 76ffd700] [0x000085c0:79fffdf2] 状态迁移(user_syn)---(0x00000009:2)-->(data_master)
[2016-07-14 09:40:45 282 76ffd700] [000085c0:79fffdf2] ::ffff:127.0.0.1:48279 syn ok ,remoteid = [000086e5:29b099a9]，time dalay=0(ms),first(sendseq=75c3af0b:recvseq=7272cd15),remote timestamp=0
[2016-07-14 09:40:49 284 76ffd700] [0x000085c0:79fffdf2] 在状态(data_master),收到事件(0x00000009:4)
[2016-07-14 09:40:49 285 76ffd700] [0x000085c0:79fffdf2] 状态迁移(data_master)---(0x00000009:4)-->(net_rst)
[2016-07-14 09:40:49 286 76ffd700] [0x000085c0:79fffdf2] 在状态(net_rst),收到事件(0x00000009:6)
[2016-07-14 09:40:49 286 76ffd700] [0x000085c0:79fffdf2] 状态迁移(net_rst)---(0x00000009:6)-->(reconnect?)
[2016-07-14 09:40:49 286 76ffd700] [0x000085c0:79fffdf2] 在状态(reconnect?),收到事件(0x0000000c:0)
[2016-07-14 09:40:49 286 76ffd700] [0x000085c0:79fffdf2] 状态迁移(reconnect?)---(0x0000000c:0)-->(exit)
[2016-07-14 09:40:49 287 76ffd700] [ 85c0:79fffdf2] E15_udcp_item clean
[2016-07-14 09:40:51 082 76ffd700] [000085c1:79fffdf3] 启动同步请求，时间戳=1145110
[2016-07-14 09:40:51 082 76ffd700] [0x000085c1:79fffdf3] 在状态(),收到事件(0x00000008:1)
[2016-07-14 09:40:51 082 76ffd700] [0x000085c1:79fffdf3] 状态迁移()---(0x00000008:1)-->(user_syn)
[2016-07-14 09:40:51 083 76ffd700] [0x000085c1:79fffdf3] 在状态(user_syn),收到事件(0x00000009:2)
[2016-07-14 09:40:51 083 76ffd700] [0x000085c1:79fffdf3] 状态迁移(user_syn)---(0x00000009:2)-->(data_master)
[2016-07-14 09:40:51 083 76ffd700] [000085c1:79fffdf3] ::ffff:127.0.0.1:36908 syn ok ,remoteid = [00004e77:1457c49a]，time dalay=0(ms),first(sendseq=28c73367:recvseq=7d8aa951),remote timestamp=0
[2016-07-14 09:40:53 085 76ffd700] [0x000085c1:79fffdf3] 在状态(data_master),收到事件(0x00000009:4)
[2016-07-14 09:40:53 085 76ffd700] [0x000085c1:79fffdf3] 状态迁移(data_master)---(0x00000009:4)-->(net_rst)
[2016-07-14 09:40:53 087 76ffd700] [0x000085c1:79fffdf3] 在状态(net_rst),收到事件(0x00000009:6)
[2016-07-14 09:40:53 087 76ffd700] [0x000085c1:79fffdf3] 状态迁移(net_rst)---(0x00000009:6)-->(reconnect?)
[2016-07-14 09:40:53 087 76ffd700] [0x000085c1:79fffdf3] 在状态(reconnect?),收到事件(0x0000000c:0)
[2016-07-14 09:40:53 087 76ffd700] [0x000085c1:79fffdf3] 状态迁移(reconnect?)---(0x0000000c:0)-->(exit)
[2016-07-14 09:40:53 087 76ffd700] [ 85c1:79fffdf3] E15_udcp_item clean
[2016-07-14 09:42:33 141 76ffd700] [0x000085c3:79fffde3] 在状态(data_master),收到事件(0x00000009:4)
[2016-07-14 09:42:33 141 76ffd700] [0x000085c3:79fffde3] 状态迁移(data_master)---(0x00000009:4)-->(net_rst)
[2016-07-14 09:42:33 141 76ffd700] [0x000085c3:79fffde3] 在状态(net_rst),收到事件(0x00000009:6)
[2016-07-14 09:42:33 142 76ffd700] [0x000085c3:79fffde3] 状态迁移(net_rst)---(0x00000009:6)-->(reconnect?)
[2016-07-14 09:42:33 142 76ffd700] [0x000085c3:79fffde3] 在状态(reconnect?),收到事件(0x0000000c:0)
[2016-07-14 09:42:33 142 76ffd700] [0x000085c3:79fffde3] 状态迁移(reconnect?)---(0x0000000c:0)-->(exit)
[2016-07-14 09:42:33 142 76ffd700] [ 85c3:79fffde3] E15_udcp_item clean
[2016-07-14 09:42:35 116 76ffd700] [000085c0:79fffdf4] 启动同步请求，时间戳=1249130
[2016-07-14 09:42:35 116 76ffd700] [0x000085c0:79fffdf4] 在状态(),收到事件(0x00000008:1)
[2016-07-14 09:42:35 116 76ffd700] [0x000085c0:79fffdf4] 状态迁移()---(0x00000008:1)-->(user_syn)
[2016-07-14 09:42:35 116 76ffd700] [0x000085c0:79fffdf4] 在状态(user_syn),收到事件(0x00000009:2)
[2016-07-14 09:42:35 116 76ffd700] [0x000085c0:79fffdf4] 状态迁移(user_syn)---(0x00000009:2)-->(data_master)
[2016-07-14 09:42:35 116 76ffd700] [000085c0:79fffdf4] ::ffff:127.0.0.1:35412 syn ok ,remoteid = [0000dd68:78024581]，time dalay=0(ms),first(sendseq=4ee93515:recvseq=4ea6c52e),remote timestamp=0
[2016-07-14 09:55:29 075 76ffd700] [0x000085c6:79fffde6] 在状态(data_slave),收到事件(0x00000009:4)
[2016-07-14 09:55:29 075 76ffd700] [0x000085c6:79fffde6] 状态迁移(data_slave)---(0x00000009:4)-->(net_rst)
[2016-07-14 09:55:29 076 76ffd700] [0x000085c6:79fffde6] 在状态(net_rst),收到事件(0x00000009:6)
[2016-07-14 09:55:29 076 76ffd700] [0x000085c6:79fffde6] 状态迁移(net_rst)---(0x00000009:6)-->(reconnect?)
[2016-07-14 09:55:29 076 76ffd700] [0x000085c6:79fffde6] 在状态(reconnect?),收到事件(0x0000000c:0)
[2016-07-14 09:55:29 076 76ffd700] [0x000085c6:79fffde6] 状态迁移(reconnect?)---(0x0000000c:0)-->(exit)
[2016-07-14 09:55:29 076 76ffd700] [ 85c6:79fffde6] E15_udcp_item clean
[2016-07-14 09:56:49 191 76ffd700] [0x000085c1:79fffdf5] 在状态(),收到事件(0x00000009:1)
[2016-07-14 09:56:49 191 76ffd700] [0x000085c1:79fffdf5] 状态迁移()---(0x00000009:1)-->(net_syn)
[2016-07-14 09:56:49 191 76ffd700] [0x000085c1:79fffdf5] 在状态(net_syn),收到事件(0x00000009:3)
[2016-07-14 09:56:49 191 76ffd700] [0x000085c1:79fffdf5] 状态迁移(net_syn)---(0x00000009:3)-->(data_slave)
[2016-07-14 09:56:49 191 76ffd700] [000085c1:79fffdf5] ::ffff:127.0.0.1:10524 syn ok ,remoteid = [0000df2a:6a5e702e]，time dalay=0(ms),first(sendseq=525dfd4f:recvseq=33e78288),remote timestamp=0
[2016-07-14 09:57:18 277 76ffd700] [0x000085c1:79fffdf5] 在状态(data_slave),收到事件(0x00000009:4)
[2016-07-14 09:57:18 278 76ffd700] [0x000085c1:79fffdf5] 状态迁移(data_slave)---(0x00000009:4)-->(net_rst)
[2016-07-14 09:57:18 278 76ffd700] [0x000085c1:79fffdf5] 在状态(net_rst),收到事件(0x00000009:6)
[2016-07-14 09:57:18 278 76ffd700] [0x000085c1:79fffdf5] 状态迁移(net_rst)---(0x00000009:6)-->(reconnect?)
[2016-07-14 09:57:18 278 76ffd700] [0x000085c1:79fffdf5] 在状态(reconnect?),收到事件(0x0000000c:0)
[2016-07-14 09:57:18 278 76ffd700] [0x000085c1:79fffdf5] 状态迁移(reconnect?)---(0x0000000c:0)-->(exit)
[2016-07-14 09:57:18 278 76ffd700] [ 85c1:79fffdf5] E15_udcp_item clean
