[2016-07-14 13:24:48 446 76ffd700] [0x000085c2:79fffde2] 在状态(data_master),收到事件(0x00000008:4)
[2016-07-14 13:24:48 446 76ffd700] [0x000085c2:79fffde2] 状态迁移(data_master)---(0x00000008:4)-->(user_rst)
[2016-07-14 13:24:48 447 76ffd700] [0x000085c0:79fffdf4] 在状态(data_master),收到事件(0x00000008:4)
[2016-07-14 13:24:48 447 76ffd700] [0x000085c0:79fffdf4] 状态迁移(data_master)---(0x00000008:4)-->(user_rst)
[2016-07-14 13:24:48 448 76ffd700] [0x000085c2:79fffde2] 在状态(user_rst),收到事件(0x00000009:5)
[2016-07-14 13:24:48 448 76ffd700] [0x000085c2:79fffde2] 状态迁移(user_rst)---(0x00000009:5)-->(exit_wait)
[2016-07-14 13:24:48 448 76ffd700] [0x000085c0:79fffdf4] 在状态(user_rst),收到事件(0x00000009:5)
[2016-07-14 13:24:48 448 76ffd700] [0x000085c0:79fffdf4] 状态迁移(user_rst)---(0x00000009:5)-->(exit_wait)
[2016-07-14 13:24:48 449 76ffd700] [0x000085c2:79fffde2] 在状态(exit_wait),收到事件(0x00000009:6)
[2016-07-14 13:24:48 449 76ffd700] [0x000085c2:79fffde2] 状态迁移(exit_wait)---(0x00000009:6)-->(exit)
[2016-07-14 13:24:48 449 76ffd700] [ 85c2:79fffde2] E15_udcp_item clean
[2016-07-14 13:24:48 449 76ffd700] [0x000085c0:79fffdf4] 在状态(exit_wait),收到事件(0x00000009:6)
[2016-07-14 13:24:48 449 76ffd700] [0x000085c0:79fffdf4] 状态迁移(exit_wait)---(0x00000009:6)-->(exit)
[2016-07-14 13:24:48 450 76ffd700] [ 85c0:79fffdf4] E15_udcp_item clean
[2016-07-14 13:24:48 450 a1c20780] udcp session exit normally
[2016-07-14 13:24:52 825 277fe700] [00008f73:1ca54e9a] 启动同步请求，时间戳=0
[2016-07-14 13:24:52 825 277fe700] [0x00008f73:1ca54e9a] 在状态(),收到事件(0x00000008:1)
[2016-07-14 13:24:52 825 277fe700] [0x00008f73:1ca54e9a] 状态迁移()---(0x00000008:1)-->(user_syn)
[2016-07-14 13:24:52 825 277fe700] [0x00008f73:1ca54e9a] 在状态(user_syn),收到事件(0x00000009:2)
[2016-07-14 13:24:52 825 277fe700] [0x00008f73:1ca54e9a] 状态迁移(user_syn)---(0x00000009:2)-->(data_master)
[2016-07-14 13:24:52 825 277fe700] [00008f73:1ca54e9a] 127.0.0.1:3606 syn ok ,remoteid = [000055ee:53b42cd0]，time dalay=0(ms),first(sendseq=26e1cc46:recvseq=720326f4),remote timestamp=14605400
[2016-07-14 13:24:52 827 277fe700] [00008f72:1ca54e9b] 启动同步请求，时间戳=0
[2016-07-14 13:24:52 827 277fe700] [0x00008f72:1ca54e9b] 在状态(),收到事件(0x00000008:1)
[2016-07-14 13:24:52 827 277fe700] [0x00008f72:1ca54e9b] 状态迁移()---(0x00000008:1)-->(user_syn)
[2016-07-14 13:24:52 827 277fe700] [0x00008f72:1ca54e9b] 在状态(user_syn),收到事件(0x00000009:2)
[2016-07-14 13:24:52 827 277fe700] [0x00008f72:1ca54e9b] 状态迁移(user_syn)---(0x00000009:2)-->(data_master)
[2016-07-14 13:24:52 827 277fe700] [00008f72:1ca54e9b] ::ffff:127.0.0.1:35412 syn ok ,remoteid = [0000dd6b:78024585]，time dalay=0(ms),first(sendseq=325ee733:recvseq=73ea6031),remote timestamp=13336840
[2016-07-14 13:24:54 093 277fe700] [0x00008f72:1ca54e9b] 在状态(data_master),收到事件(0x00000009:4)
[2016-07-14 13:24:54 093 277fe700] [0x00008f72:1ca54e9b] 状态迁移(data_master)---(0x00000009:4)-->(net_rst)
[2016-07-14 13:24:54 093 277fe700] [0x00008f72:1ca54e9b] 在状态(net_rst),收到事件(0x00000009:6)
[2016-07-14 13:24:54 093 277fe700] [0x00008f72:1ca54e9b] 状态迁移(net_rst)---(0x00000009:6)-->(reconnect?)
[2016-07-14 13:24:54 094 277fe700] [0x00008f72:1ca54e9b] 在状态(reconnect?),收到事件(0x0000000c:0)
[2016-07-14 13:24:54 094 277fe700] [0x00008f72:1ca54e9b] 状态迁移(reconnect?)---(0x0000000c:0)-->(exit)
[2016-07-14 13:24:54 094 277fe700] [ 8f72:1ca54e9b] E15_udcp_item clean
[2016-07-14 13:24:59 227 277fe700] [00008f72:1ca54e9c] 启动同步请求，时间戳=6380
[2016-07-14 13:24:59 227 277fe700] [0x00008f72:1ca54e9c] 在状态(),收到事件(0x00000008:1)
[2016-07-14 13:24:59 227 277fe700] [0x00008f72:1ca54e9c] 状态迁移()---(0x00000008:1)-->(user_syn)
[2016-07-14 13:24:59 227 277fe700] [0x00008f72:1ca54e9c] 在状态(user_syn),收到事件(0x00000009:2)
[2016-07-14 13:24:59 227 277fe700] [0x00008f72:1ca54e9c] 状态迁移(user_syn)---(0x00000009:2)-->(data_master)
[2016-07-14 13:24:59 227 277fe700] [00008f72:1ca54e9c] ::ffff:127.0.0.1:57064 syn ok ,remoteid = [000058a1:3cfa60d3]，time dalay=0(ms),first(sendseq=7333af49:recvseq=18524638),remote timestamp=0
[2016-07-14 13:25:28 382 277fe700] [0x00008f72:1ca54e9c] 在状态(data_master),收到事件(0x0000000e:1)
[2016-07-14 13:25:28 382 277fe700] [0x00008f72:1ca54e9c] 状态迁移(data_master)---(0x0000000e:1)-->(reconnect?)
[2016-07-14 13:25:28 383 277fe700] [00008f72:1ca54e9c] 激活定时检测触发,状态不符
[2016-07-14 13:25:28 384 277fe700] [00008f72:1ca54e9c] 激活定时检测触发,状态不符
[2016-07-14 13:25:28 385 277fe700] [00008f72:1ca54e9c] 激活定时检测触发,状态不符
[2016-07-14 13:25:28 386 277fe700] [00008f72:1ca54e9c] 激活定时检测触发,状态不符
[2016-07-14 13:25:28 387 277fe700] [00008f72:1ca54e9c] 激活定时检测触发,状态不符
[2016-07-14 13:25:29 383 277fe700] [0x00008f72:1ca54e9c] 在状态(reconnect?),收到事件(0x0000000b:1)
[2016-07-14 13:25:29 383 277fe700] [0x00008f72:1ca54e9c] 状态迁移(reconnect?)---(0x0000000b:1)-->(user_syn)
[2016-07-14 13:25:29 383 277fe700] [0x00008f72:1ca54e9c] 在状态(user_syn),收到事件(0x00000009:2)
[2016-07-14 13:25:29 383 277fe700] [0x00008f72:1ca54e9c] 状态迁移(user_syn)---(0x00000009:2)-->(data_master)
[2016-07-14 13:25:29 383 277fe700] [00008f72:1ca54e9c] ::ffff:127.0.0.1:57064 syn ok ,remoteid = [000058a1:3cfa60d4]，time dalay=0(ms),first(sendseq=2488440a:recvseq=19e2edc7),remote timestamp=30140
[2016-07-14 13:25:32 831 277fe700] [0x00008f73:1ca54e9a] 在状态(data_master),收到事件(0x0000000e:1)
[2016-07-14 13:25:32 832 277fe700] [0x00008f73:1ca54e9a] 状态迁移(data_master)---(0x0000000e:1)-->(reconnect?)
[2016-07-14 13:25:34 849 277fe700] [0x00008f73:1ca54e9a] 在状态(reconnect?),收到事件(0x0000000b:1)
[2016-07-14 13:25:34 849 277fe700] [0x00008f73:1ca54e9a] 状态迁移(reconnect?)---(0x0000000b:1)-->(user_syn)
[2016-07-14 13:25:34 849 277fe700] [0x00008f73:1ca54e9a] 在状态(user_syn),收到事件(0x00000009:2)
[2016-07-14 13:25:34 850 277fe700] [0x00008f73:1ca54e9a] 状态迁移(user_syn)---(0x00000009:2)-->(data_master)
[2016-07-14 13:25:34 850 277fe700] [00008f73:1ca54e9a] ::ffff:127.0.0.1:3606 syn ok ,remoteid = [000055ec:53b42cd2]，time dalay=0(ms),first(sendseq=2f92aae3:recvseq=10aea1b3),remote timestamp=14647420
