[2016-07-21 10:07:10 176 69339700] [0000957c:79d27646] 启动同步请求，时间戳=20
[2016-07-21 10:07:10 176 69339700] [0x0000957c:79d27646] 在状态(),收到事件(0x00000008:1)
[2016-07-21 10:07:10 176 69339700] [0x0000957c:79d27646] 状态迁移()---(0x00000008:1)-->(user_syn)
[2016-07-21 10:07:10 176 69339700] [0000957d:79d27647] 启动同步请求，时间戳=20
[2016-07-21 10:07:10 176 69339700] [0x0000957d:79d27647] 在状态(),收到事件(0x00000008:1)
[2016-07-21 10:07:10 176 69339700] [0x0000957d:79d27647] 状态迁移()---(0x00000008:1)-->(user_syn)
[2016-07-21 10:07:10 177 69339700] [0x0000957d:79d27647] 在状态(user_syn),收到事件(0x00000009:2)
[2016-07-21 10:07:10 177 69339700] [0x0000957d:79d27647] 状态迁移(user_syn)---(0x00000009:2)-->(data_master)
[2016-07-21 10:07:10 177 69339700] [0000957d:79d27647] 192.168.1.110:8001 syn ok ,remoteid = [0000b362:4f447547]，time dalay=0(ms),first(sendseq=58ffa8d2:recvseq=678541bf),remote timestamp=419990
[2016-07-21 10:07:10 178 69339700] [0x0000957c:79d27646] 在状态(user_syn),收到事件(0x00000009:2)
[2016-07-21 10:07:10 178 69339700] [0x0000957c:79d27646] 状态迁移(user_syn)---(0x00000009:2)-->(data_master)
[2016-07-21 10:07:10 178 69339700] [0000957c:79d27646] 192.168.1.110:8002 syn ok ,remoteid = [00008c80:0ffec233]，time dalay=0(ms),first(sendseq=54953fa3:recvseq=198d1863),remote timestamp=419690
[2016-07-21 10:07:21 508 69339700] [0x0000957c:79d27646] 在状态(data_master),收到事件(0x00000008:4)
[2016-07-21 10:07:21 509 69339700] [0x0000957c:79d27646] 状态迁移(data_master)---(0x00000008:4)-->(user_rst)
[2016-07-21 10:07:21 509 69339700] [0x0000957d:79d27647] 在状态(data_master),收到事件(0x00000008:4)
[2016-07-21 10:07:21 510 69339700] [0x0000957d:79d27647] 状态迁移(data_master)---(0x00000008:4)-->(user_rst)
[2016-07-21 10:07:21 510 69339700] [0x0000957c:79d27646] 在状态(user_rst),收到事件(0x00000009:5)
[2016-07-21 10:07:21 510 69339700] [0x0000957c:79d27646] 状态迁移(user_rst)---(0x00000009:5)-->(exit_wait)
[2016-07-21 10:07:21 510 69339700] [0x0000957d:79d27647] 在状态(user_rst),收到事件(0x00000009:5)
[2016-07-21 10:07:21 510 69339700] [0x0000957d:79d27647] 状态迁移(user_rst)---(0x00000009:5)-->(exit_wait)
[2016-07-21 10:07:21 510 69339700] [0x0000957d:79d27647] 在状态(exit_wait),收到事件(0x00000009:6)
[2016-07-21 10:07:21 510 69339700] [0x0000957d:79d27647] 状态迁移(exit_wait)---(0x00000009:6)-->(exit)
[2016-07-21 10:07:21 510 69339700] [ 957d:79d27647] E15_udcp_item clean
[2016-07-21 10:07:21 510 69339700] [0x0000957c:79d27646] 在状态(exit_wait),收到事件(0x00000009:6)
[2016-07-21 10:07:21 510 69339700] [0x0000957c:79d27646] 状态迁移(exit_wait)---(0x00000009:6)-->(exit)
[2016-07-21 10:07:21 510 69339700] [ 957c:79d27646] E15_udcp_item clean
[2016-07-21 10:07:21 511 7d82f9c0] udcp session exit normally
