[2016-07-06 17:40:49 331 437fe700] [0x0000e2f6:0cba4647] 在状态(data_master),收到事件(0x00000008:4)
[2016-07-06 17:40:49 332 437fe700] [0x0000e2f6:0cba4647] 状态迁移(data_master)---(0x00000008:4)-->(user_rst)
[2016-07-06 17:40:49 332 437fe700] [0x0000e2f4:0cba4649] 在状态(data_master),收到事件(0x00000008:4)
[2016-07-06 17:40:49 332 437fe700] [0x0000e2f4:0cba4649] 状态迁移(data_master)---(0x00000008:4)-->(user_rst)
[2016-07-06 17:40:49 332 437fe700] [0x0000e2f5:0cba464a] 在状态(data_slave),收到事件(0x00000008:4)
[2016-07-06 17:40:49 333 437fe700] [0x0000e2f5:0cba464a] 状态迁移(data_slave)---(0x00000008:4)-->(user_rst)
[2016-07-06 17:40:49 333 437fe700] [0x0000e2f7:0cba4650] 在状态(data_master),收到事件(0x00000008:4)
[2016-07-06 17:40:49 333 437fe700] [0x0000e2f7:0cba4650] 状态迁移(data_master)---(0x00000008:4)-->(user_rst)
[2016-07-06 17:40:49 333 437fe700] [0x0000e2f4:0cba4649] 在状态(user_rst),收到事件(0x00000009:5)
[2016-07-06 17:40:49 333 437fe700] [0x0000e2f4:0cba4649] 状态迁移(user_rst)---(0x00000009:5)-->(exit_wait)
[2016-07-06 17:40:49 333 437fe700] [0x0000e2f5:0cba464a] 在状态(user_rst),收到事件(0x00000009:5)
[2016-07-06 17:40:49 333 437fe700] [0x0000e2f5:0cba464a] 状态迁移(user_rst)---(0x00000009:5)-->(exit_wait)
[2016-07-06 17:40:49 334 437fe700] [0x0000e2f7:0cba4650] 在状态(user_rst),收到事件(0x00000009:5)
[2016-07-06 17:40:49 334 437fe700] [0x0000e2f7:0cba4650] 状态迁移(user_rst)---(0x00000009:5)-->(exit_wait)
[2016-07-06 17:40:49 334 437fe700] [0x0000e2f7:0cba4650] 在状态(exit_wait),收到事件(0x00000009:6)
[2016-07-06 17:40:49 334 437fe700] [0x0000e2f7:0cba4650] 状态迁移(exit_wait)---(0x00000009:6)-->(exit)
[2016-07-06 17:40:49 334 437fe700] [ e2f7:cba4650] E15_udcp_item clean
[2016-07-06 17:40:49 334 437fe700] [0x0000e2f4:0cba4649] 在状态(exit_wait),收到事件(0x00000009:6)
[2016-07-06 17:40:49 334 437fe700] [0x0000e2f4:0cba4649] 状态迁移(exit_wait)---(0x00000009:6)-->(exit)
[2016-07-06 17:40:49 335 437fe700] [ e2f4:cba4649] E15_udcp_item clean
[2016-07-06 17:40:49 335 437fe700] [0x0000e2f6:0cba4647] 在状态(user_rst),收到事件(0x00000009:5)
[2016-07-06 17:40:49 335 437fe700] [0x0000e2f6:0cba4647] 状态迁移(user_rst)---(0x00000009:5)-->(exit_wait)
[2016-07-06 17:40:49 352 437fe700] [0x0000e2f6:0cba4647] 在状态(exit_wait),收到事件(0x00000009:6)
[2016-07-06 17:40:49 353 437fe700] [0x0000e2f6:0cba4647] 状态迁移(exit_wait)---(0x00000009:6)-->(exit)
[2016-07-06 17:40:49 353 437fe700] [ e2f6:cba4647] E15_udcp_item clean
[2016-07-06 17:40:49 362 437fe700] [0x0000e2f5:0cba464a] 在状态(exit_wait),收到事件(0x00000009:6)
[2016-07-06 17:40:49 362 437fe700] [0x0000e2f5:0cba464a] 状态迁移(exit_wait)---(0x00000009:6)-->(exit)
[2016-07-06 17:40:49 362 437fe700] [ e2f5:cba464a] E15_udcp_item clean
[2016-07-06 17:40:49 362 53ae9780] udcp session exit normally
