[2016-07-06 11:15:09 322 437fe700] [0000e2f6:0cba4647] 启动同步请求，时间戳=10
[2016-07-06 11:15:09 322 437fe700] [0x0000e2f6:0cba4647] 在状态(),收到事件(0x00000008:1)
[2016-07-06 11:15:09 322 437fe700] [0x0000e2f6:0cba4647] 状态迁移()---(0x00000008:1)-->(user_syn)
[2016-07-06 11:15:09 322 437fe700] [0x0000e2f6:0cba4647] 在状态(user_syn),收到事件(0x00000009:2)
[2016-07-06 11:15:09 322 437fe700] [0x0000e2f6:0cba4647] 状态迁移(user_syn)---(0x00000009:2)-->(data_master)
[2016-07-06 11:15:09 322 437fe700] [0000e2f6:0cba4647] 127.0.0.1:3606 syn ok ,remoteid = [0000a79b:4cbb4dce]，time dalay=0(ms),first(sendseq=4f349bf4:recvseq=76a0c269),remote timestamp=95700
[2016-07-06 11:15:09 325 437fe700] [0000e2f7:0cba4648] 启动同步请求，时间戳=10
[2016-07-06 11:15:09 325 437fe700] [0x0000e2f7:0cba4648] 在状态(),收到事件(0x00000008:1)
[2016-07-06 11:15:09 325 437fe700] [0x0000e2f7:0cba4648] 状态迁移()---(0x00000008:1)-->(user_syn)
[2016-07-06 11:15:09 325 437fe700] [0000e2f4:0cba4649] 启动同步请求，时间戳=10
[2016-07-06 11:15:09 325 437fe700] [0x0000e2f4:0cba4649] 在状态(),收到事件(0x00000008:1)
[2016-07-06 11:15:09 325 437fe700] [0x0000e2f4:0cba4649] 状态迁移()---(0x00000008:1)-->(user_syn)
[2016-07-06 11:15:09 325 437fe700] [0x0000e2f7:0cba4648] 在状态(user_syn),收到事件(0x00000009:2)
[2016-07-06 11:15:09 325 437fe700] [0x0000e2f7:0cba4648] 状态迁移(user_syn)---(0x00000009:2)-->(data_master)
[2016-07-06 11:15:09 326 437fe700] [0000e2f7:0cba4648] ::ffff:127.0.0.1:59129 syn ok ,remoteid = [0000e87f:7a494f14]，time dalay=0(ms),first(sendseq=31c6a7c0:recvseq=68750298),remote timestamp=79040
[2016-07-06 11:15:09 326 437fe700] [0x0000e2f4:0cba4649] 在状态(user_syn),收到事件(0x00000009:2)
[2016-07-06 11:15:09 326 437fe700] [0x0000e2f4:0cba4649] 状态迁移(user_syn)---(0x00000009:2)-->(data_master)
[2016-07-06 11:15:09 326 437fe700] [0000e2f4:0cba4649] ::ffff:127.0.0.1:36972 syn ok ,remoteid = [0000a0f2:40a36963]，time dalay=0(ms),first(sendseq=63266f98:recvseq=459c715e),remote timestamp=31110
[2016-07-06 11:15:27 099 437fe700] [0x0000e2f5:0cba464a] 在状态(),收到事件(0x00000009:1)
[2016-07-06 11:15:27 099 437fe700] [0x0000e2f5:0cba464a] 状态迁移()---(0x00000009:1)-->(net_syn)
[2016-07-06 11:15:27 099 437fe700] [0x0000e2f5:0cba464a] 在状态(net_syn),收到事件(0x00000009:3)
[2016-07-06 11:15:27 099 437fe700] [0x0000e2f5:0cba464a] 状态迁移(net_syn)---(0x00000009:3)-->(data_slave)
[2016-07-06 11:15:27 099 437fe700] [0000e2f5:0cba464a] ::ffff:127.0.0.1:36127 syn ok ,remoteid = [000091fa:69ebcd77]，time dalay=0(ms),first(sendseq=32bd258e:recvseq=19a5f926),remote timestamp=0
[2016-07-06 11:26:25 851 437fe700] [0x0000e2f7:0cba4648] 在状态(data_master),收到事件(0x00000009:4)
[2016-07-06 11:26:25 851 437fe700] [0x0000e2f7:0cba4648] 状态迁移(data_master)---(0x00000009:4)-->(net_rst)
[2016-07-06 11:26:25 853 437fe700] [0x0000e2f7:0cba4648] 在状态(net_rst),收到事件(0x00000009:6)
[2016-07-06 11:26:25 854 437fe700] [0x0000e2f7:0cba4648] 状态迁移(net_rst)---(0x00000009:6)-->(reconnect?)
[2016-07-06 11:26:26 860 437fe700] [0x0000e2f7:0cba4648] 在状态(reconnect?),收到事件(0x0000000b:1)
[2016-07-06 11:26:26 860 437fe700] [0x0000e2f7:0cba4648] 状态迁移(reconnect?)---(0x0000000b:1)-->(user_syn)
[2016-07-06 11:26:27 072 437fe700] [0x0000e2f7:0cba4648] 在状态(user_syn),收到事件(0x0000000a:1)
[2016-07-06 11:26:27 275 437fe700] [0x0000e2f7:0cba4648] 在状态(user_syn),收到事件(0x0000000a:2)
[2016-07-06 11:26:27 468 437fe700] [0x0000e2f7:0cba4648] 在状态(user_syn),收到事件(0x0000000a:3)
[2016-07-06 11:26:27 669 437fe700] [0x0000e2f7:0cba4648] 在状态(user_syn),收到事件(0x0000000a:4)
[2016-07-06 11:26:27 872 437fe700] [0x0000e2f7:0cba4648] 在状态(user_syn),收到事件(0x0000000a:5)
[2016-07-06 11:26:28 074 437fe700] [0x0000e2f7:0cba4648] 在状态(user_syn),收到事件(0x0000000a:6)
[2016-07-06 11:26:28 276 437fe700] [0x0000e2f7:0cba4648] 在状态(user_syn),收到事件(0x0000000a:7)
[2016-07-06 11:26:28 479 437fe700] [0x0000e2f7:0cba4648] 在状态(user_syn),收到事件(0x0000000a:8)
[2016-07-06 11:26:28 671 437fe700] [0x0000e2f7:0cba4648] 在状态(user_syn),收到事件(0x0000000a:9)
[2016-07-06 11:26:28 872 437fe700] [0x0000e2f7:0cba4648] 在状态(user_syn),收到事件(0x0000000a:10)
[2016-07-06 11:26:29 075 437fe700] [0x0000e2f7:0cba4648] 在状态(user_syn),收到事件(0x0000000a:11)
[2016-07-06 11:26:29 277 437fe700] [0x0000e2f7:0cba4648] 在状态(user_syn),收到事件(0x0000000a:12)
[2016-07-06 11:26:29 469 437fe700] [0x0000e2f7:0cba4648] 在状态(user_syn),收到事件(0x0000000a:13)
[2016-07-06 11:26:29 672 437fe700] [0x0000e2f7:0cba4648] 在状态(user_syn),收到事件(0x0000000a:14)
[2016-07-06 11:26:29 874 437fe700] [0x0000e2f7:0cba4648] 在状态(user_syn),收到事件(0x0000000a:15)
[2016-07-06 11:26:30 076 437fe700] [0x0000e2f7:0cba4648] 在状态(user_syn),收到事件(0x0000000a:16)
[2016-07-06 11:26:30 077 437fe700] [0x0000e2f7:0cba4648] 状态迁移(user_syn)---(0x0000000a:16)-->(reconnect?)
[2016-07-06 11:26:30 077 437fe700] [0x0000e2f7:0cba4648] 在状态(reconnect?),收到事件(0x0000000c:0)
[2016-07-06 11:26:30 077 437fe700] [0x0000e2f7:0cba4648] 状态迁移(reconnect?)---(0x0000000c:0)-->(exit)
[2016-07-06 11:26:30 077 437fe700] [ e2f7:cba4648] E15_udcp_item clean
[2016-07-06 11:32:39 266 437fe700] [0000e2f7:0cba464b] 启动同步请求，时间戳=1049850
[2016-07-06 11:32:39 266 437fe700] [0x0000e2f7:0cba464b] 在状态(),收到事件(0x00000008:1)
[2016-07-06 11:32:39 266 437fe700] [0x0000e2f7:0cba464b] 状态迁移()---(0x00000008:1)-->(user_syn)
[2016-07-06 11:32:39 267 437fe700] [0x0000e2f7:0cba464b] 在状态(user_syn),收到事件(0x00000009:2)
[2016-07-06 11:32:39 268 437fe700] [0x0000e2f7:0cba464b] 状态迁移(user_syn)---(0x00000009:2)-->(data_master)
[2016-07-06 11:32:39 268 437fe700] [0000e2f7:0cba464b] ::ffff:127.0.0.1:50323 syn ok ,remoteid = [00003d61:6dabf2b9]，time dalay=0(ms),first(sendseq=35158e96:recvseq=4968a3b8),remote timestamp=0
[2016-07-06 11:35:23 281 437fe700] [0x0000e2f7:0cba464b] 在状态(data_master),收到事件(0x00000009:4)
[2016-07-06 11:35:23 281 437fe700] [0x0000e2f7:0cba464b] 状态迁移(data_master)---(0x00000009:4)-->(net_rst)
[2016-07-06 11:35:23 284 437fe700] [0x0000e2f7:0cba464b] 在状态(net_rst),收到事件(0x00000009:6)
[2016-07-06 11:35:23 284 437fe700] [0x0000e2f7:0cba464b] 状态迁移(net_rst)---(0x00000009:6)-->(reconnect?)
[2016-07-06 11:35:24 294 437fe700] [0x0000e2f7:0cba464b] 在状态(reconnect?),收到事件(0x0000000b:1)
[2016-07-06 11:35:24 295 437fe700] [0x0000e2f7:0cba464b] 状态迁移(reconnect?)---(0x0000000b:1)-->(user_syn)
[2016-07-06 11:35:24 497 437fe700] [0x0000e2f7:0cba464b] 在状态(user_syn),收到事件(0x0000000a:1)
[2016-07-06 11:35:24 699 437fe700] [0x0000e2f7:0cba464b] 在状态(user_syn),收到事件(0x0000000a:2)
[2016-07-06 11:35:24 902 437fe700] [0x0000e2f7:0cba464b] 在状态(user_syn),收到事件(0x0000000a:3)
[2016-07-06 11:35:25 105 437fe700] [0x0000e2f7:0cba464b] 在状态(user_syn),收到事件(0x0000000a:4)
[2016-07-06 11:35:25 307 437fe700] [0x0000e2f7:0cba464b] 在状态(user_syn),收到事件(0x0000000a:5)
[2016-07-06 11:35:25 500 437fe700] [0x0000e2f7:0cba464b] 在状态(user_syn),收到事件(0x0000000a:6)
[2016-07-06 11:35:25 702 437fe700] [0x0000e2f7:0cba464b] 在状态(user_syn),收到事件(0x0000000a:7)
[2016-07-06 11:35:25 906 437fe700] [0x0000e2f7:0cba464b] 在状态(user_syn),收到事件(0x0000000a:8)
[2016-07-06 11:35:26 099 437fe700] [0x0000e2f7:0cba464b] 在状态(user_syn),收到事件(0x0000000a:9)
[2016-07-06 11:35:26 302 437fe700] [0x0000e2f7:0cba464b] 在状态(user_syn),收到事件(0x0000000a:10)
[2016-07-06 11:35:26 505 437fe700] [0x0000e2f7:0cba464b] 在状态(user_syn),收到事件(0x0000000a:11)
[2016-07-06 11:35:26 697 437fe700] [0x0000e2f7:0cba464b] 在状态(user_syn),收到事件(0x0000000a:12)
[2016-07-06 11:35:26 899 437fe700] [0x0000e2f7:0cba464b] 在状态(user_syn),收到事件(0x0000000a:13)
[2016-07-06 11:35:27 102 437fe700] [0x0000e2f7:0cba464b] 在状态(user_syn),收到事件(0x0000000a:14)
[2016-07-06 11:35:27 305 437fe700] [0x0000e2f7:0cba464b] 在状态(user_syn),收到事件(0x0000000a:15)
[2016-07-06 11:35:27 507 437fe700] [0x0000e2f7:0cba464b] 在状态(user_syn),收到事件(0x0000000a:16)
[2016-07-06 11:35:27 508 437fe700] [0x0000e2f7:0cba464b] 状态迁移(user_syn)---(0x0000000a:16)-->(reconnect?)
[2016-07-06 11:35:27 508 437fe700] [0x0000e2f7:0cba464b] 在状态(reconnect?),收到事件(0x0000000c:0)
[2016-07-06 11:35:27 508 437fe700] [0x0000e2f7:0cba464b] 状态迁移(reconnect?)---(0x0000000c:0)-->(exit)
[2016-07-06 11:35:27 508 437fe700] [ e2f7:cba464b] E15_udcp_item clean
[2016-07-06 11:35:38 771 437fe700] [0000e2f7:0cba464c] 启动同步请求，时间戳=1229350
[2016-07-06 11:35:38 771 437fe700] [0x0000e2f7:0cba464c] 在状态(),收到事件(0x00000008:1)
[2016-07-06 11:35:38 771 437fe700] [0x0000e2f7:0cba464c] 状态迁移()---(0x00000008:1)-->(user_syn)
[2016-07-06 11:35:38 771 437fe700] [0x0000e2f7:0cba464c] 在状态(user_syn),收到事件(0x00000009:2)
[2016-07-06 11:35:38 772 437fe700] [0x0000e2f7:0cba464c] 状态迁移(user_syn)---(0x00000009:2)-->(data_master)
[2016-07-06 11:35:38 772 437fe700] [0000e2f7:0cba464c] ::ffff:127.0.0.1:38876 syn ok ,remoteid = [0000fd57:466dad7c]，time dalay=0(ms),first(sendseq=47d5ebdc:recvseq=49922f82),remote timestamp=0
[2016-07-06 11:37:48 167 437fe700] [0x0000e2f7:0cba464c] 在状态(data_master),收到事件(0x00000009:4)
[2016-07-06 11:37:48 168 437fe700] [0x0000e2f7:0cba464c] 状态迁移(data_master)---(0x00000009:4)-->(net_rst)
[2016-07-06 11:37:48 169 437fe700] [0x0000e2f7:0cba464c] 在状态(net_rst),收到事件(0x00000009:6)
[2016-07-06 11:37:48 169 437fe700] [0x0000e2f7:0cba464c] 状态迁移(net_rst)---(0x00000009:6)-->(reconnect?)
[2016-07-06 11:37:49 179 437fe700] [0x0000e2f7:0cba464c] 在状态(reconnect?),收到事件(0x0000000b:1)
[2016-07-06 11:37:49 179 437fe700] [0x0000e2f7:0cba464c] 状态迁移(reconnect?)---(0x0000000b:1)-->(user_syn)
[2016-07-06 11:37:49 392 437fe700] [0x0000e2f7:0cba464c] 在状态(user_syn),收到事件(0x0000000a:1)
[2016-07-06 11:37:49 459 437fe700] [0000e2f2:0cba464d] 启动同步请求，时间戳=1360030
[2016-07-06 11:37:49 459 437fe700] [0x0000e2f2:0cba464d] 在状态(),收到事件(0x00000008:1)
[2016-07-06 11:37:49 459 437fe700] [0x0000e2f2:0cba464d] 状态迁移()---(0x00000008:1)-->(user_syn)
[2016-07-06 11:37:49 459 437fe700] [0x0000e2f2:0cba464d] 在状态(user_syn),收到事件(0x00000009:2)
[2016-07-06 11:37:49 459 437fe700] [0x0000e2f2:0cba464d] 状态迁移(user_syn)---(0x00000009:2)-->(data_master)
[2016-07-06 11:37:49 459 437fe700] [0000e2f2:0cba464d] ::ffff:127.0.0.1:38406 syn ok ,remoteid = [0000ea65:47f1f6e1]，time dalay=0(ms),first(sendseq=e929d0b:recvseq=61a53c3b),remote timestamp=0
[2016-07-06 11:37:49 595 437fe700] [0x0000e2f7:0cba464c] 在状态(user_syn),收到事件(0x0000000a:2)
[2016-07-06 11:37:49 787 437fe700] [0x0000e2f7:0cba464c] 在状态(user_syn),收到事件(0x0000000a:3)
[2016-07-06 11:37:49 990 437fe700] [0x0000e2f7:0cba464c] 在状态(user_syn),收到事件(0x0000000a:4)
[2016-07-06 11:37:50 193 437fe700] [0x0000e2f7:0cba464c] 在状态(user_syn),收到事件(0x0000000a:5)
[2016-07-06 11:37:50 395 437fe700] [0x0000e2f7:0cba464c] 在状态(user_syn),收到事件(0x0000000a:6)
[2016-07-06 11:37:50 587 437fe700] [0x0000e2f7:0cba464c] 在状态(user_syn),收到事件(0x0000000a:7)
[2016-07-06 11:37:50 789 437fe700] [0x0000e2f7:0cba464c] 在状态(user_syn),收到事件(0x0000000a:8)
[2016-07-06 11:37:50 992 437fe700] [0x0000e2f7:0cba464c] 在状态(user_syn),收到事件(0x0000000a:9)
[2016-07-06 11:37:51 194 437fe700] [0x0000e2f7:0cba464c] 在状态(user_syn),收到事件(0x0000000a:10)
[2016-07-06 11:37:51 396 437fe700] [0x0000e2f7:0cba464c] 在状态(user_syn),收到事件(0x0000000a:11)
[2016-07-06 11:37:51 588 437fe700] [0x0000e2f7:0cba464c] 在状态(user_syn),收到事件(0x0000000a:12)
[2016-07-06 11:37:51 790 437fe700] [0x0000e2f7:0cba464c] 在状态(user_syn),收到事件(0x0000000a:13)
[2016-07-06 11:37:51 992 437fe700] [0x0000e2f7:0cba464c] 在状态(user_syn),收到事件(0x0000000a:14)
[2016-07-06 11:37:52 195 437fe700] [0x0000e2f7:0cba464c] 在状态(user_syn),收到事件(0x0000000a:15)
[2016-07-06 11:37:52 397 437fe700] [0x0000e2f7:0cba464c] 在状态(user_syn),收到事件(0x0000000a:16)
[2016-07-06 11:37:52 397 437fe700] [0x0000e2f7:0cba464c] 状态迁移(user_syn)---(0x0000000a:16)-->(reconnect?)
[2016-07-06 11:37:52 397 437fe700] [0x0000e2f7:0cba464c] 在状态(reconnect?),收到事件(0x0000000c:0)
[2016-07-06 11:37:52 397 437fe700] [0x0000e2f7:0cba464c] 状态迁移(reconnect?)---(0x0000000c:0)-->(exit)
[2016-07-06 11:37:52 397 437fe700] [ e2f7:cba464c] E15_udcp_item clean
[2016-07-06 11:45:31 775 437fe700] [0x0000e2f2:0cba464d] 在状态(data_master),收到事件(0x00000009:4)
[2016-07-06 11:45:31 776 437fe700] [0x0000e2f2:0cba464d] 状态迁移(data_master)---(0x00000009:4)-->(net_rst)
[2016-07-06 11:45:31 779 437fe700] [0x0000e2f2:0cba464d] 在状态(net_rst),收到事件(0x00000009:6)
[2016-07-06 11:45:31 779 437fe700] [0x0000e2f2:0cba464d] 状态迁移(net_rst)---(0x00000009:6)-->(reconnect?)
[2016-07-06 11:45:32 777 437fe700] [0x0000e2f2:0cba464d] 在状态(reconnect?),收到事件(0x0000000b:1)
[2016-07-06 11:45:32 777 437fe700] [0x0000e2f2:0cba464d] 状态迁移(reconnect?)---(0x0000000b:1)-->(user_syn)
[2016-07-06 11:45:32 961 437fe700] [0000e2f7:0cba464e] 启动同步请求，时间戳=1823490
[2016-07-06 11:45:32 961 437fe700] [0x0000e2f7:0cba464e] 在状态(),收到事件(0x00000008:1)
[2016-07-06 11:45:32 961 437fe700] [0x0000e2f7:0cba464e] 状态迁移()---(0x00000008:1)-->(user_syn)
[2016-07-06 11:45:32 961 437fe700] [0x0000e2f7:0cba464e] 在状态(user_syn),收到事件(0x00000009:2)
[2016-07-06 11:45:32 961 437fe700] [0x0000e2f7:0cba464e] 状态迁移(user_syn)---(0x00000009:2)-->(data_master)
[2016-07-06 11:45:32 961 437fe700] [0000e2f7:0cba464e] ::ffff:127.0.0.1:59327 syn ok ,remoteid = [0000c0b3:40ff5275]，time dalay=0(ms),first(sendseq=4ca673ce:recvseq=1b927c1a),remote timestamp=0
[2016-07-06 11:45:32 989 437fe700] [0x0000e2f2:0cba464d] 在状态(user_syn),收到事件(0x0000000a:1)
[2016-07-06 11:45:33 192 437fe700] [0x0000e2f2:0cba464d] 在状态(user_syn),收到事件(0x0000000a:2)
[2016-07-06 11:45:33 384 437fe700] [0x0000e2f2:0cba464d] 在状态(user_syn),收到事件(0x0000000a:3)
[2016-07-06 11:45:33 587 437fe700] [0x0000e2f2:0cba464d] 在状态(user_syn),收到事件(0x0000000a:4)
[2016-07-06 11:45:33 789 437fe700] [0x0000e2f2:0cba464d] 在状态(user_syn),收到事件(0x0000000a:5)
[2016-07-06 11:45:33 991 437fe700] [0x0000e2f2:0cba464d] 在状态(user_syn),收到事件(0x0000000a:6)
[2016-07-06 11:45:34 183 437fe700] [0x0000e2f2:0cba464d] 在状态(user_syn),收到事件(0x0000000a:7)
[2016-07-06 11:45:34 386 437fe700] [0x0000e2f2:0cba464d] 在状态(user_syn),收到事件(0x0000000a:8)
[2016-07-06 11:45:34 589 437fe700] [0x0000e2f2:0cba464d] 在状态(user_syn),收到事件(0x0000000a:9)
[2016-07-06 11:45:34 790 437fe700] [0x0000e2f2:0cba464d] 在状态(user_syn),收到事件(0x0000000a:10)
[2016-07-06 11:45:34 992 437fe700] [0x0000e2f2:0cba464d] 在状态(user_syn),收到事件(0x0000000a:11)
[2016-07-06 11:45:35 184 437fe700] [0x0000e2f2:0cba464d] 在状态(user_syn),收到事件(0x0000000a:12)
[2016-07-06 11:45:35 387 437fe700] [0x0000e2f2:0cba464d] 在状态(user_syn),收到事件(0x0000000a:13)
[2016-07-06 11:45:35 590 437fe700] [0x0000e2f2:0cba464d] 在状态(user_syn),收到事件(0x0000000a:14)
[2016-07-06 11:45:35 792 437fe700] [0x0000e2f2:0cba464d] 在状态(user_syn),收到事件(0x0000000a:15)
[2016-07-06 11:45:35 983 437fe700] [0x0000e2f2:0cba464d] 在状态(user_syn),收到事件(0x0000000a:16)
[2016-07-06 11:45:35 984 437fe700] [0x0000e2f2:0cba464d] 状态迁移(user_syn)---(0x0000000a:16)-->(reconnect?)
[2016-07-06 11:45:35 984 437fe700] [0x0000e2f2:0cba464d] 在状态(reconnect?),收到事件(0x0000000c:0)
[2016-07-06 11:45:35 984 437fe700] [0x0000e2f2:0cba464d] 状态迁移(reconnect?)---(0x0000000c:0)-->(exit)
[2016-07-06 11:45:35 984 437fe700] [ e2f2:cba464d] E15_udcp_item clean
[2016-07-06 11:45:46 111 437fe700] [0x0000e2f7:0cba464e] 在状态(data_master),收到事件(0x00000009:4)
[2016-07-06 11:45:46 112 437fe700] [0x0000e2f7:0cba464e] 状态迁移(data_master)---(0x00000009:4)-->(net_rst)
[2016-07-06 11:45:46 117 437fe700] [0x0000e2f7:0cba464e] 在状态(net_rst),收到事件(0x00000009:6)
[2016-07-06 11:45:46 117 437fe700] [0x0000e2f7:0cba464e] 状态迁移(net_rst)---(0x00000009:6)-->(reconnect?)
[2016-07-06 11:45:46 117 437fe700] [0x0000e2f7:0cba464e] 在状态(reconnect?),收到事件(0x0000000c:0)
[2016-07-06 11:45:46 117 437fe700] [0x0000e2f7:0cba464e] 状态迁移(reconnect?)---(0x0000000c:0)-->(exit)
[2016-07-06 11:45:46 117 437fe700] [ e2f7:cba464e] E15_udcp_item clean
[2016-07-06 11:46:26 086 437fe700] [0000e2f2:0cba464f] 启动同步请求，时间戳=1876610
[2016-07-06 11:46:26 086 437fe700] [0x0000e2f2:0cba464f] 在状态(),收到事件(0x00000008:1)
[2016-07-06 11:46:26 086 437fe700] [0x0000e2f2:0cba464f] 状态迁移()---(0x00000008:1)-->(user_syn)
[2016-07-06 11:46:26 087 437fe700] [0x0000e2f2:0cba464f] 在状态(user_syn),收到事件(0x00000009:2)
[2016-07-06 11:46:26 087 437fe700] [0x0000e2f2:0cba464f] 状态迁移(user_syn)---(0x00000009:2)-->(data_master)
[2016-07-06 11:46:26 087 437fe700] [0000e2f2:0cba464f] ::ffff:127.0.0.1:46429 syn ok ,remoteid = [000093e4:00463956]，time dalay=0(ms),first(sendseq=4be59659:recvseq=7f82c3e1),remote timestamp=0
[2016-07-06 11:50:24 005 437fe700] [0x0000e2f2:0cba464f] 在状态(data_master),收到事件(0x00000009:4)
[2016-07-06 11:50:25 006 437fe700] [0x0000e2f2:0cba464f] 状态迁移(data_master)---(0x00000009:4)-->(net_rst)
[2016-07-06 11:50:25 010 437fe700] [0x0000e2f2:0cba464f] 在状态(net_rst),收到事件(0x00000009:6)
[2016-07-06 11:50:25 011 437fe700] [0x0000e2f2:0cba464f] 状态迁移(net_rst)---(0x00000009:6)-->(reconnect?)
[2016-07-06 11:50:25 011 437fe700] [0x0000e2f2:0cba464f] 在状态(reconnect?),收到事件(0x0000000c:0)
[2016-07-06 11:50:25 011 437fe700] [0x0000e2f2:0cba464f] 状态迁移(reconnect?)---(0x0000000c:0)-->(exit)
[2016-07-06 11:50:25 011 437fe700] [ e2f2:cba464f] E15_udcp_item clean
[2016-07-06 11:50:26 457 437fe700] [0000e2f7:0cba4650] 启动同步请求，时间戳=2116950
[2016-07-06 11:50:26 457 437fe700] [0x0000e2f7:0cba4650] 在状态(),收到事件(0x00000008:1)
[2016-07-06 11:50:26 457 437fe700] [0x0000e2f7:0cba4650] 状态迁移()---(0x00000008:1)-->(user_syn)
[2016-07-06 11:50:26 457 437fe700] [0x0000e2f7:0cba4650] 在状态(user_syn),收到事件(0x00000009:2)
[2016-07-06 11:50:26 457 437fe700] [0x0000e2f7:0cba4650] 状态迁移(user_syn)---(0x00000009:2)-->(data_master)
[2016-07-06 11:50:26 457 437fe700] [0000e2f7:0cba4650] ::ffff:127.0.0.1:37635 syn ok ,remoteid = [000049d6:2988cc6e]，time dalay=0(ms),first(sendseq=2cabb3d5:recvseq=2771d01f),remote timestamp=0
