[2016-07-13 11:28:12 742 7fff700] [00001416:2fa771b0] 启动同步请求，时间戳=10
[2016-07-13 11:28:12 742 7fff700] [0x00001416:2fa771b0] 在状态(),收到事件(0x00000008:1)
[2016-07-13 11:28:12 742 7fff700] [0x00001416:2fa771b0] 状态迁移()---(0x00000008:1)-->(user_syn)
[2016-07-13 11:28:12 742 7fff700] [0x00001416:2fa771b0] 在状态(user_syn),收到事件(0x00000009:2)
[2016-07-13 11:28:12 743 7fff700] [0x00001416:2fa771b0] 状态迁移(user_syn)---(0x00000009:2)-->(data_master)
[2016-07-13 11:28:12 743 7fff700] [00001416:2fa771b0] 127.0.0.1:3606 syn ok ,remoteid = [00000932:1465e67c]，time dalay=0(ms),first(sendseq=14e1d773:recvseq=4b94de9a),remote timestamp=19810
[2016-07-13 11:28:12 745 7fff700] [00001417:2fa771b1] 启动同步请求，时间戳=10
[2016-07-13 11:28:12 745 7fff700] [0x00001417:2fa771b1] 在状态(),收到事件(0x00000008:1)
[2016-07-13 11:28:12 745 7fff700] [0x00001417:2fa771b1] 状态迁移()---(0x00000008:1)-->(user_syn)
[2016-07-13 11:28:12 745 7fff700] [0x00001417:2fa771b1] 在状态(user_syn),收到事件(0x00000009:2)
[2016-07-13 11:28:12 745 7fff700] [0x00001417:2fa771b1] 状态迁移(user_syn)---(0x00000009:2)-->(data_master)
[2016-07-13 11:28:12 745 7fff700] [00001417:2fa771b1] ::ffff:127.0.0.1:35684 syn ok ,remoteid = [00005654:682b29ee]，time dalay=0(ms),first(sendseq=76dc23d2:recvseq=569af335),remote timestamp=11790
[2016-07-13 11:28:22 138 7fff700] [0x00001414:2fa771b2] 在状态(),收到事件(0x00000009:1)
[2016-07-13 11:28:22 138 7fff700] [0x00001414:2fa771b2] 状态迁移()---(0x00000009:1)-->(net_syn)
[2016-07-13 11:28:22 139 7fff700] [0x00001414:2fa771b2] 在状态(net_syn),收到事件(0x00000009:3)
[2016-07-13 11:28:22 139 7fff700] [0x00001414:2fa771b2] 状态迁移(net_syn)---(0x00000009:3)-->(data_slave)
[2016-07-13 11:28:22 139 7fff700] [00001414:2fa771b2] ::ffff:127.0.0.1:10524 syn ok ,remoteid = [00002b63:050c3158]，time dalay=0(ms),first(sendseq=6a7a45e6:recvseq=39331fd9),remote timestamp=20
[2016-07-13 11:28:33 157 7fff700] [0x00001415:2fa771b3] 在状态(),收到事件(0x00000009:1)
[2016-07-13 11:28:33 157 7fff700] [0x00001415:2fa771b3] 状态迁移()---(0x00000009:1)-->(net_syn)
[2016-07-13 11:28:33 158 7fff700] [0x00001415:2fa771b3] 在状态(net_syn),收到事件(0x00000009:3)
[2016-07-13 11:28:33 158 7fff700] [0x00001415:2fa771b3] 状态迁移(net_syn)---(0x00000009:3)-->(data_slave)
[2016-07-13 11:28:33 158 7fff700] [00001415:2fa771b3] ::ffff:127.0.0.1:10524 syn ok ,remoteid = [00002b63:050c3158]，time dalay=0(ms),first(sendseq=18398775:recvseq=7ed706b7),remote timestamp=0
[2016-07-13 11:28:38 741 7fff700] [0x00001417:2fa771b1] 在状态(data_master),收到事件(0x0000000e:1)
[2016-07-13 11:28:38 742 7fff700] [0x00001417:2fa771b1] 状态迁移(data_master)---(0x0000000e:1)-->(reconnect?)
[2016-07-13 11:28:39 764 7fff700] [0x00001417:2fa771b1] 在状态(reconnect?),收到事件(0x0000000b:1)
[2016-07-13 11:28:39 764 7fff700] [0x00001417:2fa771b1] 状态迁移(reconnect?)---(0x0000000b:1)-->(user_syn)
[2016-07-13 11:28:39 764 7fff700] [0x00001417:2fa771b1] 在状态(user_syn),收到事件(0x00000009:2)
[2016-07-13 11:28:39 764 7fff700] [0x00001417:2fa771b1] 状态迁移(user_syn)---(0x00000009:2)-->(data_master)
[2016-07-13 11:28:39 764 7fff700] [00001417:2fa771b1] ::ffff:127.0.0.1:35684 syn ok ,remoteid = [00005654:682b29f0]，time dalay=0(ms),first(sendseq=24d9e70a:recvseq=a320dc3),remote timestamp=38820
[2016-07-13 11:28:40 138 7fff700] [0x00001414:2fa771b2] 在状态(data_slave),收到事件(0x0000000e:1)
[2016-07-13 11:28:40 138 7fff700] [0x00001414:2fa771b2] 状态迁移(data_slave)---(0x0000000e:1)-->(exit)
[2016-07-13 11:28:40 138 7fff700] [ 1414:2fa771b2] E15_udcp_item clean
