[2016-07-13 17:58:30 794 7fff700] [00000000:567e2109] 收到时间同步消息，通信延迟约 0 ms
[2016-07-13 17:58:30 794 7fff700] [0x00001414:2fa771b4] 在状态(data_slave),收到事件(0x00000009:4)
[2016-07-13 17:58:30 794 7fff700] [0x00001414:2fa771b4] 状态迁移(data_slave)---(0x00000009:4)-->(net_rst)
[2016-07-13 17:58:30 794 7fff700] [0x00001414:2fa771b4] 在状态(net_rst),收到事件(0x00000009:6)
[2016-07-13 17:58:30 794 7fff700] [0x00001414:2fa771b4] 状态迁移(net_rst)---(0x00000009:6)-->(reconnect?)
[2016-07-13 17:58:30 794 7fff700] [0x00001414:2fa771b4] 在状态(reconnect?),收到事件(0x0000000c:0)
[2016-07-13 17:58:30 794 7fff700] [0x00001414:2fa771b4] 状态迁移(reconnect?)---(0x0000000c:0)-->(exit)
[2016-07-13 17:58:30 794 7fff700] [ 1414:2fa771b4] E15_udcp_item clean
[2016-07-13 17:58:32 423 7fff700] [0x00001416:2fa771b0] 在状态(data_master),收到事件(0x00000008:4)
[2016-07-13 17:58:32 423 7fff700] [0x00001416:2fa771b0] 状态迁移(data_master)---(0x00000008:4)-->(user_rst)
[2016-07-13 17:58:32 424 7fff700] [0x00001417:2fa771b1] 在状态(data_master),收到事件(0x00000008:4)
[2016-07-13 17:58:32 424 7fff700] [0x00001417:2fa771b1] 状态迁移(data_master)---(0x00000008:4)-->(user_rst)
[2016-07-13 17:58:32 424 7fff700] [0x00001416:2fa771b0] 在状态(user_rst),收到事件(0x00000009:5)
[2016-07-13 17:58:32 424 7fff700] [0x00001416:2fa771b0] 状态迁移(user_rst)---(0x00000009:5)-->(exit_wait)
[2016-07-13 17:58:32 424 7fff700] [0x00001417:2fa771b1] 在状态(user_rst),收到事件(0x00000009:5)
[2016-07-13 17:58:32 424 7fff700] [0x00001417:2fa771b1] 状态迁移(user_rst)---(0x00000009:5)-->(exit_wait)
[2016-07-13 17:58:32 424 7fff700] [0x00001416:2fa771b0] 在状态(exit_wait),收到事件(0x00000009:6)
[2016-07-13 17:58:32 424 7fff700] [0x00001416:2fa771b0] 状态迁移(exit_wait)---(0x00000009:6)-->(exit)
[2016-07-13 17:58:32 424 7fff700] [ 1416:2fa771b0] E15_udcp_item clean
[2016-07-13 17:58:32 424 7fff700] [0x00001417:2fa771b1] 在状态(exit_wait),收到事件(0x00000009:6)
[2016-07-13 17:58:32 425 7fff700] [0x00001417:2fa771b1] 状态迁移(exit_wait)---(0x00000009:6)-->(exit)
[2016-07-13 17:58:32 425 7fff700] [ 1417:2fa771b1] E15_udcp_item clean
[2016-07-13 17:58:32 430 582a8780] udcp session exit normally
