[2016-07-21 11:26:34 524 44399780] 添加节点成功,name=md_ctp,N=1,role=md_server,group=ctp,id=[0:d1863db]
[2016-07-21 11:26:34 524 44399780] 添加节点成功,name=md_cna,N=2,role=md_server,group=cna,id=[1:d1863dc]
[2016-07-21 11:26:34 524 44399780] 添加节点成功,name=data_001,N=6,role=data_factory,group=base,id=[5:d1863dd]
[2016-07-21 11:26:34 524 44399780] 添加节点成功,name=uemgr,N=7,role=proxy,group=ue,id=[6:d1863de]
[2016-07-21 11:26:34 524 44399780] 添加节点成功,name=strategy_proxy,N=12,role=proxy,group=test,id=[b:d1863df]
[2016-07-21 11:26:34 525 44399780] 添加节点成功,name=h001,N=9,role=history,group=test,id=[8:d1863e0]
[2016-07-21 11:26:34 525 44399780] 添加节点成功,name=strategy,N=10,role=strategy,group=test,id=[9:d1863e1]
[2016-07-21 11:26:34 525 44399780] 添加节点成功,name=strategy_01,N=11,role=strategy,group=test,id=[a:d1863e2]
[2016-07-21 11:26:34 525 44399780] 添加节点成功,name=snatch_ctp,N=3,role=,group=,id=[2:d1863e3]
[2016-07-21 11:26:34 525 44399780] [data_001<===>md_ctp]连接建立成功
[2016-07-21 11:26:34 525 44399780] [data_001<===>md_cna]连接建立成功
[2016-07-21 11:26:34 525 44399780] [uemgr<===>md_cna]连接建立成功
[2016-07-21 11:26:34 525 44399780] [uemgr<===>md_ctp]连接建立成功
[2016-07-21 11:26:34 525 44399780] [strategy<===>uemgr]连接建立成功
[2016-07-21 11:26:34 525 44399780] [strategy_01<===>uemgr]连接建立成功
[2016-07-21 11:26:34 525 44399780] [uemgr<===>data_001]连接建立成功
[2016-07-21 11:26:34 525 44399780] [md_cna<===>strategy]连接建立成功
[2016-07-21 11:26:34 525 44399780] [data_001<===>strategy]连接建立成功
[2016-07-21 11:26:34 525 44399780] [strategy_proxy<===>data_001]连接建立成功
[2016-07-21 11:26:34 525 44399780] [strategy_proxy<===>md_cna]连接建立成功
[2016-07-21 11:26:34 525 44399780] E15_domain 在[0.0.0.0:3606] 启动
[2016-07-21 11:26:41 146 416ee700] 节点md_cna注册在线
[2016-07-21 11:26:57 763 416ee700] 节点data_001注册在线
[2016-07-21 11:26:57 766 416ee700] data_001 <<--------------- md_cna
[2016-07-21 11:26:57 767 416ee700] data_001 <<=============>> md_cna
[2016-07-21 11:27:13 282 416ee700] 节点strategy_proxy注册在线
[2016-07-21 11:27:13 285 416ee700] strategy_proxy <<--------------- md_cna
[2016-07-21 11:27:13 286 416ee700] strategy_proxy <<=============>> md_cna
[2016-07-21 11:27:21 782 416ee700] data_001 --------------->> md_cna
[2016-07-21 11:27:29 768 416ee700] [127.0.0.1:40949] udp连接丢失
[2016-07-21 11:27:34 693 416ee700] data_001 <<--------------- md_cna
[2016-07-21 11:27:47 783 416ee700] 节点data_001注册在线
[2016-07-21 11:27:47 785 416ee700] data_001 <<=============>> md_cna
[2016-07-21 11:27:47 788 416ee700] strategy_proxy <<--------------- data_001
[2016-07-21 11:27:47 790 416ee700] strategy_proxy <<=============>> data_001
