[2016-07-21 17:36:19 785 40eed700] [0x0000baef:52b9e051] 在状态(data_slave),收到事件(0x00000009:4)
[2016-07-21 17:36:19 807 40eed700] [0x0000baef:52b9e051] 状态迁移(data_slave)---(0x00000009:4)-->(net_rst)
[2016-07-21 17:36:19 807 40eed700] [00000000:43f2d9fd] 收到时间同步消息，通信延迟约 0 ms
[2016-07-21 17:36:19 807 40eed700] [00000000:43f2d9fd] 收到时间同步消息，通信延迟约 0 ms
[2016-07-21 17:36:19 808 40eed700] [0x0000baef:52b9e051] 在状态(net_rst),收到事件(0x00000009:6)
[2016-07-21 17:36:19 808 40eed700] [0x0000baef:52b9e051] 状态迁移(net_rst)---(0x00000009:6)-->(reconnect?)
[2016-07-21 17:36:19 808 40eed700] [0x0000baef:52b9e051] 在状态(reconnect?),收到事件(0x0000000c:0)
[2016-07-21 17:36:19 808 40eed700] [0x0000baef:52b9e051] 状态迁移(reconnect?)---(0x0000000c:0)-->(exit)
[2016-07-21 17:36:19 808 40eed700] [ baef:52b9e051] E15_udcp_item clean
[2016-07-21 17:36:21 976 40eed700] [0x0000baec:52b9e052] 在状态(data_slave),收到事件(0x00000009:4)
[2016-07-21 17:36:21 977 40eed700] [0x0000baec:52b9e052] 状态迁移(data_slave)---(0x00000009:4)-->(net_rst)
[2016-07-21 17:36:21 978 40eed700] [0x0000baec:52b9e052] 在状态(net_rst),收到事件(0x00000009:6)
[2016-07-21 17:36:21 978 40eed700] [0x0000baec:52b9e052] 状态迁移(net_rst)---(0x00000009:6)-->(reconnect?)
[2016-07-21 17:36:21 978 40eed700] [0x0000baec:52b9e052] 在状态(reconnect?),收到事件(0x0000000c:0)
[2016-07-21 17:36:21 978 40eed700] [0x0000baec:52b9e052] 状态迁移(reconnect?)---(0x0000000c:0)-->(exit)
[2016-07-21 17:36:21 978 40eed700] [ baec:52b9e052] E15_udcp_item clean
[2016-07-21 17:36:23 844 40eed700] [0x0000baed:52b9e04f] 在状态(data_slave),收到事件(0x00000009:4)
[2016-07-21 17:36:23 844 40eed700] [0x0000baed:52b9e04f] 状态迁移(data_slave)---(0x00000009:4)-->(net_rst)
[2016-07-21 17:36:23 844 40eed700] [0x0000baed:52b9e04f] 在状态(net_rst),收到事件(0x00000009:6)
[2016-07-21 17:36:23 844 40eed700] [0x0000baed:52b9e04f] 状态迁移(net_rst)---(0x00000009:6)-->(reconnect?)
[2016-07-21 17:36:23 844 40eed700] [0x0000baed:52b9e04f] 在状态(reconnect?),收到事件(0x0000000c:0)
[2016-07-21 17:36:23 844 40eed700] [0x0000baed:52b9e04f] 状态迁移(reconnect?)---(0x0000000c:0)-->(exit)
[2016-07-21 17:36:23 844 40eed700] [ baed:52b9e04f] E15_udcp_item clean
[2016-07-21 17:36:25 706 44399780] udcp session exit normally
