[2016-07-08 18:31:35 862 6effd700] [00000000:b536c109] 收到时间同步消息，通信延迟约 0 ms
[2016-07-08 18:31:35 862 6effd700] [00000000:b536c109] 收到时间同步消息，通信延迟约 0 ms
[2016-07-08 18:34:58 869 6effd700] [0x0000aa5a:6f1aa051] 在状态(data_slave),收到事件(0x00000009:4)
[2016-07-08 18:34:58 870 6effd700] [0x0000aa5a:6f1aa051] 状态迁移(data_slave)---(0x00000009:4)-->(net_rst)
[2016-07-08 18:34:58 872 6effd700] [0x0000aa5a:6f1aa051] 在状态(net_rst),收到事件(0x00000009:6)
[2016-07-08 18:34:58 872 6effd700] [0x0000aa5a:6f1aa051] 状态迁移(net_rst)---(0x00000009:6)-->(reconnect?)
[2016-07-08 18:34:58 872 6effd700] [0x0000aa5a:6f1aa051] 在状态(reconnect?),收到事件(0x0000000c:0)
[2016-07-08 18:34:58 872 6effd700] [0x0000aa5a:6f1aa051] 状态迁移(reconnect?)---(0x0000000c:0)-->(exit)
[2016-07-08 18:34:58 873 6effd700] [ aa5a:6f1aa051] E15_udcp_item clean
[2016-07-08 18:34:58 917 6effd700] [00000000:b536c109] 收到时间同步消息，通信延迟约 0 ms
[2016-07-08 18:35:00 576 6effd700] [0x0000aa58:6f1aa04f] 在状态(data_master),收到事件(0x00000008:4)
[2016-07-08 18:35:00 576 6effd700] [0x0000aa58:6f1aa04f] 状态迁移(data_master)---(0x00000008:4)-->(user_rst)
[2016-07-08 18:35:00 576 6effd700] [0x0000aa59:6f1aa050] 在状态(data_master),收到事件(0x00000008:4)
[2016-07-08 18:35:00 577 6effd700] [0x0000aa59:6f1aa050] 状态迁移(data_master)---(0x00000008:4)-->(user_rst)
[2016-07-08 18:35:00 577 6effd700] [0x0000aa58:6f1aa04f] 在状态(user_rst),收到事件(0x00000009:5)
[2016-07-08 18:35:00 578 6effd700] [0x0000aa58:6f1aa04f] 状态迁移(user_rst)---(0x00000009:5)-->(exit_wait)
[2016-07-08 18:35:00 578 6effd700] [0x0000aa59:6f1aa050] 在状态(user_rst),收到事件(0x00000009:5)
[2016-07-08 18:35:00 578 6effd700] [0x0000aa59:6f1aa050] 状态迁移(user_rst)---(0x00000009:5)-->(exit_wait)
[2016-07-08 18:35:00 578 6effd700] [0x0000aa58:6f1aa04f] 在状态(exit_wait),收到事件(0x00000009:6)
[2016-07-08 18:35:00 578 6effd700] [0x0000aa58:6f1aa04f] 状态迁移(exit_wait)---(0x00000009:6)-->(exit)
[2016-07-08 18:35:00 578 6effd700] [ aa58:6f1aa04f] E15_udcp_item clean
[2016-07-08 18:35:00 579 6effd700] [0x0000aa59:6f1aa050] 在状态(exit_wait),收到事件(0x00000009:6)
[2016-07-08 18:35:00 579 6effd700] [0x0000aa59:6f1aa050] 状态迁移(exit_wait)---(0x00000009:6)-->(exit)
[2016-07-08 18:35:00 579 6effd700] [ aa59:6f1aa050] E15_udcp_item clean
[2016-07-08 18:35:00 579 b6e32780] udcp session exit normally
