[2016-07-08 09:30:00 260 6effd700] [0000aa58:6f1aa04f] 启动同步请求，时间戳=0
[2016-07-08 09:30:00 260 6effd700] [0x0000aa58:6f1aa04f] 在状态(),收到事件(0x00000008:1)
[2016-07-08 09:30:00 260 6effd700] [0x0000aa58:6f1aa04f] 状态迁移()---(0x00000008:1)-->(user_syn)
[2016-07-08 09:30:00 260 6effd700] [0x0000aa58:6f1aa04f] 在状态(user_syn),收到事件(0x00000009:2)
[2016-07-08 09:30:00 260 6effd700] [0x0000aa58:6f1aa04f] 状态迁移(user_syn)---(0x00000009:2)-->(data_master)
[2016-07-08 09:30:00 260 6effd700] [0000aa58:6f1aa04f] 127.0.0.1:3606 syn ok ,remoteid = [00007836:5817006b]，time dalay=0(ms),first(sendseq=4db1df01:recvseq=46f9cfca),remote timestamp=22840
[2016-07-08 09:30:00 262 6effd700] [0000aa59:6f1aa050] 启动同步请求，时间戳=0
[2016-07-08 09:30:00 262 6effd700] [0x0000aa59:6f1aa050] 在状态(),收到事件(0x00000008:1)
[2016-07-08 09:30:00 262 6effd700] [0x0000aa59:6f1aa050] 状态迁移()---(0x00000008:1)-->(user_syn)
[2016-07-08 09:30:00 262 6effd700] [0x0000aa59:6f1aa050] 在状态(user_syn),收到事件(0x00000009:2)
[2016-07-08 09:30:00 262 6effd700] [0x0000aa59:6f1aa050] 状态迁移(user_syn)---(0x00000009:2)-->(data_master)
[2016-07-08 09:30:00 263 6effd700] [0000aa59:6f1aa050] ::ffff:127.0.0.1:39592 syn ok ,remoteid = [0000d172:5a5fed4f]，time dalay=0(ms),first(sendseq=243b8ad8:recvseq=374ea19),remote timestamp=13680
[2016-07-08 09:30:11 082 6effd700] [0x0000aa5a:6f1aa051] 在状态(),收到事件(0x00000009:1)
[2016-07-08 09:30:11 082 6effd700] [0x0000aa5a:6f1aa051] 状态迁移()---(0x00000009:1)-->(net_syn)
[2016-07-08 09:30:11 083 6effd700] [0x0000aa5a:6f1aa051] 在状态(net_syn),收到事件(0x00000009:3)
[2016-07-08 09:30:11 083 6effd700] [0x0000aa5a:6f1aa051] 状态迁移(net_syn)---(0x00000009:3)-->(data_slave)
[2016-07-08 09:30:11 083 6effd700] [0000aa5a:6f1aa051] ::ffff:127.0.0.1:10524 syn ok ,remoteid = [0000b827:2b6c27ee]，time dalay=0(ms),first(sendseq=26f7b75b:recvseq=231b8852),remote timestamp=10
[2016-07-08 09:30:28 274 6effd700] [0x0000aa59:6f1aa050] 在状态(data_master),收到事件(0x0000000e:1)
[2016-07-08 09:30:28 274 6effd700] [0x0000aa59:6f1aa050] 状态迁移(data_master)---(0x0000000e:1)-->(reconnect?)
[2016-07-08 09:30:29 288 6effd700] [0x0000aa59:6f1aa050] 在状态(reconnect?),收到事件(0x0000000b:1)
[2016-07-08 09:30:29 288 6effd700] [0x0000aa59:6f1aa050] 状态迁移(reconnect?)---(0x0000000b:1)-->(user_syn)
[2016-07-08 09:30:29 289 6effd700] [0x0000aa59:6f1aa050] 在状态(user_syn),收到事件(0x00000009:2)
[2016-07-08 09:30:29 289 6effd700] [0x0000aa59:6f1aa050] 状态迁移(user_syn)---(0x00000009:2)-->(data_master)
[2016-07-08 09:30:29 289 6effd700] [0000aa59:6f1aa050] ::ffff:127.0.0.1:39592 syn ok ,remoteid = [0000d172:5a5fed51]，time dalay=0(ms),first(sendseq=3ab0b09f:recvseq=4cc55039),remote timestamp=42710
