[2016-07-06 11:14:38 212 a3fff700] [0000a0f0:40a36961] 启动同步请求，时间戳=0
[2016-07-06 11:14:38 212 a3fff700] [0x0000a0f0:40a36961] 在状态(),收到事件(0x00000008:1)
[2016-07-06 11:14:38 212 a3fff700] [0x0000a0f0:40a36961] 状态迁移()---(0x00000008:1)-->(user_syn)
[2016-07-06 11:14:38 212 a3fff700] [0x0000a0f0:40a36961] 在状态(user_syn),收到事件(0x00000009:2)
[2016-07-06 11:14:38 212 a3fff700] [0x0000a0f0:40a36961] 状态迁移(user_syn)---(0x00000009:2)-->(data_master)
[2016-07-06 11:14:38 212 a3fff700] [0000a0f0:40a36961] 127.0.0.1:3606 syn ok ,remoteid = [0000a798:4cbb4dcd]，time dalay=0(ms),first(sendseq=4eb9e4d5:recvseq=61a03de1),remote timestamp=64590
[2016-07-06 11:14:38 213 a3fff700] [0000a0f1:40a36962] 启动同步请求，时间戳=0
[2016-07-06 11:14:38 213 a3fff700] [0x0000a0f1:40a36962] 在状态(),收到事件(0x00000008:1)
[2016-07-06 11:14:38 214 a3fff700] [0x0000a0f1:40a36962] 状态迁移()---(0x00000008:1)-->(user_syn)
[2016-07-06 11:14:38 214 a3fff700] [0x0000a0f1:40a36962] 在状态(user_syn),收到事件(0x00000009:2)
[2016-07-06 11:14:38 214 a3fff700] [0x0000a0f1:40a36962] 状态迁移(user_syn)---(0x00000009:2)-->(data_master)
[2016-07-06 11:14:38 214 a3fff700] [0000a0f1:40a36962] ::ffff:127.0.0.1:59129 syn ok ,remoteid = [0000e87c:7a494f13]，time dalay=0(ms),first(sendseq=3268b9d5:recvseq=2f317c43),remote timestamp=47940
[2016-07-06 11:15:09 325 a3fff700] [0x0000a0f2:40a36963] 在状态(),收到事件(0x00000009:1)
[2016-07-06 11:15:09 325 a3fff700] [0x0000a0f2:40a36963] 状态迁移()---(0x00000009:1)-->(net_syn)
[2016-07-06 11:15:09 326 a3fff700] [0x0000a0f2:40a36963] 在状态(net_syn),收到事件(0x00000009:3)
[2016-07-06 11:15:09 326 a3fff700] [0x0000a0f2:40a36963] 状态迁移(net_syn)---(0x00000009:3)-->(data_slave)
[2016-07-06 11:15:09 326 a3fff700] [0000a0f2:40a36963] ::ffff:127.0.0.1:8002 syn ok ,remoteid = [0000e2f4:0cba4649]，time dalay=0(ms),first(sendseq=459c715e:recvseq=63266f98),remote timestamp=10
[2016-07-06 11:17:08 253 a3fff700] [0x0000a0f3:40a36964] 在状态(),收到事件(0x00000009:1)
[2016-07-06 11:17:08 253 a3fff700] [0x0000a0f3:40a36964] 状态迁移()---(0x00000009:1)-->(net_syn)
[2016-07-06 11:17:08 253 a3fff700] [0x0000a0f3:40a36964] 在状态(net_syn),收到事件(0x00000009:3)
[2016-07-06 11:17:08 253 a3fff700] [0x0000a0f3:40a36964] 状态迁移(net_syn)---(0x00000009:3)-->(data_slave)
[2016-07-06 11:17:08 253 a3fff700] [0000a0f3:40a36964] ::ffff:127.0.0.1:10524 syn ok ,remoteid = [0000fa6f:38badb87]，time dalay=0(ms),first(sendseq=3c7ef600:recvseq=3ec78ab0),remote timestamp=20
[2016-07-06 11:26:25 853 a3fff700] [0x0000a0f1:40a36962] 在状态(data_master),收到事件(0x00000009:4)
[2016-07-06 11:26:25 854 a3fff700] [0x0000a0f1:40a36962] 状态迁移(data_master)---(0x00000009:4)-->(net_rst)
[2016-07-06 11:26:25 855 a3fff700] [0x0000a0f1:40a36962] 在状态(net_rst),收到事件(0x00000009:6)
[2016-07-06 11:26:25 855 a3fff700] [0x0000a0f1:40a36962] 状态迁移(net_rst)---(0x00000009:6)-->(reconnect?)
[2016-07-06 11:26:26 859 a3fff700] [0x0000a0f1:40a36962] 在状态(reconnect?),收到事件(0x0000000b:1)
[2016-07-06 11:26:26 860 a3fff700] [0x0000a0f1:40a36962] 状态迁移(reconnect?)---(0x0000000b:1)-->(user_syn)
[2016-07-06 11:26:27 062 a3fff700] [0x0000a0f1:40a36962] 在状态(user_syn),收到事件(0x0000000a:1)
[2016-07-06 11:26:27 266 a3fff700] [0x0000a0f1:40a36962] 在状态(user_syn),收到事件(0x0000000a:2)
[2016-07-06 11:26:27 461 a3fff700] [0x0000a0f1:40a36962] 在状态(user_syn),收到事件(0x0000000a:3)
[2016-07-06 11:26:27 662 a3fff700] [0x0000a0f1:40a36962] 在状态(user_syn),收到事件(0x0000000a:4)
[2016-07-06 11:26:27 864 a3fff700] [0x0000a0f1:40a36962] 在状态(user_syn),收到事件(0x0000000a:5)
[2016-07-06 11:26:28 066 a3fff700] [0x0000a0f1:40a36962] 在状态(user_syn),收到事件(0x0000000a:6)
[2016-07-06 11:26:28 268 a3fff700] [0x0000a0f1:40a36962] 在状态(user_syn),收到事件(0x0000000a:7)
[2016-07-06 11:26:28 469 a3fff700] [0x0000a0f1:40a36962] 在状态(user_syn),收到事件(0x0000000a:8)
[2016-07-06 11:26:28 661 a3fff700] [0x0000a0f1:40a36962] 在状态(user_syn),收到事件(0x0000000a:9)
[2016-07-06 11:26:28 863 a3fff700] [0x0000a0f1:40a36962] 在状态(user_syn),收到事件(0x0000000a:10)
[2016-07-06 11:26:29 065 a3fff700] [0x0000a0f1:40a36962] 在状态(user_syn),收到事件(0x0000000a:11)
[2016-07-06 11:26:29 267 a3fff700] [0x0000a0f1:40a36962] 在状态(user_syn),收到事件(0x0000000a:12)
[2016-07-06 11:26:29 469 a3fff700] [0x0000a0f1:40a36962] 在状态(user_syn),收到事件(0x0000000a:13)
[2016-07-06 11:26:29 671 a3fff700] [0x0000a0f1:40a36962] 在状态(user_syn),收到事件(0x0000000a:14)
[2016-07-06 11:26:29 864 a3fff700] [0x0000a0f1:40a36962] 在状态(user_syn),收到事件(0x0000000a:15)
[2016-07-06 11:26:30 067 a3fff700] [0x0000a0f1:40a36962] 在状态(user_syn),收到事件(0x0000000a:16)
[2016-07-06 11:26:30 067 a3fff700] [0x0000a0f1:40a36962] 状态迁移(user_syn)---(0x0000000a:16)-->(reconnect?)
[2016-07-06 11:26:30 067 a3fff700] [0x0000a0f1:40a36962] 在状态(reconnect?),收到事件(0x0000000c:0)
[2016-07-06 11:26:30 067 a3fff700] [0x0000a0f1:40a36962] 状态迁移(reconnect?)---(0x0000000c:0)-->(exit)
[2016-07-06 11:26:30 067 a3fff700] [ a0f1:40a36962] E15_udcp_item clean
[2016-07-06 11:32:39 266 a3fff700] [0000a0f1:40a36965] 启动同步请求，时间戳=1080910
[2016-07-06 11:32:39 266 a3fff700] [0x0000a0f1:40a36965] 在状态(),收到事件(0x00000008:1)
[2016-07-06 11:32:39 266 a3fff700] [0x0000a0f1:40a36965] 状态迁移()---(0x00000008:1)-->(user_syn)
[2016-07-06 11:32:39 267 a3fff700] [0x0000a0f1:40a36965] 在状态(user_syn),收到事件(0x00000009:2)
[2016-07-06 11:32:39 267 a3fff700] [0x0000a0f1:40a36965] 状态迁移(user_syn)---(0x00000009:2)-->(data_master)
[2016-07-06 11:32:39 267 a3fff700] [0000a0f1:40a36965] ::ffff:127.0.0.1:50323 syn ok ,remoteid = [00003d62:6dabf2b8]，time dalay=0(ms),first(sendseq=44fbd886:recvseq=1fe7d0ea),remote timestamp=0
[2016-07-06 11:35:23 281 a3fff700] [0x0000a0f1:40a36965] 在状态(data_master),收到事件(0x00000009:4)
[2016-07-06 11:35:23 281 a3fff700] [0x0000a0f1:40a36965] 状态迁移(data_master)---(0x00000009:4)-->(net_rst)
[2016-07-06 11:35:23 284 a3fff700] [0000a0f1:40a36965] 激活定时检测触发,状态不符
[2016-07-06 11:35:23 284 a3fff700] [0x0000a0f1:40a36965] 在状态(net_rst),收到事件(0x00000009:6)
[2016-07-06 11:35:23 284 a3fff700] [0x0000a0f1:40a36965] 状态迁移(net_rst)---(0x00000009:6)-->(reconnect?)
[2016-07-06 11:35:24 286 a3fff700] [0x0000a0f1:40a36965] 在状态(reconnect?),收到事件(0x0000000b:1)
[2016-07-06 11:35:24 287 a3fff700] [0x0000a0f1:40a36965] 状态迁移(reconnect?)---(0x0000000b:1)-->(user_syn)
[2016-07-06 11:35:24 499 a3fff700] [0x0000a0f1:40a36965] 在状态(user_syn),收到事件(0x0000000a:1)
[2016-07-06 11:35:24 701 a3fff700] [0x0000a0f1:40a36965] 在状态(user_syn),收到事件(0x0000000a:2)
[2016-07-06 11:35:24 903 a3fff700] [0x0000a0f1:40a36965] 在状态(user_syn),收到事件(0x0000000a:3)
[2016-07-06 11:35:25 105 a3fff700] [0x0000a0f1:40a36965] 在状态(user_syn),收到事件(0x0000000a:4)
[2016-07-06 11:35:25 297 a3fff700] [0x0000a0f1:40a36965] 在状态(user_syn),收到事件(0x0000000a:5)
[2016-07-06 11:35:25 500 a3fff700] [0x0000a0f1:40a36965] 在状态(user_syn),收到事件(0x0000000a:6)
[2016-07-06 11:35:25 693 a3fff700] [0x0000a0f1:40a36965] 在状态(user_syn),收到事件(0x0000000a:7)
[2016-07-06 11:35:25 896 a3fff700] [0x0000a0f1:40a36965] 在状态(user_syn),收到事件(0x0000000a:8)
[2016-07-06 11:35:26 099 a3fff700] [0x0000a0f1:40a36965] 在状态(user_syn),收到事件(0x0000000a:9)
[2016-07-06 11:35:26 302 a3fff700] [0x0000a0f1:40a36965] 在状态(user_syn),收到事件(0x0000000a:10)
[2016-07-06 11:35:26 505 a3fff700] [0x0000a0f1:40a36965] 在状态(user_syn),收到事件(0x0000000a:11)
[2016-07-06 11:35:26 707 a3fff700] [0x0000a0f1:40a36965] 在状态(user_syn),收到事件(0x0000000a:12)
[2016-07-06 11:35:26 899 a3fff700] [0x0000a0f1:40a36965] 在状态(user_syn),收到事件(0x0000000a:13)
[2016-07-06 11:35:27 102 a3fff700] [0x0000a0f1:40a36965] 在状态(user_syn),收到事件(0x0000000a:14)
[2016-07-06 11:35:27 294 a3fff700] [0x0000a0f1:40a36965] 在状态(user_syn),收到事件(0x0000000a:15)
[2016-07-06 11:35:27 497 a3fff700] [0x0000a0f1:40a36965] 在状态(user_syn),收到事件(0x0000000a:16)
[2016-07-06 11:35:27 497 a3fff700] [0x0000a0f1:40a36965] 状态迁移(user_syn)---(0x0000000a:16)-->(reconnect?)
[2016-07-06 11:35:27 497 a3fff700] [0x0000a0f1:40a36965] 在状态(reconnect?),收到事件(0x0000000c:0)
[2016-07-06 11:35:27 497 a3fff700] [0x0000a0f1:40a36965] 状态迁移(reconnect?)---(0x0000000c:0)-->(exit)
[2016-07-06 11:35:27 497 a3fff700] [ a0f1:40a36965] E15_udcp_item clean
[2016-07-06 11:35:38 772 a3fff700] [0000a0f1:40a36966] 启动同步请求，时间戳=1260410
[2016-07-06 11:35:38 772 a3fff700] [0x0000a0f1:40a36966] 在状态(),收到事件(0x00000008:1)
[2016-07-06 11:35:38 772 a3fff700] [0x0000a0f1:40a36966] 状态迁移()---(0x00000008:1)-->(user_syn)
[2016-07-06 11:35:38 773 a3fff700] [0x0000a0f1:40a36966] 在状态(user_syn),收到事件(0x00000009:2)
[2016-07-06 11:35:38 774 a3fff700] [0x0000a0f1:40a36966] 状态迁移(user_syn)---(0x00000009:2)-->(data_master)
[2016-07-06 11:35:38 774 a3fff700] [0000a0f1:40a36966] ::ffff:127.0.0.1:38876 syn ok ,remoteid = [0000fd55:466dad7e]，time dalay=0(ms),first(sendseq=4de6379c:recvseq=26d3fe8e),remote timestamp=0
[2016-07-06 11:37:48 168 a3fff700] [0x0000a0f1:40a36966] 在状态(data_master),收到事件(0x00000009:4)
[2016-07-06 11:37:48 169 a3fff700] [0x0000a0f1:40a36966] 状态迁移(data_master)---(0x00000009:4)-->(net_rst)
[2016-07-06 11:37:48 169 a3fff700] [0x0000a0f1:40a36966] 在状态(net_rst),收到事件(0x00000009:6)
[2016-07-06 11:37:48 169 a3fff700] [0x0000a0f1:40a36966] 状态迁移(net_rst)---(0x00000009:6)-->(reconnect?)
[2016-07-06 11:37:49 179 a3fff700] [0x0000a0f1:40a36966] 在状态(reconnect?),收到事件(0x0000000b:1)
[2016-07-06 11:37:49 179 a3fff700] [0x0000a0f1:40a36966] 状态迁移(reconnect?)---(0x0000000b:1)-->(user_syn)
[2016-07-06 11:37:49 392 a3fff700] [0x0000a0f1:40a36966] 在状态(user_syn),收到事件(0x0000000a:1)
[2016-07-06 11:37:49 460 a3fff700] [0000a0f4:40a36967] 启动同步请求，时间戳=1391070
[2016-07-06 11:37:49 460 a3fff700] [0x0000a0f4:40a36967] 在状态(),收到事件(0x00000008:1)
[2016-07-06 11:37:49 460 a3fff700] [0x0000a0f4:40a36967] 状态迁移()---(0x00000008:1)-->(user_syn)
[2016-07-06 11:37:49 461 a3fff700] [0x0000a0f4:40a36967] 在状态(user_syn),收到事件(0x00000009:2)
[2016-07-06 11:37:49 461 a3fff700] [0x0000a0f4:40a36967] 状态迁移(user_syn)---(0x00000009:2)-->(data_master)
[2016-07-06 11:37:49 461 a3fff700] [0000a0f4:40a36967] ::ffff:127.0.0.1:38406 syn ok ,remoteid = [0000ea64:47f1f6e2]，time dalay=0(ms),first(sendseq=54f0ff6:recvseq=141ee7aa),remote timestamp=0
[2016-07-06 11:37:49 584 a3fff700] [0x0000a0f1:40a36966] 在状态(user_syn),收到事件(0x0000000a:2)
[2016-07-06 11:37:49 787 a3fff700] [0x0000a0f1:40a36966] 在状态(user_syn),收到事件(0x0000000a:3)
[2016-07-06 11:37:49 980 a3fff700] [0x0000a0f1:40a36966] 在状态(user_syn),收到事件(0x0000000a:4)
[2016-07-06 11:37:50 183 a3fff700] [0x0000a0f1:40a36966] 在状态(user_syn),收到事件(0x0000000a:5)
[2016-07-06 11:37:50 385 a3fff700] [0x0000a0f1:40a36966] 在状态(user_syn),收到事件(0x0000000a:6)
[2016-07-06 11:37:50 587 a3fff700] [0x0000a0f1:40a36966] 在状态(user_syn),收到事件(0x0000000a:7)
[2016-07-06 11:37:50 789 a3fff700] [0x0000a0f1:40a36966] 在状态(user_syn),收到事件(0x0000000a:8)
[2016-07-06 11:37:50 981 a3fff700] [0x0000a0f1:40a36966] 在状态(user_syn),收到事件(0x0000000a:9)
[2016-07-06 11:37:51 183 a3fff700] [0x0000a0f1:40a36966] 在状态(user_syn),收到事件(0x0000000a:10)
[2016-07-06 11:37:51 386 a3fff700] [0x0000a0f1:40a36966] 在状态(user_syn),收到事件(0x0000000a:11)
[2016-07-06 11:37:51 588 a3fff700] [0x0000a0f1:40a36966] 在状态(user_syn),收到事件(0x0000000a:12)
[2016-07-06 11:37:51 790 a3fff700] [0x0000a0f1:40a36966] 在状态(user_syn),收到事件(0x0000000a:13)
[2016-07-06 11:37:51 982 a3fff700] [0x0000a0f1:40a36966] 在状态(user_syn),收到事件(0x0000000a:14)
[2016-07-06 11:37:52 185 a3fff700] [0x0000a0f1:40a36966] 在状态(user_syn),收到事件(0x0000000a:15)
[2016-07-06 11:37:52 387 a3fff700] [0x0000a0f1:40a36966] 在状态(user_syn),收到事件(0x0000000a:16)
[2016-07-06 11:37:52 387 a3fff700] [0x0000a0f1:40a36966] 状态迁移(user_syn)---(0x0000000a:16)-->(reconnect?)
[2016-07-06 11:37:52 387 a3fff700] [0x0000a0f1:40a36966] 在状态(reconnect?),收到事件(0x0000000c:0)
[2016-07-06 11:37:52 387 a3fff700] [0x0000a0f1:40a36966] 状态迁移(reconnect?)---(0x0000000c:0)-->(exit)
[2016-07-06 11:37:52 387 a3fff700] [ a0f1:40a36966] E15_udcp_item clean
[2016-07-06 11:45:31 777 a3fff700] [0x0000a0f4:40a36967] 在状态(data_master),收到事件(0x00000009:4)
[2016-07-06 11:45:31 777 a3fff700] [0x0000a0f4:40a36967] 状态迁移(data_master)---(0x00000009:4)-->(net_rst)
[2016-07-06 11:45:31 779 a3fff700] [0x0000a0f4:40a36967] 在状态(net_rst),收到事件(0x00000009:6)
[2016-07-06 11:45:31 779 a3fff700] [0x0000a0f4:40a36967] 状态迁移(net_rst)---(0x00000009:6)-->(reconnect?)
[2016-07-06 11:45:31 780 a3fff700] [0x0000a0f4:40a36967] 在状态(reconnect?),收到事件(0x0000000c:0)
[2016-07-06 11:45:31 780 a3fff700] [0x0000a0f4:40a36967] 状态迁移(reconnect?)---(0x0000000c:0)-->(exit)
[2016-07-06 11:45:31 780 a3fff700] [ a0f4:40a36967] E15_udcp_item clean
[2016-07-06 11:45:32 961 a3fff700] [0000a0f1:40a36968] 启动同步请求，时间戳=1854520
[2016-07-06 11:45:32 961 a3fff700] [0x0000a0f1:40a36968] 在状态(),收到事件(0x00000008:1)
[2016-07-06 11:45:32 961 a3fff700] [0x0000a0f1:40a36968] 状态迁移()---(0x00000008:1)-->(user_syn)
[2016-07-06 11:45:32 961 a3fff700] [0x0000a0f1:40a36968] 在状态(user_syn),收到事件(0x00000009:2)
[2016-07-06 11:45:32 961 a3fff700] [0x0000a0f1:40a36968] 状态迁移(user_syn)---(0x00000009:2)-->(data_master)
[2016-07-06 11:45:32 962 a3fff700] [0000a0f1:40a36968] ::ffff:127.0.0.1:59327 syn ok ,remoteid = [0000c0b0:40ff5274]，time dalay=0(ms),first(sendseq=368601a3:recvseq=46c25dcf),remote timestamp=0
[2016-07-06 11:45:46 110 a3fff700] [0x0000a0f1:40a36968] 在状态(data_master),收到事件(0x00000009:4)
[2016-07-06 11:45:46 111 a3fff700] [0x0000a0f1:40a36968] 状态迁移(data_master)---(0x00000009:4)-->(net_rst)
[2016-07-06 11:45:46 115 a3fff700] [0x0000a0f1:40a36968] 在状态(net_rst),收到事件(0x00000009:6)
[2016-07-06 11:45:46 115 a3fff700] [0x0000a0f1:40a36968] 状态迁移(net_rst)---(0x00000009:6)-->(reconnect?)
[2016-07-06 11:45:47 118 a3fff700] [0x0000a0f1:40a36968] 在状态(reconnect?),收到事件(0x0000000b:1)
[2016-07-06 11:45:47 118 a3fff700] [0x0000a0f1:40a36968] 状态迁移(reconnect?)---(0x0000000b:1)-->(user_syn)
[2016-07-06 11:45:47 330 a3fff700] [0x0000a0f1:40a36968] 在状态(user_syn),收到事件(0x0000000a:1)
[2016-07-06 11:45:47 532 a3fff700] [0x0000a0f1:40a36968] 在状态(user_syn),收到事件(0x0000000a:2)
[2016-07-06 11:45:47 724 a3fff700] [0x0000a0f1:40a36968] 在状态(user_syn),收到事件(0x0000000a:3)
[2016-07-06 11:45:47 926 a3fff700] [0x0000a0f1:40a36968] 在状态(user_syn),收到事件(0x0000000a:4)
[2016-07-06 11:45:48 129 a3fff700] [0x0000a0f1:40a36968] 在状态(user_syn),收到事件(0x0000000a:5)
[2016-07-06 11:45:48 330 a3fff700] [0x0000a0f1:40a36968] 在状态(user_syn),收到事件(0x0000000a:6)
[2016-07-06 11:45:48 523 a3fff700] [0x0000a0f1:40a36968] 在状态(user_syn),收到事件(0x0000000a:7)
[2016-07-06 11:45:48 724 a3fff700] [0x0000a0f1:40a36968] 在状态(user_syn),收到事件(0x0000000a:8)
[2016-07-06 11:45:48 927 a3fff700] [0x0000a0f1:40a36968] 在状态(user_syn),收到事件(0x0000000a:9)
[2016-07-06 11:45:49 130 a3fff700] [0x0000a0f1:40a36968] 在状态(user_syn),收到事件(0x0000000a:10)
[2016-07-06 11:45:49 332 a3fff700] [0x0000a0f1:40a36968] 在状态(user_syn),收到事件(0x0000000a:11)
[2016-07-06 11:45:49 525 a3fff700] [0x0000a0f1:40a36968] 在状态(user_syn),收到事件(0x0000000a:12)
[2016-07-06 11:45:49 728 a3fff700] [0x0000a0f1:40a36968] 在状态(user_syn),收到事件(0x0000000a:13)
[2016-07-06 11:45:49 931 a3fff700] [0x0000a0f1:40a36968] 在状态(user_syn),收到事件(0x0000000a:14)
[2016-07-06 11:45:50 124 a3fff700] [0x0000a0f1:40a36968] 在状态(user_syn),收到事件(0x0000000a:15)
[2016-07-06 11:45:50 326 a3fff700] [0x0000a0f1:40a36968] 在状态(user_syn),收到事件(0x0000000a:16)
[2016-07-06 11:45:50 326 a3fff700] [0x0000a0f1:40a36968] 状态迁移(user_syn)---(0x0000000a:16)-->(reconnect?)
[2016-07-06 11:45:50 326 a3fff700] [0x0000a0f1:40a36968] 在状态(reconnect?),收到事件(0x0000000c:0)
[2016-07-06 11:45:50 326 a3fff700] [0x0000a0f1:40a36968] 状态迁移(reconnect?)---(0x0000000c:0)-->(exit)
[2016-07-06 11:45:50 326 a3fff700] [ a0f1:40a36968] E15_udcp_item clean
[2016-07-06 11:46:26 085 a3fff700] [0000a0f4:40a36969] 启动同步请求，时间戳=1907620
[2016-07-06 11:46:26 086 a3fff700] [0x0000a0f4:40a36969] 在状态(),收到事件(0x00000008:1)
[2016-07-06 11:46:26 086 a3fff700] [0x0000a0f4:40a36969] 状态迁移()---(0x00000008:1)-->(user_syn)
[2016-07-06 11:46:26 087 a3fff700] [0x0000a0f4:40a36969] 在状态(user_syn),收到事件(0x00000009:2)
[2016-07-06 11:46:26 087 a3fff700] [0x0000a0f4:40a36969] 状态迁移(user_syn)---(0x00000009:2)-->(data_master)
[2016-07-06 11:46:26 087 a3fff700] [0000a0f4:40a36969] ::ffff:127.0.0.1:46429 syn ok ,remoteid = [000093e5:00463955]，time dalay=0(ms),first(sendseq=77d5a86e:recvseq=79500540),remote timestamp=0
[2016-07-06 11:50:24 004 a3fff700] [0x0000a0f4:40a36969] 在状态(data_master),收到事件(0x00000009:4)
[2016-07-06 11:50:24 004 a3fff700] [0x0000a0f4:40a36969] 状态迁移(data_master)---(0x00000009:4)-->(net_rst)
[2016-07-06 11:50:25 008 a3fff700] [0x0000a0f4:40a36969] 在状态(net_rst),收到事件(0x00000009:6)
[2016-07-06 11:50:25 008 a3fff700] [0x0000a0f4:40a36969] 状态迁移(net_rst)---(0x00000009:6)-->(reconnect?)
[2016-07-06 11:50:25 009 a3fff700] [0x0000a0f4:40a36969] 在状态(reconnect?),收到事件(0x0000000c:0)
[2016-07-06 11:50:25 009 a3fff700] [0x0000a0f4:40a36969] 状态迁移(reconnect?)---(0x0000000c:0)-->(exit)
[2016-07-06 11:50:25 009 a3fff700] [ a0f4:40a36969] E15_udcp_item clean
[2016-07-06 11:50:26 457 a3fff700] [0000a0f1:40a3696a] 启动同步请求，时间戳=2147980
[2016-07-06 11:50:26 457 a3fff700] [0x0000a0f1:40a3696a] 在状态(),收到事件(0x00000008:1)
[2016-07-06 11:50:26 457 a3fff700] [0x0000a0f1:40a3696a] 状态迁移()---(0x00000008:1)-->(user_syn)
[2016-07-06 11:50:26 457 a3fff700] [0x0000a0f1:40a3696a] 在状态(user_syn),收到事件(0x00000009:2)
[2016-07-06 11:50:26 457 a3fff700] [0x0000a0f1:40a3696a] 状态迁移(user_syn)---(0x00000009:2)-->(data_master)
[2016-07-06 11:50:26 457 a3fff700] [0000a0f1:40a3696a] ::ffff:127.0.0.1:37635 syn ok ,remoteid = [000049d5:2988cc6d]，time dalay=0(ms),first(sendseq=565089e6:recvseq=60c3efee),remote timestamp=0
