[2016-07-06 18:19:36 805 a3fff700] [0x0000a0f3:40a36964] 在状态(data_slave),收到事件(0x00000009:4)
[2016-07-06 18:19:36 806 a3fff700] [0x0000a0f3:40a36964] 状态迁移(data_slave)---(0x00000009:4)-->(net_rst)
[2016-07-06 18:19:36 807 a3fff700] [0x0000a0f3:40a36964] 在状态(net_rst),收到事件(0x00000009:6)
[2016-07-06 18:19:36 807 a3fff700] [0x0000a0f3:40a36964] 状态迁移(net_rst)---(0x00000009:6)-->(reconnect?)
[2016-07-06 18:19:36 807 a3fff700] [0x0000a0f3:40a36964] 在状态(reconnect?),收到事件(0x0000000c:0)
[2016-07-06 18:19:36 807 a3fff700] [0x0000a0f3:40a36964] 状态迁移(reconnect?)---(0x0000000c:0)-->(exit)
[2016-07-06 18:19:36 807 a3fff700] [ a0f3:40a36964] E15_udcp_item clean
[2016-07-06 18:19:39 259 a3fff700] [0x0000a0f0:40a36961] 在状态(data_master),收到事件(0x00000008:4)
[2016-07-06 18:19:39 260 a3fff700] [0x0000a0f0:40a36961] 状态迁移(data_master)---(0x00000008:4)-->(user_rst)
[2016-07-06 18:19:39 260 a3fff700] [0x0000a0f1:40a3696a] 在状态(data_master),收到事件(0x00000008:4)
[2016-07-06 18:19:39 260 a3fff700] [0x0000a0f1:40a3696a] 状态迁移(data_master)---(0x00000008:4)-->(user_rst)
[2016-07-06 18:19:39 260 a3fff700] [0x0000a0f0:40a36961] 在状态(user_rst),收到事件(0x00000009:5)
[2016-07-06 18:19:39 261 a3fff700] [0x0000a0f0:40a36961] 状态迁移(user_rst)---(0x00000009:5)-->(exit_wait)
[2016-07-06 18:19:39 261 a3fff700] [0x0000a0f1:40a3696a] 在状态(user_rst),收到事件(0x00000009:5)
[2016-07-06 18:19:39 261 a3fff700] [0x0000a0f1:40a3696a] 状态迁移(user_rst)---(0x00000009:5)-->(exit_wait)
[2016-07-06 18:19:39 262 a3fff700] [0x0000a0f0:40a36961] 在状态(exit_wait),收到事件(0x00000009:6)
[2016-07-06 18:19:39 262 a3fff700] [0x0000a0f0:40a36961] 状态迁移(exit_wait)---(0x00000009:6)-->(exit)
[2016-07-06 18:19:39 262 a3fff700] [ a0f0:40a36961] E15_udcp_item clean
[2016-07-06 18:19:39 262 a3fff700] [0x0000a0f1:40a3696a] 在状态(exit_wait),收到事件(0x00000009:6)
[2016-07-06 18:19:39 262 a3fff700] [0x0000a0f1:40a3696a] 状态迁移(exit_wait)---(0x00000009:6)-->(exit)
[2016-07-06 18:19:39 262 a3fff700] [ a0f1:40a3696a] E15_udcp_item clean
[2016-07-06 18:19:39 263 f3937780] udcp session exit normally
