[2016-07-08 09:29:37 402 8123a780] 添加节点成功,name=md_ctp,N=1,role=md_server,group=ctp,id=[0:619fc87c]
[2016-07-08 09:29:37 402 8123a780] 添加节点成功,name=md_cna,N=2,role=md_server,group=cna,id=[1:619fc87d]
[2016-07-08 09:29:37 402 8123a780] 添加节点成功,name=data_001,N=6,role=data_factory,group=base,id=[5:619fc87e]
[2016-07-08 09:29:37 402 8123a780] 添加节点成功,name=uemgr,N=7,role=proxy,group=ue,id=[6:619fc87f]
[2016-07-08 09:29:37 402 8123a780] 添加节点成功,name=strategy_proxy,N=12,role=proxy,group=test,id=[b:619fc880]
[2016-07-08 09:29:37 402 8123a780] 添加节点成功,name=store_dia,N=8,role=store,group=dia,id=[7:619fc881]
[2016-07-08 09:29:37 402 8123a780] 添加节点成功,name=h001,N=9,role=history,group=test,id=[8:619fc882]
[2016-07-08 09:29:37 402 8123a780] 添加节点成功,name=strategy,N=10,role=strategy,group=test,id=[9:619fc883]
[2016-07-08 09:29:37 402 8123a780] 添加节点成功,name=strategy_01,N=11,role=strategy,group=test,id=[a:619fc884]
[2016-07-08 09:29:37 403 8123a780] 添加节点成功,name=snatch_ctp,N=3,role=,group=,id=[2:619fc885]
[2016-07-08 09:29:37 403 8123a780] [data_001<===>md_ctp]连接建立成功
[2016-07-08 09:29:37 403 8123a780] [data_001<===>md_cna]连接建立成功
[2016-07-08 09:29:37 403 8123a780] [uemgr<===>md_cna]连接建立成功
[2016-07-08 09:29:37 403 8123a780] [uemgr<===>md_ctp]连接建立成功
[2016-07-08 09:29:37 403 8123a780] [data_001<===>store_dia]连接建立成功
[2016-07-08 09:29:37 403 8123a780] [strategy<===>uemgr]连接建立成功
[2016-07-08 09:29:37 403 8123a780] [strategy_01<===>uemgr]连接建立成功
[2016-07-08 09:29:37 403 8123a780] [uemgr<===>data_001]连接建立成功
[2016-07-08 09:29:37 403 8123a780] [md_cna<===>strategy]连接建立成功
[2016-07-08 09:29:37 403 8123a780] [data_001<===>strategy]连接建立成功
[2016-07-08 09:29:37 403 8123a780] [strategy_proxy<===>data_001]连接建立成功
[2016-07-08 09:29:37 403 8123a780] [strategy_proxy<===>md_cna]连接建立成功
[2016-07-08 09:29:37 403 8123a780] E15_domain 在[0.0.0.0:3606] 启动
[2016-07-08 09:29:46 580 7e590700] 节点md_cna注册在线
[2016-07-08 09:30:00 261 7e590700] 节点data_001注册在线
[2016-07-08 09:30:00 264 7e590700] data_001 <<--------------- md_cna
[2016-07-08 09:30:00 264 7e590700] data_001 <<=============>> md_cna
[2016-07-08 09:30:11 081 7e590700] 节点strategy_proxy注册在线
[2016-07-08 09:30:11 085 7e590700] strategy_proxy <<--------------- md_cna
[2016-07-08 09:30:11 086 7e590700] strategy_proxy <<=============>> md_cna
[2016-07-08 09:30:20 282 7e590700] data_001 --------------->> md_cna
[2016-07-08 09:30:20 549 7e590700] strategy_proxy <<--------------- data_001
[2016-07-08 09:30:20 551 7e590700] strategy_proxy <<=============>> data_001
[2016-07-08 09:30:28 274 7e590700] data_001 ------- x ------- md_cna
[2016-07-08 09:30:29 291 7e590700] data_001 <<--------------- md_cna
[2016-07-08 09:30:29 292 7e590700] data_001 <<=============>> md_cna
