[2016-07-08 18:34:58 897 7dd8f700] [0x00007835:5817006c] 在状态(data_slave),收到事件(0x00000009:4)
[2016-07-08 18:34:58 916 7dd8f700] [0x00007835:5817006c] 状态迁移(data_slave)---(0x00000009:4)-->(net_rst)
[2016-07-08 18:34:58 916 7dd8f700] [00000000:80dcf109] 收到时间同步消息，通信延迟约 0 ms
[2016-07-08 18:34:58 916 7dd8f700] [00000000:80dcf109] 收到时间同步消息，通信延迟约 0 ms
[2016-07-08 18:34:58 916 7dd8f700] [0x00007835:5817006c] 在状态(net_rst),收到事件(0x00000009:6)
[2016-07-08 18:34:58 916 7dd8f700] [0x00007835:5817006c] 状态迁移(net_rst)---(0x00000009:6)-->(reconnect?)
[2016-07-08 18:34:58 916 7dd8f700] [0x00007835:5817006c] 在状态(reconnect?),收到事件(0x0000000c:0)
[2016-07-08 18:34:58 916 7dd8f700] [0x00007835:5817006c] 状态迁移(reconnect?)---(0x0000000c:0)-->(exit)
[2016-07-08 18:34:58 916 7dd8f700] [ 7835:5817006c] E15_udcp_item clean
[2016-07-08 18:35:00 576 7dd8f700] [0x00007836:5817006b] 在状态(data_slave),收到事件(0x00000009:4)
[2016-07-08 18:35:00 576 7dd8f700] [0x00007836:5817006b] 状态迁移(data_slave)---(0x00000009:4)-->(net_rst)
[2016-07-08 18:35:00 578 7dd8f700] [0x00007836:5817006b] 在状态(net_rst),收到事件(0x00000009:6)
[2016-07-08 18:35:00 578 7dd8f700] [0x00007836:5817006b] 状态迁移(net_rst)---(0x00000009:6)-->(reconnect?)
[2016-07-08 18:35:00 578 7dd8f700] [0x00007836:5817006b] 在状态(reconnect?),收到事件(0x0000000c:0)
[2016-07-08 18:35:00 578 7dd8f700] [0x00007836:5817006b] 状态迁移(reconnect?)---(0x0000000c:0)-->(exit)
[2016-07-08 18:35:00 578 7dd8f700] [ 7836:5817006b] E15_udcp_item clean
[2016-07-08 18:35:02 640 7dd8f700] [0x00007837:5817006a] 在状态(data_slave),收到事件(0x00000009:4)
[2016-07-08 18:35:02 640 7dd8f700] [0x00007837:5817006a] 状态迁移(data_slave)---(0x00000009:4)-->(net_rst)
[2016-07-08 18:35:02 641 7dd8f700] [0x00007837:5817006a] 在状态(net_rst),收到事件(0x00000009:6)
[2016-07-08 18:35:02 641 7dd8f700] [0x00007837:5817006a] 状态迁移(net_rst)---(0x00000009:6)-->(reconnect?)
[2016-07-08 18:35:02 641 7dd8f700] [0x00007837:5817006a] 在状态(reconnect?),收到事件(0x0000000c:0)
[2016-07-08 18:35:02 641 7dd8f700] [0x00007837:5817006a] 状态迁移(reconnect?)---(0x0000000c:0)-->(exit)
[2016-07-08 18:35:02 641 7dd8f700] [ 7837:5817006a] E15_udcp_item clean
[2016-07-08 18:35:05 064 8123a780] udcp session exit normally
